2025-07-31 09:33:22,861 - INFO - Decoding parameters: 1000 repetitions, 250 bootstrap size, tag: 2025_0728_4, bootstrap, True, one_plane: False, multi_stim: False
2025-07-31 09:33:24,677 - INFO - M409828_11, [1, 2, 3]: Loaded
2025-07-31 09:33:24,677 - INFO - M409828_11, [1, 2, 3]: 2p session in column 1, no unduplicated ROIs.
2025-07-31 09:33:24,710 - INFO - M409828_11, [4, 5, 6]: Loaded
2025-07-31 09:33:24,711 - INFO - M409828_11, [4, 5, 6]: 2p session in column 1, no unduplicated ROIs.
2025-07-31 09:33:24,733 - INFO - M409828_11, [1, 2, 3]: Loaded
2025-07-31 09:33:24,734 - INFO - M409828_11, [1, 2, 3]: 2p session in column 1, no unduplicated ROIs.
2025-07-31 09:33:24,749 - INFO - M409828_12, [1, 2, 3]: Loaded
2025-07-31 09:33:24,750 - INFO - M409828_12, [1, 2, 3]: 2p session in column 1, no unduplicated ROIs.
2025-07-31 09:33:24,758 - INFO - M409828_11, [4, 5, 6]: Loaded
2025-07-31 09:33:24,759 - INFO - M409828_11, [4, 5, 6]: 2p session in column 1, no unduplicated ROIs.
2025-07-31 09:33:24,770 - INFO - M409828_11, [4, 5, 6]: Loaded
2025-07-31 09:33:24,771 - INFO - M409828_11, [4, 5, 6]: 2p session in column 1, no unduplicated ROIs.
2025-07-31 09:33:24,781 - INFO - M409828_12, [1, 2, 3]: Loaded
2025-07-31 09:33:24,782 - INFO - M409828_12, [1, 2, 3]: 2p session in column 1, no unduplicated ROIs.
2025-07-31 09:33:24,785 - INFO - M409828_11, [1, 2, 3]: Loaded
2025-07-31 09:33:24,786 - INFO - M409828_11, [1, 2, 3]: 2p session in column 1, no unduplicated ROIs.
2025-07-31 09:33:24,785 - INFO - M409828_11, [1, 2, 3]: Loaded
2025-07-31 09:33:24,786 - INFO - M409828_11, [1, 2, 3]: 2p session in column 1, no unduplicated ROIs.
2025-07-31 09:33:24,810 - INFO - M409828_11, [4, 5, 6]: Loaded
2025-07-31 09:33:24,811 - INFO - M409828_11, [4, 5, 6]: 2p session in column 1, no unduplicated ROIs.
2025-07-31 09:33:24,821 - INFO - M409828_12, [1, 2, 3]: Loaded
2025-07-31 09:33:24,822 - INFO - M409828_12, [1, 2, 3]: 2p session in column 1, no unduplicated ROIs.
2025-07-31 09:33:24,848 - INFO - M409828_12, [1, 2, 3]: Loaded
2025-07-31 09:33:24,848 - INFO - M409828_12, [1, 2, 3]: 2p session in column 1, no unduplicated ROIs.
2025-07-31 09:33:24,867 - INFO - M409828_12, [4, 5, 6]: Loaded
2025-07-31 09:33:24,867 - INFO - M409828_12, [4, 5, 6]: 2p session in column 1, no unduplicated ROIs.
2025-07-31 09:33:24,874 - INFO - M409828_12, [4, 5, 6]: Loaded
2025-07-31 09:33:24,875 - INFO - M409828_12, [4, 5, 6]: 2p session in column 1, no unduplicated ROIs.
2025-07-31 09:33:24,890 - INFO - M409828_12, [4, 5, 6]: Loaded
2025-07-31 09:33:24,890 - INFO - M409828_12, [4, 5, 6]: 2p session in column 1, no unduplicated ROIs.
2025-07-31 09:33:24,899 - INFO - M409828_12, [4, 5, 6]: Loaded
2025-07-31 09:33:24,899 - INFO - M409828_12, [4, 5, 6]: 2p session in column 1, no unduplicated ROIs.
2025-07-31 09:33:24,903 - INFO - M409828_13, [1, 2, 3]: Loaded
2025-07-31 09:33:24,904 - INFO - M409828_13, [1, 2, 3]: 2p session in column 1, no unduplicated ROIs.
2025-07-31 09:33:24,909 - INFO - M409828_13, [1, 2, 3]: Loaded
2025-07-31 09:33:24,909 - INFO - M409828_13, [1, 2, 3]: 2p session in column 1, no unduplicated ROIs.
2025-07-31 09:33:24,913 - INFO - M409828_13, [1, 2, 3]: Loaded
2025-07-31 09:33:24,913 - INFO - M409828_13, [1, 2, 3]: 2p session in column 1, no unduplicated ROIs.
2025-07-31 09:33:24,920 - INFO - M409828_13, [1, 2, 3]: Loaded
2025-07-31 09:33:24,920 - INFO - M409828_13, [1, 2, 3]: 2p session in column 1, no unduplicated ROIs.
2025-07-31 09:33:24,926 - INFO - M409828_13, [4, 5, 6]: Loaded
2025-07-31 09:33:24,927 - INFO - M409828_13, [4, 5, 6]: 2p session in column 1, no unduplicated ROIs.
2025-07-31 09:33:24,932 - INFO - M409828_13, [4, 5, 6]: Loaded
2025-07-31 09:33:24,933 - INFO - M409828_13, [4, 5, 6]: 2p session in column 1, no unduplicated ROIs.
2025-07-31 09:33:24,935 - INFO - M409828_13, [4, 5, 6]: Loaded
2025-07-31 09:33:24,936 - INFO - M409828_13, [4, 5, 6]: 2p session in column 1, no unduplicated ROIs.
2025-07-31 09:33:24,943 - INFO - M409828_13, [4, 5, 6]: Loaded
2025-07-31 09:33:24,943 - INFO - M409828_13, [4, 5, 6]: 2p session in column 1, no unduplicated ROIs.
2025-07-31 09:33:24,945 - INFO - M409828_14, [1, 2, 3]: Loaded
2025-07-31 09:33:24,945 - INFO - M409828_14, [1, 2, 3]: 2p session in column 1, no unduplicated ROIs.
2025-07-31 09:33:24,950 - INFO - M409828_14, [1, 2, 3]: Loaded
2025-07-31 09:33:24,950 - INFO - M409828_14, [1, 2, 3]: 2p session in column 1, no unduplicated ROIs.
2025-07-31 09:33:24,957 - INFO - M409828_14, [1, 2, 3]: Loaded
2025-07-31 09:33:24,958 - INFO - M409828_14, [1, 2, 3]: 2p session in column 1, no unduplicated ROIs.
2025-07-31 09:33:24,962 - INFO - M409828_14, [1, 2, 3]: Loaded
2025-07-31 09:33:24,963 - INFO - M409828_14, [1, 2, 3]: 2p session in column 1, no unduplicated ROIs.
2025-07-31 09:33:24,968 - INFO - M409828_14, [4, 5, 6]: Loaded
2025-07-31 09:33:24,968 - INFO - M409828_14, [4, 5, 6]: 2p session in column 1, no unduplicated ROIs.
2025-07-31 09:33:24,972 - INFO - M409828_14, [4, 5, 6]: Loaded
2025-07-31 09:33:24,972 - INFO - M409828_14, [4, 5, 6]: 2p session in column 1, no unduplicated ROIs.
2025-07-31 09:33:24,978 - INFO - M409828_14, [4, 5, 6]: Loaded
2025-07-31 09:33:24,978 - INFO - M409828_14, [4, 5, 6]: 2p session in column 1, no unduplicated ROIs.
2025-07-31 09:33:24,983 - INFO - M409828_14, [4, 5, 6]: Loaded
2025-07-31 09:33:24,983 - INFO - M409828_14, [4, 5, 6]: 2p session in column 1, no unduplicated ROIs.
2025-07-31 09:33:24,986 - INFO - M409828_15, [1, 2, 3]: Loaded
2025-07-31 09:33:24,986 - INFO - M409828_15, [1, 2, 3]: 2p session in column 1, no unduplicated ROIs.
2025-07-31 09:33:24,991 - INFO - M409828_15, [1, 2, 3]: Loaded
2025-07-31 09:33:24,991 - INFO - M409828_15, [1, 2, 3]: 2p session in column 1, no unduplicated ROIs.
2025-07-31 09:33:24,996 - INFO - M409828_15, [1, 2, 3]: Loaded
2025-07-31 09:33:24,996 - INFO - M409828_15, [1, 2, 3]: 2p session in column 1, no unduplicated ROIs.
2025-07-31 09:33:25,002 - INFO - M409828_15, [1, 2, 3]: Loaded
2025-07-31 09:33:25,002 - INFO - M409828_15, [1, 2, 3]: 2p session in column 1, no unduplicated ROIs.
2025-07-31 09:33:25,008 - INFO - M409828_15, [4, 5, 6]: Loaded
2025-07-31 09:33:25,008 - INFO - M409828_15, [4, 5, 6]: 2p session in column 1, no unduplicated ROIs.
2025-07-31 09:33:25,012 - INFO - M409828_15, [4, 5, 6]: Loaded
2025-07-31 09:33:25,013 - INFO - M409828_15, [4, 5, 6]: 2p session in column 1, no unduplicated ROIs.
2025-07-31 09:33:25,018 - INFO - M409828_15, [4, 5, 6]: Loaded
2025-07-31 09:33:25,018 - INFO - M409828_15, [4, 5, 6]: 2p session in column 1, no unduplicated ROIs.
2025-07-31 09:33:25,022 - INFO - M409828_16, [1, 2, 3]: Loaded
2025-07-31 09:33:25,022 - INFO - M409828_16, [1, 2, 3]: Not have enough planes for decoding.
2025-07-31 09:33:25,023 - INFO - M409828_15, [4, 5, 6]: Loaded
2025-07-31 09:33:25,023 - INFO - M409828_15, [4, 5, 6]: 2p session in column 1, no unduplicated ROIs.
2025-07-31 09:33:25,027 - INFO - M409828_16, [1, 2, 3]: Loaded
2025-07-31 09:33:25,028 - INFO - M409828_16, [1, 2, 3]: Not have enough planes for decoding.
2025-07-31 09:33:25,033 - INFO - M409828_16, [1, 2, 3]: Loaded
2025-07-31 09:33:25,033 - INFO - M409828_16, [1, 2, 3]: Not have enough planes for decoding.
2025-07-31 09:33:25,038 - INFO - M409828_16, [1, 2, 3]: Loaded
2025-07-31 09:33:25,038 - INFO - M409828_16, [1, 2, 3]: Not have enough planes for decoding.
2025-07-31 09:33:25,044 - INFO - M409828_16, [4, 5, 6]: Loaded
2025-07-31 09:33:25,044 - INFO - M409828_16, [4, 5, 6]: Not have enough planes for decoding.
2025-07-31 09:33:25,050 - INFO - M409828_16, [4, 5, 6]: Loaded
2025-07-31 09:33:25,051 - INFO - M409828_16, [4, 5, 6]: Not have enough planes for decoding.
2025-07-31 09:33:25,055 - INFO - M409828_16, [4, 5, 6]: Loaded
2025-07-31 09:33:25,055 - INFO - M409828_16, [4, 5, 6]: Not have enough planes for decoding.
2025-07-31 09:33:25,060 - INFO - M409828_16, [4, 5, 6]: Loaded
2025-07-31 09:33:25,060 - INFO - M409828_16, [4, 5, 6]: Not have enough planes for decoding.
2025-07-31 09:33:25,066 - INFO - M409828_17, [1, 2, 3]: Loaded
2025-07-31 09:33:25,066 - INFO - M409828_17, [1, 2, 3]: Not have enough planes for decoding.
2025-07-31 09:33:25,071 - INFO - M409828_17, [1, 2, 3]: Loaded
2025-07-31 09:33:25,072 - INFO - M409828_17, [1, 2, 3]: Not have enough planes for decoding.
2025-07-31 09:33:25,077 - INFO - M409828_17, [1, 2, 3]: Loaded
2025-07-31 09:33:25,077 - INFO - M409828_17, [1, 2, 3]: Not have enough planes for decoding.
2025-07-31 09:33:25,082 - INFO - M409828_17, [1, 2, 3]: Loaded
2025-07-31 09:33:25,083 - INFO - M409828_17, [1, 2, 3]: Not have enough planes for decoding.
2025-07-31 09:33:25,088 - INFO - M409828_17, [4, 5, 6]: Loaded
2025-07-31 09:33:25,088 - INFO - M409828_17, [4, 5, 6]: Not have enough planes for decoding.
2025-07-31 09:33:25,093 - INFO - M409828_17, [4, 5, 6]: Loaded
2025-07-31 09:33:25,094 - INFO - M409828_17, [4, 5, 6]: Not have enough planes for decoding.
2025-07-31 09:33:25,099 - INFO - M409828_17, [4, 5, 6]: Loaded
2025-07-31 09:33:25,099 - INFO - M409828_17, [4, 5, 6]: Not have enough planes for decoding.
2025-07-31 09:33:25,104 - INFO - M409828_17, [4, 5, 6]: Loaded
2025-07-31 09:33:25,104 - INFO - M409828_17, [4, 5, 6]: Not have enough planes for decoding.
2025-07-31 09:33:25,110 - INFO - M409828_18, [1, 2, 3]: Loaded
2025-07-31 09:33:25,111 - INFO - M409828_18, [1, 2, 3]: Not have enough planes for decoding.
2025-07-31 09:33:25,116 - INFO - M409828_18, [1, 2, 3]: Loaded
2025-07-31 09:33:25,116 - INFO - M409828_18, [1, 2, 3]: Not have enough planes for decoding.
2025-07-31 09:33:25,121 - INFO - M409828_18, [1, 2, 3]: Loaded
2025-07-31 09:33:25,122 - INFO - M409828_18, [1, 2, 3]: Not have enough planes for decoding.
2025-07-31 09:33:25,127 - INFO - M409828_18, [1, 2, 3]: Loaded
2025-07-31 09:33:25,127 - INFO - M409828_18, [1, 2, 3]: Not have enough planes for decoding.
2025-07-31 09:33:25,132 - INFO - M409828_18, [4, 5, 6]: Loaded
2025-07-31 09:33:25,132 - INFO - M409828_18, [4, 5, 6]: Not have enough planes for decoding.
2025-07-31 09:33:25,136 - INFO - M409828_18, [4, 5, 6]: Loaded
2025-07-31 09:33:25,136 - INFO - M409828_18, [4, 5, 6]: Not have enough planes for decoding.
2025-07-31 09:33:25,140 - INFO - M409828_18, [4, 5, 6]: Loaded
2025-07-31 09:33:25,140 - INFO - M409828_18, [4, 5, 6]: Not have enough planes for decoding.
2025-07-31 09:33:25,143 - INFO - M409828_19, [1, 2, 3]: Loaded
2025-07-31 09:33:25,143 - INFO - M409828_19, [1, 2, 3]: Not have enough planes for decoding.
2025-07-31 09:33:25,144 - INFO - M409828_18, [4, 5, 6]: Loaded
2025-07-31 09:33:25,144 - INFO - M409828_18, [4, 5, 6]: Not have enough planes for decoding.
2025-07-31 09:33:25,146 - INFO - M409828_19, [1, 2, 3]: Loaded
2025-07-31 09:33:25,146 - INFO - M409828_19, [1, 2, 3]: Not have enough planes for decoding.
2025-07-31 09:33:25,149 - INFO - M409828_19, [1, 2, 3]: Loaded
2025-07-31 09:33:25,149 - INFO - M409828_19, [1, 2, 3]: Not have enough planes for decoding.
2025-07-31 09:33:25,152 - INFO - M409828_19, [1, 2, 3]: Loaded
2025-07-31 09:33:25,152 - INFO - M409828_19, [1, 2, 3]: Not have enough planes for decoding.
2025-07-31 09:33:25,156 - INFO - M409828_19, [4, 5, 6]: Loaded
2025-07-31 09:33:25,156 - INFO - M409828_19, [4, 5, 6]: Not have enough planes for decoding.
2025-07-31 09:33:25,160 - INFO - M409828_19, [4, 5, 6]: Loaded
2025-07-31 09:33:25,160 - INFO - M409828_19, [4, 5, 6]: Not have enough planes for decoding.
2025-07-31 09:33:25,160 - INFO - M409828_19, [4, 5, 6]: Loaded
2025-07-31 09:33:25,160 - INFO - M409828_19, [4, 5, 6]: Not have enough planes for decoding.
2025-07-31 09:33:25,163 - INFO - M409828_19, [4, 5, 6]: Loaded
2025-07-31 09:33:25,163 - INFO - M409828_19, [4, 5, 6]: Not have enough planes for decoding.
2025-07-31 09:33:25,166 - INFO - M409828_1a, [1, 2, 3]: Loaded
2025-07-31 09:33:25,166 - INFO - M409828_1a, [1, 2, 3]: Not have enough planes for decoding.
2025-07-31 09:33:25,169 - INFO - M409828_1a, [1, 2, 3]: Loaded
2025-07-31 09:33:25,169 - INFO - M409828_1a, [1, 2, 3]: Not have enough planes for decoding.
2025-07-31 09:33:25,171 - INFO - M409828_1a, [1, 2, 3]: Loaded
2025-07-31 09:33:25,171 - INFO - M409828_1a, [1, 2, 3]: Not have enough planes for decoding.
2025-07-31 09:33:25,174 - INFO - M409828_1a, [1, 2, 3]: Loaded
2025-07-31 09:33:25,174 - INFO - M409828_1a, [1, 2, 3]: Not have enough planes for decoding.
2025-07-31 09:33:25,176 - INFO - M409828_1a, [4, 5, 6]: Loaded
2025-07-31 09:33:25,176 - INFO - M409828_1a, [4, 5, 6]: Not have enough planes for decoding.
2025-07-31 09:33:25,180 - INFO - M409828_1a, [4, 5, 6]: Loaded
2025-07-31 09:33:25,180 - INFO - M409828_1a, [4, 5, 6]: Not have enough planes for decoding.
2025-07-31 09:33:25,182 - INFO - M409828_1a, [4, 5, 6]: Loaded
2025-07-31 09:33:25,182 - INFO - M409828_1a, [4, 5, 6]: Not have enough planes for decoding.
2025-07-31 09:33:25,185 - INFO - M409828_1a, [4, 5, 6]: Loaded
2025-07-31 09:33:25,186 - INFO - M409828_1a, [4, 5, 6]: Not have enough planes for decoding.
2025-07-31 09:33:25,189 - INFO - M409828_1b, [1, 2, 3]: Loaded
2025-07-31 09:33:25,190 - INFO - M409828_1b, [1, 2, 3]: Not have enough planes for decoding.
2025-07-31 09:33:25,193 - INFO - M409828_1b, [1, 2, 3]: Loaded
2025-07-31 09:33:25,194 - INFO - M409828_1b, [1, 2, 3]: Not have enough planes for decoding.
2025-07-31 09:33:25,195 - INFO - M409828_1b, [1, 2, 3]: Loaded
2025-07-31 09:33:25,195 - INFO - M409828_1b, [1, 2, 3]: Not have enough planes for decoding.
2025-07-31 09:33:25,198 - INFO - M409828_1b, [1, 2, 3]: Loaded
2025-07-31 09:33:25,198 - INFO - M409828_1b, [1, 2, 3]: Not have enough planes for decoding.
2025-07-31 09:33:25,199 - INFO - M409828_1b, [4, 5, 6]: Loaded
2025-07-31 09:33:25,199 - INFO - M409828_1b, [4, 5, 6]: Not have enough planes for decoding.
2025-07-31 09:33:25,203 - INFO - M409828_1b, [4, 5, 6]: Loaded
2025-07-31 09:33:25,203 - INFO - M409828_1b, [4, 5, 6]: Not have enough planes for decoding.
2025-07-31 09:33:25,204 - INFO - M409828_1b, [4, 5, 6]: Loaded
2025-07-31 09:33:25,205 - INFO - M409828_1b, [4, 5, 6]: Not have enough planes for decoding.
2025-07-31 09:33:25,209 - INFO - M409828_1b, [4, 5, 6]: Loaded
2025-07-31 09:33:25,209 - INFO - M409828_1b, [4, 5, 6]: Not have enough planes for decoding.
2025-07-31 09:33:25,210 - INFO - M409828_1c, [1, 2, 3]: Loaded
2025-07-31 09:33:25,210 - INFO - M409828_1c, [1, 2, 3]: Not have enough planes for decoding.
2025-07-31 09:33:25,214 - INFO - M409828_1c, [1, 2, 3]: Loaded
2025-07-31 09:33:25,214 - INFO - M409828_1c, [1, 2, 3]: Not have enough planes for decoding.
2025-07-31 09:33:25,215 - INFO - M409828_1c, [1, 2, 3]: Loaded
2025-07-31 09:33:25,215 - INFO - M409828_1c, [1, 2, 3]: Not have enough planes for decoding.
2025-07-31 09:33:25,219 - INFO - M409828_1c, [1, 2, 3]: Loaded
2025-07-31 09:33:25,219 - INFO - M409828_1c, [1, 2, 3]: Not have enough planes for decoding.
2025-07-31 09:33:25,221 - INFO - M409828_1c, [4, 5, 6]: Loaded
2025-07-31 09:33:25,221 - INFO - M409828_1c, [4, 5, 6]: Not have enough planes for decoding.
2025-07-31 09:33:25,224 - INFO - M409828_1c, [4, 5, 6]: Loaded
2025-07-31 09:33:25,225 - INFO - M409828_1c, [4, 5, 6]: Not have enough planes for decoding.
2025-07-31 09:33:25,226 - INFO - M409828_1c, [4, 5, 6]: Loaded
2025-07-31 09:33:25,227 - INFO - M409828_1c, [4, 5, 6]: Not have enough planes for decoding.
2025-07-31 09:33:25,230 - INFO - M409828_1c, [4, 5, 6]: Loaded
2025-07-31 09:33:25,230 - INFO - M409828_1c, [4, 5, 6]: Not have enough planes for decoding.
2025-07-31 09:33:25,232 - INFO - M409828_1d, [1, 2, 3]: Loaded
2025-07-31 09:33:25,232 - INFO - M409828_1d, [1, 2, 3]: Not have enough planes for decoding.
2025-07-31 09:33:25,236 - INFO - M409828_1d, [1, 2, 3]: Loaded
2025-07-31 09:33:25,236 - INFO - M409828_1d, [1, 2, 3]: Not have enough planes for decoding.
2025-07-31 09:33:25,238 - INFO - M409828_1d, [1, 2, 3]: Loaded
2025-07-31 09:33:25,238 - INFO - M409828_1d, [1, 2, 3]: Not have enough planes for decoding.
2025-07-31 09:33:25,242 - INFO - M409828_1d, [1, 2, 3]: Loaded
2025-07-31 09:33:25,242 - INFO - M409828_1d, [1, 2, 3]: Not have enough planes for decoding.
2025-07-31 09:33:25,244 - INFO - M409828_1d, [4, 5, 6]: Loaded
2025-07-31 09:33:25,244 - INFO - M409828_1d, [4, 5, 6]: Not have enough planes for decoding.
2025-07-31 09:33:25,247 - INFO - M409828_1d, [4, 5, 6]: Loaded
2025-07-31 09:33:25,248 - INFO - M409828_1d, [4, 5, 6]: Not have enough planes for decoding.
2025-07-31 09:33:25,249 - INFO - M409828_1e, [1, 2, 3]: Loaded
2025-07-31 09:33:25,250 - INFO - M409828_1e, [1, 2, 3]: Not have enough planes for decoding.
2025-07-31 09:33:25,251 - INFO - M409828_1d, [4, 5, 6]: Loaded
2025-07-31 09:33:25,251 - INFO - M409828_1d, [4, 5, 6]: Not have enough planes for decoding.
2025-07-31 09:33:25,253 - INFO - M409828_1e, [1, 2, 3]: Loaded
2025-07-31 09:33:25,253 - INFO - M409828_1e, [1, 2, 3]: Not have enough planes for decoding.
2025-07-31 09:33:25,255 - INFO - M409828_1e, [4, 5, 6]: Loaded
2025-07-31 09:33:25,255 - INFO - M409828_1e, [4, 5, 6]: Not have enough planes for decoding.
2025-07-31 09:33:25,255 - INFO - M409828_1d, [4, 5, 6]: Loaded
2025-07-31 09:33:25,255 - INFO - M409828_1d, [4, 5, 6]: Not have enough planes for decoding.
2025-07-31 09:33:25,257 - INFO - M409828_1e, [1, 2, 3]: Loaded
2025-07-31 09:33:25,257 - INFO - M409828_1e, [1, 2, 3]: Not have enough planes for decoding.
2025-07-31 09:33:25,261 - INFO - M409828_1e, [1, 2, 3]: Loaded
2025-07-31 09:33:25,261 - INFO - M409828_1e, [1, 2, 3]: Not have enough planes for decoding.
2025-07-31 09:33:25,261 - INFO - M409828_1e, [4, 5, 6]: Loaded
2025-07-31 09:33:25,261 - INFO - M409828_1e, [4, 5, 6]: Not have enough planes for decoding.
2025-07-31 09:33:25,262 - INFO - M409828_1f, [1, 2, 3]: Loaded
2025-07-31 09:33:25,262 - INFO - M409828_1f, [1, 2, 3]: Not have enough planes for decoding.
2025-07-31 09:33:25,265 - INFO - M409828_1f, [4, 5, 6]: Loaded
2025-07-31 09:33:25,265 - INFO - M409828_1f, [4, 5, 6]: Not have enough planes for decoding.
2025-07-31 09:33:25,265 - INFO - M409828_1e, [4, 5, 6]: Loaded
2025-07-31 09:33:25,266 - INFO - M409828_1e, [4, 5, 6]: Not have enough planes for decoding.
2025-07-31 09:33:25,266 - INFO - M409828_1f, [1, 2, 3]: Loaded
2025-07-31 09:33:25,266 - INFO - M409828_1f, [1, 2, 3]: Not have enough planes for decoding.
2025-07-31 09:33:25,268 - INFO - M409828_1f, [4, 5, 6]: Loaded
2025-07-31 09:33:25,268 - INFO - M409828_1f, [4, 5, 6]: Not have enough planes for decoding.
2025-07-31 09:33:25,269 - INFO - M409828_1f, [1, 2, 3]: Loaded
2025-07-31 09:33:25,269 - INFO - M409828_1f, [1, 2, 3]: Not have enough planes for decoding.
2025-07-31 09:33:25,269 - INFO - M409828_1e, [4, 5, 6]: Loaded
2025-07-31 09:33:25,269 - INFO - M409828_1e, [4, 5, 6]: Not have enough planes for decoding.
2025-07-31 09:33:25,271 - INFO - M409828_1f, [4, 5, 6]: Loaded
2025-07-31 09:33:25,271 - INFO - M409828_1f, [4, 5, 6]: Not have enough planes for decoding.
2025-07-31 09:33:25,272 - INFO - M409828_1f, [1, 2, 3]: Loaded
2025-07-31 09:33:25,272 - INFO - M409828_1f, [1, 2, 3]: Not have enough planes for decoding.
2025-07-31 09:33:25,274 - INFO - M409828_1f, [4, 5, 6]: Loaded
2025-07-31 09:33:25,274 - INFO - M409828_1f, [4, 5, 6]: Not have enough planes for decoding.
2025-07-31 09:33:25,286 - INFO - M409828_21, [1, 2, 3]: Loaded
2025-07-31 09:33:25,295 - INFO - M409828_21, [4, 5, 6]: Loaded
2025-07-31 09:33:25,298 - INFO - M409828_22, [1, 2, 3]: Loaded
2025-07-31 09:33:25,300 - INFO - M409828_22, [4, 5, 6]: Loaded
2025-07-31 09:33:25,305 - INFO - M409828_21, [1, 2, 3]: Not enough X_data, only have 76 rois, cannot perform decoding
2025-07-31 09:33:25,314 - INFO - M409828_23, [1, 2, 3]: Loaded
2025-07-31 09:33:25,315 - INFO - M409828_24, [1, 2, 3]: Loaded
2025-07-31 09:33:25,316 - INFO - M409828_22, [4, 5, 6]: Loaded
2025-07-31 09:33:25,320 - INFO - M409828_23, [4, 5, 6]: Loaded
2025-07-31 09:33:25,321 - INFO - M409828_24, [4, 5, 6]: Loaded
2025-07-31 09:33:25,322 - INFO - M409828_25, [1, 2, 3]: Loaded
2025-07-31 09:33:25,322 - INFO - M409828_22, [1, 2, 3]: Loaded
2025-07-31 09:33:25,325 - INFO - M409828_21, [1, 2, 3]: Loaded
2025-07-31 09:33:25,326 - INFO - M409828_21, [4, 5, 6]: Loaded
2025-07-31 09:33:25,328 - INFO - M409828_25, [4, 5, 6]: Loaded
2025-07-31 09:33:25,332 - INFO - M409828_22, [4, 5, 6]: Loaded
2025-07-31 09:33:25,333 - INFO - M409828_24, [1, 2, 3]: Loaded
2025-07-31 09:33:25,333 - INFO - M409828_25, [1, 2, 3]: Loaded
2025-07-31 09:33:25,337 - INFO - M409828_24, [4, 5, 6]: Loaded
2025-07-31 09:33:25,337 - INFO - M409828_23, [1, 2, 3]: Loaded
2025-07-31 09:33:25,337 - INFO - M409828_23, [4, 5, 6]: Loaded
2025-07-31 09:33:25,341 - INFO - M409828_22, [1, 2, 3]: Loaded
2025-07-31 09:33:25,341 - INFO - M409828_21, [1, 2, 3]: Not enough X_data, only have 76 rois, cannot perform decoding
2025-07-31 09:33:25,346 - INFO - M409828_25, [1, 2, 3]: Loaded
2025-07-31 09:33:25,346 - INFO - M409828_25, [4, 5, 6]: Not enough X_data, only have 201 rois, cannot perform decoding
2025-07-31 09:33:25,350 - INFO - M409828_24, [1, 2, 3]: Loaded
2025-07-31 09:33:25,354 - INFO - M409828_21, [4, 5, 6]: Loaded
2025-07-31 09:33:25,354 - INFO - M409828_23, [1, 2, 3]: Loaded
2025-07-31 09:33:25,354 - INFO - M409828_24, [4, 5, 6]: Loaded
2025-07-31 09:33:25,358 - INFO - M409828_25, [4, 5, 6]: Loaded
2025-07-31 09:33:25,362 - INFO - M409828_21, [1, 2, 3]: Loaded
2025-07-31 09:33:25,364 - INFO - M409828_23, [4, 5, 6]: Loaded
2025-07-31 09:33:25,374 - INFO - M409828_25, [4, 5, 6]: Not enough X_data, only have 201 rois, cannot perform decoding
2025-07-31 09:33:25,378 - INFO - M409828_21, [1, 2, 3]: Not enough X_data, only have 76 rois, cannot perform decoding
2025-07-31 09:33:25,385 - INFO - M409828_25, [4, 5, 6]: Loaded
2025-07-31 09:33:25,397 - INFO - M409828_21, [1, 2, 3]: Loaded
2025-07-31 09:33:25,402 - INFO - M409828_25, [4, 5, 6]: Not enough X_data, only have 201 rois, cannot perform decoding
2025-07-31 09:33:25,413 - INFO - M409828_21, [1, 2, 3]: Not enough X_data, only have 76 rois, cannot perform decoding
2025-07-31 09:33:25,413 - INFO - M409828_25, [4, 5, 6]: Loaded
2025-07-31 09:33:25,430 - INFO - M409828_25, [4, 5, 6]: Not enough X_data, only have 201 rois, cannot perform decoding
2025-07-31 09:33:25,434 - INFO - M409828_31, [1, 2, 3]: Loaded
2025-07-31 09:33:25,450 - INFO - M409828_31, [1, 2, 3]: Not enough X_data, only have 106 rois, cannot perform decoding
2025-07-31 09:33:25,457 - INFO - M409828_31, [4, 5, 6]: Loaded
2025-07-31 09:33:25,466 - INFO - M409828_31, [1, 2, 3]: Loaded
2025-07-31 09:33:25,475 - INFO - M409828_31, [4, 5, 6]: Loaded
2025-07-31 09:33:25,481 - INFO - M409828_31, [1, 2, 3]: Not enough X_data, only have 106 rois, cannot perform decoding
2025-07-31 09:33:25,494 - INFO - M409828_31, [4, 5, 6]: Loaded
2025-07-31 09:33:25,496 - INFO - M409828_31, [1, 2, 3]: Loaded
2025-07-31 09:33:25,513 - INFO - M409828_31, [1, 2, 3]: Not enough X_data, only have 106 rois, cannot perform decoding
2025-07-31 09:33:25,528 - INFO - M409828_31, [1, 2, 3]: Loaded
2025-07-31 09:33:25,545 - INFO - M409828_31, [1, 2, 3]: Not enough X_data, only have 106 rois, cannot perform decoding
2025-07-31 09:33:25,563 - INFO - M409828_32, [1, 2, 3]: Loaded
2025-07-31 09:33:25,578 - INFO - M409828_32, [1, 2, 3]: Loaded
2025-07-31 09:33:25,592 - INFO - M409828_32, [1, 2, 3]: Loaded
2025-07-31 09:33:43,349 - INFO - M409828_32, [4, 5, 6]: Loaded
2025-07-31 09:33:43,354 - INFO - M409828_33, [1, 2, 3]: Loaded
2025-07-31 09:33:43,359 - INFO - M409828_33, [4, 5, 6]: Loaded
2025-07-31 09:33:43,364 - INFO - M409828_34, [4, 5, 6]: Loaded
2025-07-31 09:33:43,366 - INFO - M409828_32, [4, 5, 6]: Loaded
2025-07-31 09:33:43,368 - INFO - M409828_33, [1, 2, 3]: Loaded
2025-07-31 09:33:43,369 - INFO - M409828_35, [4, 5, 6]: Loaded
2025-07-31 09:33:43,373 - INFO - M409828_33, [4, 5, 6]: Loaded
2025-07-31 09:33:43,378 - INFO - M409828_34, [4, 5, 6]: Loaded
2025-07-31 09:33:43,381 - INFO - M409828_41, [4, 5, 6]: Loaded
2025-07-31 09:33:43,382 - INFO - M409828_33, [1, 2, 3]: Loaded
2025-07-31 09:33:43,382 - INFO - M409828_32, [4, 5, 6]: Loaded
2025-07-31 09:33:43,387 - INFO - M409828_33, [4, 5, 6]: Loaded
2025-07-31 09:33:43,390 - INFO - M409828_43, [4, 5, 6]: Loaded
2025-07-31 09:33:43,391 - INFO - M409828_35, [4, 5, 6]: Not enough X_data, only have 97 rois, cannot perform decoding
2025-07-31 09:33:43,392 - INFO - M409828_42, [4, 5, 6]: Loaded
2025-07-31 09:33:43,395 - INFO - M409828_34, [4, 5, 6]: Loaded
2025-07-31 09:33:43,397 - INFO - M409828_44, [4, 5, 6]: Loaded
2025-07-31 09:33:43,398 - INFO - M409828_45, [4, 5, 6]: Loaded
2025-07-31 09:33:43,404 - INFO - M409828_35, [4, 5, 6]: Loaded
2025-07-31 09:33:43,415 - INFO - M409828_45, [4, 5, 6]: Not enough X_data, only have 209 rois, cannot perform decoding
2025-07-31 09:33:43,425 - INFO - M409828_45, [4, 5, 6]: Loaded
2025-07-31 09:33:43,425 - INFO - M409828_35, [4, 5, 6]: Not enough X_data, only have 97 rois, cannot perform decoding
2025-07-31 09:33:43,437 - INFO - M409828_35, [4, 5, 6]: Loaded
2025-07-31 09:33:43,453 - INFO - M409828_35, [4, 5, 6]: Not enough X_data, only have 97 rois, cannot perform decoding
2025-07-31 09:33:43,461 - INFO - M409828_35, [4, 5, 6]: Loaded
2025-07-31 09:33:43,477 - INFO - M409828_35, [4, 5, 6]: Not enough X_data, only have 97 rois, cannot perform decoding
2025-07-31 09:33:43,494 - INFO - M409828_41, [1, 2, 3]: Loaded
2025-07-31 09:33:43,509 - INFO - M409828_41, [1, 2, 3]: Not enough X_data, only have 31 rois, cannot perform decoding
2025-07-31 09:33:43,525 - INFO - M409828_41, [1, 2, 3]: Loaded
2025-07-31 09:33:43,541 - INFO - M409828_41, [1, 2, 3]: Not enough X_data, only have 31 rois, cannot perform decoding
2025-07-31 09:33:43,557 - INFO - M409828_41, [1, 2, 3]: Loaded
2025-07-31 09:33:43,572 - INFO - M409828_41, [1, 2, 3]: Not enough X_data, only have 31 rois, cannot perform decoding
