2025-07-29 15:44:44,542 - INFO - Decoding parameters: 1 repetitions, 1 bootstrap size, tag: 2025_0728_5, bootstrap, False, one_plane: True, multi_stim: True
2025-07-29 15:44:47,774 - INFO - M409828_11: Loaded
2025-07-29 15:44:47,776 - INFO - M409828_11, 3: 2p session in column 1, no unduplicated ROIs.
2025-07-29 15:44:47,797 - INFO - M409828_11: Loaded
2025-07-29 15:44:47,806 - INFO - M409828_11, 5: 2p session in column 1, no unduplicated ROIs.
2025-07-29 15:44:47,805 - INFO - M409828_12: Loaded
2025-07-29 15:44:47,810 - INFO - M409828_12, 2: 2p session in column 1, no unduplicated ROIs.
2025-07-29 15:44:47,809 - INFO - M409828_11: Loaded
2025-07-29 15:44:47,820 - INFO - M409828_11, 1: 2p session in column 1, no unduplicated ROIs.
2025-07-29 15:44:47,806 - INFO - M409828_12: Loaded
2025-07-29 15:44:47,827 - INFO - M409828_12, 3: 2p session in column 1, no unduplicated ROIs.
2025-07-29 15:44:47,858 - INFO - M409828_12: Loaded
2025-07-29 15:44:47,859 - INFO - M409828_12, 6: 2p session in column 1, no unduplicated ROIs.
2025-07-29 15:44:47,863 - INFO - M409828_11: Loaded
2025-07-29 15:44:47,864 - INFO - M409828_11, 2: 2p session in column 1, no unduplicated ROIs.
2025-07-29 15:44:47,875 - INFO - M409828_12: Loaded
2025-07-29 15:44:47,882 - INFO - M409828_12, 5: 2p session in column 1, no unduplicated ROIs.
2025-07-29 15:44:47,880 - INFO - M409828_11: Loaded
2025-07-29 15:44:47,886 - INFO - M409828_13: Loaded
2025-07-29 15:44:47,904 - INFO - M409828_13, 5: 2p session in column 1, no unduplicated ROIs.
2025-07-29 15:44:47,887 - INFO - M409828_11, 4: 2p session in column 1, no unduplicated ROIs.
2025-07-29 15:44:47,963 - INFO - M409828_14: Loaded
2025-07-29 15:44:47,984 - INFO - M409828_14, 4: 2p session in column 1, no unduplicated ROIs.
2025-07-29 15:44:47,994 - INFO - M409828_12: Loaded
2025-07-29 15:44:47,996 - INFO - M409828_12, 1: 2p session in column 1, no unduplicated ROIs.
2025-07-29 15:44:47,973 - INFO - M409828_13: Loaded
2025-07-29 15:44:48,000 - INFO - M409828_13, 3: 2p session in column 1, no unduplicated ROIs.
2025-07-29 15:44:48,003 - INFO - M409828_11: Loaded
2025-07-29 15:44:48,004 - INFO - M409828_11, 6: 2p session in column 1, no unduplicated ROIs.
2025-07-29 15:44:48,032 - INFO - M409828_14: Loaded
2025-07-29 15:44:48,038 - INFO - M409828_14, 6: 2p session in column 1, no unduplicated ROIs.
2025-07-29 15:44:48,037 - INFO - M409828_13: Loaded
2025-07-29 15:44:48,053 - INFO - M409828_13, 6: 2p session in column 1, no unduplicated ROIs.
2025-07-29 15:44:48,055 - INFO - M409828_14: Loaded
2025-07-29 15:44:48,064 - INFO - M409828_14, 2: 2p session in column 1, no unduplicated ROIs.
2025-07-29 15:44:48,057 - INFO - M409828_13: Loaded
2025-07-29 15:44:48,069 - INFO - M409828_13, 2: 2p session in column 1, no unduplicated ROIs.
2025-07-29 15:44:48,061 - INFO - M409828_14: Loaded
2025-07-29 15:44:48,071 - INFO - M409828_14, 1: 2p session in column 1, no unduplicated ROIs.
2025-07-29 15:44:48,070 - INFO - M409828_16: Loaded
2025-07-29 15:44:48,079 - INFO - M409828_16: Plane 3 not found
2025-07-29 15:44:48,086 - INFO - M409828_16: Loaded
2025-07-29 15:44:48,093 - INFO - M409828_16: Plane 4 not found
2025-07-29 15:44:48,092 - INFO - M409828_15: Loaded
2025-07-29 15:44:48,096 - INFO - M409828_15, 2: 2p session in column 1, no unduplicated ROIs.
2025-07-29 15:44:48,101 - INFO - M409828_16: Loaded
2025-07-29 15:44:48,101 - INFO - M409828_16: Loaded
2025-07-29 15:44:48,104 - INFO - M409828_16: Plane 6 not found
2025-07-29 15:44:48,104 - INFO - M409828_16: Plane 5 not found
2025-07-29 15:44:48,103 - INFO - M409828_15: Loaded
2025-07-29 15:44:48,105 - INFO - M409828_15, 4: 2p session in column 1, no unduplicated ROIs.
2025-07-29 15:44:48,111 - INFO - M409828_17: Loaded
2025-07-29 15:44:48,116 - INFO - M409828_14: Loaded
2025-07-29 15:44:48,116 - INFO - M409828_14, 3: 2p session in column 1, no unduplicated ROIs.
2025-07-29 15:44:48,120 - INFO - M409828_12: Loaded
2025-07-29 15:44:48,121 - INFO - M409828_12, 4: 2p session in column 1, no unduplicated ROIs.
2025-07-29 15:44:48,125 - INFO - M409828_17: Loaded
2025-07-29 15:44:48,125 - INFO - M409828_17: Plane 2 not found
2025-07-29 15:44:48,134 - INFO - M409828_15: Loaded
2025-07-29 15:44:48,135 - INFO - M409828_15, 5: 2p session in column 1, no unduplicated ROIs.
2025-07-29 15:44:48,135 - INFO - M409828_13: Loaded
2025-07-29 15:44:48,136 - INFO - M409828_13, 1: 2p session in column 1, no unduplicated ROIs.
2025-07-29 15:44:48,144 - INFO - M409828_17: Loaded
2025-07-29 15:44:48,145 - INFO - M409828_17: Plane 3 not found
2025-07-29 15:44:48,155 - INFO - M409828_17: Loaded
2025-07-29 15:44:48,156 - INFO - M409828_17: Plane 4 not found
2025-07-29 15:44:48,157 - INFO - M409828_15: Loaded
2025-07-29 15:44:48,158 - INFO - M409828_15, 6: 2p session in column 1, no unduplicated ROIs.
2025-07-29 15:44:48,168 - INFO - M409828_17: Loaded
2025-07-29 15:44:48,169 - INFO - M409828_17: Plane 5 not found
2025-07-29 15:44:48,173 - INFO - M409828_13: Loaded
2025-07-29 15:44:48,174 - INFO - M409828_13, 4: 2p session in column 1, no unduplicated ROIs.
2025-07-29 15:44:48,174 - INFO - M409828_17: Loaded
2025-07-29 15:44:48,175 - INFO - M409828_17: Plane 6 not found
2025-07-29 15:44:48,181 - INFO - M409828_14: Loaded
2025-07-29 15:44:48,182 - INFO - M409828_14, 5: 2p session in column 1, no unduplicated ROIs.
2025-07-29 15:44:48,186 - INFO - M409828_18: Loaded
2025-07-29 15:44:48,197 - INFO - M409828_18: Loaded
2025-07-29 15:44:48,197 - INFO - M409828_18: Plane 2 not found
2025-07-29 15:44:48,212 - INFO - M409828_15: Loaded
2025-07-29 15:44:48,213 - INFO - M409828_15, 1: 2p session in column 1, no unduplicated ROIs.
2025-07-29 15:44:48,212 - INFO - M409828_18: Loaded
2025-07-29 15:44:48,213 - INFO - M409828_18: Plane 3 not found
2025-07-29 15:44:48,225 - INFO - M409828_18: Loaded
2025-07-29 15:44:48,225 - INFO - M409828_18: Plane 4 not found
2025-07-29 15:44:48,235 - INFO - M409828_15: Loaded
2025-07-29 15:44:48,236 - INFO - M409828_15, 3: 2p session in column 1, no unduplicated ROIs.
2025-07-29 15:44:48,241 - INFO - M409828_18: Loaded
2025-07-29 15:44:48,242 - INFO - M409828_18: Plane 5 not found
2025-07-29 15:44:48,248 - INFO - M409828_16: Loaded
2025-07-29 15:44:48,249 - INFO - M409828_16: Plane 2 not found
2025-07-29 15:44:48,251 - INFO - M409828_18: Loaded
2025-07-29 15:44:48,251 - INFO - M409828_18: Plane 6 not found
2025-07-29 15:44:48,264 - INFO - M409828_19: Loaded
2025-07-29 15:44:48,266 - INFO - M409828_16: Loaded
2025-07-29 15:44:48,276 - INFO - M409828_19: Loaded
2025-07-29 15:44:48,277 - INFO - M409828_19: Plane 2 not found
2025-07-29 15:44:48,284 - INFO - M409828_19: Loaded
2025-07-29 15:44:48,285 - INFO - M409828_19: Plane 3 not found
2025-07-29 15:44:48,290 - INFO - M409828_19: Loaded
2025-07-29 15:44:48,290 - INFO - M409828_19: Plane 4 not found
2025-07-29 15:44:48,300 - INFO - M409828_19: Loaded
2025-07-29 15:44:48,300 - INFO - M409828_19: Plane 5 not found
2025-07-29 15:44:48,311 - INFO - M409828_19: Loaded
2025-07-29 15:44:48,312 - INFO - M409828_19: Plane 6 not found
2025-07-29 15:44:48,320 - INFO - M409828_1a: Loaded
2025-07-29 15:44:48,325 - INFO - M409828_1a: Loaded
2025-07-29 15:44:48,325 - INFO - M409828_1a: Plane 2 not found
2025-07-29 15:44:48,334 - INFO - M409828_1a: Loaded
2025-07-29 15:44:48,335 - INFO - M409828_1a: Plane 3 not found
2025-07-29 15:44:48,339 - INFO - M409828_1a: Loaded
2025-07-29 15:44:48,340 - INFO - M409828_1a: Plane 4 not found
2025-07-29 15:44:48,346 - INFO - M409828_1a: Loaded
2025-07-29 15:44:48,346 - INFO - M409828_1a: Plane 5 not found
2025-07-29 15:44:48,355 - INFO - M409828_1a: Loaded
2025-07-29 15:44:48,355 - INFO - M409828_1a: Plane 6 not found
2025-07-29 15:44:48,362 - INFO - M409828_1b: Loaded
2025-07-29 15:44:48,367 - INFO - M409828_1b: Loaded
2025-07-29 15:44:48,368 - INFO - M409828_1b: Plane 2 not found
2025-07-29 15:44:48,377 - INFO - M409828_1b: Loaded
2025-07-29 15:44:48,377 - INFO - M409828_1b: Plane 3 not found
2025-07-29 15:44:48,381 - INFO - M409828_1b: Loaded
2025-07-29 15:44:48,381 - INFO - M409828_1b: Plane 4 not found
2025-07-29 15:44:48,386 - INFO - M409828_1b: Loaded
2025-07-29 15:44:48,386 - INFO - M409828_1b: Plane 5 not found
2025-07-29 15:44:48,395 - INFO - M409828_1b: Loaded
2025-07-29 15:44:48,395 - INFO - M409828_1b: Plane 6 not found
2025-07-29 15:44:48,399 - INFO - M409828_1c: Loaded
2025-07-29 15:44:48,409 - INFO - M409828_1c: Loaded
2025-07-29 15:44:48,410 - INFO - M409828_1c: Plane 2 not found
2025-07-29 15:44:48,414 - INFO - M409828_1c: Loaded
2025-07-29 15:44:48,414 - INFO - M409828_1c: Plane 3 not found
2025-07-29 15:44:48,421 - INFO - M409828_1c: Loaded
2025-07-29 15:44:48,422 - INFO - M409828_1c: Plane 4 not found
2025-07-29 15:44:48,431 - INFO - M409828_1c: Loaded
2025-07-29 15:44:48,431 - INFO - M409828_1c: Plane 5 not found
2025-07-29 15:44:48,434 - INFO - M409828_1c: Loaded
2025-07-29 15:44:48,434 - INFO - M409828_1c: Plane 6 not found
2025-07-29 15:44:48,438 - INFO - M409828_1d: Loaded
2025-07-29 15:44:48,446 - INFO - M409828_1d: Loaded
2025-07-29 15:44:48,446 - INFO - M409828_1d: Plane 2 not found
2025-07-29 15:44:48,452 - INFO - M409828_1d: Loaded
2025-07-29 15:44:48,453 - INFO - M409828_1d: Plane 3 not found
2025-07-29 15:44:48,457 - INFO - M409828_1d: Loaded
2025-07-29 15:44:48,457 - INFO - M409828_1d: Plane 4 not found
2025-07-29 15:44:48,461 - INFO - M409828_1d: Loaded
2025-07-29 15:44:48,461 - INFO - M409828_1d: Plane 5 not found
2025-07-29 15:44:48,466 - INFO - M409828_1d: Loaded
2025-07-29 15:44:48,467 - INFO - M409828_1d: Plane 6 not found
2025-07-29 15:44:48,475 - INFO - M409828_1e: Loaded
2025-07-29 15:44:48,484 - INFO - M409828_1e: Loaded
2025-07-29 15:44:48,484 - INFO - M409828_1e: Plane 2 not found
2025-07-29 15:44:48,489 - INFO - M409828_1e: Loaded
2025-07-29 15:44:48,490 - INFO - M409828_1e: Plane 3 not found
2025-07-29 15:44:48,494 - INFO - M409828_1e: Loaded
2025-07-29 15:44:48,495 - INFO - M409828_1e: Plane 4 not found
2025-07-29 15:44:48,503 - INFO - M409828_1e: Loaded
2025-07-29 15:44:48,503 - INFO - M409828_1e: Plane 5 not found
2025-07-29 15:44:48,510 - INFO - M409828_1e: Loaded
2025-07-29 15:44:48,510 - INFO - M409828_1e: Plane 6 not found
2025-07-29 15:44:48,520 - INFO - M409828_1f: Loaded
2025-07-29 15:44:48,527 - INFO - M409828_1f: Loaded
2025-07-29 15:44:48,528 - INFO - M409828_1f: Plane 2 not found
2025-07-29 15:44:48,533 - INFO - M409828_1f: Loaded
2025-07-29 15:44:48,533 - INFO - M409828_1f: Plane 3 not found
2025-07-29 15:44:48,539 - INFO - M409828_1f: Loaded
2025-07-29 15:44:48,539 - INFO - M409828_1f: Plane 4 not found
2025-07-29 15:44:48,544 - INFO - M409828_1f: Loaded
2025-07-29 15:44:48,544 - INFO - M409828_1f: Plane 5 not found
2025-07-29 15:44:48,548 - INFO - M409828_1f: Loaded
2025-07-29 15:44:48,548 - INFO - M409828_1f: Plane 6 not found
2025-07-29 15:44:48,572 - INFO - M409828_21: Loaded
2025-07-29 15:44:48,579 - INFO - M409828_21: Loaded
2025-07-29 15:44:48,595 - INFO - M409828_21: Loaded
2025-07-29 15:44:48,598 - INFO - M409828_21: Loaded
2025-07-29 15:44:48,605 - INFO - M409828_21: Loaded
2025-07-29 15:44:48,614 - INFO - M409828_22: Loaded
2025-07-29 15:44:48,617 - INFO - M409828_21: Loaded
2025-07-29 15:44:48,624 - INFO - M409828_22: Loaded
2025-07-29 15:44:48,638 - INFO - M409828_22: Loaded
2025-07-29 15:44:48,651 - INFO - M409828_22: Loaded
2025-07-29 15:44:48,655 - INFO - M409828_22: Loaded
2025-07-29 15:44:48,666 - INFO - M409828_22: Loaded
2025-07-29 15:44:48,678 - INFO - M409828_23: Loaded
2025-07-29 15:44:48,693 - INFO - M409828_23: Loaded
2025-07-29 15:44:48,708 - INFO - M409828_23: Loaded
2025-07-29 15:44:48,723 - INFO - M409828_23: Loaded
2025-07-29 15:44:48,732 - INFO - M409828_23: Loaded
2025-07-29 15:44:48,741 - INFO - M409828_23: Loaded
2025-07-29 15:44:48,754 - INFO - M409828_24: Loaded
2025-07-29 15:44:48,768 - INFO - M409828_24: Loaded
2025-07-29 15:44:48,798 - INFO - M409828_24: Loaded
2025-07-29 15:44:48,799 - INFO - M409828_24: Loaded
2025-07-29 15:44:51,167 - INFO - M409828_17, 1: Decoding completed and saved
2025-07-29 15:44:51,248 - INFO - M409828_24: Loaded
2025-07-29 15:44:51,313 - INFO - M409828_21, 2: Decoding completed and saved
2025-07-29 15:44:51,371 - INFO - M409828_24: Loaded
2025-07-29 15:44:51,377 - INFO - M409828_16, 1: Decoding completed and saved
2025-07-29 15:44:51,494 - INFO - M409828_18, 1: Decoding completed and saved
2025-07-29 15:44:51,494 - INFO - M409828_19, 1: Decoding completed and saved
2025-07-29 15:44:51,554 - INFO - M409828_25: Loaded
2025-07-29 15:44:51,597 - INFO - M409828_25: Loaded
2025-07-29 15:44:51,612 - INFO - M409828_25: Loaded
2025-07-29 15:44:51,715 - INFO - M409828_1f, 1: Decoding completed and saved
2025-07-29 15:44:51,755 - INFO - M409828_25: Loaded
2025-07-29 15:44:51,796 - INFO - M409828_21, 5: Decoding completed and saved
2025-07-29 15:44:51,793 - INFO - M409828_1a, 1: Decoding completed and saved
2025-07-29 15:44:51,848 - INFO - M409828_25: Loaded
2025-07-29 15:44:51,857 - INFO - M409828_25: Loaded
2025-07-29 15:44:51,868 - INFO - M409828_1b, 1: Decoding completed and saved
2025-07-29 15:44:51,855 - INFO - M409828_1c, 1: Decoding completed and saved
2025-07-29 15:44:51,922 - INFO - M409828_31: Loaded
2025-07-29 15:44:51,935 - INFO - M409828_31: Loaded
2025-07-29 15:44:51,958 - INFO - M409828_1d, 1: Decoding completed and saved
2025-07-29 15:44:51,970 - INFO - M409828_22, 1: Decoding completed and saved
2025-07-29 15:44:52,013 - INFO - M409828_31: Loaded
2025-07-29 15:44:52,063 - INFO - M409828_31: Loaded
2025-07-29 15:44:52,068 - INFO - M409828_21, 3: Decoding completed and saved
2025-07-29 15:44:52,169 - INFO - M409828_31: Loaded
2025-07-29 15:44:52,193 - INFO - M409828_1e, 1: Decoding completed and saved
2025-07-29 15:44:52,204 - INFO - M409828_21, 4: Decoding completed and saved
2025-07-29 15:44:52,224 - INFO - M409828_22, 2: Decoding completed and saved
2025-07-29 15:44:52,253 - INFO - M409828_31: Loaded
2025-07-29 15:44:52,229 - INFO - M409828_22, 5: Decoding completed and saved
2025-07-29 15:44:52,259 - INFO - M409828_32: Loaded
2025-07-29 15:44:52,285 - INFO - M409828_32: Loaded
2025-07-29 15:44:52,316 - INFO - M409828_32: Loaded
2025-07-29 15:44:52,306 - INFO - M409828_22, 6: Decoding completed and saved
2025-07-29 15:44:52,343 - INFO - M409828_21, 1: Decoding completed and saved
2025-07-29 15:44:52,369 - INFO - M409828_32: Loaded
2025-07-29 15:44:52,421 - INFO - M409828_32: Loaded
2025-07-29 15:44:52,427 - INFO - M409828_22, 4: Decoding completed and saved
2025-07-29 15:44:52,481 - INFO - M409828_32: Loaded
2025-07-29 15:44:52,480 - INFO - M409828_24, 4: Decoding completed and saved
2025-07-29 15:44:52,496 - INFO - M409828_23, 1: Decoding completed and saved
2025-07-29 15:44:52,526 - INFO - M409828_23, 2: Decoding completed and saved
2025-07-29 15:44:52,549 - INFO - M409828_33: Loaded
2025-07-29 15:44:52,543 - INFO - M409828_22, 3: Decoding completed and saved
2025-07-29 15:44:52,567 - INFO - M409828_33: Loaded
2025-07-29 15:44:52,563 - INFO - M409828_24, 2: Decoding completed and saved
2025-07-29 15:44:52,596 - INFO - M409828_33: Loaded
2025-07-29 15:44:52,617 - INFO - M409828_33: Loaded
2025-07-29 15:44:52,625 - INFO - M409828_33: Loaded
2025-07-29 15:44:52,649 - INFO - M409828_24, 1: Decoding completed and saved
2025-07-29 15:44:52,661 - INFO - M409828_23, 6: Decoding completed and saved
2025-07-29 15:44:52,668 - INFO - M409828_23, 4: Decoding completed and saved
2025-07-29 15:44:52,665 - INFO - M409828_23, 5: Decoding completed and saved
2025-07-29 15:44:52,689 - INFO - M409828_33: Loaded
2025-07-29 15:44:52,714 - INFO - M409828_34: Loaded
2025-07-29 15:44:52,723 - INFO - M409828_34: Loaded
2025-07-29 15:44:52,799 - INFO - M409828_34: Loaded
2025-07-29 15:44:52,864 - INFO - M409828_23, 3: Decoding completed and saved
2025-07-29 15:44:52,896 - INFO - M409828_34: Loaded
2025-07-29 15:44:52,969 - INFO - M409828_21, 6: Decoding completed and saved
2025-07-29 15:44:53,015 - INFO - M409828_34: Loaded
2025-07-29 15:44:53,061 - INFO - M409828_24, 3: Decoding completed and saved
2025-07-29 15:44:53,129 - INFO - M409828_34: Loaded
2025-07-29 15:44:54,485 - INFO - M409828_24, 5: Decoding completed and saved
2025-07-29 15:44:54,537 - INFO - M409828_35: Loaded
2025-07-29 15:44:54,554 - INFO - M409828_25, 2: Decoding completed and saved
2025-07-29 15:44:54,603 - INFO - M409828_25, 1: Decoding completed and saved
2025-07-29 15:44:54,599 - INFO - M409828_25, 5: Decoding completed and saved
2025-07-29 15:44:54,607 - INFO - M409828_24, 6: Decoding completed and saved
2025-07-29 15:44:54,614 - INFO - M409828_35: Loaded
2025-07-29 15:44:54,627 - INFO - M409828_35: Loaded
2025-07-29 15:44:54,645 - INFO - M409828_35: Loaded
2025-07-29 15:44:54,679 - INFO - M409828_35: Loaded
2025-07-29 15:44:54,717 - INFO - M409828_25, 4: Decoding completed and saved
2025-07-29 15:44:54,731 - INFO - M409828_25, 6: Decoding completed and saved
2025-07-29 15:44:54,760 - INFO - M409828_35: Loaded
2025-07-29 15:44:54,789 - INFO - M409828_41: Loaded
2025-07-29 15:44:54,893 - INFO - M409828_41: Loaded
2025-07-29 15:44:54,914 - INFO - M409828_31, 3: Decoding completed and saved
2025-07-29 15:44:54,962 - INFO - M409828_41: Loaded
2025-07-29 15:44:55,117 - INFO - M409828_31, 4: Decoding completed and saved
2025-07-29 15:44:55,160 - INFO - M409828_41: Loaded
2025-07-29 15:44:55,225 - INFO - M409828_31, 1: Decoding completed and saved
2025-07-29 15:44:55,253 - INFO - M409828_41: Loaded
2025-07-29 15:44:55,269 - INFO - M409828_31, 2: Decoding completed and saved
2025-07-29 15:44:55,303 - INFO - M409828_41: Loaded
2025-07-29 15:44:55,514 - INFO - M409828_32, 4: Decoding completed and saved
2025-07-29 15:44:55,548 - INFO - M409828_42: Loaded
2025-07-29 15:44:55,567 - INFO - M409828_32, 2: Decoding completed and saved
2025-07-29 15:44:55,588 - INFO - M409828_42: Loaded
2025-07-29 15:44:55,651 - INFO - M409828_33, 5: Decoding completed and saved
2025-07-29 15:44:55,681 - INFO - M409828_42: Loaded
2025-07-29 15:44:55,696 - INFO - M409828_34, 4: Decoding completed and saved
2025-07-29 15:44:55,722 - INFO - M409828_42: Loaded
2025-07-29 15:44:55,747 - INFO - M409828_32, 5: Decoding completed and saved
2025-07-29 15:44:55,767 - INFO - M409828_42: Loaded
