2025-07-29 10:22:08,454 - INFO - Decoding parameters: 1000 repetitions, 250 bootstrap size, tag: 2025_0728_4, bootstrap, True, one_plane: False
2025-07-29 10:22:11,632 - INFO - M409828_11, [1, 2, 3]: Loaded
2025-07-29 10:22:11,649 - INFO - M409828_11, [1, 2, 3]: 2p session in column 1, no unduplicated ROIs.
2025-07-29 10:22:11,720 - INFO - M409828_11, [1, 2, 3]: Loaded
2025-07-29 10:22:11,721 - INFO - M409828_11, [1, 2, 3]: 2p session in column 1, no unduplicated ROIs.
2025-07-29 10:22:11,729 - INFO - M409828_11, [4, 5, 6]: Loaded
2025-07-29 10:22:11,730 - INFO - M409828_11, [4, 5, 6]: 2p session in column 1, no unduplicated ROIs.
2025-07-29 10:22:11,745 - INFO - M409828_11, [1, 2, 3]: Loaded
2025-07-29 10:22:11,746 - INFO - M409828_11, [1, 2, 3]: 2p session in column 1, no unduplicated ROIs.
2025-07-29 10:22:11,763 - INFO - M409828_12, [1, 2, 3]: Loaded
2025-07-29 10:22:11,764 - INFO - M409828_12, [1, 2, 3]: 2p session in column 1, no unduplicated ROIs.
2025-07-29 10:22:11,797 - INFO - M409828_12, [1, 2, 3]: Loaded
2025-07-29 10:22:11,800 - INFO - M409828_12, [1, 2, 3]: 2p session in column 1, no unduplicated ROIs.
2025-07-29 10:22:11,799 - INFO - M409828_11, [1, 2, 3]: Loaded
2025-07-29 10:22:11,801 - INFO - M409828_11, [1, 2, 3]: 2p session in column 1, no unduplicated ROIs.
2025-07-29 10:22:11,833 - INFO - M409828_11, [4, 5, 6]: Loaded
2025-07-29 10:22:11,834 - INFO - M409828_11, [4, 5, 6]: 2p session in column 1, no unduplicated ROIs.
2025-07-29 10:22:11,847 - INFO - M409828_11, [4, 5, 6]: Loaded
2025-07-29 10:22:11,848 - INFO - M409828_11, [4, 5, 6]: 2p session in column 1, no unduplicated ROIs.
2025-07-29 10:22:11,853 - INFO - M409828_12, [1, 2, 3]: Loaded
2025-07-29 10:22:11,854 - INFO - M409828_12, [4, 5, 6]: Loaded
2025-07-29 10:22:11,856 - INFO - M409828_12, [4, 5, 6]: 2p session in column 1, no unduplicated ROIs.
2025-07-29 10:22:11,856 - INFO - M409828_12, [1, 2, 3]: 2p session in column 1, no unduplicated ROIs.
2025-07-29 10:22:11,858 - INFO - M409828_11, [4, 5, 6]: Loaded
2025-07-29 10:22:11,867 - INFO - M409828_11, [4, 5, 6]: 2p session in column 1, no unduplicated ROIs.
2025-07-29 10:22:11,873 - INFO - M409828_13, [4, 5, 6]: Loaded
2025-07-29 10:22:11,878 - INFO - M409828_13, [4, 5, 6]: 2p session in column 1, no unduplicated ROIs.
2025-07-29 10:22:11,889 - INFO - M409828_13, [1, 2, 3]: Loaded
2025-07-29 10:22:11,891 - INFO - M409828_13, [1, 2, 3]: 2p session in column 1, no unduplicated ROIs.
2025-07-29 10:22:11,913 - INFO - M409828_14, [1, 2, 3]: Loaded
2025-07-29 10:22:11,916 - INFO - M409828_14, [1, 2, 3]: 2p session in column 1, no unduplicated ROIs.
2025-07-29 10:22:11,916 - INFO - M409828_13, [1, 2, 3]: Loaded
2025-07-29 10:22:11,917 - INFO - M409828_13, [1, 2, 3]: 2p session in column 1, no unduplicated ROIs.
2025-07-29 10:22:11,924 - INFO - M409828_13, [1, 2, 3]: Loaded
2025-07-29 10:22:11,925 - INFO - M409828_13, [1, 2, 3]: 2p session in column 1, no unduplicated ROIs.
2025-07-29 10:22:11,925 - INFO - M409828_12, [1, 2, 3]: Loaded
2025-07-29 10:22:11,927 - INFO - M409828_12, [1, 2, 3]: 2p session in column 1, no unduplicated ROIs.
2025-07-29 10:22:11,936 - INFO - M409828_12, [4, 5, 6]: Loaded
2025-07-29 10:22:11,937 - INFO - M409828_12, [4, 5, 6]: 2p session in column 1, no unduplicated ROIs.
2025-07-29 10:22:11,936 - INFO - M409828_12, [4, 5, 6]: Loaded
2025-07-29 10:22:11,939 - INFO - M409828_12, [4, 5, 6]: 2p session in column 1, no unduplicated ROIs.
2025-07-29 10:22:11,938 - INFO - M409828_15, [1, 2, 3]: Loaded
2025-07-29 10:22:11,940 - INFO - M409828_15, [1, 2, 3]: 2p session in column 1, no unduplicated ROIs.
2025-07-29 10:22:11,968 - INFO - M409828_15, [1, 2, 3]: Loaded
2025-07-29 10:22:11,969 - INFO - M409828_15, [1, 2, 3]: 2p session in column 1, no unduplicated ROIs.
2025-07-29 10:22:11,983 - INFO - M409828_14, [1, 2, 3]: Loaded
2025-07-29 10:22:11,987 - INFO - M409828_14, [1, 2, 3]: 2p session in column 1, no unduplicated ROIs.
2025-07-29 10:22:11,995 - INFO - M409828_12, [4, 5, 6]: Loaded
2025-07-29 10:22:11,999 - INFO - M409828_12, [4, 5, 6]: 2p session in column 1, no unduplicated ROIs.
2025-07-29 10:22:12,000 - INFO - M409828_13, [1, 2, 3]: Loaded
2025-07-29 10:22:12,001 - INFO - M409828_13, [1, 2, 3]: 2p session in column 1, no unduplicated ROIs.
2025-07-29 10:22:12,002 - INFO - M409828_15, [1, 2, 3]: Loaded
2025-07-29 10:22:12,003 - INFO - M409828_15, [1, 2, 3]: 2p session in column 1, no unduplicated ROIs.
2025-07-29 10:22:12,008 - INFO - M409828_13, [4, 5, 6]: Loaded
2025-07-29 10:22:12,010 - INFO - M409828_13, [4, 5, 6]: 2p session in column 1, no unduplicated ROIs.
2025-07-29 10:22:12,013 - INFO - M409828_14, [1, 2, 3]: Loaded
2025-07-29 10:22:12,016 - INFO - M409828_14, [1, 2, 3]: 2p session in column 1, no unduplicated ROIs.
2025-07-29 10:22:12,022 - INFO - M409828_15, [1, 2, 3]: Loaded
2025-07-29 10:22:12,023 - INFO - M409828_15, [1, 2, 3]: 2p session in column 1, no unduplicated ROIs.
2025-07-29 10:22:12,033 - INFO - M409828_15, [4, 5, 6]: Loaded
2025-07-29 10:22:12,034 - INFO - M409828_15, [4, 5, 6]: 2p session in column 1, no unduplicated ROIs.
2025-07-29 10:22:12,046 - INFO - M409828_15, [4, 5, 6]: Loaded
2025-07-29 10:22:12,047 - INFO - M409828_15, [4, 5, 6]: 2p session in column 1, no unduplicated ROIs.
2025-07-29 10:22:12,050 - INFO - M409828_15, [4, 5, 6]: Loaded
2025-07-29 10:22:12,051 - INFO - M409828_15, [4, 5, 6]: 2p session in column 1, no unduplicated ROIs.
2025-07-29 10:22:12,058 - INFO - M409828_13, [4, 5, 6]: Loaded
2025-07-29 10:22:12,058 - INFO - M409828_15, [4, 5, 6]: Loaded
2025-07-29 10:22:12,059 - INFO - M409828_13, [4, 5, 6]: 2p session in column 1, no unduplicated ROIs.
2025-07-29 10:22:12,059 - INFO - M409828_15, [4, 5, 6]: 2p session in column 1, no unduplicated ROIs.
2025-07-29 10:22:12,059 - INFO - M409828_16, [1, 2, 3]: Loaded
2025-07-29 10:22:12,059 - INFO - M409828_16, [1, 2, 3]: Not have enough planes for decoding.
2025-07-29 10:22:12,072 - INFO - M409828_16, [1, 2, 3]: Loaded
2025-07-29 10:22:12,073 - INFO - M409828_16, [1, 2, 3]: Not have enough planes for decoding.
2025-07-29 10:22:12,079 - INFO - M409828_16, [1, 2, 3]: Loaded
2025-07-29 10:22:12,079 - INFO - M409828_16, [1, 2, 3]: Not have enough planes for decoding.
2025-07-29 10:22:12,092 - INFO - M409828_16, [1, 2, 3]: Loaded
2025-07-29 10:22:12,092 - INFO - M409828_16, [1, 2, 3]: Not have enough planes for decoding.
2025-07-29 10:22:12,103 - INFO - M409828_16, [4, 5, 6]: Loaded
2025-07-29 10:22:12,104 - INFO - M409828_16, [4, 5, 6]: Not have enough planes for decoding.
2025-07-29 10:22:12,113 - INFO - M409828_16, [4, 5, 6]: Loaded
2025-07-29 10:22:12,113 - INFO - M409828_16, [4, 5, 6]: Not have enough planes for decoding.
2025-07-29 10:22:12,126 - INFO - M409828_16, [4, 5, 6]: Loaded
2025-07-29 10:22:12,126 - INFO - M409828_16, [4, 5, 6]: Not have enough planes for decoding.
2025-07-29 10:22:12,131 - INFO - M409828_14, [4, 5, 6]: Loaded
2025-07-29 10:22:12,132 - INFO - M409828_14, [4, 5, 6]: 2p session in column 1, no unduplicated ROIs.
2025-07-29 10:22:12,136 - INFO - M409828_13, [4, 5, 6]: Loaded
2025-07-29 10:22:12,137 - INFO - M409828_13, [4, 5, 6]: 2p session in column 1, no unduplicated ROIs.
2025-07-29 10:22:12,140 - INFO - M409828_16, [4, 5, 6]: Loaded
2025-07-29 10:22:12,141 - INFO - M409828_16, [4, 5, 6]: Not have enough planes for decoding.
2025-07-29 10:22:12,150 - INFO - M409828_17, [1, 2, 3]: Loaded
2025-07-29 10:22:12,151 - INFO - M409828_17, [1, 2, 3]: Not have enough planes for decoding.
2025-07-29 10:22:12,155 - INFO - M409828_14, [1, 2, 3]: Loaded
2025-07-29 10:22:12,156 - INFO - M409828_14, [1, 2, 3]: 2p session in column 1, no unduplicated ROIs.
2025-07-29 10:22:12,159 - INFO - M409828_17, [1, 2, 3]: Loaded
2025-07-29 10:22:12,159 - INFO - M409828_17, [1, 2, 3]: Not have enough planes for decoding.
2025-07-29 10:22:12,170 - INFO - M409828_17, [1, 2, 3]: Loaded
2025-07-29 10:22:12,170 - INFO - M409828_17, [1, 2, 3]: Not have enough planes for decoding.
2025-07-29 10:22:12,183 - INFO - M409828_17, [1, 2, 3]: Loaded
2025-07-29 10:22:12,184 - INFO - M409828_17, [1, 2, 3]: Not have enough planes for decoding.
2025-07-29 10:22:12,192 - INFO - M409828_17, [4, 5, 6]: Loaded
2025-07-29 10:22:12,192 - INFO - M409828_17, [4, 5, 6]: Not have enough planes for decoding.
2025-07-29 10:22:12,194 - INFO - M409828_14, [4, 5, 6]: Loaded
2025-07-29 10:22:12,194 - INFO - M409828_14, [4, 5, 6]: 2p session in column 1, no unduplicated ROIs.
2025-07-29 10:22:12,205 - INFO - M409828_17, [4, 5, 6]: Loaded
2025-07-29 10:22:12,206 - INFO - M409828_17, [4, 5, 6]: Not have enough planes for decoding.
2025-07-29 10:22:12,217 - INFO - M409828_17, [4, 5, 6]: Loaded
2025-07-29 10:22:12,217 - INFO - M409828_17, [4, 5, 6]: Not have enough planes for decoding.
2025-07-29 10:22:12,217 - INFO - M409828_14, [4, 5, 6]: Loaded
2025-07-29 10:22:12,218 - INFO - M409828_14, [4, 5, 6]: 2p session in column 1, no unduplicated ROIs.
2025-07-29 10:22:12,222 - INFO - M409828_14, [4, 5, 6]: Loaded
2025-07-29 10:22:12,223 - INFO - M409828_14, [4, 5, 6]: 2p session in column 1, no unduplicated ROIs.
2025-07-29 10:22:12,227 - INFO - M409828_17, [4, 5, 6]: Loaded
2025-07-29 10:22:12,227 - INFO - M409828_17, [4, 5, 6]: Not have enough planes for decoding.
2025-07-29 10:22:12,235 - INFO - M409828_18, [1, 2, 3]: Loaded
2025-07-29 10:22:12,236 - INFO - M409828_18, [1, 2, 3]: Not have enough planes for decoding.
2025-07-29 10:22:12,241 - INFO - M409828_18, [1, 2, 3]: Loaded
2025-07-29 10:22:12,242 - INFO - M409828_18, [1, 2, 3]: Not have enough planes for decoding.
2025-07-29 10:22:12,248 - INFO - M409828_18, [1, 2, 3]: Loaded
2025-07-29 10:22:12,248 - INFO - M409828_18, [1, 2, 3]: Not have enough planes for decoding.
2025-07-29 10:22:12,254 - INFO - M409828_18, [1, 2, 3]: Loaded
2025-07-29 10:22:12,254 - INFO - M409828_18, [1, 2, 3]: Not have enough planes for decoding.
2025-07-29 10:22:12,259 - INFO - M409828_18, [4, 5, 6]: Loaded
2025-07-29 10:22:12,259 - INFO - M409828_18, [4, 5, 6]: Not have enough planes for decoding.
2025-07-29 10:22:12,264 - INFO - M409828_18, [4, 5, 6]: Loaded
2025-07-29 10:22:12,264 - INFO - M409828_18, [4, 5, 6]: Not have enough planes for decoding.
2025-07-29 10:22:12,274 - INFO - M409828_18, [4, 5, 6]: Loaded
2025-07-29 10:22:12,275 - INFO - M409828_18, [4, 5, 6]: Not have enough planes for decoding.
2025-07-29 10:22:12,276 - INFO - M409828_18, [4, 5, 6]: Loaded
2025-07-29 10:22:12,276 - INFO - M409828_18, [4, 5, 6]: Not have enough planes for decoding.
2025-07-29 10:22:12,283 - INFO - M409828_19, [1, 2, 3]: Loaded
2025-07-29 10:22:12,284 - INFO - M409828_19, [1, 2, 3]: Not have enough planes for decoding.
2025-07-29 10:22:12,287 - INFO - M409828_19, [1, 2, 3]: Loaded
2025-07-29 10:22:12,288 - INFO - M409828_19, [1, 2, 3]: Not have enough planes for decoding.
2025-07-29 10:22:12,296 - INFO - M409828_19, [1, 2, 3]: Loaded
2025-07-29 10:22:12,297 - INFO - M409828_19, [1, 2, 3]: Not have enough planes for decoding.
2025-07-29 10:22:12,300 - INFO - M409828_19, [1, 2, 3]: Loaded
2025-07-29 10:22:12,301 - INFO - M409828_19, [1, 2, 3]: Not have enough planes for decoding.
2025-07-29 10:22:12,305 - INFO - M409828_19, [4, 5, 6]: Loaded
2025-07-29 10:22:12,305 - INFO - M409828_19, [4, 5, 6]: Not have enough planes for decoding.
2025-07-29 10:22:12,313 - INFO - M409828_19, [4, 5, 6]: Loaded
2025-07-29 10:22:12,314 - INFO - M409828_19, [4, 5, 6]: Not have enough planes for decoding.
2025-07-29 10:22:12,318 - INFO - M409828_19, [4, 5, 6]: Loaded
2025-07-29 10:22:12,318 - INFO - M409828_19, [4, 5, 6]: Not have enough planes for decoding.
2025-07-29 10:22:12,322 - INFO - M409828_19, [4, 5, 6]: Loaded
2025-07-29 10:22:12,322 - INFO - M409828_19, [4, 5, 6]: Not have enough planes for decoding.
2025-07-29 10:22:12,329 - INFO - M409828_1a, [1, 2, 3]: Loaded
2025-07-29 10:22:12,329 - INFO - M409828_1a, [1, 2, 3]: Not have enough planes for decoding.
2025-07-29 10:22:12,334 - INFO - M409828_1a, [1, 2, 3]: Loaded
2025-07-29 10:22:12,335 - INFO - M409828_1a, [1, 2, 3]: Not have enough planes for decoding.
2025-07-29 10:22:12,339 - INFO - M409828_1a, [1, 2, 3]: Loaded
2025-07-29 10:22:12,339 - INFO - M409828_1a, [1, 2, 3]: Not have enough planes for decoding.
2025-07-29 10:22:12,344 - INFO - M409828_1a, [1, 2, 3]: Loaded
2025-07-29 10:22:12,344 - INFO - M409828_1a, [1, 2, 3]: Not have enough planes for decoding.
2025-07-29 10:22:12,351 - INFO - M409828_1a, [4, 5, 6]: Loaded
2025-07-29 10:22:12,352 - INFO - M409828_1a, [4, 5, 6]: Not have enough planes for decoding.
2025-07-29 10:22:12,357 - INFO - M409828_1a, [4, 5, 6]: Loaded
2025-07-29 10:22:12,358 - INFO - M409828_1a, [4, 5, 6]: Not have enough planes for decoding.
2025-07-29 10:22:12,363 - INFO - M409828_1a, [4, 5, 6]: Loaded
2025-07-29 10:22:12,364 - INFO - M409828_1a, [4, 5, 6]: Not have enough planes for decoding.
2025-07-29 10:22:12,366 - INFO - M409828_1a, [4, 5, 6]: Loaded
2025-07-29 10:22:12,366 - INFO - M409828_1a, [4, 5, 6]: Not have enough planes for decoding.
2025-07-29 10:22:12,374 - INFO - M409828_1b, [1, 2, 3]: Loaded
2025-07-29 10:22:12,375 - INFO - M409828_1b, [1, 2, 3]: Not have enough planes for decoding.
2025-07-29 10:22:12,378 - INFO - M409828_1b, [1, 2, 3]: Loaded
2025-07-29 10:22:12,378 - INFO - M409828_1b, [1, 2, 3]: Not have enough planes for decoding.
2025-07-29 10:22:12,384 - INFO - M409828_1b, [1, 2, 3]: Loaded
2025-07-29 10:22:12,384 - INFO - M409828_1b, [1, 2, 3]: Not have enough planes for decoding.
2025-07-29 10:22:12,391 - INFO - M409828_1b, [1, 2, 3]: Loaded
2025-07-29 10:22:12,391 - INFO - M409828_1b, [1, 2, 3]: Not have enough planes for decoding.
2025-07-29 10:22:12,396 - INFO - M409828_1b, [4, 5, 6]: Loaded
2025-07-29 10:22:12,396 - INFO - M409828_1b, [4, 5, 6]: Not have enough planes for decoding.
2025-07-29 10:22:12,400 - INFO - M409828_1b, [4, 5, 6]: Loaded
2025-07-29 10:22:12,401 - INFO - M409828_1b, [4, 5, 6]: Not have enough planes for decoding.
2025-07-29 10:22:12,405 - INFO - M409828_1b, [4, 5, 6]: Loaded
2025-07-29 10:22:12,405 - INFO - M409828_1b, [4, 5, 6]: Not have enough planes for decoding.
2025-07-29 10:22:12,411 - INFO - M409828_1b, [4, 5, 6]: Loaded
2025-07-29 10:22:12,411 - INFO - M409828_1b, [4, 5, 6]: Not have enough planes for decoding.
2025-07-29 10:22:12,416 - INFO - M409828_1c, [1, 2, 3]: Loaded
2025-07-29 10:22:12,417 - INFO - M409828_1c, [1, 2, 3]: Not have enough planes for decoding.
2025-07-29 10:22:12,423 - INFO - M409828_1c, [1, 2, 3]: Loaded
2025-07-29 10:22:12,423 - INFO - M409828_1c, [1, 2, 3]: Not have enough planes for decoding.
2025-07-29 10:22:12,428 - INFO - M409828_1c, [1, 2, 3]: Loaded
2025-07-29 10:22:12,429 - INFO - M409828_1c, [1, 2, 3]: Not have enough planes for decoding.
2025-07-29 10:22:12,434 - INFO - M409828_1c, [1, 2, 3]: Loaded
2025-07-29 10:22:12,434 - INFO - M409828_1c, [1, 2, 3]: Not have enough planes for decoding.
2025-07-29 10:22:12,440 - INFO - M409828_1c, [4, 5, 6]: Loaded
2025-07-29 10:22:12,441 - INFO - M409828_1c, [4, 5, 6]: Not have enough planes for decoding.
2025-07-29 10:22:12,446 - INFO - M409828_1c, [4, 5, 6]: Loaded
2025-07-29 10:22:12,446 - INFO - M409828_1c, [4, 5, 6]: Not have enough planes for decoding.
2025-07-29 10:22:12,451 - INFO - M409828_1c, [4, 5, 6]: Loaded
2025-07-29 10:22:12,451 - INFO - M409828_1c, [4, 5, 6]: Not have enough planes for decoding.
2025-07-29 10:22:12,456 - INFO - M409828_1c, [4, 5, 6]: Loaded
2025-07-29 10:22:12,456 - INFO - M409828_1c, [4, 5, 6]: Not have enough planes for decoding.
2025-07-29 10:22:12,461 - INFO - M409828_1d, [1, 2, 3]: Loaded
2025-07-29 10:22:12,461 - INFO - M409828_1d, [1, 2, 3]: Not have enough planes for decoding.
2025-07-29 10:22:12,467 - INFO - M409828_1d, [1, 2, 3]: Loaded
2025-07-29 10:22:12,468 - INFO - M409828_1d, [1, 2, 3]: Not have enough planes for decoding.
2025-07-29 10:22:12,472 - INFO - M409828_1d, [1, 2, 3]: Loaded
2025-07-29 10:22:12,472 - INFO - M409828_1d, [1, 2, 3]: Not have enough planes for decoding.
2025-07-29 10:22:12,479 - INFO - M409828_1d, [1, 2, 3]: Loaded
2025-07-29 10:22:12,479 - INFO - M409828_1d, [1, 2, 3]: Not have enough planes for decoding.
2025-07-29 10:22:12,483 - INFO - M409828_1d, [4, 5, 6]: Loaded
2025-07-29 10:22:12,483 - INFO - M409828_1d, [4, 5, 6]: Not have enough planes for decoding.
2025-07-29 10:22:12,489 - INFO - M409828_1d, [4, 5, 6]: Loaded
2025-07-29 10:22:12,489 - INFO - M409828_1d, [4, 5, 6]: Not have enough planes for decoding.
2025-07-29 10:22:12,494 - INFO - M409828_1d, [4, 5, 6]: Loaded
2025-07-29 10:22:12,494 - INFO - M409828_1d, [4, 5, 6]: Not have enough planes for decoding.
2025-07-29 10:22:12,501 - INFO - M409828_1d, [4, 5, 6]: Loaded
2025-07-29 10:22:12,501 - INFO - M409828_1d, [4, 5, 6]: Not have enough planes for decoding.
2025-07-29 10:22:12,506 - INFO - M409828_1e, [1, 2, 3]: Loaded
2025-07-29 10:22:12,506 - INFO - M409828_1e, [1, 2, 3]: Not have enough planes for decoding.
2025-07-29 10:22:12,512 - INFO - M409828_1e, [1, 2, 3]: Loaded
2025-07-29 10:22:12,512 - INFO - M409828_1e, [1, 2, 3]: Not have enough planes for decoding.
2025-07-29 10:22:12,516 - INFO - M409828_1e, [1, 2, 3]: Loaded
2025-07-29 10:22:12,517 - INFO - M409828_1e, [1, 2, 3]: Not have enough planes for decoding.
2025-07-29 10:22:12,522 - INFO - M409828_1e, [1, 2, 3]: Loaded
2025-07-29 10:22:12,522 - INFO - M409828_1e, [1, 2, 3]: Not have enough planes for decoding.
2025-07-29 10:22:12,527 - INFO - M409828_1e, [4, 5, 6]: Loaded
2025-07-29 10:22:12,527 - INFO - M409828_1e, [4, 5, 6]: Not have enough planes for decoding.
2025-07-29 10:22:12,533 - INFO - M409828_1e, [4, 5, 6]: Loaded
2025-07-29 10:22:12,533 - INFO - M409828_1e, [4, 5, 6]: Not have enough planes for decoding.
2025-07-29 10:22:12,538 - INFO - M409828_1e, [4, 5, 6]: Loaded
2025-07-29 10:22:12,538 - INFO - M409828_1e, [4, 5, 6]: Not have enough planes for decoding.
2025-07-29 10:22:12,544 - INFO - M409828_1e, [4, 5, 6]: Loaded
2025-07-29 10:22:12,544 - INFO - M409828_1e, [4, 5, 6]: Not have enough planes for decoding.
2025-07-29 10:22:12,549 - INFO - M409828_1f, [1, 2, 3]: Loaded
2025-07-29 10:22:12,549 - INFO - M409828_1f, [1, 2, 3]: Not have enough planes for decoding.
2025-07-29 10:22:12,555 - INFO - M409828_1f, [1, 2, 3]: Loaded
2025-07-29 10:22:12,555 - INFO - M409828_1f, [1, 2, 3]: Not have enough planes for decoding.
2025-07-29 10:22:12,561 - INFO - M409828_1f, [1, 2, 3]: Loaded
2025-07-29 10:22:12,561 - INFO - M409828_1f, [1, 2, 3]: Not have enough planes for decoding.
2025-07-29 10:22:12,566 - INFO - M409828_1f, [1, 2, 3]: Loaded
2025-07-29 10:22:12,566 - INFO - M409828_1f, [1, 2, 3]: Not have enough planes for decoding.
2025-07-29 10:22:12,572 - INFO - M409828_1f, [4, 5, 6]: Loaded
2025-07-29 10:22:12,572 - INFO - M409828_1f, [4, 5, 6]: Not have enough planes for decoding.
2025-07-29 10:22:12,578 - INFO - M409828_1f, [4, 5, 6]: Loaded
2025-07-29 10:22:12,578 - INFO - M409828_1f, [4, 5, 6]: Not have enough planes for decoding.
2025-07-29 10:22:12,583 - INFO - M409828_1f, [4, 5, 6]: Loaded
2025-07-29 10:22:12,583 - INFO - M409828_1f, [4, 5, 6]: Not have enough planes for decoding.
2025-07-29 10:22:12,589 - INFO - M409828_1f, [4, 5, 6]: Loaded
2025-07-29 10:22:12,589 - INFO - M409828_1f, [4, 5, 6]: Not have enough planes for decoding.
2025-07-29 10:22:12,609 - INFO - M409828_21, [1, 2, 3]: Loaded
2025-07-29 10:22:12,617 - INFO - M409828_21, [1, 2, 3]: Loaded
2025-07-29 10:22:12,623 - INFO - M409828_21, [1, 2, 3]: Loaded
2025-07-29 10:22:12,627 - INFO - M409828_21, [1, 2, 3]: Loaded
2025-07-29 10:22:12,630 - INFO - M409828_21, [1, 2, 3]: Not enough X_data, only have 76 rois, cannot perform decoding
2025-07-29 10:22:12,634 - INFO - M409828_21, [4, 5, 6]: Loaded
2025-07-29 10:22:12,635 - INFO - M409828_21, [1, 2, 3]: Not enough X_data, only have 76 rois, cannot perform decoding
2025-07-29 10:22:12,641 - INFO - M409828_21, [1, 2, 3]: Not enough X_data, only have 76 rois, cannot perform decoding
2025-07-29 10:22:12,643 - INFO - M409828_21, [4, 5, 6]: Loaded
2025-07-29 10:22:12,649 - INFO - M409828_21, [1, 2, 3]: Not enough X_data, only have 76 rois, cannot perform decoding
2025-07-29 10:22:12,652 - INFO - M409828_21, [4, 5, 6]: Loaded
2025-07-29 10:22:12,656 - INFO - M409828_22, [1, 2, 3]: Loaded
2025-07-29 10:22:12,657 - INFO - M409828_21, [4, 5, 6]: Loaded
2025-07-29 10:22:12,661 - INFO - M409828_22, [1, 2, 3]: Loaded
2025-07-29 10:22:12,664 - INFO - M409828_22, [1, 2, 3]: Loaded
2025-07-29 10:22:12,666 - INFO - M409828_22, [1, 2, 3]: Loaded
2025-07-29 10:22:12,672 - INFO - M409828_22, [4, 5, 6]: Loaded
2025-07-29 10:22:12,678 - INFO - M409828_22, [4, 5, 6]: Loaded
2025-07-29 10:22:12,683 - INFO - M409828_22, [4, 5, 6]: Loaded
2025-07-29 10:22:12,690 - INFO - M409828_22, [4, 5, 6]: Loaded
2025-07-29 10:22:12,706 - INFO - M409828_23, [1, 2, 3]: Loaded
2025-07-29 10:22:12,709 - INFO - M409828_23, [1, 2, 3]: Loaded
2025-07-29 10:22:12,710 - INFO - M409828_23, [1, 2, 3]: Loaded
2025-07-29 10:22:12,722 - INFO - M409828_23, [1, 2, 3]: Loaded
2025-07-29 10:22:12,726 - INFO - M409828_23, [4, 5, 6]: Loaded
2025-07-29 10:22:12,729 - INFO - M409828_23, [4, 5, 6]: Loaded
2025-07-29 10:22:12,738 - INFO - M409828_23, [4, 5, 6]: Loaded
2025-07-29 10:22:12,742 - INFO - M409828_23, [4, 5, 6]: Loaded
2025-07-29 10:22:12,756 - INFO - M409828_24, [1, 2, 3]: Loaded
2025-07-29 10:22:12,764 - INFO - M409828_24, [1, 2, 3]: Loaded
2025-07-29 10:22:12,773 - INFO - M409828_24, [1, 2, 3]: Loaded
2025-07-29 10:22:12,781 - INFO - M409828_24, [1, 2, 3]: Loaded
2025-07-29 10:22:12,792 - INFO - M409828_24, [4, 5, 6]: Loaded
2025-07-29 10:22:12,802 - INFO - M409828_24, [4, 5, 6]: Loaded
2025-07-29 10:22:12,813 - INFO - M409828_24, [4, 5, 6]: Loaded
2025-07-29 10:22:12,825 - INFO - M409828_24, [4, 5, 6]: Loaded
2025-07-29 10:22:12,827 - INFO - M409828_25, [1, 2, 3]: Loaded
2025-07-29 10:22:12,837 - INFO - M409828_25, [1, 2, 3]: Loaded
2025-07-29 10:22:12,849 - INFO - M409828_25, [1, 2, 3]: Loaded
2025-07-29 10:22:12,869 - INFO - M409828_25, [1, 2, 3]: Loaded
2025-07-29 10:24:52,066 - INFO - M409828_24, [4, 5, 6]: repetition 50/1000
2025-07-29 10:24:54,666 - INFO - M409828_21, [4, 5, 6]: repetition 50/1000
2025-07-29 10:24:54,742 - INFO - M409828_23, [1, 2, 3]: repetition 50/1000
2025-07-29 10:24:58,077 - INFO - M409828_25, [1, 2, 3]: repetition 50/1000
2025-07-29 10:24:58,167 - INFO - M409828_24, [4, 5, 6]: repetition 50/1000
2025-07-29 10:24:58,364 - INFO - M409828_25, [1, 2, 3]: repetition 50/1000
2025-07-29 10:24:59,003 - INFO - M409828_23, [4, 5, 6]: repetition 50/1000
2025-07-29 10:24:59,611 - INFO - M409828_24, [1, 2, 3]: repetition 50/1000
2025-07-29 10:24:59,792 - INFO - M409828_22, [4, 5, 6]: repetition 50/1000
2025-07-29 10:24:59,812 - INFO - M409828_22, [1, 2, 3]: repetition 50/1000
2025-07-29 10:25:01,908 - INFO - M409828_22, [4, 5, 6]: repetition 50/1000
2025-07-29 10:25:02,567 - INFO - M409828_23, [1, 2, 3]: repetition 50/1000
2025-07-29 10:25:02,748 - INFO - M409828_24, [1, 2, 3]: repetition 50/1000
2025-07-29 10:25:03,968 - INFO - M409828_22, [1, 2, 3]: repetition 50/1000
2025-07-29 10:25:04,574 - INFO - M409828_23, [4, 5, 6]: repetition 50/1000
2025-07-29 10:25:05,511 - INFO - M409828_21, [4, 5, 6]: repetition 50/1000
2025-07-29 10:27:36,026 - INFO - M409828_24, [4, 5, 6]: repetition 100/1000
2025-07-29 10:27:40,221 - INFO - M409828_23, [1, 2, 3]: repetition 100/1000
2025-07-29 10:27:44,014 - INFO - M409828_25, [1, 2, 3]: repetition 100/1000
2025-07-29 10:27:44,268 - INFO - M409828_21, [4, 5, 6]: repetition 100/1000
2025-07-29 10:27:46,451 - INFO - M409828_24, [1, 2, 3]: repetition 100/1000
2025-07-29 10:27:48,120 - INFO - M409828_25, [1, 2, 3]: repetition 100/1000
2025-07-29 10:27:48,612 - INFO - M409828_23, [1, 2, 3]: repetition 100/1000
2025-07-29 10:27:49,046 - INFO - M409828_23, [4, 5, 6]: repetition 100/1000
2025-07-29 10:27:49,206 - INFO - M409828_22, [1, 2, 3]: repetition 100/1000
2025-07-29 10:27:49,925 - INFO - M409828_22, [4, 5, 6]: repetition 100/1000
2025-07-29 10:27:49,947 - INFO - M409828_24, [4, 5, 6]: repetition 100/1000
2025-07-29 10:27:51,857 - INFO - M409828_24, [1, 2, 3]: repetition 100/1000
2025-07-29 10:27:54,029 - INFO - M409828_22, [4, 5, 6]: repetition 100/1000
2025-07-29 10:27:54,154 - INFO - M409828_23, [4, 5, 6]: repetition 100/1000
2025-07-29 10:27:58,643 - INFO - M409828_22, [1, 2, 3]: repetition 100/1000
2025-07-29 10:27:58,990 - INFO - M409828_21, [4, 5, 6]: repetition 100/1000
2025-07-29 10:30:24,342 - INFO - M409828_24, [4, 5, 6]: repetition 150/1000
2025-07-29 10:30:29,753 - INFO - M409828_23, [1, 2, 3]: repetition 150/1000
2025-07-29 10:30:31,167 - INFO - M409828_25, [1, 2, 3]: repetition 150/1000
2025-07-29 10:30:34,523 - INFO - M409828_24, [1, 2, 3]: repetition 150/1000
2025-07-29 10:30:35,354 - INFO - M409828_24, [4, 5, 6]: repetition 150/1000
2025-07-29 10:30:36,545 - INFO - M409828_21, [4, 5, 6]: repetition 150/1000
2025-07-29 10:30:37,869 - INFO - M409828_22, [1, 2, 3]: repetition 150/1000
2025-07-29 10:30:38,537 - INFO - M409828_23, [1, 2, 3]: repetition 150/1000
2025-07-29 10:30:39,615 - INFO - M409828_23, [4, 5, 6]: repetition 150/1000
2025-07-29 10:30:40,057 - INFO - M409828_22, [4, 5, 6]: repetition 150/1000
2025-07-29 10:30:41,788 - INFO - M409828_22, [4, 5, 6]: repetition 150/1000
2025-07-29 10:30:43,160 - INFO - M409828_25, [1, 2, 3]: repetition 150/1000
2025-07-29 10:30:46,570 - INFO - M409828_23, [4, 5, 6]: repetition 150/1000
2025-07-29 10:30:47,681 - INFO - M409828_24, [1, 2, 3]: repetition 150/1000
2025-07-29 10:30:49,196 - INFO - M409828_22, [1, 2, 3]: repetition 150/1000
2025-07-29 10:30:56,316 - INFO - M409828_21, [4, 5, 6]: repetition 150/1000
2025-07-29 10:33:07,690 - INFO - M409828_24, [4, 5, 6]: repetition 200/1000
2025-07-29 10:33:19,455 - INFO - M409828_23, [1, 2, 3]: repetition 200/1000
2025-07-29 10:33:20,664 - INFO - M409828_21, [4, 5, 6]: repetition 200/1000
2025-07-29 10:33:21,146 - INFO - M409828_25, [1, 2, 3]: repetition 200/1000
2025-07-29 10:33:25,419 - INFO - M409828_22, [1, 2, 3]: repetition 200/1000
2025-07-29 10:33:27,525 - INFO - M409828_24, [1, 2, 3]: repetition 200/1000
2025-07-29 10:33:28,485 - INFO - M409828_24, [4, 5, 6]: repetition 200/1000
2025-07-29 10:33:29,129 - INFO - M409828_23, [1, 2, 3]: repetition 200/1000
2025-07-29 10:33:29,303 - INFO - M409828_22, [4, 5, 6]: repetition 200/1000
2025-07-29 10:33:32,085 - INFO - M409828_25, [1, 2, 3]: repetition 200/1000
2025-07-29 10:33:33,096 - INFO - M409828_23, [4, 5, 6]: repetition 200/1000
2025-07-29 10:33:35,323 - INFO - M409828_23, [4, 5, 6]: repetition 200/1000
2025-07-29 10:33:36,839 - INFO - M409828_22, [1, 2, 3]: repetition 200/1000
2025-07-29 10:33:38,473 - INFO - M409828_22, [4, 5, 6]: repetition 200/1000
2025-07-29 10:33:42,996 - INFO - M409828_24, [1, 2, 3]: repetition 200/1000
2025-07-29 10:33:51,473 - INFO - M409828_21, [4, 5, 6]: repetition 200/1000
2025-07-29 10:35:53,746 - INFO - M409828_24, [4, 5, 6]: repetition 250/1000
2025-07-29 10:36:04,097 - INFO - M409828_21, [4, 5, 6]: repetition 250/1000
2025-07-29 10:36:07,654 - INFO - M409828_23, [1, 2, 3]: repetition 250/1000
2025-07-29 10:36:10,482 - INFO - M409828_25, [1, 2, 3]: repetition 250/1000
2025-07-29 10:36:15,720 - INFO - M409828_24, [1, 2, 3]: repetition 250/1000
2025-07-29 10:36:16,820 - INFO - M409828_24, [4, 5, 6]: repetition 250/1000
2025-07-29 10:36:18,232 - INFO - M409828_23, [1, 2, 3]: repetition 250/1000
2025-07-29 10:36:19,062 - INFO - M409828_22, [1, 2, 3]: repetition 250/1000
2025-07-29 10:36:19,750 - INFO - M409828_22, [4, 5, 6]: repetition 250/1000
2025-07-29 10:36:25,036 - INFO - M409828_23, [4, 5, 6]: repetition 250/1000
2025-07-29 10:36:25,060 - INFO - M409828_22, [1, 2, 3]: repetition 250/1000
2025-07-29 10:36:26,467 - INFO - M409828_25, [1, 2, 3]: repetition 250/1000
2025-07-29 10:36:28,830 - INFO - M409828_23, [4, 5, 6]: repetition 250/1000
2025-07-29 10:36:33,571 - INFO - M409828_22, [4, 5, 6]: repetition 250/1000
2025-07-29 10:36:35,140 - INFO - M409828_24, [1, 2, 3]: repetition 250/1000
2025-07-29 10:36:43,007 - INFO - M409828_21, [4, 5, 6]: repetition 250/1000
2025-07-29 10:38:35,236 - INFO - M409828_24, [4, 5, 6]: repetition 300/1000
2025-07-29 10:38:45,028 - INFO - M409828_21, [4, 5, 6]: repetition 300/1000
2025-07-29 10:39:00,649 - INFO - M409828_23, [1, 2, 3]: repetition 300/1000
2025-07-29 10:39:03,949 - INFO - M409828_25, [1, 2, 3]: repetition 300/1000
2025-07-29 10:39:05,863 - INFO - M409828_23, [1, 2, 3]: repetition 300/1000
2025-07-29 10:39:06,133 - INFO - M409828_24, [1, 2, 3]: repetition 300/1000
2025-07-29 10:39:09,286 - INFO - M409828_24, [4, 5, 6]: repetition 300/1000
2025-07-29 10:39:12,436 - INFO - M409828_22, [1, 2, 3]: repetition 300/1000
2025-07-29 10:39:12,734 - INFO - M409828_23, [4, 5, 6]: repetition 300/1000
2025-07-29 10:39:14,426 - INFO - M409828_25, [1, 2, 3]: repetition 300/1000
2025-07-29 10:39:14,666 - INFO - M409828_22, [4, 5, 6]: repetition 300/1000
2025-07-29 10:39:17,844 - INFO - M409828_22, [1, 2, 3]: repetition 300/1000
2025-07-29 10:39:19,058 - INFO - M409828_23, [4, 5, 6]: repetition 300/1000
2025-07-29 10:39:24,984 - INFO - M409828_22, [4, 5, 6]: repetition 300/1000
2025-07-29 10:39:29,156 - INFO - M409828_24, [1, 2, 3]: repetition 300/1000
2025-07-29 10:39:33,949 - INFO - M409828_24, [1, 2, 3]: repetition 50/1000
2025-07-29 10:39:36,152 - INFO - M409828_21, [4, 5, 6]: repetition 300/1000
2025-07-29 10:39:37,969 - INFO - M409828_22, [4, 5, 6]: repetition 50/1000
2025-07-29 10:39:40,338 - INFO - M409828_21, [4, 5, 6]: repetition 50/1000
2025-07-29 10:39:42,914 - INFO - M409828_23, [1, 2, 3]: repetition 50/1000
2025-07-29 10:39:47,758 - INFO - M409828_23, [4, 5, 6]: repetition 50/1000
2025-07-29 10:39:48,948 - INFO - M409828_22, [1, 2, 3]: repetition 50/1000
2025-07-29 10:39:52,182 - INFO - M409828_25, [1, 2, 3]: repetition 50/1000
2025-07-29 10:39:54,126 - INFO - M409828_24, [4, 5, 6]: repetition 50/1000
2025-07-29 10:41:12,789 - INFO - M409828_24, [4, 5, 6]: repetition 350/1000
2025-07-29 10:41:33,466 - INFO - M409828_21, [4, 5, 6]: repetition 350/1000
2025-07-29 10:41:49,193 - INFO - M409828_23, [1, 2, 3]: repetition 350/1000
2025-07-29 10:41:53,972 - INFO - M409828_25, [1, 2, 3]: repetition 350/1000
2025-07-29 10:41:55,465 - INFO - M409828_24, [1, 2, 3]: repetition 350/1000
2025-07-29 10:41:55,654 - INFO - M409828_24, [4, 5, 6]: repetition 350/1000
2025-07-29 10:41:58,063 - INFO - M409828_23, [1, 2, 3]: repetition 350/1000
2025-07-29 10:42:00,044 - INFO - M409828_25, [1, 2, 3]: repetition 350/1000
2025-07-29 10:42:02,263 - INFO - M409828_22, [4, 5, 6]: repetition 350/1000
2025-07-29 10:42:05,244 - INFO - M409828_23, [4, 5, 6]: repetition 350/1000
2025-07-29 10:42:05,518 - INFO - M409828_22, [1, 2, 3]: repetition 350/1000
2025-07-29 10:42:14,804 - INFO - M409828_22, [1, 2, 3]: repetition 350/1000
2025-07-29 10:42:15,518 - INFO - M409828_23, [4, 5, 6]: repetition 350/1000
2025-07-29 10:42:16,931 - INFO - M409828_22, [4, 5, 6]: repetition 350/1000
2025-07-29 10:42:25,649 - INFO - M409828_24, [1, 2, 3]: repetition 350/1000
2025-07-29 10:42:32,829 - INFO - M409828_21, [4, 5, 6]: repetition 350/1000
2025-07-29 10:43:58,395 - INFO - M409828_24, [4, 5, 6]: repetition 400/1000
2025-07-29 10:44:22,044 - INFO - M409828_21, [4, 5, 6]: repetition 400/1000
2025-07-29 10:44:36,540 - INFO - M409828_23, [1, 2, 3]: repetition 400/1000
2025-07-29 10:44:42,054 - INFO - M409828_25, [1, 2, 3]: repetition 400/1000
2025-07-29 10:44:44,672 - INFO - M409828_24, [4, 5, 6]: repetition 400/1000
2025-07-29 10:44:45,383 - INFO - M409828_23, [1, 2, 3]: repetition 400/1000
2025-07-29 10:44:47,021 - INFO - M409828_24, [1, 2, 3]: repetition 400/1000
2025-07-29 10:44:49,961 - INFO - M409828_25, [1, 2, 3]: repetition 400/1000
2025-07-29 10:44:50,981 - INFO - M409828_22, [4, 5, 6]: repetition 400/1000
2025-07-29 10:44:56,718 - INFO - M409828_22, [1, 2, 3]: repetition 400/1000
2025-07-29 10:44:59,905 - INFO - M409828_23, [4, 5, 6]: repetition 400/1000
2025-07-29 10:45:07,210 - INFO - M409828_23, [4, 5, 6]: repetition 400/1000
2025-07-29 10:45:09,838 - INFO - M409828_22, [1, 2, 3]: repetition 400/1000
2025-07-29 10:45:11,075 - INFO - M409828_22, [4, 5, 6]: repetition 400/1000
2025-07-29 10:45:19,381 - INFO - M409828_24, [1, 2, 3]: repetition 400/1000
2025-07-29 10:45:31,942 - INFO - M409828_21, [4, 5, 6]: repetition 400/1000
2025-07-29 10:46:43,280 - INFO - M409828_24, [4, 5, 6]: repetition 450/1000
2025-07-29 10:47:14,512 - INFO - M409828_21, [4, 5, 6]: repetition 450/1000
2025-07-29 10:47:25,649 - INFO - M409828_23, [1, 2, 3]: repetition 450/1000
2025-07-29 10:47:30,946 - INFO - M409828_25, [1, 2, 3]: repetition 450/1000
2025-07-29 10:47:32,756 - INFO - M409828_24, [4, 5, 6]: repetition 450/1000
2025-07-29 10:47:34,495 - INFO - M409828_24, [1, 2, 3]: repetition 450/1000
2025-07-29 10:47:37,248 - INFO - M409828_25, [1, 2, 3]: repetition 450/1000
2025-07-29 10:47:38,867 - INFO - M409828_23, [1, 2, 3]: repetition 450/1000
2025-07-29 10:47:42,183 - INFO - M409828_22, [4, 5, 6]: repetition 450/1000
2025-07-29 10:47:52,791 - INFO - M409828_22, [1, 2, 3]: repetition 450/1000
2025-07-29 10:47:53,110 - INFO - M409828_23, [4, 5, 6]: repetition 450/1000
2025-07-29 10:47:59,019 - INFO - M409828_22, [1, 2, 3]: repetition 450/1000
2025-07-29 10:48:00,511 - INFO - M409828_23, [4, 5, 6]: repetition 450/1000
2025-07-29 10:48:01,674 - INFO - M409828_22, [4, 5, 6]: repetition 450/1000
2025-07-29 10:48:09,828 - INFO - M409828_24, [1, 2, 3]: repetition 450/1000
2025-07-29 10:48:31,768 - INFO - M409828_21, [4, 5, 6]: repetition 450/1000
2025-07-29 10:49:29,202 - INFO - M409828_24, [4, 5, 6]: repetition 500/1000
2025-07-29 10:50:06,716 - INFO - M409828_21, [4, 5, 6]: repetition 500/1000
2025-07-29 10:50:15,236 - INFO - M409828_23, [1, 2, 3]: repetition 500/1000
2025-07-29 10:50:18,960 - INFO - M409828_25, [1, 2, 3]: repetition 500/1000
2025-07-29 10:50:19,501 - INFO - M409828_24, [4, 5, 6]: repetition 500/1000
2025-07-29 10:50:25,854 - INFO - M409828_24, [1, 2, 3]: repetition 500/1000
2025-07-29 10:50:29,064 - INFO - M409828_23, [1, 2, 3]: repetition 500/1000
2025-07-29 10:50:29,747 - INFO - M409828_25, [1, 2, 3]: repetition 500/1000
2025-07-29 10:50:32,242 - INFO - M409828_22, [4, 5, 6]: repetition 500/1000
2025-07-29 10:50:39,444 - INFO - M409828_23, [4, 5, 6]: repetition 500/1000
2025-07-29 10:50:47,947 - INFO - M409828_22, [1, 2, 3]: repetition 500/1000
2025-07-29 10:50:48,854 - INFO - M409828_22, [4, 5, 6]: repetition 500/1000
2025-07-29 10:50:52,821 - INFO - M409828_23, [4, 5, 6]: repetition 500/1000
2025-07-29 10:50:55,058 - INFO - M409828_22, [1, 2, 3]: repetition 500/1000
2025-07-29 10:51:01,124 - INFO - M409828_24, [1, 2, 3]: repetition 500/1000
2025-07-29 10:51:29,779 - INFO - M409828_21, [4, 5, 6]: repetition 500/1000
2025-07-29 10:52:14,256 - INFO - M409828_24, [4, 5, 6]: repetition 550/1000
2025-07-29 10:52:59,522 - INFO - M409828_21, [4, 5, 6]: repetition 550/1000
2025-07-29 10:53:03,123 - INFO - M409828_23, [1, 2, 3]: repetition 550/1000
2025-07-29 10:53:06,164 - INFO - M409828_25, [1, 2, 3]: repetition 550/1000
2025-07-29 10:53:06,976 - INFO - M409828_24, [4, 5, 6]: repetition 550/1000
2025-07-29 10:53:16,740 - INFO - M409828_24, [1, 2, 3]: repetition 550/1000
2025-07-29 10:53:20,188 - INFO - M409828_25, [1, 2, 3]: repetition 550/1000
2025-07-29 10:53:22,325 - INFO - M409828_23, [1, 2, 3]: repetition 550/1000
2025-07-29 10:53:22,772 - INFO - M409828_22, [4, 5, 6]: repetition 550/1000
2025-07-29 10:53:25,413 - INFO - M409828_23, [4, 5, 6]: repetition 550/1000
2025-07-29 10:53:40,758 - INFO - M409828_22, [4, 5, 6]: repetition 550/1000
2025-07-29 10:53:44,101 - INFO - M409828_22, [1, 2, 3]: repetition 550/1000
2025-07-29 10:53:46,631 - INFO - M409828_23, [4, 5, 6]: repetition 550/1000
2025-07-29 10:53:49,947 - INFO - M409828_22, [1, 2, 3]: repetition 550/1000
2025-07-29 10:53:53,043 - INFO - M409828_24, [1, 2, 3]: repetition 550/1000
2025-07-29 10:54:25,815 - INFO - M409828_21, [4, 5, 6]: repetition 550/1000
2025-07-29 10:55:00,696 - INFO - M409828_24, [4, 5, 6]: repetition 600/1000
2025-07-29 10:55:51,939 - INFO - M409828_23, [1, 2, 3]: repetition 600/1000
2025-07-29 10:55:52,410 - INFO - M409828_21, [4, 5, 6]: repetition 600/1000
2025-07-29 10:55:54,119 - INFO - M409828_25, [1, 2, 3]: repetition 600/1000
2025-07-29 10:55:54,256 - INFO - M409828_24, [4, 5, 6]: repetition 600/1000
2025-07-29 10:56:07,680 - INFO - M409828_25, [1, 2, 3]: repetition 600/1000
2025-07-29 10:56:10,190 - INFO - M409828_22, [4, 5, 6]: repetition 600/1000
2025-07-29 10:56:10,586 - INFO - M409828_24, [1, 2, 3]: repetition 600/1000
2025-07-29 10:56:11,721 - INFO - M409828_23, [1, 2, 3]: repetition 600/1000
2025-07-29 10:56:14,393 - INFO - M409828_23, [4, 5, 6]: repetition 600/1000
2025-07-29 10:56:35,475 - INFO - M409828_22, [4, 5, 6]: repetition 600/1000
2025-07-29 10:56:40,732 - INFO - M409828_23, [4, 5, 6]: repetition 600/1000
2025-07-29 10:56:40,765 - INFO - M409828_22, [1, 2, 3]: repetition 600/1000
2025-07-29 10:56:43,773 - INFO - M409828_24, [1, 2, 3]: repetition 600/1000
2025-07-29 10:56:44,080 - INFO - M409828_22, [1, 2, 3]: repetition 600/1000
2025-07-29 10:57:20,663 - INFO - M409828_21, [4, 5, 6]: repetition 600/1000
2025-07-29 10:57:26,381 - INFO - M409828_22, [4, 5, 6]: repetition 100/1000
2025-07-29 10:57:27,657 - INFO - M409828_24, [1, 2, 3]: repetition 100/1000
2025-07-29 10:57:35,462 - INFO - M409828_23, [1, 2, 3]: repetition 100/1000
2025-07-29 10:57:41,364 - INFO - M409828_25, [1, 2, 3]: repetition 100/1000
2025-07-29 10:57:42,328 - INFO - M409828_23, [4, 5, 6]: repetition 100/1000
2025-07-29 10:57:43,865 - INFO - M409828_21, [4, 5, 6]: repetition 100/1000
2025-07-29 10:57:44,427 - INFO - M409828_22, [1, 2, 3]: repetition 100/1000
2025-07-29 10:57:45,402 - INFO - M409828_24, [4, 5, 6]: repetition 650/1000
2025-07-29 10:57:46,695 - INFO - M409828_24, [4, 5, 6]: repetition 100/1000
2025-07-29 10:58:40,955 - INFO - M409828_25, [1, 2, 3]: repetition 650/1000
2025-07-29 10:58:42,267 - INFO - M409828_21, [4, 5, 6]: repetition 650/1000
2025-07-29 10:58:43,615 - INFO - M409828_23, [1, 2, 3]: repetition 650/1000
2025-07-29 10:58:44,913 - INFO - M409828_24, [4, 5, 6]: repetition 650/1000
2025-07-29 10:58:51,448 - INFO - M409828_25, [1, 2, 3]: repetition 650/1000
2025-07-29 10:58:58,615 - INFO - M409828_24, [1, 2, 3]: repetition 650/1000
2025-07-29 10:58:59,175 - INFO - M409828_23, [1, 2, 3]: repetition 650/1000
2025-07-29 10:59:03,424 - INFO - M409828_22, [4, 5, 6]: repetition 650/1000
2025-07-29 10:59:09,344 - INFO - M409828_23, [4, 5, 6]: repetition 650/1000
2025-07-29 10:59:31,213 - INFO - M409828_22, [4, 5, 6]: repetition 650/1000
2025-07-29 10:59:31,395 - INFO - M409828_22, [1, 2, 3]: repetition 650/1000
2025-07-29 10:59:32,706 - INFO - M409828_24, [1, 2, 3]: repetition 650/1000
2025-07-29 10:59:33,509 - INFO - M409828_23, [4, 5, 6]: repetition 650/1000
2025-07-29 10:59:36,556 - INFO - M409828_22, [1, 2, 3]: repetition 650/1000
2025-07-29 11:00:17,832 - INFO - M409828_21, [4, 5, 6]: repetition 650/1000
2025-07-29 11:00:31,896 - INFO - M409828_24, [4, 5, 6]: repetition 700/1000
2025-07-29 11:01:28,968 - INFO - M409828_25, [1, 2, 3]: repetition 700/1000
2025-07-29 11:01:30,336 - INFO - M409828_21, [4, 5, 6]: repetition 700/1000
2025-07-29 11:01:36,841 - INFO - M409828_24, [4, 5, 6]: repetition 700/1000
2025-07-29 11:01:36,887 - INFO - M409828_23, [1, 2, 3]: repetition 700/1000
2025-07-29 11:01:37,723 - INFO - M409828_25, [1, 2, 3]: repetition 700/1000
2025-07-29 11:01:45,732 - INFO - M409828_24, [1, 2, 3]: repetition 700/1000
2025-07-29 11:01:51,736 - INFO - M409828_23, [1, 2, 3]: repetition 700/1000
2025-07-29 11:01:51,917 - INFO - M409828_22, [4, 5, 6]: repetition 700/1000
2025-07-29 11:01:55,743 - INFO - M409828_23, [4, 5, 6]: repetition 700/1000
2025-07-29 11:02:17,790 - INFO - M409828_22, [1, 2, 3]: repetition 700/1000
2025-07-29 11:02:23,572 - INFO - M409828_22, [1, 2, 3]: repetition 700/1000
2025-07-29 11:02:24,455 - INFO - M409828_22, [4, 5, 6]: repetition 700/1000
2025-07-29 11:02:28,717 - INFO - M409828_24, [1, 2, 3]: repetition 700/1000
2025-07-29 11:02:29,133 - INFO - M409828_23, [4, 5, 6]: repetition 700/1000
2025-07-29 11:03:16,228 - INFO - M409828_21, [4, 5, 6]: repetition 700/1000
2025-07-29 11:03:16,841 - INFO - M409828_24, [4, 5, 6]: repetition 750/1000
2025-07-29 11:04:13,766 - INFO - M409828_25, [1, 2, 3]: repetition 750/1000
2025-07-29 11:04:22,380 - INFO - M409828_21, [4, 5, 6]: repetition 750/1000
2025-07-29 11:04:25,474 - INFO - M409828_23, [1, 2, 3]: repetition 750/1000
2025-07-29 11:04:28,036 - INFO - M409828_25, [1, 2, 3]: repetition 750/1000
2025-07-29 11:04:29,161 - INFO - M409828_24, [4, 5, 6]: repetition 750/1000
2025-07-29 11:04:38,489 - INFO - M409828_24, [1, 2, 3]: repetition 750/1000
2025-07-29 11:04:41,188 - INFO - M409828_22, [4, 5, 6]: repetition 750/1000
2025-07-29 11:04:44,856 - INFO - M409828_23, [4, 5, 6]: repetition 750/1000
2025-07-29 11:04:45,867 - INFO - M409828_23, [1, 2, 3]: repetition 750/1000
2025-07-29 11:05:03,968 - INFO - M409828_22, [1, 2, 3]: repetition 750/1000
2025-07-29 11:05:11,484 - INFO - M409828_22, [4, 5, 6]: repetition 750/1000
2025-07-29 11:05:15,488 - INFO - M409828_22, [1, 2, 3]: repetition 750/1000
2025-07-29 11:05:20,465 - INFO - M409828_24, [1, 2, 3]: repetition 750/1000
2025-07-29 11:05:21,121 - INFO - M409828_23, [4, 5, 6]: repetition 750/1000
2025-07-29 11:06:03,689 - INFO - M409828_24, [4, 5, 6]: repetition 800/1000
2025-07-29 11:06:11,606 - INFO - M409828_21, [4, 5, 6]: repetition 750/1000
2025-07-29 11:07:00,522 - INFO - M409828_25, [1, 2, 3]: repetition 800/1000
2025-07-29 11:07:13,144 - INFO - M409828_21, [4, 5, 6]: repetition 800/1000
2025-07-29 11:07:15,274 - INFO - M409828_23, [1, 2, 3]: repetition 800/1000
2025-07-29 11:07:15,511 - INFO - M409828_24, [4, 5, 6]: repetition 800/1000
2025-07-29 11:07:17,696 - INFO - M409828_25, [1, 2, 3]: repetition 800/1000
2025-07-29 11:07:31,566 - INFO - M409828_22, [4, 5, 6]: repetition 800/1000
2025-07-29 11:07:34,034 - INFO - M409828_24, [1, 2, 3]: repetition 800/1000
2025-07-29 11:07:34,360 - INFO - M409828_23, [4, 5, 6]: repetition 800/1000
2025-07-29 11:07:35,714 - INFO - M409828_23, [1, 2, 3]: repetition 800/1000
2025-07-29 11:07:55,539 - INFO - M409828_22, [1, 2, 3]: repetition 800/1000
2025-07-29 11:08:01,915 - INFO - M409828_22, [4, 5, 6]: repetition 800/1000
2025-07-29 11:08:13,280 - INFO - M409828_24, [1, 2, 3]: repetition 800/1000
2025-07-29 11:08:13,893 - INFO - M409828_22, [1, 2, 3]: repetition 800/1000
2025-07-29 11:08:15,958 - INFO - M409828_23, [4, 5, 6]: repetition 800/1000
2025-07-29 11:08:51,387 - INFO - M409828_24, [4, 5, 6]: repetition 850/1000
2025-07-29 11:09:09,105 - INFO - M409828_21, [4, 5, 6]: repetition 800/1000
2025-07-29 11:09:50,976 - INFO - M409828_25, [1, 2, 3]: repetition 850/1000
2025-07-29 11:10:00,746 - INFO - M409828_21, [4, 5, 6]: repetition 850/1000
2025-07-29 11:10:03,094 - INFO - M409828_24, [4, 5, 6]: repetition 850/1000
2025-07-29 11:10:04,836 - INFO - M409828_23, [1, 2, 3]: repetition 850/1000
2025-07-29 11:10:10,488 - INFO - M409828_25, [1, 2, 3]: repetition 850/1000
2025-07-29 11:10:22,110 - INFO - M409828_22, [4, 5, 6]: repetition 850/1000
2025-07-29 11:10:28,698 - INFO - M409828_24, [1, 2, 3]: repetition 850/1000
2025-07-29 11:10:30,785 - INFO - M409828_23, [4, 5, 6]: repetition 850/1000
2025-07-29 11:10:32,340 - INFO - M409828_23, [1, 2, 3]: repetition 850/1000
2025-07-29 11:10:46,996 - INFO - M409828_22, [1, 2, 3]: repetition 850/1000
2025-07-29 11:10:51,481 - INFO - M409828_22, [4, 5, 6]: repetition 850/1000
2025-07-29 11:11:03,909 - INFO - M409828_24, [1, 2, 3]: repetition 850/1000
2025-07-29 11:11:06,540 - INFO - M409828_22, [1, 2, 3]: repetition 850/1000
2025-07-29 11:11:06,938 - INFO - M409828_23, [4, 5, 6]: repetition 850/1000
2025-07-29 11:11:33,161 - INFO - M409828_24, [4, 5, 6]: repetition 900/1000
2025-07-29 11:12:03,240 - INFO - M409828_21, [4, 5, 6]: repetition 850/1000
2025-07-29 11:12:42,019 - INFO - M409828_25, [1, 2, 3]: repetition 900/1000
2025-07-29 11:12:43,597 - INFO - M409828_21, [4, 5, 6]: repetition 900/1000
2025-07-29 11:12:52,112 - INFO - M409828_24, [4, 5, 6]: repetition 900/1000
2025-07-29 11:12:58,428 - INFO - M409828_23, [1, 2, 3]: repetition 900/1000
2025-07-29 11:13:01,192 - INFO - M409828_25, [1, 2, 3]: repetition 900/1000
2025-07-29 11:13:08,144 - INFO - M409828_22, [4, 5, 6]: repetition 900/1000
2025-07-29 11:13:21,727 - INFO - M409828_24, [1, 2, 3]: repetition 900/1000
2025-07-29 11:13:22,437 - INFO - M409828_23, [1, 2, 3]: repetition 900/1000
2025-07-29 11:13:22,677 - INFO - M409828_23, [4, 5, 6]: repetition 900/1000
2025-07-29 11:13:38,967 - INFO - M409828_22, [1, 2, 3]: repetition 900/1000
2025-07-29 11:13:38,992 - INFO - M409828_22, [4, 5, 6]: repetition 900/1000
2025-07-29 11:13:55,127 - INFO - M409828_24, [1, 2, 3]: repetition 900/1000
2025-07-29 11:13:56,747 - INFO - M409828_23, [4, 5, 6]: repetition 900/1000
2025-07-29 11:13:56,835 - INFO - M409828_22, [1, 2, 3]: repetition 900/1000
2025-07-29 11:14:22,190 - INFO - M409828_24, [4, 5, 6]: repetition 950/1000
2025-07-29 11:14:53,953 - INFO - M409828_21, [4, 5, 6]: repetition 900/1000
2025-07-29 11:15:13,495 - INFO - M409828_22, [4, 5, 6]: repetition 150/1000
2025-07-29 11:15:27,450 - INFO - M409828_24, [1, 2, 3]: repetition 150/1000
2025-07-29 11:15:30,517 - INFO - M409828_25, [1, 2, 3]: repetition 950/1000
2025-07-29 11:15:37,296 - INFO - M409828_21, [4, 5, 6]: repetition 950/1000
2025-07-29 11:15:37,960 - INFO - M409828_22, [1, 2, 3]: repetition 150/1000
2025-07-29 11:15:40,352 - INFO - M409828_24, [4, 5, 6]: repetition 150/1000
2025-07-29 11:15:40,725 - INFO - M409828_25, [1, 2, 3]: repetition 150/1000
2025-07-29 11:15:43,095 - INFO - M409828_23, [4, 5, 6]: repetition 150/1000
2025-07-29 11:15:46,825 - INFO - M409828_23, [1, 2, 3]: repetition 150/1000
2025-07-29 11:15:47,150 - INFO - M409828_24, [4, 5, 6]: repetition 950/1000
2025-07-29 11:15:48,067 - INFO - M409828_23, [1, 2, 3]: repetition 950/1000
2025-07-29 11:15:50,211 - INFO - M409828_25, [1, 2, 3]: repetition 950/1000
2025-07-29 11:15:51,619 - INFO - M409828_21, [4, 5, 6]: repetition 150/1000
2025-07-29 11:16:00,056 - INFO - M409828_22, [4, 5, 6]: repetition 950/1000
2025-07-29 11:16:10,026 - INFO - M409828_23, [1, 2, 3]: repetition 950/1000
2025-07-29 11:16:13,072 - INFO - M409828_24, [1, 2, 3]: repetition 950/1000
2025-07-29 11:16:16,026 - INFO - M409828_23, [4, 5, 6]: repetition 950/1000
2025-07-29 11:16:28,435 - INFO - M409828_22, [1, 2, 3]: repetition 950/1000
2025-07-29 11:16:32,992 - INFO - M409828_22, [4, 5, 6]: repetition 950/1000
2025-07-29 11:16:48,519 - INFO - M409828_22, [1, 2, 3]: repetition 950/1000
2025-07-29 11:16:53,469 - INFO - M409828_24, [1, 2, 3]: repetition 950/1000
2025-07-29 11:16:54,450 - INFO - M409828_23, [4, 5, 6]: repetition 950/1000
2025-07-29 11:17:10,117 - INFO - M409828_24, [4, 5, 6]: repetition 1000/1000
2025-07-29 11:17:13,603 - INFO - M409828_25, [4, 5, 6]: Loaded
2025-07-29 11:17:13,634 - INFO - M409828_25, [4, 5, 6]: Not enough X_data, only have 201 rois, cannot perform decoding
2025-07-29 11:17:13,683 - INFO - M409828_25, [4, 5, 6]: Loaded
2025-07-29 11:17:13,713 - INFO - M409828_25, [4, 5, 6]: Not enough X_data, only have 201 rois, cannot perform decoding
2025-07-29 11:17:13,763 - INFO - M409828_25, [4, 5, 6]: Loaded
2025-07-29 11:17:13,795 - INFO - M409828_25, [4, 5, 6]: Not enough X_data, only have 201 rois, cannot perform decoding
2025-07-29 11:17:13,870 - INFO - M409828_25, [4, 5, 6]: Loaded
2025-07-29 11:17:13,905 - INFO - M409828_25, [4, 5, 6]: Not enough X_data, only have 201 rois, cannot perform decoding
2025-07-29 11:17:13,966 - INFO - M409828_31, [1, 2, 3]: Loaded
2025-07-29 11:17:13,995 - INFO - M409828_31, [1, 2, 3]: Not enough X_data, only have 106 rois, cannot perform decoding
2025-07-29 11:17:14,055 - INFO - M409828_31, [1, 2, 3]: Loaded
2025-07-29 11:17:14,085 - INFO - M409828_31, [1, 2, 3]: Not enough X_data, only have 106 rois, cannot perform decoding
2025-07-29 11:17:14,145 - INFO - M409828_31, [1, 2, 3]: Loaded
2025-07-29 11:17:14,175 - INFO - M409828_31, [1, 2, 3]: Not enough X_data, only have 106 rois, cannot perform decoding
2025-07-29 11:17:14,236 - INFO - M409828_31, [1, 2, 3]: Loaded
2025-07-29 11:17:14,270 - INFO - M409828_31, [1, 2, 3]: Not enough X_data, only have 106 rois, cannot perform decoding
2025-07-29 11:17:14,333 - INFO - M409828_31, [4, 5, 6]: Loaded
2025-07-29 11:17:48,255 - INFO - M409828_21, [4, 5, 6]: repetition 950/1000
2025-07-29 11:18:15,759 - INFO - M409828_25, [1, 2, 3]: repetition 1000/1000
2025-07-29 11:18:19,058 - INFO - M409828_31, [4, 5, 6]: Loaded
2025-07-29 11:18:22,982 - INFO - M409828_21, [4, 5, 6]: repetition 1000/1000
2025-07-29 11:18:26,289 - INFO - M409828_31, [4, 5, 6]: Loaded
2025-07-29 11:18:38,113 - INFO - M409828_24, [4, 5, 6]: repetition 1000/1000
2025-07-29 11:18:39,601 - INFO - M409828_25, [1, 2, 3]: repetition 1000/1000
2025-07-29 11:18:40,617 - INFO - M409828_23, [1, 2, 3]: repetition 1000/1000
2025-07-29 11:18:41,407 - INFO - M409828_31, [4, 5, 6]: Loaded
2025-07-29 11:18:43,188 - INFO - M409828_32, [1, 2, 3]: Loaded
2025-07-29 11:18:44,077 - INFO - M409828_32, [1, 2, 3]: Loaded
2025-07-29 11:18:46,562 - INFO - M409828_22, [4, 5, 6]: repetition 1000/1000
2025-07-29 11:18:49,949 - INFO - M409828_32, [1, 2, 3]: Loaded
2025-07-29 11:19:02,916 - INFO - M409828_23, [1, 2, 3]: repetition 1000/1000
2025-07-29 11:19:05,877 - INFO - M409828_24, [1, 2, 3]: repetition 1000/1000
2025-07-29 11:19:06,609 - INFO - M409828_32, [1, 2, 3]: Loaded
2025-07-29 11:19:09,011 - INFO - M409828_23, [4, 5, 6]: repetition 1000/1000
2025-07-29 11:19:09,690 - INFO - M409828_32, [4, 5, 6]: Loaded
2025-07-29 11:19:12,513 - INFO - M409828_32, [4, 5, 6]: Loaded
2025-07-29 11:19:21,749 - INFO - M409828_22, [1, 2, 3]: repetition 1000/1000
2025-07-29 11:19:25,557 - INFO - M409828_32, [4, 5, 6]: Loaded
2025-07-29 11:19:28,659 - INFO - M409828_22, [4, 5, 6]: repetition 1000/1000
2025-07-29 11:19:32,086 - INFO - M409828_32, [4, 5, 6]: Loaded
2025-07-29 11:19:42,334 - INFO - M409828_22, [1, 2, 3]: repetition 1000/1000
2025-07-29 11:19:45,316 - INFO - M409828_24, [1, 2, 3]: repetition 1000/1000
2025-07-29 11:19:45,945 - INFO - M409828_33, [1, 2, 3]: Loaded
2025-07-29 11:19:48,140 - INFO - M409828_23, [4, 5, 6]: repetition 1000/1000
2025-07-29 11:19:49,060 - INFO - M409828_33, [1, 2, 3]: Loaded
2025-07-29 11:19:51,479 - INFO - M409828_33, [1, 2, 3]: Loaded
2025-07-29 11:20:02,213 - INFO - M409828_31, [4, 5, 6]: repetition 50/1000
2025-07-29 11:20:46,121 - INFO - M409828_21, [4, 5, 6]: repetition 1000/1000
2025-07-29 11:20:49,726 - INFO - M409828_33, [1, 2, 3]: Loaded
2025-07-29 11:21:07,188 - INFO - M409828_31, [4, 5, 6]: repetition 50/1000
2025-07-29 11:21:32,758 - INFO - M409828_32, [1, 2, 3]: repetition 50/1000
2025-07-29 11:21:37,734 - INFO - M409828_32, [1, 2, 3]: repetition 50/1000
2025-07-29 11:22:01,553 - INFO - M409828_32, [4, 5, 6]: repetition 50/1000
2025-07-29 11:22:02,281 - INFO - M409828_32, [4, 5, 6]: repetition 50/1000
2025-07-29 11:22:37,167 - INFO - M409828_33, [1, 2, 3]: repetition 50/1000
2025-07-29 11:22:45,796 - INFO - M409828_33, [1, 2, 3]: repetition 50/1000
2025-07-29 11:22:56,863 - INFO - M409828_31, [4, 5, 6]: repetition 100/1000
2025-07-29 11:23:58,954 - INFO - M409828_31, [4, 5, 6]: repetition 100/1000
2025-07-29 11:24:24,391 - INFO - M409828_32, [1, 2, 3]: repetition 100/1000
2025-07-29 11:24:33,388 - INFO - M409828_32, [1, 2, 3]: repetition 100/1000
2025-07-29 11:24:58,254 - INFO - M409828_32, [4, 5, 6]: repetition 100/1000
2025-07-29 11:25:01,571 - INFO - M409828_32, [4, 5, 6]: repetition 100/1000
2025-07-29 11:25:32,726 - INFO - M409828_33, [1, 2, 3]: repetition 100/1000
2025-07-29 11:25:49,666 - INFO - M409828_33, [1, 2, 3]: repetition 100/1000
2025-07-29 11:25:53,578 - INFO - M409828_31, [4, 5, 6]: repetition 150/1000
2025-07-29 11:26:53,055 - INFO - M409828_31, [4, 5, 6]: repetition 150/1000
2025-07-29 11:27:21,815 - INFO - M409828_32, [1, 2, 3]: repetition 150/1000
2025-07-29 11:27:22,996 - INFO - M409828_32, [1, 2, 3]: repetition 150/1000
2025-07-29 11:27:47,633 - INFO - M409828_32, [4, 5, 6]: repetition 150/1000
2025-07-29 11:27:55,276 - INFO - M409828_32, [4, 5, 6]: repetition 150/1000
2025-07-29 11:28:31,359 - INFO - M409828_33, [1, 2, 3]: repetition 150/1000
2025-07-29 11:28:48,621 - INFO - M409828_33, [1, 2, 3]: repetition 150/1000
2025-07-29 11:28:50,503 - INFO - M409828_31, [4, 5, 6]: repetition 200/1000
2025-07-29 11:29:48,260 - INFO - M409828_31, [4, 5, 6]: repetition 200/1000
2025-07-29 11:30:15,383 - INFO - M409828_32, [1, 2, 3]: repetition 200/1000
2025-07-29 11:30:16,965 - INFO - M409828_32, [1, 2, 3]: repetition 200/1000
2025-07-29 11:30:40,446 - INFO - M409828_32, [4, 5, 6]: repetition 200/1000
2025-07-29 11:30:48,614 - INFO - M409828_32, [4, 5, 6]: repetition 200/1000
2025-07-29 11:31:26,268 - INFO - M409828_33, [1, 2, 3]: repetition 200/1000
2025-07-29 11:31:44,831 - INFO - M409828_31, [4, 5, 6]: repetition 250/1000
2025-07-29 11:31:47,475 - INFO - M409828_33, [1, 2, 3]: repetition 200/1000
2025-07-29 11:32:44,772 - INFO - M409828_31, [4, 5, 6]: repetition 250/1000
2025-07-29 11:33:10,031 - INFO - M409828_32, [1, 2, 3]: repetition 250/1000
2025-07-29 11:33:11,914 - INFO - M409828_32, [1, 2, 3]: repetition 250/1000
2025-07-29 11:33:33,564 - INFO - M409828_32, [4, 5, 6]: repetition 250/1000
2025-07-29 11:33:39,574 - INFO - M409828_22, [4, 5, 6]: repetition 200/1000
2025-07-29 11:33:42,612 - INFO - M409828_32, [4, 5, 6]: repetition 250/1000
2025-07-29 11:33:48,528 - INFO - M409828_24, [1, 2, 3]: repetition 200/1000
2025-07-29 11:34:00,647 - INFO - M409828_25, [1, 2, 3]: repetition 200/1000
2025-07-29 11:34:01,578 - INFO - M409828_24, [4, 5, 6]: repetition 200/1000
2025-07-29 11:34:06,181 - INFO - M409828_21, [4, 5, 6]: repetition 200/1000
2025-07-29 11:34:12,113 - INFO - M409828_23, [4, 5, 6]: repetition 200/1000
2025-07-29 11:34:12,440 - INFO - M409828_22, [1, 2, 3]: repetition 200/1000
2025-07-29 11:34:18,923 - INFO - M409828_33, [1, 2, 3]: repetition 250/1000
2025-07-29 11:34:20,497 - INFO - M409828_23, [1, 2, 3]: repetition 200/1000
2025-07-29 11:34:40,994 - INFO - M409828_31, [4, 5, 6]: repetition 300/1000
2025-07-29 11:34:44,658 - INFO - M409828_33, [1, 2, 3]: repetition 250/1000
2025-07-29 11:35:40,682 - INFO - M409828_31, [4, 5, 6]: repetition 300/1000
2025-07-29 11:36:03,169 - INFO - M409828_32, [1, 2, 3]: repetition 300/1000
2025-07-29 11:36:05,388 - INFO - M409828_32, [1, 2, 3]: repetition 300/1000
2025-07-29 11:36:27,478 - INFO - M409828_32, [4, 5, 6]: repetition 300/1000
2025-07-29 11:36:37,491 - INFO - M409828_32, [4, 5, 6]: repetition 300/1000
2025-07-29 11:36:44,259 - INFO - M409828_31, [4, 5, 6]: repetition 50/1000
2025-07-29 11:36:53,555 - INFO - M409828_32, [1, 2, 3]: repetition 50/1000
2025-07-29 11:37:14,294 - INFO - M409828_33, [1, 2, 3]: repetition 300/1000
2025-07-29 11:37:31,974 - INFO - M409828_32, [4, 5, 6]: repetition 50/1000
2025-07-29 11:37:35,070 - INFO - M409828_31, [4, 5, 6]: repetition 350/1000
2025-07-29 11:37:45,220 - INFO - M409828_33, [1, 2, 3]: repetition 300/1000
2025-07-29 11:38:18,615 - INFO - M409828_33, [1, 2, 3]: repetition 50/1000
2025-07-29 11:38:38,545 - INFO - M409828_31, [4, 5, 6]: repetition 350/1000
2025-07-29 11:39:03,951 - INFO - M409828_32, [1, 2, 3]: repetition 350/1000
2025-07-29 11:39:10,125 - INFO - M409828_32, [1, 2, 3]: repetition 350/1000
2025-07-29 11:39:20,536 - INFO - M409828_32, [4, 5, 6]: repetition 350/1000
2025-07-29 11:39:40,800 - INFO - M409828_32, [4, 5, 6]: repetition 350/1000
2025-07-29 11:40:11,957 - INFO - M409828_33, [1, 2, 3]: repetition 350/1000
2025-07-29 11:40:33,483 - INFO - M409828_31, [4, 5, 6]: repetition 400/1000
2025-07-29 11:40:53,574 - INFO - M409828_33, [1, 2, 3]: repetition 350/1000
2025-07-29 11:41:37,976 - INFO - M409828_31, [4, 5, 6]: repetition 400/1000
2025-07-29 11:42:07,384 - INFO - M409828_32, [1, 2, 3]: repetition 400/1000
2025-07-29 11:42:12,713 - INFO - M409828_32, [1, 2, 3]: repetition 400/1000
2025-07-29 11:42:20,945 - INFO - M409828_32, [4, 5, 6]: repetition 400/1000
2025-07-29 11:42:42,760 - INFO - M409828_32, [4, 5, 6]: repetition 400/1000
2025-07-29 11:43:16,760 - INFO - M409828_33, [1, 2, 3]: repetition 400/1000
2025-07-29 11:43:29,416 - INFO - M409828_31, [4, 5, 6]: repetition 450/1000
2025-07-29 11:43:55,288 - INFO - M409828_33, [1, 2, 3]: repetition 400/1000
2025-07-29 11:44:34,977 - INFO - M409828_31, [4, 5, 6]: repetition 450/1000
2025-07-29 11:45:07,154 - INFO - M409828_32, [1, 2, 3]: repetition 450/1000
2025-07-29 11:45:08,068 - INFO - M409828_32, [1, 2, 3]: repetition 450/1000
2025-07-29 11:45:22,807 - INFO - M409828_32, [4, 5, 6]: repetition 450/1000
2025-07-29 11:45:40,490 - INFO - M409828_32, [4, 5, 6]: repetition 450/1000
2025-07-29 11:46:10,489 - INFO - M409828_33, [1, 2, 3]: repetition 450/1000
2025-07-29 11:46:24,297 - INFO - M409828_31, [4, 5, 6]: repetition 500/1000
2025-07-29 11:46:51,740 - INFO - M409828_22, [1, 2, 3]: repetition 50/1000
2025-07-29 11:46:59,146 - INFO - M409828_33, [1, 2, 3]: repetition 450/1000
2025-07-29 11:47:06,087 - INFO - M409828_22, [4, 5, 6]: repetition 50/1000
2025-07-29 11:47:19,193 - INFO - M409828_21, [4, 5, 6]: repetition 50/1000
2025-07-29 11:47:22,152 - INFO - M409828_23, [4, 5, 6]: repetition 50/1000
2025-07-29 11:47:26,932 - INFO - M409828_24, [1, 2, 3]: repetition 50/1000
2025-07-29 11:47:31,754 - INFO - M409828_25, [1, 2, 3]: repetition 50/1000
2025-07-29 11:47:35,580 - INFO - M409828_31, [4, 5, 6]: repetition 500/1000
2025-07-29 11:47:37,229 - INFO - M409828_23, [1, 2, 3]: repetition 50/1000
2025-07-29 11:47:43,172 - INFO - M409828_24, [4, 5, 6]: repetition 50/1000
2025-07-29 11:48:03,808 - INFO - M409828_32, [1, 2, 3]: repetition 500/1000
2025-07-29 11:48:04,939 - INFO - M409828_32, [1, 2, 3]: repetition 500/1000
2025-07-29 11:48:20,246 - INFO - M409828_32, [4, 5, 6]: repetition 500/1000
2025-07-29 11:48:35,980 - INFO - M409828_32, [4, 5, 6]: repetition 500/1000
2025-07-29 11:49:10,202 - INFO - M409828_33, [1, 2, 3]: repetition 500/1000
2025-07-29 11:49:21,429 - INFO - M409828_31, [4, 5, 6]: repetition 550/1000
2025-07-29 11:50:01,179 - INFO - M409828_33, [1, 2, 3]: repetition 500/1000
2025-07-29 11:50:29,890 - INFO - M409828_31, [4, 5, 6]: repetition 550/1000
2025-07-29 11:50:57,347 - INFO - M409828_32, [1, 2, 3]: repetition 550/1000
2025-07-29 11:51:01,875 - INFO - M409828_32, [1, 2, 3]: repetition 550/1000
2025-07-29 11:51:08,714 - INFO - M409828_32, [4, 5, 6]: repetition 550/1000
2025-07-29 11:51:31,563 - INFO - M409828_32, [4, 5, 6]: repetition 550/1000
2025-07-29 11:51:55,276 - INFO - M409828_23, [4, 5, 6]: repetition 250/1000
2025-07-29 11:52:07,256 - INFO - M409828_33, [1, 2, 3]: repetition 550/1000
2025-07-29 11:52:20,208 - INFO - M409828_31, [4, 5, 6]: repetition 600/1000
2025-07-29 11:52:30,044 - INFO - M409828_24, [1, 2, 3]: repetition 250/1000
2025-07-29 11:52:31,159 - INFO - M409828_22, [4, 5, 6]: repetition 250/1000
2025-07-29 11:52:56,695 - INFO - M409828_33, [1, 2, 3]: repetition 550/1000
2025-07-29 11:53:02,114 - INFO - M409828_25, [1, 2, 3]: repetition 250/1000
2025-07-29 11:53:06,420 - INFO - M409828_24, [4, 5, 6]: repetition 250/1000
2025-07-29 11:53:11,925 - INFO - M409828_21, [4, 5, 6]: repetition 250/1000
2025-07-29 11:53:18,031 - INFO - M409828_23, [1, 2, 3]: repetition 250/1000
2025-07-29 11:53:26,339 - INFO - M409828_31, [4, 5, 6]: repetition 600/1000
2025-07-29 11:53:33,217 - INFO - M409828_22, [1, 2, 3]: repetition 250/1000
2025-07-29 11:53:52,473 - INFO - M409828_32, [1, 2, 3]: repetition 600/1000
2025-07-29 11:54:01,235 - INFO - M409828_32, [1, 2, 3]: repetition 600/1000
2025-07-29 11:54:04,199 - INFO - M409828_32, [4, 5, 6]: repetition 600/1000
2025-07-29 11:54:24,173 - INFO - M409828_32, [4, 5, 6]: repetition 600/1000
2025-07-29 11:55:06,268 - INFO - M409828_33, [1, 2, 3]: repetition 600/1000
2025-07-29 11:55:10,157 - INFO - M409828_31, [4, 5, 6]: repetition 650/1000
2025-07-29 11:55:40,521 - INFO - M409828_31, [4, 5, 6]: repetition 100/1000
2025-07-29 11:55:50,042 - INFO - M409828_33, [1, 2, 3]: repetition 600/1000
2025-07-29 11:55:50,709 - INFO - M409828_32, [1, 2, 3]: repetition 100/1000
2025-07-29 11:56:06,991 - INFO - M409828_32, [4, 5, 6]: repetition 100/1000
2025-07-29 11:56:23,366 - INFO - M409828_31, [4, 5, 6]: repetition 650/1000
2025-07-29 11:56:47,112 - INFO - M409828_32, [1, 2, 3]: repetition 650/1000
2025-07-29 11:56:52,090 - INFO - M409828_32, [4, 5, 6]: repetition 650/1000
2025-07-29 11:56:54,813 - INFO - M409828_32, [1, 2, 3]: repetition 650/1000
2025-07-29 11:57:16,961 - INFO - M409828_32, [4, 5, 6]: repetition 650/1000
2025-07-29 11:57:17,168 - INFO - M409828_33, [1, 2, 3]: repetition 100/1000
2025-07-29 11:57:59,737 - INFO - M409828_33, [1, 2, 3]: repetition 650/1000
2025-07-29 11:58:03,444 - INFO - M409828_31, [4, 5, 6]: repetition 700/1000
2025-07-29 11:58:48,587 - INFO - M409828_33, [1, 2, 3]: repetition 650/1000
2025-07-29 11:59:21,402 - INFO - M409828_31, [4, 5, 6]: repetition 700/1000
2025-07-29 11:59:42,178 - INFO - M409828_32, [1, 2, 3]: repetition 700/1000
2025-07-29 11:59:43,910 - INFO - M409828_32, [4, 5, 6]: repetition 700/1000
2025-07-29 11:59:48,991 - INFO - M409828_32, [1, 2, 3]: repetition 700/1000
2025-07-29 12:00:09,375 - INFO - M409828_32, [4, 5, 6]: repetition 700/1000
2025-07-29 12:00:51,407 - INFO - M409828_33, [1, 2, 3]: repetition 700/1000
2025-07-29 12:01:01,896 - INFO - M409828_31, [4, 5, 6]: repetition 750/1000
2025-07-29 12:01:51,361 - INFO - M409828_33, [1, 2, 3]: repetition 700/1000
2025-07-29 12:02:14,165 - INFO - M409828_31, [4, 5, 6]: repetition 750/1000
2025-07-29 12:02:34,602 - INFO - M409828_32, [4, 5, 6]: repetition 750/1000
2025-07-29 12:02:37,216 - INFO - M409828_32, [1, 2, 3]: repetition 750/1000
2025-07-29 12:02:40,677 - INFO - M409828_32, [1, 2, 3]: repetition 750/1000
2025-07-29 12:03:05,012 - INFO - M409828_32, [4, 5, 6]: repetition 750/1000
2025-07-29 12:03:46,647 - INFO - M409828_33, [1, 2, 3]: repetition 750/1000
2025-07-29 12:03:57,411 - INFO - M409828_31, [4, 5, 6]: repetition 800/1000
2025-07-29 12:04:47,386 - INFO - M409828_33, [1, 2, 3]: repetition 750/1000
2025-07-29 12:05:10,297 - INFO - M409828_31, [4, 5, 6]: repetition 800/1000
2025-07-29 12:05:26,167 - INFO - M409828_32, [4, 5, 6]: repetition 800/1000
2025-07-29 12:05:32,859 - INFO - M409828_32, [1, 2, 3]: repetition 800/1000
2025-07-29 12:05:33,609 - INFO - M409828_32, [1, 2, 3]: repetition 800/1000
2025-07-29 12:06:00,468 - INFO - M409828_32, [4, 5, 6]: repetition 800/1000
2025-07-29 12:06:39,525 - INFO - M409828_33, [1, 2, 3]: repetition 800/1000
2025-07-29 12:06:53,884 - INFO - M409828_31, [4, 5, 6]: repetition 850/1000
2025-07-29 12:07:46,812 - INFO - M409828_33, [1, 2, 3]: repetition 800/1000
2025-07-29 12:08:04,185 - INFO - M409828_31, [4, 5, 6]: repetition 850/1000
2025-07-29 12:08:17,786 - INFO - M409828_32, [4, 5, 6]: repetition 850/1000
2025-07-29 12:08:28,275 - INFO - M409828_32, [1, 2, 3]: repetition 850/1000
2025-07-29 12:08:30,618 - INFO - M409828_32, [1, 2, 3]: repetition 850/1000
2025-07-29 12:08:59,169 - INFO - M409828_32, [4, 5, 6]: repetition 850/1000
2025-07-29 12:09:38,442 - INFO - M409828_33, [1, 2, 3]: repetition 850/1000
2025-07-29 12:09:45,310 - INFO - M409828_31, [4, 5, 6]: repetition 900/1000
2025-07-29 12:10:37,438 - INFO - M409828_23, [4, 5, 6]: repetition 300/1000
2025-07-29 12:10:42,492 - INFO - M409828_33, [1, 2, 3]: repetition 850/1000
2025-07-29 12:10:57,063 - INFO - M409828_31, [4, 5, 6]: repetition 900/1000
2025-07-29 12:11:01,903 - INFO - M409828_22, [4, 5, 6]: repetition 300/1000
2025-07-29 12:11:09,494 - INFO - M409828_24, [1, 2, 3]: repetition 300/1000
2025-07-29 12:11:11,826 - INFO - M409828_32, [4, 5, 6]: repetition 900/1000
2025-07-29 12:11:22,834 - INFO - M409828_32, [1, 2, 3]: repetition 900/1000
2025-07-29 12:11:23,382 - INFO - M409828_32, [1, 2, 3]: repetition 900/1000
2025-07-29 12:11:37,099 - INFO - M409828_24, [4, 5, 6]: repetition 300/1000
2025-07-29 12:11:40,304 - INFO - M409828_25, [1, 2, 3]: repetition 300/1000
2025-07-29 12:11:51,638 - INFO - M409828_32, [4, 5, 6]: repetition 900/1000
2025-07-29 12:11:54,426 - INFO - M409828_21, [4, 5, 6]: repetition 300/1000
2025-07-29 12:11:59,250 - INFO - M409828_23, [1, 2, 3]: repetition 300/1000
2025-07-29 12:12:18,080 - INFO - M409828_22, [1, 2, 3]: repetition 300/1000
2025-07-29 12:12:29,571 - INFO - M409828_33, [1, 2, 3]: repetition 900/1000
2025-07-29 12:12:37,815 - INFO - M409828_31, [4, 5, 6]: repetition 950/1000
2025-07-29 12:13:36,531 - INFO - M409828_33, [1, 2, 3]: repetition 900/1000
2025-07-29 12:13:47,543 - INFO - M409828_31, [4, 5, 6]: repetition 950/1000
2025-07-29 12:13:59,149 - INFO - M409828_31, [4, 5, 6]: repetition 150/1000
2025-07-29 12:14:04,901 - INFO - M409828_32, [4, 5, 6]: repetition 950/1000
2025-07-29 12:14:12,777 - INFO - M409828_32, [1, 2, 3]: repetition 150/1000
2025-07-29 12:14:16,686 - INFO - M409828_32, [1, 2, 3]: repetition 950/1000
2025-07-29 12:14:18,372 - INFO - M409828_32, [1, 2, 3]: repetition 950/1000
2025-07-29 12:14:36,713 - INFO - M409828_32, [4, 5, 6]: repetition 150/1000
2025-07-29 12:14:44,338 - INFO - M409828_32, [4, 5, 6]: repetition 950/1000
2025-07-29 12:15:25,794 - INFO - M409828_33, [1, 2, 3]: repetition 950/1000
2025-07-29 12:15:29,687 - INFO - M409828_31, [4, 5, 6]: repetition 1000/1000
2025-07-29 12:15:33,041 - INFO - M409828_33, [4, 5, 6]: Loaded
2025-07-29 12:16:05,884 - INFO - M409828_33, [1, 2, 3]: repetition 150/1000
2025-07-29 12:16:31,613 - INFO - M409828_33, [1, 2, 3]: repetition 950/1000
2025-07-29 12:16:38,729 - INFO - M409828_31, [4, 5, 6]: repetition 1000/1000
2025-07-29 12:16:42,127 - INFO - M409828_33, [4, 5, 6]: Loaded
2025-07-29 12:16:53,709 - INFO - M409828_32, [4, 5, 6]: repetition 1000/1000
2025-07-29 12:16:57,158 - INFO - M409828_33, [4, 5, 6]: Loaded
2025-07-29 12:17:13,209 - INFO - M409828_32, [1, 2, 3]: repetition 1000/1000
2025-07-29 12:17:14,371 - INFO - M409828_32, [1, 2, 3]: repetition 1000/1000
2025-07-29 12:17:17,348 - INFO - M409828_33, [4, 5, 6]: Loaded
2025-07-29 12:17:18,005 - INFO - M409828_34, [1, 2, 3]: Loaded
2025-07-29 12:17:36,143 - INFO - M409828_32, [4, 5, 6]: repetition 1000/1000
2025-07-29 12:17:39,701 - INFO - M409828_34, [1, 2, 3]: Loaded
2025-07-29 12:18:21,404 - INFO - M409828_33, [4, 5, 6]: repetition 50/1000
2025-07-29 12:18:26,230 - INFO - M409828_33, [1, 2, 3]: repetition 1000/1000
2025-07-29 12:18:29,811 - INFO - M409828_34, [1, 2, 3]: Loaded
2025-07-29 12:19:25,449 - INFO - M409828_33, [1, 2, 3]: repetition 1000/1000
2025-07-29 12:19:29,150 - INFO - M409828_34, [1, 2, 3]: Loaded
2025-07-29 12:19:31,359 - INFO - M409828_33, [4, 5, 6]: repetition 50/1000
2025-07-29 12:20:10,774 - INFO - M409828_34, [1, 2, 3]: repetition 50/1000
2025-07-29 12:20:29,854 - INFO - M409828_34, [1, 2, 3]: repetition 50/1000
2025-07-29 12:21:21,288 - INFO - M409828_33, [4, 5, 6]: repetition 100/1000
2025-07-29 12:22:30,446 - INFO - M409828_33, [4, 5, 6]: repetition 100/1000
2025-07-29 12:23:07,983 - INFO - M409828_34, [1, 2, 3]: repetition 100/1000
2025-07-29 12:23:27,350 - INFO - M409828_34, [1, 2, 3]: repetition 100/1000
2025-07-29 12:24:19,321 - INFO - M409828_33, [4, 5, 6]: repetition 150/1000
2025-07-29 12:25:31,209 - INFO - M409828_33, [4, 5, 6]: repetition 150/1000
2025-07-29 12:26:00,301 - INFO - M409828_34, [1, 2, 3]: repetition 150/1000
2025-07-29 12:26:25,364 - INFO - M409828_34, [1, 2, 3]: repetition 150/1000
2025-07-29 12:27:14,260 - INFO - M409828_33, [4, 5, 6]: repetition 200/1000
2025-07-29 12:28:31,661 - INFO - M409828_33, [4, 5, 6]: repetition 200/1000
2025-07-29 12:28:55,583 - INFO - M409828_34, [1, 2, 3]: repetition 200/1000
2025-07-29 12:29:26,762 - INFO - M409828_34, [1, 2, 3]: repetition 200/1000
2025-07-29 12:29:37,019 - INFO - M409828_23, [4, 5, 6]: repetition 350/1000
2025-07-29 12:29:54,368 - INFO - M409828_24, [1, 2, 3]: repetition 350/1000
2025-07-29 12:29:57,254 - INFO - M409828_22, [4, 5, 6]: repetition 350/1000
2025-07-29 12:30:07,958 - INFO - M409828_33, [4, 5, 6]: repetition 250/1000
2025-07-29 12:30:18,571 - INFO - M409828_24, [4, 5, 6]: repetition 350/1000
2025-07-29 12:30:25,310 - INFO - M409828_25, [1, 2, 3]: repetition 350/1000
2025-07-29 12:30:52,583 - INFO - M409828_21, [4, 5, 6]: repetition 350/1000
2025-07-29 12:31:08,486 - INFO - M409828_23, [1, 2, 3]: repetition 350/1000
2025-07-29 12:31:10,262 - INFO - M409828_22, [1, 2, 3]: repetition 350/1000
2025-07-29 12:31:28,639 - INFO - M409828_33, [4, 5, 6]: repetition 250/1000
2025-07-29 12:31:56,792 - INFO - M409828_34, [1, 2, 3]: repetition 250/1000
2025-07-29 12:32:27,502 - INFO - M409828_34, [1, 2, 3]: repetition 250/1000
2025-07-29 12:32:47,379 - INFO - M409828_31, [4, 5, 6]: repetition 200/1000
2025-07-29 12:33:03,221 - INFO - M409828_33, [4, 5, 6]: repetition 300/1000
2025-07-29 12:33:10,154 - INFO - M409828_32, [1, 2, 3]: repetition 200/1000
2025-07-29 12:33:30,734 - INFO - M409828_32, [4, 5, 6]: repetition 200/1000
2025-07-29 12:34:26,790 - INFO - M409828_33, [4, 5, 6]: repetition 300/1000
2025-07-29 12:34:54,943 - INFO - M409828_34, [1, 2, 3]: repetition 300/1000
2025-07-29 12:34:57,626 - INFO - M409828_33, [1, 2, 3]: repetition 200/1000
2025-07-29 12:35:23,346 - INFO - M409828_34, [1, 2, 3]: repetition 300/1000
2025-07-29 12:35:25,656 - INFO - M409828_33, [4, 5, 6]: repetition 50/1000
2025-07-29 12:36:02,016 - INFO - M409828_33, [4, 5, 6]: repetition 350/1000
2025-07-29 12:36:58,042 - INFO - M409828_34, [1, 2, 3]: repetition 50/1000
2025-07-29 12:37:25,939 - INFO - M409828_33, [4, 5, 6]: repetition 350/1000
2025-07-29 12:37:51,367 - INFO - M409828_34, [1, 2, 3]: repetition 350/1000
2025-07-29 12:38:20,617 - INFO - M409828_34, [1, 2, 3]: repetition 350/1000
2025-07-29 12:38:59,403 - INFO - M409828_33, [4, 5, 6]: repetition 400/1000
2025-07-29 12:40:22,863 - INFO - M409828_33, [4, 5, 6]: repetition 400/1000
2025-07-29 12:40:48,017 - INFO - M409828_34, [1, 2, 3]: repetition 400/1000
2025-07-29 12:41:17,063 - INFO - M409828_34, [1, 2, 3]: repetition 400/1000
2025-07-29 12:41:57,284 - INFO - M409828_33, [4, 5, 6]: repetition 450/1000
2025-07-29 12:43:17,688 - INFO - M409828_33, [4, 5, 6]: repetition 450/1000
2025-07-29 12:43:43,835 - INFO - M409828_34, [1, 2, 3]: repetition 450/1000
2025-07-29 12:44:08,635 - INFO - M409828_34, [1, 2, 3]: repetition 450/1000
2025-07-29 12:44:52,969 - INFO - M409828_33, [4, 5, 6]: repetition 500/1000
2025-07-29 12:45:26,535 - INFO - M409828_31, [4, 5, 6]: repetition 50/1000
2025-07-29 12:46:10,750 - INFO - M409828_32, [1, 2, 3]: repetition 50/1000
2025-07-29 12:46:13,894 - INFO - M409828_33, [4, 5, 6]: repetition 500/1000
2025-07-29 12:46:39,530 - INFO - M409828_34, [1, 2, 3]: repetition 500/1000
2025-07-29 12:47:03,266 - INFO - M409828_32, [4, 5, 6]: repetition 50/1000
2025-07-29 12:47:06,446 - INFO - M409828_34, [1, 2, 3]: repetition 500/1000
2025-07-29 12:47:28,825 - INFO - M409828_33, [1, 2, 3]: repetition 50/1000
2025-07-29 12:47:50,356 - INFO - M409828_33, [4, 5, 6]: repetition 550/1000
2025-07-29 12:48:32,508 - INFO - M409828_23, [4, 5, 6]: repetition 400/1000
2025-07-29 12:48:57,208 - INFO - M409828_24, [1, 2, 3]: repetition 400/1000
2025-07-29 12:49:09,707 - INFO - M409828_22, [4, 5, 6]: repetition 400/1000
2025-07-29 12:49:12,425 - INFO - M409828_33, [4, 5, 6]: repetition 550/1000
2025-07-29 12:49:18,992 - INFO - M409828_24, [4, 5, 6]: repetition 400/1000
2025-07-29 12:49:36,146 - INFO - M409828_34, [1, 2, 3]: repetition 550/1000
2025-07-29 12:49:36,198 - INFO - M409828_25, [1, 2, 3]: repetition 400/1000
2025-07-29 12:49:50,742 - INFO - M409828_21, [4, 5, 6]: repetition 400/1000
2025-07-29 12:50:02,463 - INFO - M409828_22, [1, 2, 3]: repetition 400/1000
2025-07-29 12:50:03,601 - INFO - M409828_34, [1, 2, 3]: repetition 550/1000
2025-07-29 12:50:17,087 - INFO - M409828_23, [1, 2, 3]: repetition 400/1000
2025-07-29 12:50:49,980 - INFO - M409828_33, [4, 5, 6]: repetition 600/1000
2025-07-29 12:51:54,317 - INFO - M409828_31, [4, 5, 6]: repetition 250/1000
2025-07-29 12:52:10,116 - INFO - M409828_33, [4, 5, 6]: repetition 600/1000
2025-07-29 12:52:11,345 - INFO - M409828_32, [4, 5, 6]: repetition 250/1000
2025-07-29 12:52:18,576 - INFO - M409828_32, [1, 2, 3]: repetition 250/1000
2025-07-29 12:52:30,567 - INFO - M409828_34, [1, 2, 3]: repetition 600/1000
2025-07-29 12:52:59,277 - INFO - M409828_34, [1, 2, 3]: repetition 600/1000
2025-07-29 12:53:47,388 - INFO - M409828_33, [4, 5, 6]: repetition 650/1000
2025-07-29 12:54:22,124 - INFO - M409828_33, [4, 5, 6]: repetition 100/1000
2025-07-29 12:54:22,719 - INFO - M409828_33, [1, 2, 3]: repetition 250/1000
2025-07-29 12:55:10,862 - INFO - M409828_33, [4, 5, 6]: repetition 650/1000
2025-07-29 12:55:23,947 - INFO - M409828_34, [1, 2, 3]: repetition 650/1000
2025-07-29 12:55:55,581 - INFO - M409828_34, [1, 2, 3]: repetition 650/1000
2025-07-29 12:56:11,363 - INFO - M409828_34, [1, 2, 3]: repetition 100/1000
2025-07-29 12:56:49,457 - INFO - M409828_33, [4, 5, 6]: repetition 700/1000
2025-07-29 12:58:06,288 - INFO - M409828_33, [4, 5, 6]: repetition 700/1000
2025-07-29 12:58:22,132 - INFO - M409828_34, [1, 2, 3]: repetition 700/1000
2025-07-29 12:58:52,968 - INFO - M409828_34, [1, 2, 3]: repetition 700/1000
2025-07-29 12:59:50,295 - INFO - M409828_33, [4, 5, 6]: repetition 750/1000
2025-07-29 13:01:02,562 - INFO - M409828_33, [4, 5, 6]: repetition 750/1000
2025-07-29 13:01:21,380 - INFO - M409828_34, [1, 2, 3]: repetition 750/1000
2025-07-29 13:01:50,922 - INFO - M409828_34, [1, 2, 3]: repetition 750/1000
2025-07-29 13:02:46,747 - INFO - M409828_33, [4, 5, 6]: repetition 800/1000
2025-07-29 13:03:56,674 - INFO - M409828_33, [4, 5, 6]: repetition 800/1000
2025-07-29 13:04:15,240 - INFO - M409828_34, [1, 2, 3]: repetition 800/1000
2025-07-29 13:04:48,934 - INFO - M409828_34, [1, 2, 3]: repetition 800/1000
2025-07-29 13:05:46,745 - INFO - M409828_33, [4, 5, 6]: repetition 850/1000
2025-07-29 13:06:52,304 - INFO - M409828_33, [4, 5, 6]: repetition 850/1000
2025-07-29 13:07:10,947 - INFO - M409828_34, [1, 2, 3]: repetition 850/1000
2025-07-29 13:07:21,148 - INFO - M409828_23, [4, 5, 6]: repetition 450/1000
2025-07-29 13:07:44,236 - INFO - M409828_34, [1, 2, 3]: repetition 850/1000
2025-07-29 13:07:50,372 - INFO - M409828_24, [1, 2, 3]: repetition 450/1000
2025-07-29 13:08:05,830 - INFO - M409828_22, [4, 5, 6]: repetition 450/1000
2025-07-29 13:08:17,071 - INFO - M409828_24, [4, 5, 6]: repetition 450/1000
2025-07-29 13:08:43,984 - INFO - M409828_25, [1, 2, 3]: repetition 450/1000
2025-07-29 13:08:44,284 - INFO - M409828_33, [4, 5, 6]: repetition 900/1000
2025-07-29 13:08:48,749 - INFO - M409828_21, [4, 5, 6]: repetition 450/1000
2025-07-29 13:09:01,130 - INFO - M409828_22, [1, 2, 3]: repetition 450/1000
2025-07-29 13:09:18,780 - INFO - M409828_23, [1, 2, 3]: repetition 450/1000
2025-07-29 13:09:47,953 - INFO - M409828_33, [4, 5, 6]: repetition 900/1000
2025-07-29 13:10:05,382 - INFO - M409828_34, [1, 2, 3]: repetition 900/1000
2025-07-29 13:10:37,815 - INFO - M409828_34, [1, 2, 3]: repetition 900/1000
2025-07-29 13:10:49,307 - INFO - M409828_31, [4, 5, 6]: repetition 300/1000
2025-07-29 13:11:09,202 - INFO - M409828_32, [1, 2, 3]: repetition 300/1000
2025-07-29 13:11:10,406 - INFO - M409828_32, [4, 5, 6]: repetition 300/1000
2025-07-29 13:11:39,265 - INFO - M409828_33, [4, 5, 6]: repetition 950/1000
2025-07-29 13:12:44,151 - INFO - M409828_33, [4, 5, 6]: repetition 950/1000
2025-07-29 13:12:59,880 - INFO - M409828_34, [1, 2, 3]: repetition 950/1000
2025-07-29 13:13:18,160 - INFO - M409828_33, [4, 5, 6]: repetition 150/1000
2025-07-29 13:13:34,942 - INFO - M409828_34, [1, 2, 3]: repetition 950/1000
2025-07-29 13:13:43,023 - INFO - M409828_33, [1, 2, 3]: repetition 300/1000
2025-07-29 13:14:35,775 - INFO - M409828_33, [4, 5, 6]: repetition 1000/1000
2025-07-29 13:14:39,472 - INFO - M409828_34, [4, 5, 6]: Loaded
2025-07-29 13:15:21,279 - INFO - M409828_34, [1, 2, 3]: repetition 150/1000
2025-07-29 13:15:42,506 - INFO - M409828_33, [4, 5, 6]: repetition 1000/1000
2025-07-29 13:15:43,451 - INFO - M409828_22, [1, 2, 3]: repetition 100/1000
2025-07-29 13:15:46,061 - INFO - M409828_34, [4, 5, 6]: Loaded
2025-07-29 13:15:54,906 - INFO - M409828_34, [1, 2, 3]: repetition 1000/1000
2025-07-29 13:15:58,493 - INFO - M409828_34, [4, 5, 6]: Loaded
2025-07-29 13:15:58,636 - INFO - M409828_24, [1, 2, 3]: repetition 100/1000
2025-07-29 13:16:03,033 - INFO - M409828_22, [4, 5, 6]: repetition 100/1000
2025-07-29 13:16:13,192 - INFO - M409828_23, [1, 2, 3]: repetition 100/1000
2025-07-29 13:16:13,841 - INFO - M409828_21, [4, 5, 6]: repetition 100/1000
2025-07-29 13:16:29,593 - INFO - M409828_34, [1, 2, 3]: repetition 1000/1000
2025-07-29 13:16:33,200 - INFO - M409828_34, [4, 5, 6]: Loaded
2025-07-29 13:16:37,327 - INFO - M409828_25, [1, 2, 3]: repetition 100/1000
2025-07-29 13:16:43,092 - INFO - M409828_24, [4, 5, 6]: repetition 100/1000
2025-07-29 13:16:48,510 - INFO - M409828_23, [4, 5, 6]: repetition 100/1000
2025-07-29 13:17:33,077 - INFO - M409828_34, [4, 5, 6]: repetition 50/1000
2025-07-29 13:18:42,878 - INFO - M409828_34, [4, 5, 6]: repetition 50/1000
2025-07-29 13:20:31,776 - INFO - M409828_34, [4, 5, 6]: repetition 100/1000
2025-07-29 13:21:41,389 - INFO - M409828_34, [4, 5, 6]: repetition 100/1000
2025-07-29 13:23:26,442 - INFO - M409828_34, [4, 5, 6]: repetition 150/1000
2025-07-29 13:24:35,947 - INFO - M409828_34, [4, 5, 6]: repetition 150/1000
2025-07-29 13:26:18,989 - INFO - M409828_34, [4, 5, 6]: repetition 200/1000
2025-07-29 13:26:19,695 - INFO - M409828_23, [4, 5, 6]: repetition 500/1000
2025-07-29 13:26:56,144 - INFO - M409828_24, [1, 2, 3]: repetition 500/1000
2025-07-29 13:27:00,346 - INFO - M409828_22, [4, 5, 6]: repetition 500/1000
2025-07-29 13:27:26,048 - INFO - M409828_24, [4, 5, 6]: repetition 500/1000
2025-07-29 13:27:38,455 - INFO - M409828_34, [4, 5, 6]: repetition 200/1000
2025-07-29 13:27:43,039 - INFO - M409828_25, [1, 2, 3]: repetition 500/1000
2025-07-29 13:28:02,896 - INFO - M409828_21, [4, 5, 6]: repetition 500/1000
2025-07-29 13:28:13,612 - INFO - M409828_22, [1, 2, 3]: repetition 500/1000
2025-07-29 13:28:16,785 - INFO - M409828_23, [1, 2, 3]: repetition 500/1000
2025-07-29 13:29:13,122 - INFO - M409828_34, [4, 5, 6]: repetition 250/1000
2025-07-29 13:29:42,630 - INFO - M409828_31, [4, 5, 6]: repetition 350/1000
2025-07-29 13:30:01,587 - INFO - M409828_32, [4, 5, 6]: repetition 350/1000
2025-07-29 13:30:20,274 - INFO - M409828_32, [1, 2, 3]: repetition 350/1000
2025-07-29 13:30:39,391 - INFO - M409828_34, [4, 5, 6]: repetition 250/1000
2025-07-29 13:32:08,950 - INFO - M409828_34, [4, 5, 6]: repetition 300/1000
2025-07-29 13:32:23,330 - INFO - M409828_33, [4, 5, 6]: repetition 200/1000
2025-07-29 13:33:08,688 - INFO - M409828_33, [1, 2, 3]: repetition 350/1000
2025-07-29 13:33:42,368 - INFO - M409828_34, [4, 5, 6]: repetition 300/1000
2025-07-29 13:34:37,207 - INFO - M409828_34, [1, 2, 3]: repetition 200/1000
2025-07-29 13:34:45,067 - INFO - M409828_34, [4, 5, 6]: repetition 50/1000
2025-07-29 13:35:04,325 - INFO - M409828_34, [4, 5, 6]: repetition 350/1000
2025-07-29 13:36:45,485 - INFO - M409828_34, [4, 5, 6]: repetition 350/1000
2025-07-29 13:37:58,738 - INFO - M409828_34, [4, 5, 6]: repetition 400/1000
2025-07-29 13:39:49,609 - INFO - M409828_34, [4, 5, 6]: repetition 400/1000
2025-07-29 13:40:58,377 - INFO - M409828_34, [4, 5, 6]: repetition 450/1000
2025-07-29 13:42:50,048 - INFO - M409828_34, [4, 5, 6]: repetition 450/1000
2025-07-29 13:43:55,838 - INFO - M409828_34, [4, 5, 6]: repetition 500/1000
2025-07-29 13:44:48,848 - INFO - M409828_33, [4, 5, 6]: repetition 50/1000
2025-07-29 13:45:30,897 - INFO - M409828_23, [4, 5, 6]: repetition 550/1000
2025-07-29 13:45:51,655 - INFO - M409828_34, [4, 5, 6]: repetition 500/1000
2025-07-29 13:46:06,966 - INFO - M409828_22, [4, 5, 6]: repetition 550/1000
2025-07-29 13:46:10,195 - INFO - M409828_24, [1, 2, 3]: repetition 550/1000
2025-07-29 13:46:51,984 - INFO - M409828_24, [4, 5, 6]: repetition 550/1000
2025-07-29 13:46:55,516 - INFO - M409828_34, [4, 5, 6]: repetition 550/1000
2025-07-29 13:47:00,266 - INFO - M409828_25, [1, 2, 3]: repetition 550/1000
2025-07-29 13:47:14,106 - INFO - M409828_21, [4, 5, 6]: repetition 550/1000
2025-07-29 13:47:20,343 - INFO - M409828_34, [1, 2, 3]: repetition 50/1000
2025-07-29 13:47:27,290 - INFO - M409828_22, [1, 2, 3]: repetition 550/1000
2025-07-29 13:47:31,846 - INFO - M409828_23, [1, 2, 3]: repetition 550/1000
2025-07-29 13:48:41,454 - INFO - M409828_31, [4, 5, 6]: repetition 400/1000
2025-07-29 13:48:53,752 - INFO - M409828_34, [4, 5, 6]: repetition 550/1000
2025-07-29 13:49:08,806 - INFO - M409828_32, [4, 5, 6]: repetition 400/1000
2025-07-29 13:49:20,927 - INFO - M409828_32, [1, 2, 3]: repetition 400/1000
2025-07-29 13:49:53,203 - INFO - M409828_34, [4, 5, 6]: repetition 600/1000
2025-07-29 13:51:33,383 - INFO - M409828_33, [4, 5, 6]: repetition 250/1000
2025-07-29 13:51:54,375 - INFO - M409828_34, [4, 5, 6]: repetition 600/1000
2025-07-29 13:52:35,784 - INFO - M409828_33, [1, 2, 3]: repetition 400/1000
2025-07-29 13:52:51,797 - INFO - M409828_34, [4, 5, 6]: repetition 650/1000
2025-07-29 13:53:36,925 - INFO - M409828_34, [1, 2, 3]: repetition 250/1000
2025-07-29 13:53:51,334 - INFO - M409828_34, [4, 5, 6]: repetition 100/1000
2025-07-29 13:54:53,482 - INFO - M409828_34, [4, 5, 6]: repetition 650/1000
2025-07-29 13:55:48,667 - INFO - M409828_34, [4, 5, 6]: repetition 700/1000
2025-07-29 13:57:54,361 - INFO - M409828_34, [4, 5, 6]: repetition 700/1000
2025-07-29 13:58:43,069 - INFO - M409828_34, [4, 5, 6]: repetition 750/1000
2025-07-29 14:00:56,409 - INFO - M409828_34, [4, 5, 6]: repetition 750/1000
2025-07-29 14:01:41,004 - INFO - M409828_34, [4, 5, 6]: repetition 800/1000
2025-07-29 14:03:56,878 - INFO - M409828_34, [4, 5, 6]: repetition 800/1000
2025-07-29 14:04:39,349 - INFO - M409828_34, [4, 5, 6]: repetition 850/1000
2025-07-29 14:04:48,502 - INFO - M409828_23, [4, 5, 6]: repetition 600/1000
2025-07-29 14:05:16,095 - INFO - M409828_24, [1, 2, 3]: repetition 600/1000
2025-07-29 14:05:25,977 - INFO - M409828_22, [4, 5, 6]: repetition 600/1000
2025-07-29 14:05:57,334 - INFO - M409828_24, [4, 5, 6]: repetition 600/1000
2025-07-29 14:06:07,227 - INFO - M409828_25, [1, 2, 3]: repetition 600/1000
2025-07-29 14:06:19,774 - INFO - M409828_21, [4, 5, 6]: repetition 600/1000
2025-07-29 14:06:46,927 - INFO - M409828_23, [1, 2, 3]: repetition 600/1000
2025-07-29 14:06:52,538 - INFO - M409828_22, [1, 2, 3]: repetition 600/1000
2025-07-29 14:06:56,340 - INFO - M409828_34, [4, 5, 6]: repetition 850/1000
2025-07-29 14:07:39,549 - INFO - M409828_34, [4, 5, 6]: repetition 900/1000
2025-07-29 14:07:51,748 - INFO - M409828_31, [4, 5, 6]: repetition 450/1000
2025-07-29 14:08:01,954 - INFO - M409828_32, [4, 5, 6]: repetition 450/1000
2025-07-29 14:08:23,458 - INFO - M409828_32, [1, 2, 3]: repetition 450/1000
2025-07-29 14:09:52,429 - INFO - M409828_34, [4, 5, 6]: repetition 900/1000
2025-07-29 14:10:35,244 - INFO - M409828_34, [4, 5, 6]: repetition 950/1000
2025-07-29 14:10:39,093 - INFO - M409828_33, [4, 5, 6]: repetition 300/1000
2025-07-29 14:11:52,628 - INFO - M409828_33, [1, 2, 3]: repetition 450/1000
2025-07-29 14:12:40,804 - INFO - M409828_34, [1, 2, 3]: repetition 300/1000
2025-07-29 14:12:48,562 - INFO - M409828_34, [4, 5, 6]: repetition 950/1000
2025-07-29 14:12:58,669 - INFO - M409828_34, [4, 5, 6]: repetition 150/1000
2025-07-29 14:13:32,178 - INFO - M409828_34, [4, 5, 6]: repetition 1000/1000
2025-07-29 14:13:35,781 - INFO - M409828_35, [1, 2, 3]: Loaded
2025-07-29 14:13:35,838 - INFO - M409828_35, [1, 2, 3]: Not enough X_data, only have 245 rois, cannot perform decoding
2025-07-29 14:13:35,899 - INFO - M409828_35, [1, 2, 3]: Loaded
2025-07-29 14:13:35,961 - INFO - M409828_35, [1, 2, 3]: Not enough X_data, only have 245 rois, cannot perform decoding
2025-07-29 14:13:36,024 - INFO - M409828_35, [1, 2, 3]: Loaded
2025-07-29 14:13:36,053 - INFO - M409828_35, [1, 2, 3]: Not enough X_data, only have 245 rois, cannot perform decoding
2025-07-29 14:13:36,125 - INFO - M409828_35, [1, 2, 3]: Loaded
2025-07-29 14:13:36,155 - INFO - M409828_35, [1, 2, 3]: Not enough X_data, only have 245 rois, cannot perform decoding
2025-07-29 14:13:36,199 - INFO - M409828_35, [4, 5, 6]: Loaded
2025-07-29 14:13:36,231 - INFO - M409828_35, [4, 5, 6]: Not enough X_data, only have 97 rois, cannot perform decoding
2025-07-29 14:13:36,277 - INFO - M409828_35, [4, 5, 6]: Loaded
2025-07-29 14:13:36,308 - INFO - M409828_35, [4, 5, 6]: Not enough X_data, only have 97 rois, cannot perform decoding
2025-07-29 14:13:36,348 - INFO - M409828_35, [4, 5, 6]: Loaded
2025-07-29 14:13:36,379 - INFO - M409828_35, [4, 5, 6]: Not enough X_data, only have 97 rois, cannot perform decoding
2025-07-29 14:13:36,419 - INFO - M409828_35, [4, 5, 6]: Loaded
2025-07-29 14:13:36,453 - INFO - M409828_35, [4, 5, 6]: Not enough X_data, only have 97 rois, cannot perform decoding
2025-07-29 14:13:36,522 - INFO - M409828_41, [1, 2, 3]: Loaded
2025-07-29 14:13:36,553 - INFO - M409828_41, [1, 2, 3]: Not enough X_data, only have 31 rois, cannot perform decoding
2025-07-29 14:13:36,621 - INFO - M409828_41, [1, 2, 3]: Loaded
2025-07-29 14:13:36,652 - INFO - M409828_41, [1, 2, 3]: Not enough X_data, only have 31 rois, cannot perform decoding
2025-07-29 14:13:36,719 - INFO - M409828_41, [1, 2, 3]: Loaded
2025-07-29 14:13:36,749 - INFO - M409828_41, [1, 2, 3]: Not enough X_data, only have 31 rois, cannot perform decoding
2025-07-29 14:13:36,823 - INFO - M409828_41, [1, 2, 3]: Loaded
2025-07-29 14:13:36,854 - INFO - M409828_41, [1, 2, 3]: Not enough X_data, only have 31 rois, cannot perform decoding
2025-07-29 14:13:36,922 - INFO - M409828_41, [4, 5, 6]: Loaded
2025-07-29 14:15:11,280 - INFO - M409828_31, [4, 5, 6]: repetition 100/1000
2025-07-29 14:15:25,925 - INFO - M409828_32, [1, 2, 3]: repetition 100/1000
2025-07-29 14:15:47,406 - INFO - M409828_34, [4, 5, 6]: repetition 1000/1000
2025-07-29 14:15:51,388 - INFO - M409828_41, [4, 5, 6]: Loaded
2025-07-29 14:16:29,525 - INFO - M409828_41, [4, 5, 6]: repetition 50/1000
2025-07-29 14:16:29,944 - INFO - M409828_32, [4, 5, 6]: repetition 100/1000
2025-07-29 14:17:20,069 - INFO - M409828_33, [1, 2, 3]: repetition 100/1000
2025-07-29 14:18:46,555 - INFO - M409828_41, [4, 5, 6]: repetition 50/1000
2025-07-29 14:19:28,472 - INFO - M409828_41, [4, 5, 6]: repetition 100/1000
2025-07-29 14:21:43,404 - INFO - M409828_41, [4, 5, 6]: repetition 100/1000
2025-07-29 14:22:28,033 - INFO - M409828_41, [4, 5, 6]: repetition 150/1000
2025-07-29 14:23:46,798 - INFO - M409828_23, [4, 5, 6]: repetition 650/1000
2025-07-29 14:24:21,526 - INFO - M409828_24, [1, 2, 3]: repetition 650/1000
2025-07-29 14:24:45,062 - INFO - M409828_41, [4, 5, 6]: repetition 150/1000
2025-07-29 14:24:49,132 - INFO - M409828_22, [4, 5, 6]: repetition 650/1000
2025-07-29 14:24:54,339 - INFO - M409828_24, [4, 5, 6]: repetition 650/1000
2025-07-29 14:25:12,996 - INFO - M409828_25, [1, 2, 3]: repetition 650/1000
2025-07-29 14:25:24,945 - INFO - M409828_41, [4, 5, 6]: repetition 200/1000
2025-07-29 14:25:27,552 - INFO - M409828_21, [4, 5, 6]: repetition 650/1000
2025-07-29 14:26:02,982 - INFO - M409828_23, [1, 2, 3]: repetition 650/1000
2025-07-29 14:26:13,054 - INFO - M409828_22, [1, 2, 3]: repetition 650/1000
2025-07-29 14:26:59,760 - INFO - M409828_32, [4, 5, 6]: repetition 500/1000
2025-07-29 14:27:00,018 - INFO - M409828_31, [4, 5, 6]: repetition 500/1000
2025-07-29 14:27:28,986 - INFO - M409828_32, [1, 2, 3]: repetition 500/1000
2025-07-29 14:27:41,335 - INFO - M409828_41, [4, 5, 6]: repetition 200/1000
2025-07-29 14:28:22,406 - INFO - M409828_41, [4, 5, 6]: repetition 250/1000
2025-07-29 14:29:33,308 - INFO - M409828_33, [4, 5, 6]: repetition 350/1000
2025-07-29 14:30:39,989 - INFO - M409828_41, [4, 5, 6]: repetition 250/1000
2025-07-29 14:31:12,274 - INFO - M409828_33, [1, 2, 3]: repetition 500/1000
2025-07-29 14:31:22,221 - INFO - M409828_41, [4, 5, 6]: repetition 300/1000
2025-07-29 14:31:48,939 - INFO - M409828_34, [1, 2, 3]: repetition 350/1000
2025-07-29 14:32:09,228 - INFO - M409828_34, [4, 5, 6]: repetition 200/1000
2025-07-29 14:33:42,140 - INFO - M409828_41, [4, 5, 6]: repetition 300/1000
2025-07-29 14:34:22,693 - INFO - M409828_41, [4, 5, 6]: repetition 350/1000
2025-07-29 14:34:42,789 - INFO - M409828_41, [4, 5, 6]: Loaded
2025-07-29 14:34:42,793 - INFO - M409828_41, [4, 5, 6]: Loaded
2025-07-29 14:34:42,797 - INFO - M409828_42, [1, 2, 3]: Loaded
2025-07-29 14:34:42,809 - INFO - M409828_42, [1, 2, 3]: Loaded
2025-07-29 14:34:42,811 - INFO - M409828_42, [1, 2, 3]: Loaded
2025-07-29 14:34:42,816 - INFO - M409828_42, [1, 2, 3]: Loaded
2025-07-29 14:34:42,821 - INFO - M409828_42, [4, 5, 6]: Loaded
2025-07-29 14:34:42,827 - INFO - M409828_42, [4, 5, 6]: Loaded
2025-07-29 14:34:42,833 - INFO - M409828_42, [4, 5, 6]: Loaded
2025-07-29 14:34:42,841 - INFO - M409828_42, [4, 5, 6]: Loaded
2025-07-29 14:34:42,847 - INFO - M409828_43, [1, 2, 3]: Loaded
2025-07-29 14:34:42,853 - INFO - M409828_43, [1, 2, 3]: Loaded
2025-07-29 14:34:42,866 - INFO - M409828_43, [1, 2, 3]: Loaded
