2025-07-29 15:49:47,938 - INFO - Decoding parameters: 1 repetitions, 1 bootstrap size, tag: 2025_0728_5, bootstrap, False, one_plane: True, multi_stim: True
2025-07-29 15:49:51,058 - INFO - M409828_11: Loaded
2025-07-29 15:49:51,059 - INFO - M409828_11, 1: 2p session in column 1, no unduplicated ROIs.
2025-07-29 15:49:51,077 - INFO - M409828_11: Loaded
2025-07-29 15:49:51,078 - INFO - M409828_11, 2: 2p session in column 1, no unduplicated ROIs.
2025-07-29 15:49:51,093 - INFO - M409828_11: Loaded
2025-07-29 15:49:51,119 - INFO - M409828_11, 3: 2p session in column 1, no unduplicated ROIs.
2025-07-29 15:49:51,147 - INFO - M409828_11: Loaded
2025-07-29 15:49:51,155 - INFO - M409828_11, 4: 2p session in column 1, no unduplicated ROIs.
2025-07-29 15:49:51,154 - INFO - M409828_12: Loaded
2025-07-29 15:49:51,162 - INFO - M409828_12, 3: 2p session in column 1, no unduplicated ROIs.
2025-07-29 15:49:51,214 - INFO - M409828_12: Loaded
2025-07-29 15:49:51,224 - INFO - M409828_12, 1: 2p session in column 1, no unduplicated ROIs.
2025-07-29 15:49:51,235 - INFO - M409828_11: Loaded
2025-07-29 15:49:51,236 - INFO - M409828_11, 5: 2p session in column 1, no unduplicated ROIs.
2025-07-29 15:49:51,245 - INFO - M409828_12: Loaded
2025-07-29 15:49:51,246 - INFO - M409828_12, 6: 2p session in column 1, no unduplicated ROIs.
2025-07-29 15:49:51,247 - INFO - M409828_11: Loaded
2025-07-29 15:49:51,248 - INFO - M409828_11, 6: 2p session in column 1, no unduplicated ROIs.
2025-07-29 15:49:51,288 - INFO - M409828_14: Loaded
2025-07-29 15:49:51,289 - INFO - M409828_14, 1: 2p session in column 1, no unduplicated ROIs.
2025-07-29 15:49:51,313 - INFO - M409828_12: Loaded
2025-07-29 15:49:51,314 - INFO - M409828_12, 4: 2p session in column 1, no unduplicated ROIs.
2025-07-29 15:49:51,313 - INFO - M409828_13: Loaded
2025-07-29 15:49:51,317 - INFO - M409828_13, 2: 2p session in column 1, no unduplicated ROIs.
2025-07-29 15:49:51,343 - INFO - M409828_13: Loaded
2025-07-29 15:49:51,347 - INFO - M409828_13, 5: 2p session in column 1, no unduplicated ROIs.
2025-07-29 15:49:51,329 - INFO - M409828_16: Loaded
2025-07-29 15:49:51,346 - INFO - M409828_13: Loaded
2025-07-29 15:49:51,348 - INFO - M409828_13, 6: 2p session in column 1, no unduplicated ROIs.
2025-07-29 15:49:51,348 - INFO - M409828_16: Plane 3 not found
2025-07-29 15:49:51,347 - INFO - M409828_14: Loaded
2025-07-29 15:49:51,363 - INFO - M409828_14, 4: 2p session in column 1, no unduplicated ROIs.
2025-07-29 15:49:51,377 - INFO - M409828_16: Loaded
2025-07-29 15:49:51,378 - INFO - M409828_16: Plane 5 not found
2025-07-29 15:49:51,362 - INFO - M409828_12: Loaded
2025-07-29 15:49:51,383 - INFO - M409828_12, 5: 2p session in column 1, no unduplicated ROIs.
2025-07-29 15:49:51,371 - INFO - M409828_16: Loaded
2025-07-29 15:49:51,390 - INFO - M409828_16: Plane 4 not found
2025-07-29 15:49:51,400 - INFO - M409828_16: Loaded
2025-07-29 15:49:51,383 - INFO - M409828_12: Loaded
2025-07-29 15:49:51,402 - INFO - M409828_12, 2: 2p session in column 1, no unduplicated ROIs.
2025-07-29 15:49:51,404 - INFO - M409828_14: Loaded
2025-07-29 15:49:51,409 - INFO - M409828_14, 6: 2p session in column 1, no unduplicated ROIs.
2025-07-29 15:49:51,415 - INFO - M409828_16: Plane 6 not found
2025-07-29 15:49:51,425 - INFO - M409828_17: Loaded
2025-07-29 15:49:51,433 - INFO - M409828_17: Plane 2 not found
2025-07-29 15:49:51,432 - INFO - M409828_15: Loaded
2025-07-29 15:49:51,435 - INFO - M409828_15, 4: 2p session in column 1, no unduplicated ROIs.
2025-07-29 15:49:51,433 - INFO - M409828_13: Loaded
2025-07-29 15:49:51,436 - INFO - M409828_13, 1: 2p session in column 1, no unduplicated ROIs.
2025-07-29 15:49:51,439 - INFO - M409828_13: Loaded
2025-07-29 15:49:51,442 - INFO - M409828_13, 4: 2p session in column 1, no unduplicated ROIs.
2025-07-29 15:49:51,436 - INFO - M409828_17: Loaded
2025-07-29 15:49:51,442 - INFO - M409828_13: Loaded
2025-07-29 15:49:51,444 - INFO - M409828_13, 3: 2p session in column 1, no unduplicated ROIs.
2025-07-29 15:49:51,452 - INFO - M409828_17: Loaded
2025-07-29 15:49:51,452 - INFO - M409828_17: Plane 3 not found
2025-07-29 15:49:51,453 - INFO - M409828_15: Loaded
2025-07-29 15:49:51,454 - INFO - M409828_15, 2: 2p session in column 1, no unduplicated ROIs.
2025-07-29 15:49:51,464 - INFO - M409828_17: Loaded
2025-07-29 15:49:51,464 - INFO - M409828_17: Plane 4 not found
2025-07-29 15:49:51,472 - INFO - M409828_17: Loaded
2025-07-29 15:49:51,473 - INFO - M409828_17: Plane 5 not found
2025-07-29 15:49:51,481 - INFO - M409828_17: Loaded
2025-07-29 15:49:51,481 - INFO - M409828_17: Plane 6 not found
2025-07-29 15:49:51,489 - INFO - M409828_14: Loaded
2025-07-29 15:49:51,491 - INFO - M409828_14, 2: 2p session in column 1, no unduplicated ROIs.
2025-07-29 15:49:51,501 - INFO - M409828_18: Loaded
2025-07-29 15:49:51,510 - INFO - M409828_14: Loaded
2025-07-29 15:49:51,513 - INFO - M409828_18: Loaded
2025-07-29 15:49:51,513 - INFO - M409828_14, 3: 2p session in column 1, no unduplicated ROIs.
2025-07-29 15:49:51,513 - INFO - M409828_18: Plane 2 not found
2025-07-29 15:49:51,516 - INFO - M409828_16: Loaded
2025-07-29 15:49:51,522 - INFO - M409828_18: Loaded
2025-07-29 15:49:51,522 - INFO - M409828_18: Plane 3 not found
2025-07-29 15:49:51,533 - INFO - M409828_15: Loaded
2025-07-29 15:49:51,534 - INFO - M409828_15, 1: 2p session in column 1, no unduplicated ROIs.
2025-07-29 15:49:51,535 - INFO - M409828_18: Loaded
2025-07-29 15:49:51,536 - INFO - M409828_18: Plane 4 not found
2025-07-29 15:49:51,536 - INFO - M409828_15: Loaded
2025-07-29 15:49:51,538 - INFO - M409828_15, 3: 2p session in column 1, no unduplicated ROIs.
2025-07-29 15:49:51,542 - INFO - M409828_18: Loaded
2025-07-29 15:49:51,543 - INFO - M409828_18: Plane 5 not found
2025-07-29 15:49:51,553 - INFO - M409828_18: Loaded
2025-07-29 15:49:51,554 - INFO - M409828_18: Plane 6 not found
2025-07-29 15:49:51,556 - INFO - M409828_14: Loaded
2025-07-29 15:49:51,557 - INFO - M409828_14, 5: 2p session in column 1, no unduplicated ROIs.
2025-07-29 15:49:51,565 - INFO - M409828_19: Loaded
2025-07-29 15:49:51,573 - INFO - M409828_16: Loaded
2025-07-29 15:49:51,573 - INFO - M409828_16: Plane 2 not found
2025-07-29 15:49:51,574 - INFO - M409828_19: Loaded
2025-07-29 15:49:51,574 - INFO - M409828_19: Plane 2 not found
2025-07-29 15:49:51,583 - INFO - M409828_19: Loaded
2025-07-29 15:49:51,583 - INFO - M409828_19: Plane 3 not found
2025-07-29 15:49:51,595 - INFO - M409828_19: Loaded
2025-07-29 15:49:51,595 - INFO - M409828_19: Plane 4 not found
2025-07-29 15:49:51,604 - INFO - M409828_19: Loaded
2025-07-29 15:49:51,605 - INFO - M409828_19: Plane 5 not found
2025-07-29 15:49:51,615 - INFO - M409828_19: Loaded
2025-07-29 15:49:51,615 - INFO - M409828_19: Plane 6 not found
2025-07-29 15:49:51,619 - INFO - M409828_15: Loaded
2025-07-29 15:49:51,619 - INFO - M409828_15, 5: 2p session in column 1, no unduplicated ROIs.
2025-07-29 15:49:51,625 - INFO - M409828_1a: Loaded
2025-07-29 15:49:51,631 - INFO - M409828_1a: Loaded
2025-07-29 15:49:51,632 - INFO - M409828_1a: Plane 2 not found
2025-07-29 15:49:51,645 - INFO - M409828_1a: Loaded
2025-07-29 15:49:51,646 - INFO - M409828_1a: Plane 3 not found
2025-07-29 15:49:51,657 - INFO - M409828_1a: Loaded
2025-07-29 15:49:51,657 - INFO - M409828_1a: Plane 4 not found
2025-07-29 15:49:51,665 - INFO - M409828_1a: Loaded
2025-07-29 15:49:51,665 - INFO - M409828_1a: Plane 5 not found
2025-07-29 15:49:51,672 - INFO - M409828_15: Loaded
2025-07-29 15:49:51,673 - INFO - M409828_15, 6: 2p session in column 1, no unduplicated ROIs.
2025-07-29 15:49:51,676 - INFO - M409828_1a: Loaded
2025-07-29 15:49:51,677 - INFO - M409828_1a: Plane 6 not found
2025-07-29 15:49:51,687 - INFO - M409828_1b: Loaded
2025-07-29 15:49:51,696 - INFO - M409828_1b: Loaded
2025-07-29 15:49:51,696 - INFO - M409828_1b: Plane 2 not found
2025-07-29 15:49:51,706 - INFO - M409828_1b: Loaded
2025-07-29 15:49:51,707 - INFO - M409828_1b: Plane 3 not found
2025-07-29 15:49:51,716 - INFO - M409828_1b: Loaded
2025-07-29 15:49:51,716 - INFO - M409828_1b: Plane 4 not found
2025-07-29 15:49:51,724 - INFO - M409828_1b: Loaded
2025-07-29 15:49:51,724 - INFO - M409828_1b: Plane 5 not found
2025-07-29 15:49:51,731 - INFO - M409828_1b: Loaded
2025-07-29 15:49:51,731 - INFO - M409828_1b: Plane 6 not found
2025-07-29 15:49:51,736 - INFO - M409828_1c: Loaded
2025-07-29 15:49:51,741 - INFO - M409828_1c: Loaded
2025-07-29 15:49:51,741 - INFO - M409828_1c: Plane 2 not found
2025-07-29 15:49:51,748 - INFO - M409828_1c: Loaded
2025-07-29 15:49:51,748 - INFO - M409828_1c: Plane 3 not found
2025-07-29 15:49:51,755 - INFO - M409828_1c: Loaded
2025-07-29 15:49:51,755 - INFO - M409828_1c: Plane 4 not found
2025-07-29 15:49:51,759 - INFO - M409828_1c: Loaded
2025-07-29 15:49:51,759 - INFO - M409828_1c: Plane 5 not found
2025-07-29 15:49:51,765 - INFO - M409828_1c: Loaded
2025-07-29 15:49:51,766 - INFO - M409828_1c: Plane 6 not found
2025-07-29 15:49:51,770 - INFO - M409828_1d: Loaded
2025-07-29 15:49:51,776 - INFO - M409828_1d: Loaded
2025-07-29 15:49:51,776 - INFO - M409828_1d: Plane 2 not found
2025-07-29 15:49:51,783 - INFO - M409828_1d: Loaded
2025-07-29 15:49:51,783 - INFO - M409828_1d: Plane 3 not found
2025-07-29 15:49:51,788 - INFO - M409828_1d: Loaded
2025-07-29 15:49:51,789 - INFO - M409828_1d: Plane 4 not found
2025-07-29 15:49:51,794 - INFO - M409828_1d: Loaded
2025-07-29 15:49:51,794 - INFO - M409828_1d: Plane 5 not found
2025-07-29 15:49:51,798 - INFO - M409828_1d: Loaded
2025-07-29 15:49:51,798 - INFO - M409828_1d: Plane 6 not found
2025-07-29 15:49:51,806 - INFO - M409828_1e: Loaded
2025-07-29 15:49:51,809 - INFO - M409828_1e: Loaded
2025-07-29 15:49:51,809 - INFO - M409828_1e: Plane 2 not found
2025-07-29 15:49:51,815 - INFO - M409828_1e: Loaded
2025-07-29 15:49:51,816 - INFO - M409828_1e: Plane 3 not found
2025-07-29 15:49:51,820 - INFO - M409828_1e: Loaded
2025-07-29 15:49:51,820 - INFO - M409828_1e: Plane 4 not found
2025-07-29 15:49:51,827 - INFO - M409828_1e: Loaded
2025-07-29 15:49:51,827 - INFO - M409828_1e: Plane 5 not found
2025-07-29 15:49:51,832 - INFO - M409828_1e: Loaded
2025-07-29 15:49:51,832 - INFO - M409828_1e: Plane 6 not found
2025-07-29 15:49:51,837 - INFO - M409828_1f: Loaded
2025-07-29 15:49:51,843 - INFO - M409828_1f: Loaded
2025-07-29 15:49:51,844 - INFO - M409828_1f: Plane 2 not found
2025-07-29 15:49:51,847 - INFO - M409828_1f: Loaded
2025-07-29 15:49:51,848 - INFO - M409828_1f: Plane 3 not found
2025-07-29 15:49:51,854 - INFO - M409828_1f: Loaded
2025-07-29 15:49:51,854 - INFO - M409828_1f: Plane 4 not found
2025-07-29 15:49:51,858 - INFO - M409828_1f: Loaded
2025-07-29 15:49:51,858 - INFO - M409828_1f: Plane 5 not found
2025-07-29 15:49:51,863 - INFO - M409828_1f: Loaded
2025-07-29 15:49:51,863 - INFO - M409828_1f: Plane 6 not found
2025-07-29 15:49:51,888 - INFO - M409828_21: Loaded
2025-07-29 15:49:51,889 - INFO - M409828_21: Loaded
2025-07-29 15:49:51,898 - INFO - M409828_21: Loaded
2025-07-29 15:49:51,906 - INFO - M409828_21: Loaded
2025-07-29 15:49:51,907 - INFO - M409828_21: Loaded
2025-07-29 15:49:51,912 - INFO - M409828_21: Loaded
2025-07-29 15:49:51,913 - INFO - M409828_22: Loaded
2025-07-29 15:49:51,920 - INFO - M409828_22: Loaded
2025-07-29 15:49:51,923 - INFO - M409828_22: Loaded
2025-07-29 15:49:51,931 - INFO - M409828_22: Loaded
2025-07-29 15:49:51,936 - INFO - M409828_22: Loaded
2025-07-29 15:49:51,943 - INFO - M409828_22: Loaded
2025-07-29 15:49:51,949 - INFO - M409828_23: Loaded
2025-07-29 15:49:51,954 - INFO - M409828_23: Loaded
2025-07-29 15:49:51,959 - INFO - M409828_23: Loaded
2025-07-29 15:49:51,964 - INFO - M409828_23: Loaded
2025-07-29 15:49:51,969 - INFO - M409828_23: Loaded
2025-07-29 15:49:51,978 - INFO - M409828_23: Loaded
2025-07-29 15:49:51,981 - INFO - M409828_24: Loaded
2025-07-29 15:49:51,986 - INFO - M409828_24: Loaded
2025-07-29 15:49:51,992 - INFO - M409828_24: Loaded
2025-07-29 15:49:51,998 - INFO - M409828_24: Loaded
2025-07-29 15:49:52,004 - INFO - M409828_24: Loaded
2025-07-29 15:49:52,011 - INFO - M409828_24: Loaded
2025-07-29 15:49:52,011 - INFO - M409828_25: Loaded
2025-07-29 15:49:52,017 - INFO - M409828_25: Loaded
2025-07-29 15:49:52,022 - INFO - M409828_25: Loaded
2025-07-29 15:49:52,027 - INFO - M409828_25: Loaded
2025-07-29 15:49:52,033 - INFO - M409828_25: Loaded
2025-07-29 15:49:52,038 - INFO - M409828_25: Loaded
2025-07-29 15:49:52,049 - INFO - M409828_31: Loaded
2025-07-29 15:49:52,056 - INFO - M409828_31: Loaded
2025-07-29 15:49:52,061 - INFO - M409828_31: Loaded
2025-07-29 15:49:52,066 - INFO - M409828_31: Loaded
2025-07-29 15:49:52,073 - INFO - M409828_31: Loaded
2025-07-29 15:49:52,078 - INFO - M409828_31: Loaded
2025-07-29 15:49:52,080 - INFO - M409828_32: Loaded
2025-07-29 15:49:52,087 - INFO - M409828_32: Loaded
2025-07-29 15:49:52,092 - INFO - M409828_32: Loaded
2025-07-29 15:49:52,098 - INFO - M409828_32: Loaded
2025-07-29 15:49:52,103 - INFO - M409828_32: Loaded
2025-07-29 15:49:52,110 - INFO - M409828_32: Loaded
2025-07-29 15:49:52,113 - INFO - M409828_33: Loaded
2025-07-29 15:49:52,119 - INFO - M409828_33: Loaded
2025-07-29 15:49:52,126 - INFO - M409828_33: Loaded
2025-07-29 15:49:52,130 - INFO - M409828_33: Loaded
2025-07-29 15:49:52,137 - INFO - M409828_33: Loaded
2025-07-29 15:49:52,142 - INFO - M409828_33: Loaded
2025-07-29 15:49:52,146 - INFO - M409828_34: Loaded
2025-07-29 15:49:52,153 - INFO - M409828_34: Loaded
2025-07-29 15:49:52,157 - INFO - M409828_34: Loaded
2025-07-29 15:49:52,163 - INFO - M409828_34: Loaded
2025-07-29 15:49:52,168 - INFO - M409828_34: Loaded
2025-07-29 15:49:52,176 - INFO - M409828_34: Loaded
2025-07-29 15:49:52,177 - INFO - M409828_35: Loaded
2025-07-29 15:49:52,183 - INFO - M409828_35: Loaded
2025-07-29 15:49:52,188 - INFO - M409828_35: Loaded
2025-07-29 15:49:52,193 - INFO - M409828_35: Loaded
2025-07-29 15:49:52,200 - INFO - M409828_35: Loaded
2025-07-29 15:49:52,205 - INFO - M409828_35: Loaded
2025-07-29 15:49:52,220 - INFO - M409828_41: Loaded
2025-07-29 15:49:52,225 - INFO - M409828_41: Loaded
2025-07-29 15:49:52,231 - INFO - M409828_41: Loaded
2025-07-29 15:49:52,231 - INFO - M409828_41, 1: Not enough X_data (training), only have 0 rois, cannot perform decoding
2025-07-29 15:49:52,236 - INFO - M409828_41: Loaded
2025-07-29 15:49:52,241 - INFO - M409828_41: Loaded
2025-07-29 15:49:52,247 - INFO - M409828_41: Loaded
2025-07-29 15:49:52,252 - INFO - M409828_42: Loaded
2025-07-29 15:49:52,263 - INFO - M409828_42: Loaded
2025-07-29 15:49:52,267 - INFO - M409828_42: Loaded
2025-07-29 15:49:52,267 - INFO - M409828_42: Loaded
2025-07-29 15:49:52,282 - INFO - M409828_42: Loaded
2025-07-29 15:49:52,284 - INFO - M409828_43: Loaded
2025-07-29 15:49:52,287 - INFO - M409828_42: Loaded
2025-07-29 15:49:52,290 - INFO - M409828_43: Loaded
2025-07-29 15:49:52,296 - INFO - M409828_43: Loaded
2025-07-29 15:49:52,302 - INFO - M409828_43: Loaded
2025-07-29 15:49:52,307 - INFO - M409828_43: Loaded
2025-07-29 15:49:52,314 - INFO - M409828_43: Loaded
2025-07-29 15:49:52,319 - INFO - M409828_44: Loaded
2025-07-29 15:49:52,325 - INFO - M409828_44: Loaded
2025-07-29 15:49:52,331 - INFO - M409828_44: Loaded
2025-07-29 15:49:52,337 - INFO - M409828_44: Loaded
2025-07-29 15:49:52,342 - INFO - M409828_44: Loaded
2025-07-29 15:49:52,348 - INFO - M409828_44: Loaded
2025-07-29 15:49:52,350 - INFO - M409828_45: Loaded
2025-07-29 15:49:52,355 - INFO - M409828_45: Loaded
2025-07-29 15:49:52,361 - INFO - M409828_45: Loaded
2025-07-29 15:49:52,366 - INFO - M409828_45: Loaded
2025-07-29 15:49:52,373 - INFO - M409828_45: Loaded
2025-07-29 15:49:52,378 - INFO - M409828_45: Loaded
2025-07-29 15:49:52,390 - INFO - M409828_51: Loaded
2025-07-29 15:49:52,397 - INFO - M409828_51: Loaded
2025-07-29 15:49:52,402 - INFO - M409828_51: Loaded
2025-07-29 15:49:52,408 - INFO - M409828_51: Loaded
2025-07-29 15:49:52,413 - INFO - M409828_51: Loaded
2025-07-29 15:49:52,419 - INFO - M409828_51: Loaded
2025-07-29 15:49:52,426 - INFO - M409828_52: Loaded
2025-07-29 15:49:52,431 - INFO - M409828_52: Loaded
2025-07-29 15:49:52,440 - INFO - M409828_52: Loaded
2025-07-29 15:49:52,449 - INFO - M409828_52: Loaded
2025-07-29 15:49:52,452 - INFO - M409828_52: Loaded
2025-07-29 15:49:52,454 - INFO - M409828_52: Loaded
2025-07-29 15:49:52,458 - INFO - M409828_53: Loaded
2025-07-29 15:49:52,462 - INFO - M409828_53: Loaded
2025-07-29 15:49:52,470 - INFO - M409828_53: Loaded
2025-07-29 15:49:52,474 - INFO - M409828_53: Loaded
2025-07-29 15:49:52,481 - INFO - M409828_53: Loaded
2025-07-29 15:49:52,484 - INFO - M409828_53: Loaded
2025-07-29 15:49:52,488 - INFO - M409828_54: Loaded
2025-07-29 15:49:52,493 - INFO - M409828_54: Loaded
2025-07-29 15:49:52,499 - INFO - M409828_54: Loaded
2025-07-29 15:49:52,504 - INFO - M409828_54: Loaded
2025-07-29 15:49:52,509 - INFO - M409828_54: Loaded
2025-07-29 15:49:52,516 - INFO - M409828_54: Loaded
2025-07-29 15:49:52,518 - INFO - M409828_55: Loaded
2025-07-29 15:49:52,523 - INFO - M409828_55: Loaded
2025-07-29 15:49:52,529 - INFO - M409828_55: Loaded
2025-07-29 15:49:52,534 - INFO - M409828_55: Loaded
2025-07-29 15:49:52,539 - INFO - M409828_55: Loaded
2025-07-29 15:49:52,546 - INFO - M409828_55: Loaded
2025-07-29 15:49:52,560 - INFO - M416296_11: Loaded
2025-07-29 15:49:52,561 - INFO - M416296_11, 1: 2p session in column 1, no unduplicated ROIs.
2025-07-29 15:49:52,566 - INFO - M416296_11: Loaded
2025-07-29 15:49:52,567 - INFO - M416296_11, 2: 2p session in column 1, no unduplicated ROIs.
2025-07-29 15:49:52,573 - INFO - M416296_11: Loaded
2025-07-29 15:49:52,574 - INFO - M416296_11, 3: 2p session in column 1, no unduplicated ROIs.
2025-07-29 15:49:52,578 - INFO - M416296_11: Loaded
2025-07-29 15:49:52,579 - INFO - M416296_11, 4: 2p session in column 1, no unduplicated ROIs.
2025-07-29 15:49:52,584 - INFO - M416296_11: Loaded
2025-07-29 15:49:52,584 - INFO - M416296_11, 5: 2p session in column 1, no unduplicated ROIs.
2025-07-29 15:49:52,588 - INFO - M416296_12: Loaded
2025-07-29 15:49:52,588 - INFO - M416296_12, 1: 2p session in column 1, no unduplicated ROIs.
2025-07-29 15:49:52,588 - INFO - M416296_11: Loaded
2025-07-29 15:49:52,588 - INFO - M416296_11, 6: 2p session in column 1, no unduplicated ROIs.
2025-07-29 15:49:52,595 - INFO - M416296_12: Loaded
2025-07-29 15:49:52,595 - INFO - M416296_12, 2: 2p session in column 1, no unduplicated ROIs.
2025-07-29 15:49:52,599 - INFO - M416296_12: Loaded
2025-07-29 15:49:52,600 - INFO - M416296_12, 3: 2p session in column 1, no unduplicated ROIs.
2025-07-29 15:49:52,604 - INFO - M416296_12: Loaded
2025-07-29 15:49:52,604 - INFO - M416296_12, 4: 2p session in column 1, no unduplicated ROIs.
2025-07-29 15:49:52,618 - INFO - M416296_12: Loaded
2025-07-29 15:49:52,618 - INFO - M416296_12, 5: 2p session in column 1, no unduplicated ROIs.
2025-07-29 15:49:52,624 - INFO - M416296_12: Loaded
2025-07-29 15:49:52,624 - INFO - M416296_12, 6: 2p session in column 1, no unduplicated ROIs.
2025-07-29 15:49:52,629 - INFO - M416296_13: Loaded
2025-07-29 15:49:52,629 - INFO - M416296_13, 2: 2p session in column 1, no unduplicated ROIs.
2025-07-29 15:49:52,630 - INFO - M416296_13: Loaded
2025-07-29 15:49:52,630 - INFO - M416296_13, 1: 2p session in column 1, no unduplicated ROIs.
2025-07-29 15:49:52,636 - INFO - M416296_13: Loaded
2025-07-29 15:49:52,636 - INFO - M416296_13, 3: 2p session in column 1, no unduplicated ROIs.
2025-07-29 15:49:52,640 - INFO - M416296_13: Loaded
2025-07-29 15:49:52,640 - INFO - M416296_13, 4: 2p session in column 1, no unduplicated ROIs.
2025-07-29 15:49:52,647 - INFO - M416296_13: Loaded
2025-07-29 15:49:52,647 - INFO - M416296_13, 5: 2p session in column 1, no unduplicated ROIs.
2025-07-29 15:49:52,652 - INFO - M416296_13: Loaded
2025-07-29 15:49:52,652 - INFO - M416296_13, 6: 2p session in column 1, no unduplicated ROIs.
2025-07-29 15:49:52,655 - INFO - M416296_14: Loaded
2025-07-29 15:49:52,655 - INFO - M416296_14, 1: 2p session in column 1, no unduplicated ROIs.
2025-07-29 15:49:52,661 - INFO - M416296_14: Loaded
2025-07-29 15:49:52,661 - INFO - M416296_14, 2: 2p session in column 1, no unduplicated ROIs.
2025-07-29 15:49:52,666 - INFO - M416296_14: Loaded
2025-07-29 15:49:52,667 - INFO - M416296_14, 3: 2p session in column 1, no unduplicated ROIs.
2025-07-29 15:49:52,672 - INFO - M416296_14: Loaded
2025-07-29 15:49:52,672 - INFO - M416296_14, 4: 2p session in column 1, no unduplicated ROIs.
2025-07-29 15:49:52,678 - INFO - M416296_14: Loaded
2025-07-29 15:49:52,678 - INFO - M416296_14, 5: 2p session in column 1, no unduplicated ROIs.
2025-07-29 15:49:52,683 - INFO - M416296_14: Loaded
2025-07-29 15:49:52,683 - INFO - M416296_14, 6: 2p session in column 1, no unduplicated ROIs.
2025-07-29 15:49:52,687 - INFO - M416296_15: Loaded
2025-07-29 15:49:52,687 - INFO - M416296_15, 1: 2p session in column 1, no unduplicated ROIs.
2025-07-29 15:49:52,693 - INFO - M416296_15: Loaded
2025-07-29 15:49:52,694 - INFO - M416296_15, 2: 2p session in column 1, no unduplicated ROIs.
2025-07-29 15:49:52,699 - INFO - M416296_15: Loaded
2025-07-29 15:49:52,699 - INFO - M416296_15, 3: 2p session in column 1, no unduplicated ROIs.
2025-07-29 15:49:52,711 - INFO - M416296_15: Loaded
2025-07-29 15:49:52,711 - INFO - M416296_15: Loaded
2025-07-29 15:49:52,711 - INFO - M416296_15, 5: 2p session in column 1, no unduplicated ROIs.
2025-07-29 15:49:52,711 - INFO - M416296_15, 4: 2p session in column 1, no unduplicated ROIs.
2025-07-29 15:49:52,716 - INFO - M416296_15: Loaded
2025-07-29 15:49:52,717 - INFO - M416296_15, 6: 2p session in column 1, no unduplicated ROIs.
2025-07-29 15:49:52,719 - INFO - M416296_17: Loaded
2025-07-29 15:49:52,725 - INFO - M416296_17: Loaded
2025-07-29 15:49:52,725 - INFO - M416296_17: Plane 2 not found
2025-07-29 15:49:52,730 - INFO - M416296_17: Loaded
2025-07-29 15:49:52,731 - INFO - M416296_17: Plane 3 not found
2025-07-29 15:49:52,737 - INFO - M416296_17: Loaded
2025-07-29 15:49:52,737 - INFO - M416296_17: Plane 4 not found
2025-07-29 15:49:52,742 - INFO - M416296_17: Loaded
2025-07-29 15:49:52,742 - INFO - M416296_17: Plane 5 not found
2025-07-29 15:49:52,748 - INFO - M416296_17: Loaded
2025-07-29 15:49:52,748 - INFO - M416296_17: Plane 6 not found
2025-07-29 15:49:52,752 - INFO - M416296_18: Loaded
2025-07-29 15:49:52,757 - INFO - M416296_18: Loaded
2025-07-29 15:49:52,758 - INFO - M416296_18: Plane 2 not found
2025-07-29 15:49:52,762 - INFO - M416296_18: Loaded
2025-07-29 15:49:52,763 - INFO - M416296_18: Plane 3 not found
2025-07-29 15:49:52,768 - INFO - M416296_18: Loaded
2025-07-29 15:49:52,769 - INFO - M416296_18: Plane 4 not found
2025-07-29 15:49:52,775 - INFO - M416296_18: Loaded
2025-07-29 15:49:52,775 - INFO - M416296_18: Plane 5 not found
2025-07-29 15:49:52,780 - INFO - M416296_18: Loaded
2025-07-29 15:49:52,780 - INFO - M416296_18: Plane 6 not found
2025-07-29 15:49:52,788 - INFO - M416296_19: Loaded
2025-07-29 15:49:52,792 - INFO - M416296_19: Loaded
2025-07-29 15:49:52,792 - INFO - M416296_19: Plane 2 not found
2025-07-29 15:49:52,798 - INFO - M416296_19: Loaded
2025-07-29 15:49:52,798 - INFO - M416296_19: Plane 3 not found
2025-07-29 15:49:52,804 - INFO - M416296_19: Loaded
2025-07-29 15:49:52,804 - INFO - M416296_19: Plane 4 not found
2025-07-29 15:49:52,813 - INFO - M416296_19: Loaded
2025-07-29 15:49:52,814 - INFO - M416296_19: Plane 5 not found
2025-07-29 15:49:52,817 - INFO - M416296_19: Loaded
2025-07-29 15:49:52,817 - INFO - M416296_19: Plane 6 not found
2025-07-29 15:49:52,823 - INFO - M416296_1a: Loaded
2025-07-29 15:49:52,826 - INFO - M416296_1a: Loaded
2025-07-29 15:49:52,826 - INFO - M416296_1a: Plane 2 not found
2025-07-29 15:49:52,831 - INFO - M416296_1a: Loaded
2025-07-29 15:49:52,831 - INFO - M416296_1a: Plane 3 not found
2025-07-29 15:49:52,837 - INFO - M416296_1a: Loaded
2025-07-29 15:49:52,838 - INFO - M416296_1a: Plane 4 not found
2025-07-29 15:49:52,842 - INFO - M416296_1a: Loaded
2025-07-29 15:49:52,843 - INFO - M416296_1a: Plane 5 not found
2025-07-29 15:49:52,848 - INFO - M416296_1a: Loaded
2025-07-29 15:49:52,848 - INFO - M416296_1a: Plane 6 not found
2025-07-29 15:49:52,853 - INFO - M416296_1b: Loaded
2025-07-29 15:49:52,859 - INFO - M416296_1b: Loaded
2025-07-29 15:49:52,859 - INFO - M416296_1b: Plane 2 not found
2025-07-29 15:49:52,864 - INFO - M416296_1b: Loaded
2025-07-29 15:49:52,864 - INFO - M416296_1b: Plane 3 not found
2025-07-29 15:49:52,871 - INFO - M416296_1b: Loaded
2025-07-29 15:49:52,871 - INFO - M416296_1b: Plane 4 not found
2025-07-29 15:49:52,876 - INFO - M416296_1b: Loaded
2025-07-29 15:49:52,877 - INFO - M416296_1b: Plane 5 not found
2025-07-29 15:49:52,881 - INFO - M416296_1b: Loaded
2025-07-29 15:49:52,881 - INFO - M416296_1b: Plane 6 not found
2025-07-29 15:49:52,887 - INFO - M416296_1c: Loaded
2025-07-29 15:49:52,892 - INFO - M416296_1c: Loaded
2025-07-29 15:49:52,892 - INFO - M416296_1c: Plane 2 not found
2025-07-29 15:49:52,898 - INFO - M416296_1c: Loaded
2025-07-29 15:49:52,898 - INFO - M416296_1c: Plane 3 not found
2025-07-29 15:49:52,903 - INFO - M416296_1c: Loaded
2025-07-29 15:49:52,903 - INFO - M416296_1c: Plane 4 not found
2025-07-29 15:49:52,909 - INFO - M416296_1c: Loaded
2025-07-29 15:49:52,909 - INFO - M416296_1c: Plane 5 not found
2025-07-29 15:49:52,913 - INFO - M416296_1c: Loaded
2025-07-29 15:49:52,913 - INFO - M416296_1c: Plane 6 not found
2025-07-29 15:49:52,933 - INFO - M416296_21: Loaded
2025-07-29 15:49:52,938 - INFO - M416296_21: Loaded
2025-07-29 15:49:52,946 - INFO - M416296_21: Loaded
2025-07-29 15:49:52,949 - INFO - M416296_21: Loaded
2025-07-29 15:49:52,956 - INFO - M416296_21: Loaded
2025-07-29 15:49:52,959 - INFO - M416296_21: Loaded
2025-07-29 15:49:52,961 - INFO - M416296_22: Loaded
2025-07-29 15:49:52,967 - INFO - M416296_22: Loaded
2025-07-29 15:49:52,974 - INFO - M416296_22: Loaded
2025-07-29 15:49:52,978 - INFO - M416296_22: Loaded
2025-07-29 15:49:52,985 - INFO - M416296_22: Loaded
2025-07-29 15:49:52,996 - INFO - M416296_22: Loaded
2025-07-29 15:49:53,000 - INFO - M416296_23: Loaded
2025-07-29 15:49:53,001 - INFO - M416296_23: Loaded
2025-07-29 15:49:53,006 - INFO - M416296_23: Loaded
2025-07-29 15:49:53,010 - INFO - M416296_23: Loaded
2025-07-29 15:49:53,015 - INFO - M416296_23: Loaded
2025-07-29 15:49:53,020 - INFO - M416296_23: Loaded
2025-07-29 15:49:53,025 - INFO - M416296_24: Loaded
2025-07-29 15:49:53,037 - INFO - M416296_24: Loaded
2025-07-29 15:49:53,039 - INFO - M416296_24: Loaded
2025-07-29 15:49:53,049 - INFO - M416296_24: Loaded
2025-07-29 15:49:53,057 - INFO - M416296_24: Loaded
2025-07-29 15:49:53,062 - INFO - M416296_24: Loaded
2025-07-29 15:49:53,066 - INFO - M416296_25: Loaded
2025-07-29 15:49:53,072 - INFO - M416296_25: Loaded
2025-07-29 15:49:53,083 - INFO - M416296_25: Loaded
2025-07-29 15:49:53,088 - INFO - M416296_25: Loaded
2025-07-29 15:49:53,090 - INFO - M416296_25: Loaded
2025-07-29 15:49:53,095 - INFO - M416296_25: Loaded
2025-07-29 15:49:53,106 - INFO - M416296_31: Loaded
2025-07-29 15:49:53,113 - INFO - M416296_31: Loaded
2025-07-29 15:49:53,119 - INFO - M416296_31: Loaded
2025-07-29 15:49:53,123 - INFO - M416296_31: Loaded
2025-07-29 15:49:53,131 - INFO - M416296_31: Loaded
2025-07-29 15:49:53,135 - INFO - M416296_31: Loaded
2025-07-29 15:49:53,137 - INFO - M416296_32: Loaded
2025-07-29 15:49:53,144 - INFO - M416296_32: Loaded
2025-07-29 15:49:53,148 - INFO - M416296_32: Loaded
2025-07-29 15:49:53,153 - INFO - M416296_32: Loaded
2025-07-29 15:49:53,163 - INFO - M416296_32: Loaded
2025-07-29 15:49:53,170 - INFO - M416296_32: Loaded
2025-07-29 15:49:53,172 - INFO - M416296_33: Loaded
2025-07-29 15:49:53,179 - INFO - M416296_33: Loaded
2025-07-29 15:49:53,181 - INFO - M416296_33: Loaded
2025-07-29 15:49:53,188 - INFO - M416296_33: Loaded
2025-07-29 15:49:53,195 - INFO - M416296_33: Loaded
2025-07-29 15:49:53,201 - INFO - M416296_33: Loaded
2025-07-29 15:49:53,203 - INFO - M416296_34: Loaded
2025-07-29 15:49:53,211 - INFO - M416296_34: Loaded
2025-07-29 15:49:53,214 - INFO - M416296_34: Loaded
2025-07-29 15:49:53,220 - INFO - M416296_34: Loaded
2025-07-29 15:49:53,227 - INFO - M416296_34: Loaded
2025-07-29 15:49:53,231 - INFO - M416296_34: Loaded
2025-07-29 15:49:53,239 - INFO - M416296_35: Loaded
2025-07-29 15:49:53,243 - INFO - M416296_35: Loaded
2025-07-29 15:49:53,253 - INFO - M416296_35: Loaded
2025-07-29 15:49:53,262 - INFO - M416296_35: Loaded
2025-07-29 15:49:53,263 - INFO - M416296_35: Loaded
2025-07-29 15:49:53,266 - INFO - M416296_35: Loaded
2025-07-29 15:49:53,287 - INFO - M416296_41: Loaded
2025-07-29 15:49:53,292 - INFO - M416296_41: Loaded
2025-07-29 15:49:53,300 - INFO - M416296_41: Loaded
2025-07-29 15:49:53,307 - INFO - M416296_41: Loaded
2025-07-29 15:49:53,311 - INFO - M416296_41: Loaded
2025-07-29 15:49:53,314 - INFO - M416296_42: Loaded
2025-07-29 15:49:53,316 - INFO - M416296_41: Loaded
2025-07-29 15:49:53,318 - INFO - M416296_42: Loaded
2025-07-29 15:49:53,325 - INFO - M416296_42: Loaded
2025-07-29 15:49:53,332 - INFO - M416296_42: Loaded
2025-07-29 15:49:53,337 - INFO - M416296_42: Loaded
2025-07-29 15:49:53,341 - INFO - M416296_42: Loaded
2025-07-29 15:49:53,348 - INFO - M416296_43: Loaded
2025-07-29 15:49:53,352 - INFO - M416296_43: Loaded
2025-07-29 15:49:53,359 - INFO - M416296_43: Loaded
2025-07-29 15:49:53,365 - INFO - M416296_43: Loaded
2025-07-29 15:49:53,370 - INFO - M416296_43: Loaded
2025-07-29 15:49:53,377 - INFO - M416296_43: Loaded
2025-07-29 15:49:53,380 - INFO - M416296_44: Loaded
2025-07-29 15:49:53,385 - INFO - M416296_44: Loaded
2025-07-29 15:49:53,390 - INFO - M416296_44: Loaded
2025-07-29 15:49:53,398 - INFO - M416296_44: Loaded
2025-07-29 15:49:53,401 - INFO - M416296_44: Loaded
2025-07-29 15:49:53,407 - INFO - M416296_44: Loaded
2025-07-29 15:49:53,410 - INFO - M416296_45: Loaded
2025-07-29 15:49:53,416 - INFO - M416296_45: Loaded
2025-07-29 15:49:53,422 - INFO - M416296_45: Loaded
2025-07-29 15:49:53,427 - INFO - M416296_45: Loaded
2025-07-29 15:49:53,433 - INFO - M416296_45: Loaded
2025-07-29 15:49:53,441 - INFO - M416296_45: Loaded
2025-07-29 15:49:53,454 - INFO - M416296_51: Loaded
2025-07-29 15:49:53,459 - INFO - M416296_51: Loaded
2025-07-29 15:49:53,465 - INFO - M416296_51: Loaded
2025-07-29 15:49:53,471 - INFO - M416296_51: Loaded
2025-07-29 15:49:53,475 - INFO - M416296_51: Loaded
2025-07-29 15:49:53,489 - INFO - M416296_52: Loaded
2025-07-29 15:49:53,491 - INFO - M416296_51: Loaded
2025-07-29 15:49:53,493 - INFO - M416296_52: Loaded
2025-07-29 15:49:53,494 - INFO - M416296_52: Loaded
2025-07-29 15:49:53,500 - INFO - M416296_52: Loaded
2025-07-29 15:49:53,505 - INFO - M416296_52: Loaded
2025-07-29 15:49:53,513 - INFO - M416296_52: Loaded
2025-07-29 15:49:53,515 - INFO - M416296_53: Loaded
2025-07-29 15:49:53,523 - INFO - M416296_53: Loaded
2025-07-29 15:49:53,528 - INFO - M416296_53: Loaded
2025-07-29 15:49:53,532 - INFO - M416296_53: Loaded
2025-07-29 15:49:53,539 - INFO - M416296_53: Loaded
2025-07-29 15:49:53,543 - INFO - M416296_53: Loaded
2025-07-29 15:49:53,547 - INFO - M416296_54: Loaded
2025-07-29 15:49:53,554 - INFO - M416296_54: Loaded
2025-07-29 15:49:53,558 - INFO - M416296_54: Loaded
2025-07-29 15:49:53,563 - INFO - M416296_54: Loaded
2025-07-29 15:49:53,569 - INFO - M416296_54: Loaded
2025-07-29 15:49:53,575 - INFO - M416296_54: Loaded
2025-07-29 15:49:53,578 - INFO - M416296_55: Loaded
2025-07-29 15:49:53,584 - INFO - M416296_55: Loaded
2025-07-29 15:49:53,589 - INFO - M416296_55: Loaded
2025-07-29 15:49:53,594 - INFO - M416296_55: Loaded
2025-07-29 15:49:53,600 - INFO - M416296_55: Loaded
2025-07-29 15:49:53,609 - INFO - M416296_55: Loaded
2025-07-29 15:49:53,619 - INFO - M427836_11: Loaded
2025-07-29 15:49:53,619 - INFO - M427836_11, 1: 2p session in column 1, no unduplicated ROIs.
2025-07-29 15:49:53,625 - INFO - M427836_11: Loaded
2025-07-29 15:49:53,625 - INFO - M427836_11, 2: 2p session in column 1, no unduplicated ROIs.
2025-07-29 15:49:53,632 - INFO - M427836_11: Loaded
2025-07-29 15:49:53,632 - INFO - M427836_11, 3: 2p session in column 1, no unduplicated ROIs.
2025-07-29 15:49:53,638 - INFO - M427836_11: Loaded
2025-07-29 15:49:53,639 - INFO - M427836_11, 4: 2p session in column 1, no unduplicated ROIs.
2025-07-29 15:49:53,643 - INFO - M427836_11: Loaded
2025-07-29 15:49:53,643 - INFO - M427836_11, 5: 2p session in column 1, no unduplicated ROIs.
2025-07-29 15:49:53,650 - INFO - M427836_11: Loaded
2025-07-29 15:49:53,650 - INFO - M427836_11, 6: 2p session in column 1, no unduplicated ROIs.
2025-07-29 15:49:53,653 - INFO - M427836_12: Loaded
2025-07-29 15:49:53,653 - INFO - M427836_12, 1: 2p session in column 1, no unduplicated ROIs.
2025-07-29 15:49:53,664 - INFO - M427836_12: Loaded
2025-07-29 15:49:53,665 - INFO - M427836_12, 2: 2p session in column 1, no unduplicated ROIs.
2025-07-29 15:49:53,666 - INFO - M427836_12: Loaded
2025-07-29 15:49:53,667 - INFO - M427836_12, 3: 2p session in column 1, no unduplicated ROIs.
2025-07-29 15:49:53,671 - INFO - M427836_12: Loaded
2025-07-29 15:49:53,672 - INFO - M427836_12, 4: 2p session in column 1, no unduplicated ROIs.
2025-07-29 15:49:53,680 - INFO - M427836_12: Loaded
2025-07-29 15:49:53,680 - INFO - M427836_12, 5: 2p session in column 1, no unduplicated ROIs.
2025-07-29 15:49:53,682 - INFO - M427836_12: Loaded
2025-07-29 15:49:53,682 - INFO - M427836_12, 6: 2p session in column 1, no unduplicated ROIs.
2025-07-29 15:49:53,684 - INFO - M427836_13: Loaded
2025-07-29 15:49:53,685 - INFO - M427836_13, 1: 2p session in column 1, no unduplicated ROIs.
2025-07-29 15:49:53,692 - INFO - M427836_13: Loaded
2025-07-29 15:49:53,693 - INFO - M427836_13, 2: 2p session in column 1, no unduplicated ROIs.
2025-07-29 15:49:53,704 - INFO - M427836_13: Loaded
2025-07-29 15:49:53,705 - INFO - M427836_13, 3: 2p session in column 1, no unduplicated ROIs.
2025-07-29 15:49:53,708 - INFO - M427836_13: Loaded
2025-07-29 15:49:53,708 - INFO - M427836_13, 5: 2p session in column 1, no unduplicated ROIs.
2025-07-29 15:49:53,709 - INFO - M427836_13: Loaded
2025-07-29 15:49:53,709 - INFO - M427836_13, 4: 2p session in column 1, no unduplicated ROIs.
2025-07-29 15:49:53,712 - INFO - M427836_13: Loaded
2025-07-29 15:49:53,712 - INFO - M427836_13, 6: 2p session in column 1, no unduplicated ROIs.
2025-07-29 15:49:53,713 - INFO - M427836_14: Loaded
2025-07-29 15:49:53,713 - INFO - M427836_14, 1: 2p session in column 1, no unduplicated ROIs.
2025-07-29 15:49:53,727 - INFO - M427836_14: Loaded
2025-07-29 15:49:53,728 - INFO - M427836_14, 2: 2p session in column 1, no unduplicated ROIs.
2025-07-29 15:49:53,730 - INFO - M427836_14: Loaded
2025-07-29 15:49:53,730 - INFO - M427836_14: Loaded
2025-07-29 15:49:53,730 - INFO - M427836_14, 4: 2p session in column 1, no unduplicated ROIs.
2025-07-29 15:49:53,730 - INFO - M427836_14, 3: 2p session in column 1, no unduplicated ROIs.
2025-07-29 15:49:53,735 - INFO - M427836_14: Loaded
2025-07-29 15:49:53,735 - INFO - M427836_14, 5: 2p session in column 1, no unduplicated ROIs.
2025-07-29 15:49:53,739 - INFO - M427836_14: Loaded
2025-07-29 15:49:53,739 - INFO - M427836_14, 6: 2p session in column 1, no unduplicated ROIs.
2025-07-29 15:49:53,742 - INFO - M427836_15: Loaded
2025-07-29 15:49:53,742 - INFO - M427836_15, 1: 2p session in column 1, no unduplicated ROIs.
2025-07-29 15:49:53,748 - INFO - M427836_15: Loaded
2025-07-29 15:49:53,749 - INFO - M427836_15, 2: 2p session in column 1, no unduplicated ROIs.
2025-07-29 15:49:53,753 - INFO - M427836_15: Loaded
2025-07-29 15:49:53,753 - INFO - M427836_15, 3: 2p session in column 1, no unduplicated ROIs.
2025-07-29 15:49:53,758 - INFO - M427836_15: Loaded
2025-07-29 15:49:53,759 - INFO - M427836_15, 4: 2p session in column 1, no unduplicated ROIs.
2025-07-29 15:49:53,763 - INFO - M427836_15: Loaded
2025-07-29 15:49:53,763 - INFO - M427836_15, 5: 2p session in column 1, no unduplicated ROIs.
2025-07-29 15:49:53,768 - INFO - M427836_15: Loaded
2025-07-29 15:49:53,768 - INFO - M427836_15, 6: 2p session in column 1, no unduplicated ROIs.
2025-07-29 15:49:53,770 - INFO - M427836_16: Loaded
2025-07-29 15:49:53,775 - INFO - M427836_16: Loaded
2025-07-29 15:49:53,776 - INFO - M427836_16: Plane 2 not found
2025-07-29 15:49:53,781 - INFO - M427836_16: Loaded
2025-07-29 15:49:53,781 - INFO - M427836_16: Plane 3 not found
2025-07-29 15:49:53,786 - INFO - M427836_16: Loaded
2025-07-29 15:49:53,786 - INFO - M427836_16: Plane 4 not found
2025-07-29 15:49:53,792 - INFO - M427836_16: Loaded
2025-07-29 15:49:53,793 - INFO - M427836_16: Plane 5 not found
2025-07-29 15:49:53,796 - INFO - M427836_16: Loaded
2025-07-29 15:49:53,797 - INFO - M427836_16: Plane 6 not found
2025-07-29 15:49:53,802 - INFO - M427836_17: Loaded
2025-07-29 15:49:53,808 - INFO - M427836_17: Loaded
2025-07-29 15:49:53,808 - INFO - M427836_17: Plane 2 not found
2025-07-29 15:49:53,817 - INFO - M427836_17: Loaded
2025-07-29 15:49:53,818 - INFO - M427836_17: Plane 3 not found
2025-07-29 15:49:53,821 - INFO - M427836_17: Loaded
2025-07-29 15:49:53,821 - INFO - M427836_17: Plane 4 not found
2025-07-29 15:49:53,824 - INFO - M427836_17: Loaded
2025-07-29 15:49:53,824 - INFO - M427836_17: Plane 5 not found
2025-07-29 15:49:53,828 - INFO - M427836_17: Loaded
2025-07-29 15:49:53,828 - INFO - M427836_17: Plane 6 not found
2025-07-29 15:49:53,833 - INFO - M427836_18: Loaded
2025-07-29 15:49:53,839 - INFO - M427836_18: Loaded
2025-07-29 15:49:53,839 - INFO - M427836_18: Plane 2 not found
2025-07-29 15:49:53,844 - INFO - M427836_18: Loaded
2025-07-29 15:49:53,844 - INFO - M427836_18: Plane 3 not found
2025-07-29 15:49:53,850 - INFO - M427836_18: Loaded
2025-07-29 15:49:53,851 - INFO - M427836_18: Plane 4 not found
2025-07-29 15:49:53,854 - INFO - M427836_18: Loaded
2025-07-29 15:49:53,855 - INFO - M427836_18: Plane 5 not found
2025-07-29 15:49:53,861 - INFO - M427836_18: Loaded
2025-07-29 15:49:53,861 - INFO - M427836_18: Plane 6 not found
2025-07-29 15:49:53,865 - INFO - M427836_19: Loaded
2025-07-29 15:49:53,870 - INFO - M427836_19: Loaded
2025-07-29 15:49:53,870 - INFO - M427836_19: Plane 2 not found
2025-07-29 15:49:53,875 - INFO - M427836_19: Loaded
2025-07-29 15:49:53,875 - INFO - M427836_19: Plane 3 not found
2025-07-29 15:49:53,880 - INFO - M427836_19: Loaded
2025-07-29 15:49:53,881 - INFO - M427836_19: Plane 4 not found
2025-07-29 15:49:53,886 - INFO - M427836_19: Loaded
2025-07-29 15:49:53,886 - INFO - M427836_19: Plane 5 not found
2025-07-29 15:49:53,892 - INFO - M427836_19: Loaded
2025-07-29 15:49:53,892 - INFO - M427836_19: Plane 6 not found
2025-07-29 15:49:53,896 - INFO - M427836_1a: Loaded
2025-07-29 15:49:53,902 - INFO - M427836_1a: Loaded
2025-07-29 15:49:53,903 - INFO - M427836_1a: Plane 2 not found
2025-07-29 15:49:53,905 - INFO - M427836_1a: Loaded
2025-07-29 15:49:53,905 - INFO - M427836_1a: Plane 3 not found
2025-07-29 15:49:53,912 - INFO - M427836_1a: Loaded
2025-07-29 15:49:53,912 - INFO - M427836_1a: Plane 4 not found
2025-07-29 15:49:53,916 - INFO - M427836_1a: Loaded
2025-07-29 15:49:53,916 - INFO - M427836_1a: Plane 5 not found
2025-07-29 15:49:53,921 - INFO - M427836_1a: Loaded
2025-07-29 15:49:53,921 - INFO - M427836_1a: Plane 6 not found
2025-07-29 15:49:53,927 - INFO - M427836_1b: Loaded
2025-07-29 15:49:53,932 - INFO - M427836_1b: Loaded
2025-07-29 15:49:53,932 - INFO - M427836_1b: Plane 2 not found
2025-07-29 15:49:53,938 - INFO - M427836_1b: Loaded
2025-07-29 15:49:53,938 - INFO - M427836_1b: Plane 3 not found
2025-07-29 15:49:53,943 - INFO - M427836_1b: Loaded
2025-07-29 15:49:53,943 - INFO - M427836_1b: Plane 4 not found
2025-07-29 15:49:53,948 - INFO - M427836_1b: Loaded
2025-07-29 15:49:53,948 - INFO - M427836_1b: Plane 5 not found
2025-07-29 15:49:53,953 - INFO - M427836_1b: Loaded
2025-07-29 15:49:53,953 - INFO - M427836_1b: Plane 6 not found
2025-07-29 15:49:53,958 - INFO - M427836_1c: Loaded
2025-07-29 15:49:53,964 - INFO - M427836_1c: Loaded
2025-07-29 15:49:53,964 - INFO - M427836_1c: Plane 2 not found
2025-07-29 15:49:53,967 - INFO - M427836_1c: Loaded
2025-07-29 15:49:53,967 - INFO - M427836_1c: Plane 3 not found
2025-07-29 15:49:53,973 - INFO - M427836_1c: Loaded
2025-07-29 15:49:53,973 - INFO - M427836_1c: Plane 4 not found
2025-07-29 15:49:53,978 - INFO - M427836_1c: Loaded
2025-07-29 15:49:53,978 - INFO - M427836_1c: Plane 5 not found
2025-07-29 15:49:53,984 - INFO - M427836_1c: Loaded
2025-07-29 15:49:53,984 - INFO - M427836_1c: Plane 6 not found
2025-07-29 15:49:53,991 - INFO - M427836_1d: Loaded
2025-07-29 15:49:53,995 - INFO - M427836_1d: Loaded
2025-07-29 15:49:53,995 - INFO - M427836_1d: Plane 2 not found
2025-07-29 15:49:54,000 - INFO - M427836_1d: Loaded
2025-07-29 15:49:54,000 - INFO - M427836_1d: Plane 3 not found
2025-07-29 15:49:54,005 - INFO - M427836_1d: Loaded
2025-07-29 15:49:54,005 - INFO - M427836_1d: Plane 4 not found
2025-07-29 15:49:54,010 - INFO - M427836_1d: Loaded
2025-07-29 15:49:54,011 - INFO - M427836_1d: Plane 5 not found
2025-07-29 15:49:54,017 - INFO - M427836_1d: Loaded
2025-07-29 15:49:54,017 - INFO - M427836_1d: Plane 6 not found
2025-07-29 15:49:54,017 - ERROR - M427836_1e: There are 26 errors with the NWB file for session M427836_1e (/home/naomi/Desktop/data/V1dd_nwbs/nwbs/problematic/M427836_1e_20190506.nwb):

 - Cannot find "vasmap_mp" in "acquisition/images"
 - Cannot find "vasmap_mp_rotated" in "acquisition/images"
 - Cannot find "vasmap_wf" in "acquisition/images"
 - Cannot find "vasmap_wf_rotated" in "acquisition/images"
 - Cannot find "digital_2p_vsync_rise" in "acquisition/timeseries"
 - Cannot find "digital_2p_vsync_fall" in "acquisition/timeseries"
 - Cannot find "digital_cam1_exposure_rise" in "acquisition/timeseries"
 - Cannot find "digital_cam1_exposure_fall" in "acquisition/timeseries"
 - Cannot find "digital_cam2_exposure_rise" in "acquisition/timeseries"
 - Cannot find "digital_cam2_exposure_fall" in "acquisition/timeseries"
 - Cannot find "digital_stim_photodiode_rise" in "acquisition/timeseries"
 - Cannot find "digital_stim_photodiode_fall" in "acquisition/timeseries"
 - Cannot find "digital_stim_vsync_rise" in "acquisition/timeseries"
 - Cannot find "digital_stim_vsync_fall" in "acquisition/timeseries"
 - Cannot find "drifting_gratings_full" in "stimulus/presentation"
 - Cannot find "drifting_gratings_windowed" in "stimulus/presentation"
 - Cannot find "locally_sparse_noise" in "stimulus/presentation"
 - Cannot find "natural_images" in "stimulus/presentation"
 - Cannot find "natural_images_12" in "stimulus/presentation"
 - Cannot find "natural_movie" in "stimulus/presentation"
 - Cannot find "spontaneous" in "stimulus/presentation"
 - Cannot find "onsets_drifting_gratings_full" in "analysis"
 - Cannot find "onsets_drifting_gratings_windowed" in "analysis"
 - Cannot find "probe_onsets_lsn" in "analysis"
 - Cannot find "eye_tracking_right" in "processing"
 - Cannot find "locomotion" in "processing": Error loading
2025-07-29 15:49:54,024 - ERROR - M427836_1e: There are 26 errors with the NWB file for session M427836_1e (/home/naomi/Desktop/data/V1dd_nwbs/nwbs/problematic/M427836_1e_20190506.nwb):

 - Cannot find "vasmap_mp" in "acquisition/images"
 - Cannot find "vasmap_mp_rotated" in "acquisition/images"
 - Cannot find "vasmap_wf" in "acquisition/images"
 - Cannot find "vasmap_wf_rotated" in "acquisition/images"
 - Cannot find "digital_2p_vsync_rise" in "acquisition/timeseries"
 - Cannot find "digital_2p_vsync_fall" in "acquisition/timeseries"
 - Cannot find "digital_cam1_exposure_rise" in "acquisition/timeseries"
 - Cannot find "digital_cam1_exposure_fall" in "acquisition/timeseries"
 - Cannot find "digital_cam2_exposure_rise" in "acquisition/timeseries"
 - Cannot find "digital_cam2_exposure_fall" in "acquisition/timeseries"
 - Cannot find "digital_stim_photodiode_rise" in "acquisition/timeseries"
 - Cannot find "digital_stim_photodiode_fall" in "acquisition/timeseries"
 - Cannot find "digital_stim_vsync_rise" in "acquisition/timeseries"
 - Cannot find "digital_stim_vsync_fall" in "acquisition/timeseries"
 - Cannot find "drifting_gratings_full" in "stimulus/presentation"
 - Cannot find "drifting_gratings_windowed" in "stimulus/presentation"
 - Cannot find "locally_sparse_noise" in "stimulus/presentation"
 - Cannot find "natural_images" in "stimulus/presentation"
 - Cannot find "natural_images_12" in "stimulus/presentation"
 - Cannot find "natural_movie" in "stimulus/presentation"
 - Cannot find "spontaneous" in "stimulus/presentation"
 - Cannot find "onsets_drifting_gratings_full" in "analysis"
 - Cannot find "onsets_drifting_gratings_windowed" in "analysis"
 - Cannot find "probe_onsets_lsn" in "analysis"
 - Cannot find "eye_tracking_right" in "processing"
 - Cannot find "locomotion" in "processing": Error loading
2025-07-29 15:49:54,027 - ERROR - M427836_1e: There are 26 errors with the NWB file for session M427836_1e (/home/naomi/Desktop/data/V1dd_nwbs/nwbs/problematic/M427836_1e_20190506.nwb):

 - Cannot find "vasmap_mp" in "acquisition/images"
 - Cannot find "vasmap_mp_rotated" in "acquisition/images"
 - Cannot find "vasmap_wf" in "acquisition/images"
 - Cannot find "vasmap_wf_rotated" in "acquisition/images"
 - Cannot find "digital_2p_vsync_rise" in "acquisition/timeseries"
 - Cannot find "digital_2p_vsync_fall" in "acquisition/timeseries"
 - Cannot find "digital_cam1_exposure_rise" in "acquisition/timeseries"
 - Cannot find "digital_cam1_exposure_fall" in "acquisition/timeseries"
 - Cannot find "digital_cam2_exposure_rise" in "acquisition/timeseries"
 - Cannot find "digital_cam2_exposure_fall" in "acquisition/timeseries"
 - Cannot find "digital_stim_photodiode_rise" in "acquisition/timeseries"
 - Cannot find "digital_stim_photodiode_fall" in "acquisition/timeseries"
 - Cannot find "digital_stim_vsync_rise" in "acquisition/timeseries"
 - Cannot find "digital_stim_vsync_fall" in "acquisition/timeseries"
 - Cannot find "drifting_gratings_full" in "stimulus/presentation"
 - Cannot find "drifting_gratings_windowed" in "stimulus/presentation"
 - Cannot find "locally_sparse_noise" in "stimulus/presentation"
 - Cannot find "natural_images" in "stimulus/presentation"
 - Cannot find "natural_images_12" in "stimulus/presentation"
 - Cannot find "natural_movie" in "stimulus/presentation"
 - Cannot find "spontaneous" in "stimulus/presentation"
 - Cannot find "onsets_drifting_gratings_full" in "analysis"
 - Cannot find "onsets_drifting_gratings_windowed" in "analysis"
 - Cannot find "probe_onsets_lsn" in "analysis"
 - Cannot find "eye_tracking_right" in "processing"
 - Cannot find "locomotion" in "processing": Error loading
2025-07-29 15:49:54,033 - ERROR - M427836_1e: There are 26 errors with the NWB file for session M427836_1e (/home/naomi/Desktop/data/V1dd_nwbs/nwbs/problematic/M427836_1e_20190506.nwb):

 - Cannot find "vasmap_mp" in "acquisition/images"
 - Cannot find "vasmap_mp_rotated" in "acquisition/images"
 - Cannot find "vasmap_wf" in "acquisition/images"
 - Cannot find "vasmap_wf_rotated" in "acquisition/images"
 - Cannot find "digital_2p_vsync_rise" in "acquisition/timeseries"
 - Cannot find "digital_2p_vsync_fall" in "acquisition/timeseries"
 - Cannot find "digital_cam1_exposure_rise" in "acquisition/timeseries"
 - Cannot find "digital_cam1_exposure_fall" in "acquisition/timeseries"
 - Cannot find "digital_cam2_exposure_rise" in "acquisition/timeseries"
 - Cannot find "digital_cam2_exposure_fall" in "acquisition/timeseries"
 - Cannot find "digital_stim_photodiode_rise" in "acquisition/timeseries"
 - Cannot find "digital_stim_photodiode_fall" in "acquisition/timeseries"
 - Cannot find "digital_stim_vsync_rise" in "acquisition/timeseries"
 - Cannot find "digital_stim_vsync_fall" in "acquisition/timeseries"
 - Cannot find "drifting_gratings_full" in "stimulus/presentation"
 - Cannot find "drifting_gratings_windowed" in "stimulus/presentation"
 - Cannot find "locally_sparse_noise" in "stimulus/presentation"
 - Cannot find "natural_images" in "stimulus/presentation"
 - Cannot find "natural_images_12" in "stimulus/presentation"
 - Cannot find "natural_movie" in "stimulus/presentation"
 - Cannot find "spontaneous" in "stimulus/presentation"
 - Cannot find "onsets_drifting_gratings_full" in "analysis"
 - Cannot find "onsets_drifting_gratings_windowed" in "analysis"
 - Cannot find "probe_onsets_lsn" in "analysis"
 - Cannot find "eye_tracking_right" in "processing"
 - Cannot find "locomotion" in "processing": Error loading
2025-07-29 15:49:54,040 - ERROR - M427836_1e: There are 26 errors with the NWB file for session M427836_1e (/home/naomi/Desktop/data/V1dd_nwbs/nwbs/problematic/M427836_1e_20190506.nwb):

 - Cannot find "vasmap_mp" in "acquisition/images"
 - Cannot find "vasmap_mp_rotated" in "acquisition/images"
 - Cannot find "vasmap_wf" in "acquisition/images"
 - Cannot find "vasmap_wf_rotated" in "acquisition/images"
 - Cannot find "digital_2p_vsync_rise" in "acquisition/timeseries"
 - Cannot find "digital_2p_vsync_fall" in "acquisition/timeseries"
 - Cannot find "digital_cam1_exposure_rise" in "acquisition/timeseries"
 - Cannot find "digital_cam1_exposure_fall" in "acquisition/timeseries"
 - Cannot find "digital_cam2_exposure_rise" in "acquisition/timeseries"
 - Cannot find "digital_cam2_exposure_fall" in "acquisition/timeseries"
 - Cannot find "digital_stim_photodiode_rise" in "acquisition/timeseries"
 - Cannot find "digital_stim_photodiode_fall" in "acquisition/timeseries"
 - Cannot find "digital_stim_vsync_rise" in "acquisition/timeseries"
 - Cannot find "digital_stim_vsync_fall" in "acquisition/timeseries"
 - Cannot find "drifting_gratings_full" in "stimulus/presentation"
 - Cannot find "drifting_gratings_windowed" in "stimulus/presentation"
 - Cannot find "locally_sparse_noise" in "stimulus/presentation"
 - Cannot find "natural_images" in "stimulus/presentation"
 - Cannot find "natural_images_12" in "stimulus/presentation"
 - Cannot find "natural_movie" in "stimulus/presentation"
 - Cannot find "spontaneous" in "stimulus/presentation"
 - Cannot find "onsets_drifting_gratings_full" in "analysis"
 - Cannot find "onsets_drifting_gratings_windowed" in "analysis"
 - Cannot find "probe_onsets_lsn" in "analysis"
 - Cannot find "eye_tracking_right" in "processing"
 - Cannot find "locomotion" in "processing": Error loading
2025-07-29 15:49:54,043 - ERROR - M427836_1e: There are 26 errors with the NWB file for session M427836_1e (/home/naomi/Desktop/data/V1dd_nwbs/nwbs/problematic/M427836_1e_20190506.nwb):

 - Cannot find "vasmap_mp" in "acquisition/images"
 - Cannot find "vasmap_mp_rotated" in "acquisition/images"
 - Cannot find "vasmap_wf" in "acquisition/images"
 - Cannot find "vasmap_wf_rotated" in "acquisition/images"
 - Cannot find "digital_2p_vsync_rise" in "acquisition/timeseries"
 - Cannot find "digital_2p_vsync_fall" in "acquisition/timeseries"
 - Cannot find "digital_cam1_exposure_rise" in "acquisition/timeseries"
 - Cannot find "digital_cam1_exposure_fall" in "acquisition/timeseries"
 - Cannot find "digital_cam2_exposure_rise" in "acquisition/timeseries"
 - Cannot find "digital_cam2_exposure_fall" in "acquisition/timeseries"
 - Cannot find "digital_stim_photodiode_rise" in "acquisition/timeseries"
 - Cannot find "digital_stim_photodiode_fall" in "acquisition/timeseries"
 - Cannot find "digital_stim_vsync_rise" in "acquisition/timeseries"
 - Cannot find "digital_stim_vsync_fall" in "acquisition/timeseries"
 - Cannot find "drifting_gratings_full" in "stimulus/presentation"
 - Cannot find "drifting_gratings_windowed" in "stimulus/presentation"
 - Cannot find "locally_sparse_noise" in "stimulus/presentation"
 - Cannot find "natural_images" in "stimulus/presentation"
 - Cannot find "natural_images_12" in "stimulus/presentation"
 - Cannot find "natural_movie" in "stimulus/presentation"
 - Cannot find "spontaneous" in "stimulus/presentation"
 - Cannot find "onsets_drifting_gratings_full" in "analysis"
 - Cannot find "onsets_drifting_gratings_windowed" in "analysis"
 - Cannot find "probe_onsets_lsn" in "analysis"
 - Cannot find "eye_tracking_right" in "processing"
 - Cannot find "locomotion" in "processing": Error loading
2025-07-29 15:49:54,051 - ERROR - M427836_1f: There are 26 errors with the NWB file for session M427836_1f (/home/naomi/Desktop/data/V1dd_nwbs/nwbs/problematic/M427836_1f_20190503.nwb):

 - Cannot find "vasmap_mp" in "acquisition/images"
 - Cannot find "vasmap_mp_rotated" in "acquisition/images"
 - Cannot find "vasmap_wf" in "acquisition/images"
 - Cannot find "vasmap_wf_rotated" in "acquisition/images"
 - Cannot find "digital_2p_vsync_rise" in "acquisition/timeseries"
 - Cannot find "digital_2p_vsync_fall" in "acquisition/timeseries"
 - Cannot find "digital_cam1_exposure_rise" in "acquisition/timeseries"
 - Cannot find "digital_cam1_exposure_fall" in "acquisition/timeseries"
 - Cannot find "digital_cam2_exposure_rise" in "acquisition/timeseries"
 - Cannot find "digital_cam2_exposure_fall" in "acquisition/timeseries"
 - Cannot find "digital_stim_photodiode_rise" in "acquisition/timeseries"
 - Cannot find "digital_stim_photodiode_fall" in "acquisition/timeseries"
 - Cannot find "digital_stim_vsync_rise" in "acquisition/timeseries"
 - Cannot find "digital_stim_vsync_fall" in "acquisition/timeseries"
 - Cannot find "drifting_gratings_full" in "stimulus/presentation"
 - Cannot find "drifting_gratings_windowed" in "stimulus/presentation"
 - Cannot find "locally_sparse_noise" in "stimulus/presentation"
 - Cannot find "natural_images" in "stimulus/presentation"
 - Cannot find "natural_images_12" in "stimulus/presentation"
 - Cannot find "natural_movie" in "stimulus/presentation"
 - Cannot find "spontaneous" in "stimulus/presentation"
 - Cannot find "onsets_drifting_gratings_full" in "analysis"
 - Cannot find "onsets_drifting_gratings_windowed" in "analysis"
 - Cannot find "probe_onsets_lsn" in "analysis"
 - Cannot find "eye_tracking_right" in "processing"
 - Cannot find "locomotion" in "processing": Error loading
2025-07-29 15:49:54,055 - ERROR - M427836_1f: There are 26 errors with the NWB file for session M427836_1f (/home/naomi/Desktop/data/V1dd_nwbs/nwbs/problematic/M427836_1f_20190503.nwb):

 - Cannot find "vasmap_mp" in "acquisition/images"
 - Cannot find "vasmap_mp_rotated" in "acquisition/images"
 - Cannot find "vasmap_wf" in "acquisition/images"
 - Cannot find "vasmap_wf_rotated" in "acquisition/images"
 - Cannot find "digital_2p_vsync_rise" in "acquisition/timeseries"
 - Cannot find "digital_2p_vsync_fall" in "acquisition/timeseries"
 - Cannot find "digital_cam1_exposure_rise" in "acquisition/timeseries"
 - Cannot find "digital_cam1_exposure_fall" in "acquisition/timeseries"
 - Cannot find "digital_cam2_exposure_rise" in "acquisition/timeseries"
 - Cannot find "digital_cam2_exposure_fall" in "acquisition/timeseries"
 - Cannot find "digital_stim_photodiode_rise" in "acquisition/timeseries"
 - Cannot find "digital_stim_photodiode_fall" in "acquisition/timeseries"
 - Cannot find "digital_stim_vsync_rise" in "acquisition/timeseries"
 - Cannot find "digital_stim_vsync_fall" in "acquisition/timeseries"
 - Cannot find "drifting_gratings_full" in "stimulus/presentation"
 - Cannot find "drifting_gratings_windowed" in "stimulus/presentation"
 - Cannot find "locally_sparse_noise" in "stimulus/presentation"
 - Cannot find "natural_images" in "stimulus/presentation"
 - Cannot find "natural_images_12" in "stimulus/presentation"
 - Cannot find "natural_movie" in "stimulus/presentation"
 - Cannot find "spontaneous" in "stimulus/presentation"
 - Cannot find "onsets_drifting_gratings_full" in "analysis"
 - Cannot find "onsets_drifting_gratings_windowed" in "analysis"
 - Cannot find "probe_onsets_lsn" in "analysis"
 - Cannot find "eye_tracking_right" in "processing"
 - Cannot find "locomotion" in "processing": Error loading
2025-07-29 15:49:54,060 - ERROR - M427836_1f: There are 26 errors with the NWB file for session M427836_1f (/home/naomi/Desktop/data/V1dd_nwbs/nwbs/problematic/M427836_1f_20190503.nwb):

 - Cannot find "vasmap_mp" in "acquisition/images"
 - Cannot find "vasmap_mp_rotated" in "acquisition/images"
 - Cannot find "vasmap_wf" in "acquisition/images"
 - Cannot find "vasmap_wf_rotated" in "acquisition/images"
 - Cannot find "digital_2p_vsync_rise" in "acquisition/timeseries"
 - Cannot find "digital_2p_vsync_fall" in "acquisition/timeseries"
 - Cannot find "digital_cam1_exposure_rise" in "acquisition/timeseries"
 - Cannot find "digital_cam1_exposure_fall" in "acquisition/timeseries"
 - Cannot find "digital_cam2_exposure_rise" in "acquisition/timeseries"
 - Cannot find "digital_cam2_exposure_fall" in "acquisition/timeseries"
 - Cannot find "digital_stim_photodiode_rise" in "acquisition/timeseries"
 - Cannot find "digital_stim_photodiode_fall" in "acquisition/timeseries"
 - Cannot find "digital_stim_vsync_rise" in "acquisition/timeseries"
 - Cannot find "digital_stim_vsync_fall" in "acquisition/timeseries"
 - Cannot find "drifting_gratings_full" in "stimulus/presentation"
 - Cannot find "drifting_gratings_windowed" in "stimulus/presentation"
 - Cannot find "locally_sparse_noise" in "stimulus/presentation"
 - Cannot find "natural_images" in "stimulus/presentation"
 - Cannot find "natural_images_12" in "stimulus/presentation"
 - Cannot find "natural_movie" in "stimulus/presentation"
 - Cannot find "spontaneous" in "stimulus/presentation"
 - Cannot find "onsets_drifting_gratings_full" in "analysis"
 - Cannot find "onsets_drifting_gratings_windowed" in "analysis"
 - Cannot find "probe_onsets_lsn" in "analysis"
 - Cannot find "eye_tracking_right" in "processing"
 - Cannot find "locomotion" in "processing": Error loading
2025-07-29 15:49:54,064 - ERROR - M427836_1f: There are 26 errors with the NWB file for session M427836_1f (/home/naomi/Desktop/data/V1dd_nwbs/nwbs/problematic/M427836_1f_20190503.nwb):

 - Cannot find "vasmap_mp" in "acquisition/images"
 - Cannot find "vasmap_mp_rotated" in "acquisition/images"
 - Cannot find "vasmap_wf" in "acquisition/images"
 - Cannot find "vasmap_wf_rotated" in "acquisition/images"
 - Cannot find "digital_2p_vsync_rise" in "acquisition/timeseries"
 - Cannot find "digital_2p_vsync_fall" in "acquisition/timeseries"
 - Cannot find "digital_cam1_exposure_rise" in "acquisition/timeseries"
 - Cannot find "digital_cam1_exposure_fall" in "acquisition/timeseries"
 - Cannot find "digital_cam2_exposure_rise" in "acquisition/timeseries"
 - Cannot find "digital_cam2_exposure_fall" in "acquisition/timeseries"
 - Cannot find "digital_stim_photodiode_rise" in "acquisition/timeseries"
 - Cannot find "digital_stim_photodiode_fall" in "acquisition/timeseries"
 - Cannot find "digital_stim_vsync_rise" in "acquisition/timeseries"
 - Cannot find "digital_stim_vsync_fall" in "acquisition/timeseries"
 - Cannot find "drifting_gratings_full" in "stimulus/presentation"
 - Cannot find "drifting_gratings_windowed" in "stimulus/presentation"
 - Cannot find "locally_sparse_noise" in "stimulus/presentation"
 - Cannot find "natural_images" in "stimulus/presentation"
 - Cannot find "natural_images_12" in "stimulus/presentation"
 - Cannot find "natural_movie" in "stimulus/presentation"
 - Cannot find "spontaneous" in "stimulus/presentation"
 - Cannot find "onsets_drifting_gratings_full" in "analysis"
 - Cannot find "onsets_drifting_gratings_windowed" in "analysis"
 - Cannot find "probe_onsets_lsn" in "analysis"
 - Cannot find "eye_tracking_right" in "processing"
 - Cannot find "locomotion" in "processing": Error loading
2025-07-29 15:49:54,069 - ERROR - M427836_1f: There are 26 errors with the NWB file for session M427836_1f (/home/naomi/Desktop/data/V1dd_nwbs/nwbs/problematic/M427836_1f_20190503.nwb):

 - Cannot find "vasmap_mp" in "acquisition/images"
 - Cannot find "vasmap_mp_rotated" in "acquisition/images"
 - Cannot find "vasmap_wf" in "acquisition/images"
 - Cannot find "vasmap_wf_rotated" in "acquisition/images"
 - Cannot find "digital_2p_vsync_rise" in "acquisition/timeseries"
 - Cannot find "digital_2p_vsync_fall" in "acquisition/timeseries"
 - Cannot find "digital_cam1_exposure_rise" in "acquisition/timeseries"
 - Cannot find "digital_cam1_exposure_fall" in "acquisition/timeseries"
 - Cannot find "digital_cam2_exposure_rise" in "acquisition/timeseries"
 - Cannot find "digital_cam2_exposure_fall" in "acquisition/timeseries"
 - Cannot find "digital_stim_photodiode_rise" in "acquisition/timeseries"
 - Cannot find "digital_stim_photodiode_fall" in "acquisition/timeseries"
 - Cannot find "digital_stim_vsync_rise" in "acquisition/timeseries"
 - Cannot find "digital_stim_vsync_fall" in "acquisition/timeseries"
 - Cannot find "drifting_gratings_full" in "stimulus/presentation"
 - Cannot find "drifting_gratings_windowed" in "stimulus/presentation"
 - Cannot find "locally_sparse_noise" in "stimulus/presentation"
 - Cannot find "natural_images" in "stimulus/presentation"
 - Cannot find "natural_images_12" in "stimulus/presentation"
 - Cannot find "natural_movie" in "stimulus/presentation"
 - Cannot find "spontaneous" in "stimulus/presentation"
 - Cannot find "onsets_drifting_gratings_full" in "analysis"
 - Cannot find "onsets_drifting_gratings_windowed" in "analysis"
 - Cannot find "probe_onsets_lsn" in "analysis"
 - Cannot find "eye_tracking_right" in "processing"
 - Cannot find "locomotion" in "processing": Error loading
2025-07-29 15:49:54,078 - ERROR - M427836_1f: There are 26 errors with the NWB file for session M427836_1f (/home/naomi/Desktop/data/V1dd_nwbs/nwbs/problematic/M427836_1f_20190503.nwb):

 - Cannot find "vasmap_mp" in "acquisition/images"
 - Cannot find "vasmap_mp_rotated" in "acquisition/images"
 - Cannot find "vasmap_wf" in "acquisition/images"
 - Cannot find "vasmap_wf_rotated" in "acquisition/images"
 - Cannot find "digital_2p_vsync_rise" in "acquisition/timeseries"
 - Cannot find "digital_2p_vsync_fall" in "acquisition/timeseries"
 - Cannot find "digital_cam1_exposure_rise" in "acquisition/timeseries"
 - Cannot find "digital_cam1_exposure_fall" in "acquisition/timeseries"
 - Cannot find "digital_cam2_exposure_rise" in "acquisition/timeseries"
 - Cannot find "digital_cam2_exposure_fall" in "acquisition/timeseries"
 - Cannot find "digital_stim_photodiode_rise" in "acquisition/timeseries"
 - Cannot find "digital_stim_photodiode_fall" in "acquisition/timeseries"
 - Cannot find "digital_stim_vsync_rise" in "acquisition/timeseries"
 - Cannot find "digital_stim_vsync_fall" in "acquisition/timeseries"
 - Cannot find "drifting_gratings_full" in "stimulus/presentation"
 - Cannot find "drifting_gratings_windowed" in "stimulus/presentation"
 - Cannot find "locally_sparse_noise" in "stimulus/presentation"
 - Cannot find "natural_images" in "stimulus/presentation"
 - Cannot find "natural_images_12" in "stimulus/presentation"
 - Cannot find "natural_movie" in "stimulus/presentation"
 - Cannot find "spontaneous" in "stimulus/presentation"
 - Cannot find "onsets_drifting_gratings_full" in "analysis"
 - Cannot find "onsets_drifting_gratings_windowed" in "analysis"
 - Cannot find "probe_onsets_lsn" in "analysis"
 - Cannot find "eye_tracking_right" in "processing"
 - Cannot find "locomotion" in "processing": Error loading
2025-07-29 15:49:54,096 - INFO - M427836_21: Loaded
2025-07-29 15:49:54,104 - INFO - M427836_21: Loaded
2025-07-29 15:49:54,108 - INFO - M427836_21: Loaded
2025-07-29 15:49:54,115 - INFO - M427836_21: Loaded
2025-07-29 15:49:54,119 - INFO - M427836_21: Loaded
2025-07-29 15:49:54,122 - INFO - M427836_21: Loaded
2025-07-29 15:49:54,128 - INFO - M427836_22: Loaded
2025-07-29 15:49:54,131 - INFO - M427836_22: Loaded
2025-07-29 15:49:54,141 - INFO - M427836_22: Loaded
2025-07-29 15:49:54,143 - INFO - M427836_22: Loaded
2025-07-29 15:49:54,150 - INFO - M427836_22: Loaded
2025-07-29 15:49:54,159 - INFO - M427836_22: Loaded
2025-07-29 15:49:54,160 - INFO - M427836_23: Loaded
2025-07-29 15:49:54,169 - INFO - M427836_23: Loaded
2025-07-29 15:49:54,174 - INFO - M427836_23: Loaded
2025-07-29 15:49:54,181 - INFO - M427836_23: Loaded
2025-07-29 15:49:54,188 - INFO - M427836_23: Loaded
2025-07-29 15:49:54,193 - INFO - M427836_23: Loaded
2025-07-29 15:49:54,194 - INFO - M427836_24: Loaded
2025-07-29 15:49:54,203 - INFO - M427836_24: Loaded
2025-07-29 15:49:54,208 - INFO - M427836_24: Loaded
2025-07-29 15:49:54,216 - INFO - M427836_24: Loaded
2025-07-29 15:49:54,218 - INFO - M427836_24: Loaded
2025-07-29 15:49:54,226 - INFO - M427836_24: Loaded
2025-07-29 15:49:54,226 - INFO - M427836_25: Loaded
2025-07-29 15:49:54,232 - INFO - M427836_25: Loaded
2025-07-29 15:49:54,242 - INFO - M427836_25: Loaded
2025-07-29 15:49:54,248 - INFO - M427836_25: Loaded
2025-07-29 15:49:54,259 - INFO - M427836_25: Loaded
2025-07-29 15:49:54,261 - INFO - M427836_25: Loaded
2025-07-29 15:49:54,274 - INFO - M427836_31: Loaded
2025-07-29 15:49:54,279 - INFO - M427836_31: Loaded
2025-07-29 15:49:54,282 - INFO - M427836_31: Loaded
2025-07-29 15:49:54,287 - INFO - M427836_31: Loaded
2025-07-29 15:49:54,292 - INFO - M427836_31: Loaded
2025-07-29 15:49:54,299 - INFO - M427836_31: Loaded
2025-07-29 15:49:54,304 - INFO - M427836_32: Loaded
2025-07-29 15:49:54,312 - INFO - M427836_32: Loaded
2025-07-29 15:49:54,315 - INFO - M427836_32: Loaded
2025-07-29 15:49:54,321 - INFO - M427836_32: Loaded
2025-07-29 15:49:54,328 - INFO - M427836_32: Loaded
2025-07-29 15:49:54,332 - INFO - M427836_32: Loaded
2025-07-29 15:49:54,337 - INFO - M427836_33: Loaded
2025-07-29 15:49:54,343 - INFO - M427836_33: Loaded
2025-07-29 15:49:54,348 - INFO - M427836_33: Loaded
2025-07-29 15:49:54,355 - INFO - M427836_33: Loaded
2025-07-29 15:49:54,361 - INFO - M427836_33: Loaded
2025-07-29 15:49:54,366 - INFO - M427836_33: Loaded
2025-07-29 15:49:54,368 - INFO - M427836_34: Loaded
2025-07-29 15:49:54,373 - INFO - M427836_34: Loaded
2025-07-29 15:49:54,384 - INFO - M427836_34: Loaded
2025-07-29 15:49:54,389 - INFO - M427836_34: Loaded
2025-07-29 15:49:54,390 - INFO - M427836_34: Loaded
2025-07-29 15:49:54,396 - INFO - M427836_34: Loaded
2025-07-29 15:49:54,398 - INFO - M427836_35: Loaded
2025-07-29 15:49:54,403 - INFO - M427836_35: Loaded
2025-07-29 15:49:54,408 - INFO - M427836_35: Loaded
2025-07-29 15:49:54,414 - INFO - M427836_35: Loaded
2025-07-29 15:49:54,419 - INFO - M427836_35: Loaded
2025-07-29 15:49:54,426 - INFO - M427836_35: Loaded
2025-07-29 15:49:54,437 - INFO - M427836_41: Loaded
2025-07-29 15:49:54,442 - INFO - M427836_41: Loaded
2025-07-29 15:49:54,447 - INFO - M427836_41: Loaded
2025-07-29 15:49:54,448 - INFO - M427836_41, 1: Not enough X_data (training), only have 0 rois, cannot perform decoding
2025-07-29 15:49:54,454 - INFO - M427836_41: Loaded
2025-07-29 15:49:54,462 - INFO - M427836_41: Loaded
2025-07-29 15:49:54,462 - INFO - M427836_41: Loaded
2025-07-29 15:49:54,471 - INFO - M427836_42: Loaded
2025-07-29 15:49:54,474 - INFO - M427836_42: Loaded
2025-07-29 15:49:54,478 - INFO - M427836_42: Loaded
2025-07-29 15:49:54,484 - INFO - M427836_42: Loaded
2025-07-29 15:49:54,489 - INFO - M427836_42: Loaded
2025-07-29 15:49:54,494 - INFO - M427836_42: Loaded
2025-07-29 15:49:54,501 - INFO - M427836_43: Loaded
2025-07-29 15:49:54,505 - INFO - M427836_43: Loaded
2025-07-29 15:49:54,511 - INFO - M427836_43: Loaded
2025-07-29 15:49:54,524 - INFO - M427836_43: Loaded
2025-07-29 15:49:54,524 - INFO - M427836_43: Loaded
2025-07-29 15:49:54,534 - INFO - M427836_43: Loaded
2025-07-29 15:49:54,541 - INFO - M427836_44: Loaded
2025-07-29 15:49:54,545 - INFO - M427836_44: Loaded
2025-07-29 15:49:54,550 - INFO - M427836_44: Loaded
2025-07-29 15:49:54,556 - INFO - M427836_44: Loaded
2025-07-29 15:49:54,562 - INFO - M427836_44: Loaded
2025-07-29 15:49:54,568 - INFO - M427836_44: Loaded
2025-07-29 15:49:54,573 - INFO - M427836_45: Loaded
2025-07-29 15:49:54,578 - INFO - M427836_45: Loaded
2025-07-29 15:49:54,582 - INFO - M427836_45: Loaded
2025-07-29 15:49:54,588 - INFO - M427836_45: Loaded
2025-07-29 15:49:54,593 - INFO - M427836_45: Loaded
2025-07-29 15:49:54,599 - INFO - M427836_45: Loaded
2025-07-29 15:49:54,609 - INFO - M427836_51: Loaded
2025-07-29 15:49:54,612 - INFO - M427836_45, 6: Not enough X_data (training), only have 0 rois, cannot perform decoding
2025-07-29 15:49:54,619 - INFO - M427836_51: Loaded
2025-07-29 15:49:54,625 - INFO - M427836_51: Loaded
2025-07-29 15:49:54,630 - INFO - M427836_51: Loaded
2025-07-29 15:49:54,632 - INFO - M427836_51: Loaded
2025-07-29 15:49:54,635 - INFO - M427836_51: Loaded
2025-07-29 15:49:54,642 - INFO - M427836_52: Loaded
2025-07-29 15:49:54,654 - INFO - M427836_52: Loaded
2025-07-29 15:49:54,655 - INFO - M427836_52: Loaded
2025-07-29 15:49:54,666 - INFO - M427836_52: Loaded
2025-07-29 15:49:54,673 - INFO - M427836_52: Loaded
2025-07-29 15:49:54,679 - INFO - M427836_52: Loaded
2025-07-29 15:49:54,689 - INFO - M427836_53: Loaded
2025-07-29 15:49:54,692 - INFO - M427836_53: Loaded
2025-07-29 15:49:54,702 - INFO - M427836_53: Loaded
2025-07-29 15:49:54,708 - INFO - M427836_53: Loaded
2025-07-29 15:49:54,714 - INFO - M427836_53: Loaded
2025-07-29 15:49:54,719 - INFO - M427836_53: Loaded
2025-07-29 15:49:54,723 - INFO - M427836_54: Loaded
2025-07-29 15:49:54,728 - INFO - M427836_54: Loaded
2025-07-29 15:49:54,734 - INFO - M427836_54: Loaded
2025-07-29 15:49:54,739 - INFO - M427836_54: Loaded
2025-07-29 15:49:54,744 - INFO - M427836_54: Loaded
2025-07-29 15:49:54,750 - INFO - M427836_54: Loaded
2025-07-29 15:49:54,758 - INFO - M427836_55: Loaded
2025-07-29 15:49:54,759 - INFO - M427836_55: Loaded
2025-07-29 15:49:54,766 - INFO - M427836_55: Loaded
2025-07-29 15:49:54,771 - INFO - M427836_55: Loaded
2025-07-29 15:49:54,779 - INFO - M427836_55: Loaded
2025-07-29 15:49:54,784 - INFO - M427836_55: Loaded
2025-07-29 15:49:54,808 - INFO - M438833_11: Loaded
2025-07-29 15:49:54,809 - INFO - M438833_11, 1: 2p session in column 1, no unduplicated ROIs.
2025-07-29 15:49:54,813 - INFO - M438833_11: Loaded
2025-07-29 15:49:54,813 - INFO - M438833_11, 2: 2p session in column 1, no unduplicated ROIs.
2025-07-29 15:49:54,819 - INFO - M438833_11: Loaded
2025-07-29 15:49:54,819 - INFO - M438833_11, 3: 2p session in column 1, no unduplicated ROIs.
2025-07-29 15:49:54,825 - INFO - M438833_11: Loaded
2025-07-29 15:49:54,825 - INFO - M438833_11, 4: 2p session in column 1, no unduplicated ROIs.
2025-07-29 15:49:54,831 - INFO - M438833_11: Loaded
2025-07-29 15:49:54,831 - INFO - M438833_11, 5: 2p session in column 1, no unduplicated ROIs.
2025-07-29 15:49:54,835 - INFO - M438833_11: Loaded
2025-07-29 15:49:54,835 - INFO - M438833_11, 6: 2p session in column 1, no unduplicated ROIs.
2025-07-29 15:49:54,836 - INFO - M438833_12: Loaded
2025-07-29 15:49:54,836 - INFO - M438833_12, 1: 2p session in column 1, no unduplicated ROIs.
2025-07-29 15:49:54,841 - INFO - M438833_12: Loaded
2025-07-29 15:49:54,842 - INFO - M438833_12, 2: 2p session in column 1, no unduplicated ROIs.
2025-07-29 15:49:54,851 - INFO - M438833_12: Loaded
2025-07-29 15:49:54,851 - INFO - M438833_12, 3: 2p session in column 1, no unduplicated ROIs.
2025-07-29 15:49:54,853 - INFO - M438833_12: Loaded
2025-07-29 15:49:54,853 - INFO - M438833_12, 4: 2p session in column 1, no unduplicated ROIs.
2025-07-29 15:49:54,859 - INFO - M438833_12: Loaded
2025-07-29 15:49:54,859 - INFO - M438833_12, 5: 2p session in column 1, no unduplicated ROIs.
2025-07-29 15:49:54,868 - INFO - M438833_12: Loaded
2025-07-29 15:49:54,868 - INFO - M438833_12, 6: 2p session in column 1, no unduplicated ROIs.
2025-07-29 15:49:54,868 - INFO - M438833_13: Loaded
2025-07-29 15:49:54,868 - INFO - M438833_13, 1: 2p session in column 1, no unduplicated ROIs.
2025-07-29 15:49:54,872 - INFO - M438833_13: Loaded
2025-07-29 15:49:54,872 - INFO - M438833_13, 2: 2p session in column 1, no unduplicated ROIs.
2025-07-29 15:49:54,879 - INFO - M438833_13: Loaded
2025-07-29 15:49:54,879 - INFO - M438833_13, 3: 2p session in column 1, no unduplicated ROIs.
2025-07-29 15:49:54,883 - INFO - M438833_13: Loaded
2025-07-29 15:49:54,883 - INFO - M438833_13, 4: 2p session in column 1, no unduplicated ROIs.
2025-07-29 15:49:54,890 - INFO - M438833_13: Loaded
2025-07-29 15:49:54,890 - INFO - M438833_13, 5: 2p session in column 1, no unduplicated ROIs.
2025-07-29 15:49:54,894 - INFO - M438833_13: Loaded
2025-07-29 15:49:54,894 - INFO - M438833_13, 6: 2p session in column 1, no unduplicated ROIs.
2025-07-29 15:49:54,896 - INFO - M438833_14: Loaded
2025-07-29 15:49:54,896 - INFO - M438833_14, 1: 2p session in column 1, no unduplicated ROIs.
2025-07-29 15:49:54,902 - INFO - M438833_14: Loaded
2025-07-29 15:49:54,903 - INFO - M438833_14, 2: 2p session in column 1, no unduplicated ROIs.
2025-07-29 15:49:54,908 - INFO - M438833_14: Loaded
2025-07-29 15:49:54,909 - INFO - M438833_14, 3: 2p session in column 1, no unduplicated ROIs.
2025-07-29 15:49:54,914 - INFO - M438833_14: Loaded
2025-07-29 15:49:54,914 - INFO - M438833_14, 4: 2p session in column 1, no unduplicated ROIs.
2025-07-29 15:49:54,919 - INFO - M438833_14: Loaded
2025-07-29 15:49:54,920 - INFO - M438833_14, 5: 2p session in column 1, no unduplicated ROIs.
2025-07-29 15:49:54,923 - INFO - M438833_14: Loaded
2025-07-29 15:49:54,923 - INFO - M438833_14, 6: 2p session in column 1, no unduplicated ROIs.
2025-07-29 15:49:54,924 - INFO - M438833_15: Loaded
2025-07-29 15:49:54,924 - INFO - M438833_15, 1: 2p session in column 1, no unduplicated ROIs.
2025-07-29 15:49:54,929 - INFO - M438833_15: Loaded
2025-07-29 15:49:54,929 - INFO - M438833_15, 2: 2p session in column 1, no unduplicated ROIs.
2025-07-29 15:49:54,934 - INFO - M438833_15: Loaded
2025-07-29 15:49:54,934 - INFO - M438833_15, 3: 2p session in column 1, no unduplicated ROIs.
2025-07-29 15:49:54,940 - INFO - M438833_15: Loaded
2025-07-29 15:49:54,940 - INFO - M438833_15, 4: 2p session in column 1, no unduplicated ROIs.
2025-07-29 15:49:54,946 - INFO - M438833_15: Loaded
2025-07-29 15:49:54,946 - INFO - M438833_15, 5: 2p session in column 1, no unduplicated ROIs.
2025-07-29 15:49:54,951 - INFO - M438833_16: Loaded
2025-07-29 15:49:54,951 - INFO - M438833_15: Loaded
2025-07-29 15:49:54,951 - INFO - M438833_15, 6: 2p session in column 1, no unduplicated ROIs.
2025-07-29 15:49:54,955 - INFO - M438833_16: Loaded
2025-07-29 15:49:54,956 - INFO - M438833_16: Plane 2 not found
2025-07-29 15:49:54,961 - INFO - M438833_16: Loaded
2025-07-29 15:49:54,961 - INFO - M438833_16: Plane 3 not found
2025-07-29 15:49:54,966 - INFO - M438833_16: Loaded
2025-07-29 15:49:54,967 - INFO - M438833_16: Plane 4 not found
2025-07-29 15:49:54,971 - INFO - M438833_16: Loaded
2025-07-29 15:49:54,972 - INFO - M438833_16: Plane 5 not found
2025-07-29 15:49:54,976 - INFO - M438833_16: Loaded
2025-07-29 15:49:54,977 - INFO - M438833_16: Plane 6 not found
2025-07-29 15:49:54,982 - INFO - M438833_17: Loaded
2025-07-29 15:49:54,987 - INFO - M438833_17: Loaded
2025-07-29 15:49:54,987 - INFO - M438833_17: Plane 2 not found
2025-07-29 15:49:54,994 - INFO - M438833_17: Loaded
2025-07-29 15:49:54,994 - INFO - M438833_17: Plane 3 not found
2025-07-29 15:49:54,998 - INFO - M438833_17: Loaded
2025-07-29 15:49:54,998 - INFO - M438833_17: Plane 4 not found
2025-07-29 15:49:55,003 - INFO - M438833_17: Loaded
2025-07-29 15:49:55,003 - INFO - M438833_17: Plane 5 not found
2025-07-29 15:49:55,011 - INFO - M438833_17: Loaded
2025-07-29 15:49:55,012 - INFO - M438833_17: Plane 6 not found
2025-07-29 15:49:55,016 - INFO - M438833_18: Loaded
2025-07-29 15:49:55,024 - INFO - M438833_18: Loaded
2025-07-29 15:49:55,024 - INFO - M438833_18: Plane 2 not found
2025-07-29 15:49:55,029 - INFO - M438833_18: Loaded
2025-07-29 15:49:55,029 - INFO - M438833_18: Plane 3 not found
2025-07-29 15:49:55,034 - INFO - M438833_18: Loaded
2025-07-29 15:49:55,034 - INFO - M438833_18: Plane 4 not found
2025-07-29 15:49:55,043 - INFO - M438833_18: Loaded
2025-07-29 15:49:55,043 - INFO - M438833_18: Plane 5 not found
2025-07-29 15:49:55,047 - INFO - M438833_18: Loaded
2025-07-29 15:49:55,047 - INFO - M438833_18: Plane 6 not found
2025-07-29 15:49:55,056 - INFO - M438833_19: Loaded
2025-07-29 15:49:55,060 - INFO - M438833_19: Loaded
2025-07-29 15:49:55,060 - INFO - M438833_19: Plane 2 not found
2025-07-29 15:49:55,065 - INFO - M438833_19: Loaded
2025-07-29 15:49:55,065 - INFO - M438833_19: Plane 3 not found
2025-07-29 15:49:55,071 - INFO - M438833_19: Loaded
2025-07-29 15:49:55,071 - INFO - M438833_19: Plane 4 not found
2025-07-29 15:49:55,078 - INFO - M438833_19: Loaded
2025-07-29 15:49:55,078 - INFO - M438833_19: Plane 5 not found
2025-07-29 15:49:55,083 - INFO - M438833_19: Loaded
2025-07-29 15:49:55,083 - INFO - M438833_19: Plane 6 not found
2025-07-29 15:49:55,089 - INFO - M438833_1a: Loaded
2025-07-29 15:49:55,094 - INFO - M438833_1a: Loaded
2025-07-29 15:49:55,094 - INFO - M438833_1a: Plane 2 not found
2025-07-29 15:49:55,099 - INFO - M438833_1a: Loaded
2025-07-29 15:49:55,100 - INFO - M438833_1a: Plane 3 not found
2025-07-29 15:49:55,105 - INFO - M438833_1a: Loaded
2025-07-29 15:49:55,105 - INFO - M438833_1a: Plane 4 not found
2025-07-29 15:49:55,110 - INFO - M438833_1a: Loaded
2025-07-29 15:49:55,110 - INFO - M438833_1a: Plane 5 not found
2025-07-29 15:49:55,116 - INFO - M438833_1a: Loaded
2025-07-29 15:49:55,116 - INFO - M438833_1a: Plane 6 not found
2025-07-29 15:49:55,121 - INFO - M438833_1b: Loaded
2025-07-29 15:49:55,126 - INFO - M438833_1b: Loaded
2025-07-29 15:49:55,126 - INFO - M438833_1b: Plane 2 not found
2025-07-29 15:49:55,132 - INFO - M438833_1b: Loaded
2025-07-29 15:49:55,133 - INFO - M438833_1b: Plane 3 not found
2025-07-29 15:49:55,136 - INFO - M438833_1b: Loaded
2025-07-29 15:49:55,136 - INFO - M438833_1b: Plane 4 not found
2025-07-29 15:49:55,142 - INFO - M438833_1b: Loaded
2025-07-29 15:49:55,142 - INFO - M438833_1b: Plane 5 not found
2025-07-29 15:49:55,148 - INFO - M438833_1b: Loaded
2025-07-29 15:49:55,149 - INFO - M438833_1b: Plane 6 not found
2025-07-29 15:49:55,152 - INFO - M438833_1c: Loaded
2025-07-29 15:49:55,157 - INFO - M438833_1c: Loaded
2025-07-29 15:49:55,158 - INFO - M438833_1c: Plane 2 not found
2025-07-29 15:49:55,164 - INFO - M438833_1c: Loaded
2025-07-29 15:49:55,164 - INFO - M438833_1c: Plane 3 not found
2025-07-29 15:49:55,168 - INFO - M438833_1c: Loaded
2025-07-29 15:49:55,168 - INFO - M438833_1c: Plane 4 not found
2025-07-29 15:49:55,175 - INFO - M438833_1c: Loaded
2025-07-29 15:49:55,175 - INFO - M438833_1c: Plane 5 not found
2025-07-29 15:49:55,180 - INFO - M438833_1c: Loaded
2025-07-29 15:49:55,181 - INFO - M438833_1c: Plane 6 not found
2025-07-29 15:49:55,184 - INFO - M438833_1d: Loaded
2025-07-29 15:49:55,189 - INFO - M438833_1d: Loaded
2025-07-29 15:49:55,190 - INFO - M438833_1d: Plane 2 not found
2025-07-29 15:49:55,194 - INFO - M438833_1d: Loaded
2025-07-29 15:49:55,195 - INFO - M438833_1d: Plane 3 not found
2025-07-29 15:49:55,201 - INFO - M438833_1d: Loaded
2025-07-29 15:49:55,202 - INFO - M438833_1d: Plane 4 not found
2025-07-29 15:49:55,205 - INFO - M438833_1d: Loaded
2025-07-29 15:49:55,205 - INFO - M438833_1d: Plane 5 not found
2025-07-29 15:49:55,211 - INFO - M438833_1d: Loaded
2025-07-29 15:49:55,211 - INFO - M438833_1d: Plane 6 not found
2025-07-29 15:49:55,234 - INFO - M438833_21: Loaded
2025-07-29 15:49:55,239 - INFO - M438833_21: Loaded
2025-07-29 15:49:55,249 - INFO - M438833_21: Loaded
2025-07-29 15:49:55,251 - INFO - M438833_21: Loaded
2025-07-29 15:49:55,257 - INFO - M438833_21: Loaded
2025-07-29 15:49:55,260 - INFO - M438833_21: Loaded
2025-07-29 15:49:55,265 - INFO - M438833_22: Loaded
2025-07-29 15:49:55,271 - INFO - M438833_22: Loaded
2025-07-29 15:49:55,275 - INFO - M438833_22: Loaded
2025-07-29 15:49:55,280 - INFO - M438833_22: Loaded
2025-07-29 15:49:55,286 - INFO - M438833_22: Loaded
2025-07-29 15:49:55,291 - INFO - M438833_22: Loaded
2025-07-29 15:49:55,294 - INFO - M438833_23: Loaded
2025-07-29 15:49:55,299 - INFO - M438833_23: Loaded
2025-07-29 15:49:55,305 - INFO - M438833_23: Loaded
2025-07-29 15:49:55,311 - INFO - M438833_23: Loaded
2025-07-29 15:49:55,318 - INFO - M438833_23: Loaded
2025-07-29 15:49:55,322 - INFO - M438833_23: Loaded
2025-07-29 15:49:55,325 - INFO - M438833_24: Loaded
2025-07-29 15:49:55,332 - INFO - M438833_24: Loaded
2025-07-29 15:49:55,336 - INFO - M438833_24: Loaded
2025-07-29 15:49:55,342 - INFO - M438833_24: Loaded
2025-07-29 15:49:55,350 - INFO - M438833_24: Loaded
2025-07-29 15:49:55,354 - INFO - M438833_24: Loaded
2025-07-29 15:49:55,357 - INFO - M438833_25: Loaded
2025-07-29 15:49:55,363 - INFO - M438833_25: Loaded
2025-07-29 15:49:55,367 - INFO - M438833_25: Loaded
2025-07-29 15:49:55,372 - INFO - M438833_25: Loaded
2025-07-29 15:49:55,380 - INFO - M438833_25: Loaded
2025-07-29 15:49:55,385 - INFO - M438833_25: Loaded
2025-07-29 15:49:55,408 - INFO - M438833_31: Loaded
2025-07-29 15:49:55,412 - INFO - M438833_31: Loaded
2025-07-29 15:49:55,417 - INFO - M438833_31: Loaded
2025-07-29 15:49:55,418 - INFO - M438833_31: Loaded
2025-07-29 15:49:55,426 - INFO - M438833_31: Loaded
2025-07-29 15:49:55,434 - INFO - M438833_31: Loaded
2025-07-29 15:49:55,440 - INFO - M438833_32: Loaded
2025-07-29 15:49:55,446 - INFO - M438833_32: Loaded
2025-07-29 15:49:55,453 - INFO - M438833_32: Loaded
2025-07-29 15:49:55,457 - INFO - M438833_32: Loaded
2025-07-29 15:49:55,467 - INFO - M438833_32: Loaded
2025-07-29 15:49:55,468 - INFO - M438833_32: Loaded
2025-07-29 15:49:55,471 - INFO - M438833_33: Loaded
2025-07-29 15:49:55,479 - INFO - M438833_33: Loaded
2025-07-29 15:49:55,482 - INFO - M438833_33: Loaded
2025-07-29 15:49:55,488 - INFO - M438833_33: Loaded
2025-07-29 15:49:55,494 - INFO - M438833_33: Loaded
2025-07-29 15:49:55,498 - INFO - M438833_33: Loaded
2025-07-29 15:49:55,503 - INFO - M438833_34: Loaded
2025-07-29 15:49:55,506 - INFO - M438833_34: Loaded
2025-07-29 15:49:55,512 - INFO - M438833_34: Loaded
2025-07-29 15:49:55,525 - INFO - M438833_34: Loaded
2025-07-29 15:49:55,526 - INFO - M438833_34: Loaded
2025-07-29 15:49:55,536 - INFO - M438833_34: Loaded
2025-07-29 15:49:55,542 - INFO - M438833_35: Loaded
2025-07-29 15:49:55,546 - INFO - M438833_35: Loaded
2025-07-29 15:49:55,554 - INFO - M438833_35: Loaded
2025-07-29 15:49:55,558 - INFO - M438833_35: Loaded
2025-07-29 15:49:55,563 - INFO - M438833_35: Loaded
2025-07-29 15:49:55,568 - INFO - M438833_35: Loaded
2025-07-29 15:49:55,585 - INFO - M438833_41: Loaded
2025-07-29 15:49:55,593 - INFO - M438833_41: Loaded
2025-07-29 15:49:55,596 - INFO - M438833_41: Loaded
2025-07-29 15:49:55,603 - INFO - M438833_41: Loaded
2025-07-29 15:49:55,609 - INFO - M438833_41: Loaded
2025-07-29 15:49:55,617 - INFO - M438833_42: Loaded
2025-07-29 15:49:55,623 - INFO - M438833_42: Loaded
2025-07-29 15:49:55,624 - INFO - M438833_41: Loaded
2025-07-29 15:49:55,628 - INFO - M438833_42: Loaded
2025-07-29 15:49:55,638 - INFO - M438833_42: Loaded
2025-07-29 15:49:55,639 - INFO - M438833_42: Loaded
2025-07-29 15:49:55,644 - INFO - M438833_42: Loaded
2025-07-29 15:49:55,648 - INFO - M438833_43: Loaded
2025-07-29 15:49:55,652 - INFO - M438833_43: Loaded
2025-07-29 15:49:55,657 - INFO - M438833_43: Loaded
2025-07-29 15:49:55,663 - INFO - M438833_43: Loaded
2025-07-29 15:49:55,669 - INFO - M438833_43: Loaded
2025-07-29 15:49:55,675 - INFO - M438833_43: Loaded
2025-07-29 15:49:55,679 - INFO - M438833_44: Loaded
2025-07-29 15:49:55,685 - INFO - M438833_44: Loaded
2025-07-29 15:49:55,689 - INFO - M438833_44: Loaded
2025-07-29 15:49:55,693 - INFO - M438833_44: Loaded
2025-07-29 15:49:55,699 - INFO - M438833_44: Loaded
2025-07-29 15:49:55,706 - INFO - M438833_44: Loaded
2025-07-29 15:49:55,706 - INFO - M438833_45: Loaded
2025-07-29 15:49:55,712 - INFO - M438833_45: Loaded
2025-07-29 15:49:55,719 - INFO - M438833_45: Loaded
2025-07-29 15:49:55,723 - INFO - M438833_45: Loaded
2025-07-29 15:49:55,730 - INFO - M438833_45: Loaded
2025-07-29 15:49:55,735 - INFO - M438833_45: Loaded
2025-07-29 15:49:55,752 - INFO - M438833_51: Loaded
2025-07-29 15:49:55,757 - INFO - M438833_51: Loaded
2025-07-29 15:49:55,767 - INFO - M438833_51: Loaded
2025-07-29 15:49:55,769 - INFO - M438833_51: Loaded
2025-07-29 15:49:55,774 - INFO - M438833_51: Loaded
2025-07-29 15:49:55,779 - INFO - M438833_51: Loaded
2025-07-29 15:49:55,787 - INFO - M438833_52: Loaded
2025-07-29 15:49:55,789 - INFO - M438833_52: Loaded
2025-07-29 15:49:55,794 - INFO - M438833_52: Loaded
2025-07-29 15:49:55,800 - INFO - M438833_52: Loaded
2025-07-29 15:49:55,806 - INFO - M438833_52: Loaded
2025-07-29 15:49:55,811 - INFO - M438833_52: Loaded
2025-07-29 15:49:55,816 - INFO - M438833_53: Loaded
2025-07-29 15:49:55,820 - INFO - M438833_53: Loaded
2025-07-29 15:49:55,826 - INFO - M438833_53: Loaded
2025-07-29 15:49:55,830 - INFO - M438833_53: Loaded
2025-07-29 15:49:55,835 - INFO - M438833_53: Loaded
2025-07-29 15:49:55,842 - INFO - M438833_53: Loaded
2025-07-29 15:49:55,843 - INFO - M438833_54: Loaded
2025-07-29 15:49:55,848 - INFO - M438833_54: Loaded
2025-07-29 15:49:55,854 - INFO - M438833_54: Loaded
2025-07-29 15:49:55,858 - INFO - M438833_54: Loaded
2025-07-29 15:49:55,865 - INFO - M438833_54: Loaded
2025-07-29 15:49:55,869 - INFO - M438833_54: Loaded
2025-07-29 15:49:55,871 - INFO - M438833_55: Loaded
2025-07-29 15:49:55,884 - INFO - M438833_55: Loaded
2025-07-29 15:49:55,885 - INFO - M438833_55: Loaded
2025-07-29 15:49:55,894 - INFO - M438833_55: Loaded
2025-07-29 15:49:55,902 - INFO - M438833_55: Loaded
2025-07-29 15:49:55,908 - INFO - M438833_55: Loaded
2025-07-29 15:49:56,258 - INFO - Saved all results in a dataframe: /home/naomi/Desktop/code/v1dd-public/artifacts/decoding_analyses/2025_0728_5_Boot1_Reps1.pkl
