2025-07-29 15:47:41,293 - INFO - Decoding parameters: 1 repetitions, 1 bootstrap size, tag: 2025_0728_5, bootstrap, False, one_plane: True, multi_stim: True
2025-07-29 15:47:44,487 - INFO - M409828_11: Loaded
2025-07-29 15:47:44,488 - INFO - M409828_11, 1: 2p session in column 1, no unduplicated ROIs.
2025-07-29 15:47:44,505 - INFO - M409828_11: Loaded
2025-07-29 15:47:44,506 - INFO - M409828_11, 4: 2p session in column 1, no unduplicated ROIs.
2025-07-29 15:47:44,529 - INFO - M409828_12: Loaded
2025-07-29 15:47:44,543 - INFO - M409828_12, 1: 2p session in column 1, no unduplicated ROIs.
2025-07-29 15:47:44,576 - INFO - M409828_11: Loaded
2025-07-29 15:47:44,577 - INFO - M409828_11, 2: 2p session in column 1, no unduplicated ROIs.
2025-07-29 15:47:44,577 - INFO - M409828_12: Loaded
2025-07-29 15:47:44,578 - INFO - M409828_12, 2: 2p session in column 1, no unduplicated ROIs.
2025-07-29 15:47:44,626 - INFO - M409828_11: Loaded
2025-07-29 15:47:44,627 - INFO - M409828_11, 5: 2p session in column 1, no unduplicated ROIs.
2025-07-29 15:47:44,688 - INFO - M409828_11: Loaded
2025-07-29 15:47:44,689 - INFO - M409828_11, 6: 2p session in column 1, no unduplicated ROIs.
2025-07-29 15:47:44,700 - INFO - M409828_12: Loaded
2025-07-29 15:47:44,701 - INFO - M409828_12, 6: 2p session in column 1, no unduplicated ROIs.
2025-07-29 15:47:44,719 - INFO - M409828_13: Loaded
2025-07-29 15:47:44,720 - INFO - M409828_13, 1: 2p session in column 1, no unduplicated ROIs.
2025-07-29 15:47:44,751 - INFO - M409828_13: Loaded
2025-07-29 15:47:44,752 - INFO - M409828_13, 2: 2p session in column 1, no unduplicated ROIs.
2025-07-29 15:47:44,754 - INFO - M409828_16: Loaded
2025-07-29 15:47:44,760 - INFO - M409828_16: Plane 3 not found
2025-07-29 15:47:44,754 - INFO - M409828_11: Loaded
2025-07-29 15:47:44,762 - INFO - M409828_11, 3: 2p session in column 1, no unduplicated ROIs.
2025-07-29 15:47:44,773 - INFO - M409828_16: Loaded
2025-07-29 15:47:44,775 - INFO - M409828_16: Plane 4 not found
2025-07-29 15:47:44,785 - INFO - M409828_16: Loaded
2025-07-29 15:47:44,785 - INFO - M409828_16: Plane 5 not found
2025-07-29 15:47:44,793 - INFO - M409828_12: Loaded
2025-07-29 15:47:44,794 - INFO - M409828_12, 5: 2p session in column 1, no unduplicated ROIs.
2025-07-29 15:47:44,794 - INFO - M409828_16: Loaded
2025-07-29 15:47:44,795 - INFO - M409828_16: Plane 6 not found
2025-07-29 15:47:44,802 - INFO - M409828_14: Loaded
2025-07-29 15:47:44,804 - INFO - M409828_14, 3: 2p session in column 1, no unduplicated ROIs.
2025-07-29 15:47:44,803 - INFO - M409828_17: Loaded
2025-07-29 15:47:44,810 - INFO - M409828_14: Loaded
2025-07-29 15:47:44,813 - INFO - M409828_12: Loaded
2025-07-29 15:47:44,814 - INFO - M409828_14, 6: 2p session in column 1, no unduplicated ROIs.
2025-07-29 15:47:44,814 - INFO - M409828_12, 3: 2p session in column 1, no unduplicated ROIs.
2025-07-29 15:47:44,816 - INFO - M409828_17: Loaded
2025-07-29 15:47:44,816 - INFO - M409828_17: Plane 2 not found
2025-07-29 15:47:44,823 - INFO - M409828_17: Loaded
2025-07-29 15:47:44,823 - INFO - M409828_17: Plane 3 not found
2025-07-29 15:47:44,830 - INFO - M409828_17: Loaded
2025-07-29 15:47:44,830 - INFO - M409828_17: Plane 4 not found
2025-07-29 15:47:44,833 - INFO - M409828_14: Loaded
2025-07-29 15:47:44,833 - INFO - M409828_14, 1: 2p session in column 1, no unduplicated ROIs.
2025-07-29 15:47:44,838 - INFO - M409828_14: Loaded
2025-07-29 15:47:44,838 - INFO - M409828_14, 5: 2p session in column 1, no unduplicated ROIs.
2025-07-29 15:47:44,841 - INFO - M409828_17: Loaded
2025-07-29 15:47:44,841 - INFO - M409828_17: Plane 5 not found
2025-07-29 15:47:44,847 - INFO - M409828_12: Loaded
2025-07-29 15:47:44,848 - INFO - M409828_12, 4: 2p session in column 1, no unduplicated ROIs.
2025-07-29 15:47:44,851 - INFO - M409828_17: Loaded
2025-07-29 15:47:44,852 - INFO - M409828_17: Plane 6 not found
2025-07-29 15:47:44,856 - INFO - M409828_15: Loaded
2025-07-29 15:47:44,857 - INFO - M409828_13: Loaded
2025-07-29 15:47:44,858 - INFO - M409828_15, 3: 2p session in column 1, no unduplicated ROIs.
2025-07-29 15:47:44,858 - INFO - M409828_13, 3: 2p session in column 1, no unduplicated ROIs.
2025-07-29 15:47:44,859 - INFO - M409828_18: Loaded
2025-07-29 15:47:44,859 - INFO - M409828_13: Loaded
2025-07-29 15:47:44,860 - INFO - M409828_13, 6: 2p session in column 1, no unduplicated ROIs.
2025-07-29 15:47:44,860 - INFO - M409828_13: Loaded
2025-07-29 15:47:44,861 - INFO - M409828_13, 4: 2p session in column 1, no unduplicated ROIs.
2025-07-29 15:47:44,863 - INFO - M409828_15: Loaded
2025-07-29 15:47:44,864 - INFO - M409828_15, 1: 2p session in column 1, no unduplicated ROIs.
2025-07-29 15:47:44,870 - INFO - M409828_18: Loaded
2025-07-29 15:47:44,870 - INFO - M409828_18: Plane 2 not found
2025-07-29 15:47:44,881 - INFO - M409828_18: Loaded
2025-07-29 15:47:44,881 - INFO - M409828_18: Plane 3 not found
2025-07-29 15:47:44,883 - INFO - M409828_14: Loaded
2025-07-29 15:47:44,887 - INFO - M409828_14, 4: 2p session in column 1, no unduplicated ROIs.
2025-07-29 15:47:44,891 - INFO - M409828_13: Loaded
2025-07-29 15:47:44,892 - INFO - M409828_13, 5: 2p session in column 1, no unduplicated ROIs.
2025-07-29 15:47:44,901 - INFO - M409828_18: Loaded
2025-07-29 15:47:44,901 - INFO - M409828_18: Plane 4 not found
2025-07-29 15:47:44,907 - INFO - M409828_18: Loaded
2025-07-29 15:47:44,907 - INFO - M409828_18: Plane 5 not found
2025-07-29 15:47:44,917 - INFO - M409828_18: Loaded
2025-07-29 15:47:44,917 - INFO - M409828_18: Plane 6 not found
2025-07-29 15:47:44,931 - INFO - M409828_19: Loaded
2025-07-29 15:47:44,936 - INFO - M409828_19: Loaded
2025-07-29 15:47:44,936 - INFO - M409828_19: Plane 2 not found
2025-07-29 15:47:44,945 - INFO - M409828_15: Loaded
2025-07-29 15:47:44,946 - INFO - M409828_15, 2: 2p session in column 1, no unduplicated ROIs.
2025-07-29 15:47:44,950 - INFO - M409828_19: Loaded
2025-07-29 15:47:44,950 - INFO - M409828_19: Plane 3 not found
2025-07-29 15:47:44,956 - INFO - M409828_15: Loaded
2025-07-29 15:47:44,957 - INFO - M409828_15, 4: 2p session in column 1, no unduplicated ROIs.
2025-07-29 15:47:44,959 - INFO - M409828_19: Loaded
2025-07-29 15:47:44,960 - INFO - M409828_19: Plane 4 not found
2025-07-29 15:47:44,970 - INFO - M409828_19: Loaded
2025-07-29 15:47:44,971 - INFO - M409828_19: Plane 5 not found
2025-07-29 15:47:44,978 - INFO - M409828_15: Loaded
2025-07-29 15:47:44,979 - INFO - M409828_15, 5: 2p session in column 1, no unduplicated ROIs.
2025-07-29 15:47:44,981 - INFO - M409828_19: Loaded
2025-07-29 15:47:44,981 - INFO - M409828_19: Plane 6 not found
2025-07-29 15:47:44,993 - INFO - M409828_1a: Loaded
2025-07-29 15:47:44,997 - INFO - M409828_16: Loaded
2025-07-29 15:47:45,003 - INFO - M409828_15: Loaded
2025-07-29 15:47:45,004 - INFO - M409828_15, 6: 2p session in column 1, no unduplicated ROIs.
2025-07-29 15:47:45,004 - INFO - M409828_1a: Loaded
2025-07-29 15:47:45,004 - INFO - M409828_1a: Plane 2 not found
2025-07-29 15:47:45,015 - INFO - M409828_14: Loaded
2025-07-29 15:47:45,016 - INFO - M409828_14, 2: 2p session in column 1, no unduplicated ROIs.
2025-07-29 15:47:45,018 - INFO - M409828_16: Loaded
2025-07-29 15:47:45,019 - INFO - M409828_16: Plane 2 not found
2025-07-29 15:47:45,022 - INFO - M409828_1a: Loaded
2025-07-29 15:47:45,023 - INFO - M409828_1a: Plane 3 not found
2025-07-29 15:47:45,024 - INFO - M409828_1a: Loaded
2025-07-29 15:47:45,025 - INFO - M409828_1a: Plane 4 not found
2025-07-29 15:47:45,037 - INFO - M409828_1a: Loaded
2025-07-29 15:47:45,037 - INFO - M409828_1a: Plane 5 not found
2025-07-29 15:47:45,045 - INFO - M409828_1a: Loaded
2025-07-29 15:47:45,045 - INFO - M409828_1a: Plane 6 not found
2025-07-29 15:47:45,053 - INFO - M409828_1b: Loaded
2025-07-29 15:47:45,063 - INFO - M409828_1b: Loaded
2025-07-29 15:47:45,064 - INFO - M409828_1b: Plane 2 not found
2025-07-29 15:47:45,073 - INFO - M409828_1b: Loaded
2025-07-29 15:47:45,073 - INFO - M409828_1b: Plane 3 not found
2025-07-29 15:47:45,084 - INFO - M409828_1b: Loaded
2025-07-29 15:47:45,085 - INFO - M409828_1b: Plane 4 not found
2025-07-29 15:47:45,092 - INFO - M409828_1b: Loaded
2025-07-29 15:47:45,092 - INFO - M409828_1b: Plane 5 not found
2025-07-29 15:47:45,097 - INFO - M409828_1b: Loaded
2025-07-29 15:47:45,097 - INFO - M409828_1b: Plane 6 not found
2025-07-29 15:47:45,105 - INFO - M409828_1c: Loaded
2025-07-29 15:47:45,115 - INFO - M409828_1c: Loaded
2025-07-29 15:47:45,115 - INFO - M409828_1c: Plane 2 not found
2025-07-29 15:47:45,127 - INFO - M409828_1c: Loaded
2025-07-29 15:47:45,127 - INFO - M409828_1c: Plane 3 not found
2025-07-29 15:47:45,136 - INFO - M409828_1c: Loaded
2025-07-29 15:47:45,136 - INFO - M409828_1c: Plane 4 not found
2025-07-29 15:47:45,144 - INFO - M409828_1c: Loaded
2025-07-29 15:47:45,145 - INFO - M409828_1c: Plane 5 not found
2025-07-29 15:47:45,151 - INFO - M409828_1c: Loaded
2025-07-29 15:47:45,151 - INFO - M409828_1c: Plane 6 not found
2025-07-29 15:47:45,161 - INFO - M409828_1d: Loaded
2025-07-29 15:47:45,167 - INFO - M409828_1d: Loaded
2025-07-29 15:47:45,167 - INFO - M409828_1d: Plane 2 not found
2025-07-29 15:47:45,170 - INFO - M409828_1d: Loaded
2025-07-29 15:47:45,171 - INFO - M409828_1d: Plane 3 not found
2025-07-29 15:47:45,176 - INFO - M409828_1d: Loaded
2025-07-29 15:47:45,176 - INFO - M409828_1d: Plane 4 not found
2025-07-29 15:47:45,181 - INFO - M409828_1d: Loaded
2025-07-29 15:47:45,182 - INFO - M409828_1d: Plane 5 not found
2025-07-29 15:47:45,188 - INFO - M409828_1d: Loaded
2025-07-29 15:47:45,189 - INFO - M409828_1d: Plane 6 not found
2025-07-29 15:47:45,192 - INFO - M409828_1e: Loaded
2025-07-29 15:47:45,199 - INFO - M409828_1e: Loaded
2025-07-29 15:47:45,199 - INFO - M409828_1e: Plane 2 not found
2025-07-29 15:47:45,202 - INFO - M409828_1e: Loaded
2025-07-29 15:47:45,203 - INFO - M409828_1e: Plane 3 not found
2025-07-29 15:47:45,209 - INFO - M409828_1e: Loaded
2025-07-29 15:47:45,210 - INFO - M409828_1e: Plane 4 not found
2025-07-29 15:47:45,215 - INFO - M409828_1e: Loaded
2025-07-29 15:47:45,215 - INFO - M409828_1e: Plane 5 not found
2025-07-29 15:47:45,221 - INFO - M409828_1e: Loaded
2025-07-29 15:47:45,221 - INFO - M409828_1e: Plane 6 not found
2025-07-29 15:47:45,225 - INFO - M409828_1f: Loaded
2025-07-29 15:47:45,229 - INFO - M409828_1f: Loaded
2025-07-29 15:47:45,229 - INFO - M409828_1f: Plane 2 not found
2025-07-29 15:47:45,235 - INFO - M409828_1f: Loaded
2025-07-29 15:47:45,236 - INFO - M409828_1f: Plane 3 not found
2025-07-29 15:47:45,242 - INFO - M409828_1f: Loaded
2025-07-29 15:47:45,242 - INFO - M409828_1f: Plane 4 not found
2025-07-29 15:47:45,247 - INFO - M409828_1f: Loaded
2025-07-29 15:47:45,247 - INFO - M409828_1f: Plane 5 not found
2025-07-29 15:47:45,252 - INFO - M409828_1f: Loaded
2025-07-29 15:47:45,253 - INFO - M409828_1f: Plane 6 not found
2025-07-29 15:47:45,271 - INFO - M409828_21: Loaded
2025-07-29 15:47:45,279 - INFO - M409828_21: Loaded
2025-07-29 15:47:45,285 - INFO - M409828_21: Loaded
2025-07-29 15:47:45,290 - INFO - M409828_21: Loaded
2025-07-29 15:47:45,294 - INFO - M409828_21: Loaded
2025-07-29 15:47:45,298 - INFO - M409828_21: Loaded
2025-07-29 15:47:45,301 - INFO - M409828_22: Loaded
2025-07-29 15:47:45,305 - INFO - M409828_22: Loaded
2025-07-29 15:47:45,313 - INFO - M409828_22: Loaded
2025-07-29 15:47:45,318 - INFO - M409828_22: Loaded
2025-07-29 15:47:45,323 - INFO - M409828_22: Loaded
2025-07-29 15:47:45,331 - INFO - M409828_22: Loaded
2025-07-29 15:47:45,337 - INFO - M409828_23: Loaded
2025-07-29 15:47:45,346 - INFO - M409828_23: Loaded
2025-07-29 15:47:45,347 - INFO - M409828_23: Loaded
2025-07-29 15:47:45,356 - INFO - M409828_23: Loaded
2025-07-29 15:47:45,358 - INFO - M409828_23: Loaded
2025-07-29 15:47:45,362 - INFO - M409828_23: Loaded
2025-07-29 15:47:45,377 - INFO - M409828_24: Loaded
2025-07-29 15:47:45,381 - INFO - M409828_24: Loaded
2025-07-29 15:47:45,381 - INFO - M409828_24: Loaded
2025-07-29 15:47:45,386 - INFO - M409828_24: Loaded
2025-07-29 15:47:45,392 - INFO - M409828_24: Loaded
2025-07-29 15:47:45,396 - INFO - M409828_24: Loaded
2025-07-29 15:47:45,398 - INFO - M409828_25: Loaded
2025-07-29 15:47:45,404 - INFO - M409828_25: Loaded
2025-07-29 15:47:45,414 - INFO - M409828_25: Loaded
2025-07-29 15:47:45,418 - INFO - M409828_25: Loaded
2025-07-29 15:47:45,428 - INFO - M409828_25: Loaded
2025-07-29 15:47:45,433 - INFO - M409828_25: Loaded
2025-07-29 15:47:45,443 - INFO - M409828_31: Loaded
2025-07-29 15:47:45,449 - INFO - M409828_31: Loaded
2025-07-29 15:47:45,454 - INFO - M409828_31: Loaded
2025-07-29 15:47:45,461 - INFO - M409828_31: Loaded
2025-07-29 15:47:45,465 - INFO - M409828_31: Loaded
2025-07-29 15:47:45,471 - INFO - M409828_31: Loaded
2025-07-29 15:47:45,474 - INFO - M409828_32: Loaded
2025-07-29 15:47:45,479 - INFO - M409828_32: Loaded
2025-07-29 15:47:45,484 - INFO - M409828_32: Loaded
2025-07-29 15:47:45,490 - INFO - M409828_32: Loaded
2025-07-29 15:47:45,496 - INFO - M409828_32: Loaded
2025-07-29 15:47:45,501 - INFO - M409828_32: Loaded
2025-07-29 15:47:45,506 - INFO - M409828_33: Loaded
2025-07-29 15:47:45,512 - INFO - M409828_33: Loaded
2025-07-29 15:47:45,517 - INFO - M409828_33: Loaded
2025-07-29 15:47:45,523 - INFO - M409828_33: Loaded
2025-07-29 15:47:45,529 - INFO - M409828_33: Loaded
2025-07-29 15:47:45,534 - INFO - M409828_33: Loaded
2025-07-29 15:47:45,539 - INFO - M409828_34: Loaded
2025-07-29 15:47:45,544 - INFO - M409828_34: Loaded
2025-07-29 15:47:45,552 - INFO - M409828_34: Loaded
2025-07-29 15:47:45,555 - INFO - M409828_34: Loaded
2025-07-29 15:47:45,562 - INFO - M409828_34: Loaded
2025-07-29 15:47:45,566 - INFO - M409828_34: Loaded
2025-07-29 15:47:45,569 - INFO - M409828_35: Loaded
2025-07-29 15:47:45,575 - INFO - M409828_35: Loaded
2025-07-29 15:47:45,581 - INFO - M409828_35: Loaded
2025-07-29 15:47:45,588 - INFO - M409828_35: Loaded
2025-07-29 15:47:45,593 - INFO - M409828_35: Loaded
2025-07-29 15:47:45,598 - INFO - M409828_35: Loaded
2025-07-29 15:47:45,620 - INFO - M409828_41: Loaded
2025-07-29 15:47:45,621 - INFO - M409828_41: Loaded
2025-07-29 15:47:45,630 - INFO - M409828_41: Loaded
2025-07-29 15:47:45,633 - INFO - M409828_41, 1: Not enough X_data (training), only have 0 rois, cannot perform decoding
2025-07-29 15:47:45,645 - INFO - M409828_41: Loaded
2025-07-29 15:47:45,647 - INFO - M409828_41: Loaded
2025-07-29 15:47:45,655 - INFO - M409828_41: Loaded
2025-07-29 15:47:45,662 - INFO - M409828_42: Loaded
2025-07-29 15:47:45,670 - INFO - M409828_42: Loaded
2025-07-29 15:47:45,674 - INFO - M409828_42: Loaded
2025-07-29 15:47:45,681 - INFO - M409828_42: Loaded
2025-07-29 15:47:45,685 - INFO - M409828_42: Loaded
2025-07-29 15:47:45,691 - INFO - M409828_42: Loaded
2025-07-29 15:47:45,697 - INFO - M409828_43: Loaded
2025-07-29 15:47:45,702 - INFO - M409828_43: Loaded
2025-07-29 15:47:45,708 - INFO - M409828_43: Loaded
2025-07-29 15:47:45,713 - INFO - M409828_43: Loaded
2025-07-29 15:47:45,720 - INFO - M409828_43: Loaded
2025-07-29 15:47:45,726 - INFO - M409828_43: Loaded
2025-07-29 15:47:45,730 - INFO - M409828_44: Loaded
2025-07-29 15:47:45,738 - INFO - M409828_44: Loaded
2025-07-29 15:47:45,743 - INFO - M409828_44: Loaded
2025-07-29 15:47:45,746 - INFO - M409828_44: Loaded
2025-07-29 15:47:45,753 - INFO - M409828_44: Loaded
2025-07-29 15:47:45,758 - INFO - M409828_44: Loaded
2025-07-29 15:47:45,758 - INFO - M409828_45: Loaded
2025-07-29 15:47:45,764 - INFO - M409828_45: Loaded
2025-07-29 15:47:45,770 - INFO - M409828_45: Loaded
2025-07-29 15:47:45,775 - INFO - M409828_45: Loaded
2025-07-29 15:47:45,780 - INFO - M409828_45: Loaded
2025-07-29 15:47:45,787 - INFO - M409828_45: Loaded
2025-07-29 15:47:45,800 - INFO - M409828_51: Loaded
2025-07-29 15:47:45,804 - INFO - M409828_51: Loaded
2025-07-29 15:47:45,809 - INFO - M409828_51: Loaded
2025-07-29 15:47:45,817 - INFO - M409828_51: Loaded
2025-07-29 15:47:45,819 - INFO - M409828_51: Loaded
2025-07-29 15:47:45,834 - INFO - M409828_51: Loaded
2025-07-29 15:47:45,839 - INFO - M409828_52: Loaded
2025-07-29 15:47:45,840 - INFO - M409828_52: Loaded
2025-07-29 15:47:45,846 - INFO - M409828_52: Loaded
2025-07-29 15:47:45,851 - INFO - M409828_52: Loaded
2025-07-29 15:47:45,854 - INFO - M409828_52: Loaded
2025-07-29 15:47:45,859 - INFO - M409828_52: Loaded
2025-07-29 15:47:45,866 - INFO - M409828_53: Loaded
2025-07-29 15:47:45,871 - INFO - M409828_53: Loaded
2025-07-29 15:47:45,880 - INFO - M409828_53: Loaded
2025-07-29 15:47:45,883 - INFO - M409828_53: Loaded
2025-07-29 15:47:45,887 - INFO - M409828_53: Loaded
2025-07-29 15:47:45,896 - INFO - M409828_54: Loaded
2025-07-29 15:47:45,896 - INFO - M409828_53: Loaded
2025-07-29 15:47:45,903 - INFO - M409828_54: Loaded
2025-07-29 15:47:45,908 - INFO - M409828_54: Loaded
2025-07-29 15:47:45,913 - INFO - M409828_54: Loaded
2025-07-29 15:47:45,921 - INFO - M409828_54: Loaded
2025-07-29 15:47:45,924 - INFO - M409828_54: Loaded
2025-07-29 15:47:45,927 - INFO - M409828_55: Loaded
2025-07-29 15:47:45,931 - INFO - M409828_55: Loaded
2025-07-29 15:47:45,942 - INFO - M409828_55: Loaded
2025-07-29 15:47:45,946 - INFO - M409828_55: Loaded
2025-07-29 15:47:45,955 - INFO - M409828_55: Loaded
2025-07-29 15:47:45,960 - INFO - M409828_55: Loaded
2025-07-29 15:47:45,976 - INFO - M416296_11: Loaded
2025-07-29 15:47:45,977 - INFO - M416296_11, 1: 2p session in column 1, no unduplicated ROIs.
2025-07-29 15:47:45,982 - INFO - M416296_11: Loaded
2025-07-29 15:47:45,982 - INFO - M416296_11, 2: 2p session in column 1, no unduplicated ROIs.
2025-07-29 15:47:45,998 - INFO - M416296_11: Loaded
2025-07-29 15:47:45,999 - INFO - M416296_11, 3: 2p session in column 1, no unduplicated ROIs.
2025-07-29 15:47:45,998 - INFO - M416296_11: Loaded
2025-07-29 15:47:45,999 - INFO - M416296_11, 5: 2p session in column 1, no unduplicated ROIs.
2025-07-29 15:47:46,003 - INFO - M416296_11: Loaded
2025-07-29 15:47:46,003 - INFO - M416296_11, 4: 2p session in column 1, no unduplicated ROIs.
2025-07-29 15:47:46,003 - INFO - M416296_12: Loaded
2025-07-29 15:47:46,003 - INFO - M416296_12, 1: 2p session in column 1, no unduplicated ROIs.
2025-07-29 15:47:46,004 - INFO - M416296_11: Loaded
2025-07-29 15:47:46,005 - INFO - M416296_11, 6: 2p session in column 1, no unduplicated ROIs.
2025-07-29 15:47:46,009 - INFO - M416296_12: Loaded
2025-07-29 15:47:46,010 - INFO - M416296_12, 2: 2p session in column 1, no unduplicated ROIs.
2025-07-29 15:47:46,015 - INFO - M416296_12: Loaded
2025-07-29 15:47:46,015 - INFO - M416296_12, 3: 2p session in column 1, no unduplicated ROIs.
2025-07-29 15:47:46,019 - INFO - M416296_12: Loaded
2025-07-29 15:47:46,019 - INFO - M416296_12, 4: 2p session in column 1, no unduplicated ROIs.
2025-07-29 15:47:46,024 - INFO - M416296_12: Loaded
2025-07-29 15:47:46,025 - INFO - M416296_12, 5: 2p session in column 1, no unduplicated ROIs.
2025-07-29 15:47:46,032 - INFO - M416296_12: Loaded
2025-07-29 15:47:46,032 - INFO - M416296_12, 6: 2p session in column 1, no unduplicated ROIs.
2025-07-29 15:47:46,037 - INFO - M416296_13: Loaded
2025-07-29 15:47:46,037 - INFO - M416296_13, 1: 2p session in column 1, no unduplicated ROIs.
2025-07-29 15:47:46,042 - INFO - M416296_13: Loaded
2025-07-29 15:47:46,042 - INFO - M416296_13, 2: 2p session in column 1, no unduplicated ROIs.
2025-07-29 15:47:46,048 - INFO - M416296_13: Loaded
2025-07-29 15:47:46,049 - INFO - M416296_13, 3: 2p session in column 1, no unduplicated ROIs.
2025-07-29 15:47:46,054 - INFO - M416296_13: Loaded
2025-07-29 15:47:46,054 - INFO - M416296_13, 4: 2p session in column 1, no unduplicated ROIs.
2025-07-29 15:47:46,059 - INFO - M416296_13: Loaded
2025-07-29 15:47:46,059 - INFO - M416296_13, 5: 2p session in column 1, no unduplicated ROIs.
2025-07-29 15:47:46,065 - INFO - M416296_13: Loaded
2025-07-29 15:47:46,065 - INFO - M416296_13, 6: 2p session in column 1, no unduplicated ROIs.
2025-07-29 15:47:46,067 - INFO - M416296_14: Loaded
2025-07-29 15:47:46,068 - INFO - M416296_14, 1: 2p session in column 1, no unduplicated ROIs.
2025-07-29 15:47:46,073 - INFO - M416296_14: Loaded
2025-07-29 15:47:46,073 - INFO - M416296_14, 2: 2p session in column 1, no unduplicated ROIs.
2025-07-29 15:47:46,078 - INFO - M416296_14: Loaded
2025-07-29 15:47:46,078 - INFO - M416296_14, 3: 2p session in column 1, no unduplicated ROIs.
2025-07-29 15:47:46,085 - INFO - M416296_14: Loaded
2025-07-29 15:47:46,085 - INFO - M416296_14, 4: 2p session in column 1, no unduplicated ROIs.
2025-07-29 15:47:46,090 - INFO - M416296_14: Loaded
2025-07-29 15:47:46,090 - INFO - M416296_14, 5: 2p session in column 1, no unduplicated ROIs.
2025-07-29 15:47:46,095 - INFO - M416296_14: Loaded
2025-07-29 15:47:46,095 - INFO - M416296_14, 6: 2p session in column 1, no unduplicated ROIs.
2025-07-29 15:47:46,100 - INFO - M416296_15: Loaded
2025-07-29 15:47:46,100 - INFO - M416296_15, 1: 2p session in column 1, no unduplicated ROIs.
2025-07-29 15:47:46,104 - INFO - M416296_15: Loaded
2025-07-29 15:47:46,105 - INFO - M416296_15, 2: 2p session in column 1, no unduplicated ROIs.
2025-07-29 15:47:46,110 - INFO - M416296_15: Loaded
2025-07-29 15:47:46,110 - INFO - M416296_15, 3: 2p session in column 1, no unduplicated ROIs.
2025-07-29 15:47:46,114 - INFO - M416296_15: Loaded
2025-07-29 15:47:46,114 - INFO - M416296_15, 4: 2p session in column 1, no unduplicated ROIs.
2025-07-29 15:47:46,121 - INFO - M416296_15: Loaded
2025-07-29 15:47:46,121 - INFO - M416296_15, 5: 2p session in column 1, no unduplicated ROIs.
2025-07-29 15:47:46,125 - INFO - M416296_15: Loaded
2025-07-29 15:47:46,126 - INFO - M416296_15, 6: 2p session in column 1, no unduplicated ROIs.
2025-07-29 15:47:46,128 - INFO - M416296_17: Loaded
2025-07-29 15:47:46,134 - INFO - M416296_17: Loaded
2025-07-29 15:47:46,134 - INFO - M416296_17: Plane 2 not found
2025-07-29 15:47:46,139 - INFO - M416296_17: Loaded
2025-07-29 15:47:46,139 - INFO - M416296_17: Plane 3 not found
2025-07-29 15:47:46,146 - INFO - M416296_17: Loaded
2025-07-29 15:47:46,146 - INFO - M416296_17: Plane 4 not found
2025-07-29 15:47:46,151 - INFO - M416296_17: Loaded
2025-07-29 15:47:46,151 - INFO - M416296_17: Plane 5 not found
2025-07-29 15:47:46,161 - INFO - M416296_17: Loaded
2025-07-29 15:47:46,161 - INFO - M416296_17: Plane 6 not found
2025-07-29 15:47:46,165 - INFO - M416296_18: Loaded
2025-07-29 15:47:46,173 - INFO - M416296_18: Loaded
2025-07-29 15:47:46,173 - INFO - M416296_18: Plane 2 not found
2025-07-29 15:47:46,179 - INFO - M416296_18: Loaded
2025-07-29 15:47:46,179 - INFO - M416296_18: Plane 3 not found
2025-07-29 15:47:46,184 - INFO - M416296_18: Loaded
2025-07-29 15:47:46,184 - INFO - M416296_18: Plane 4 not found
2025-07-29 15:47:46,194 - INFO - M416296_18: Loaded
2025-07-29 15:47:46,194 - INFO - M416296_18: Plane 5 not found
2025-07-29 15:47:46,198 - INFO - M416296_18: Loaded
2025-07-29 15:47:46,198 - INFO - M416296_18: Plane 6 not found
2025-07-29 15:47:46,206 - INFO - M416296_19: Loaded
2025-07-29 15:47:46,213 - INFO - M416296_19: Loaded
2025-07-29 15:47:46,213 - INFO - M416296_19: Plane 2 not found
2025-07-29 15:47:46,217 - INFO - M416296_19: Loaded
2025-07-29 15:47:46,218 - INFO - M416296_19: Plane 3 not found
2025-07-29 15:47:46,223 - INFO - M416296_19: Loaded
2025-07-29 15:47:46,223 - INFO - M416296_19: Plane 4 not found
2025-07-29 15:47:46,229 - INFO - M416296_19: Loaded
2025-07-29 15:47:46,229 - INFO - M416296_19: Plane 5 not found
2025-07-29 15:47:46,234 - INFO - M416296_19: Loaded
2025-07-29 15:47:46,234 - INFO - M416296_19: Plane 6 not found
2025-07-29 15:47:46,239 - INFO - M416296_1a: Loaded
2025-07-29 15:47:46,245 - INFO - M416296_1a: Loaded
2025-07-29 15:47:46,245 - INFO - M416296_1a: Plane 2 not found
2025-07-29 15:47:46,249 - INFO - M416296_1a: Loaded
2025-07-29 15:47:46,250 - INFO - M416296_1a: Plane 3 not found
2025-07-29 15:47:46,256 - INFO - M416296_1a: Loaded
2025-07-29 15:47:46,256 - INFO - M416296_1a: Plane 4 not found
2025-07-29 15:47:46,261 - INFO - M416296_1a: Loaded
2025-07-29 15:47:46,261 - INFO - M416296_1a: Plane 5 not found
2025-07-29 15:47:46,270 - INFO - M416296_1a: Loaded
2025-07-29 15:47:46,270 - INFO - M416296_1a: Plane 6 not found
2025-07-29 15:47:46,272 - INFO - M416296_1b: Loaded
2025-07-29 15:47:46,278 - INFO - M416296_1b: Loaded
2025-07-29 15:47:46,278 - INFO - M416296_1b: Plane 2 not found
2025-07-29 15:47:46,284 - INFO - M416296_1b: Loaded
2025-07-29 15:47:46,285 - INFO - M416296_1b: Plane 3 not found
2025-07-29 15:47:46,289 - INFO - M416296_1b: Loaded
2025-07-29 15:47:46,289 - INFO - M416296_1b: Plane 4 not found
2025-07-29 15:47:46,294 - INFO - M416296_1b: Loaded
2025-07-29 15:47:46,294 - INFO - M416296_1b: Plane 5 not found
2025-07-29 15:47:46,299 - INFO - M416296_1b: Loaded
2025-07-29 15:47:46,299 - INFO - M416296_1b: Plane 6 not found
2025-07-29 15:47:46,305 - INFO - M416296_1c: Loaded
2025-07-29 15:47:46,310 - INFO - M416296_1c: Loaded
2025-07-29 15:47:46,310 - INFO - M416296_1c: Plane 2 not found
2025-07-29 15:47:46,315 - INFO - M416296_1c: Loaded
2025-07-29 15:47:46,316 - INFO - M416296_1c: Plane 3 not found
2025-07-29 15:47:46,321 - INFO - M416296_1c: Loaded
2025-07-29 15:47:46,321 - INFO - M416296_1c: Plane 4 not found
2025-07-29 15:47:46,328 - INFO - M416296_1c: Loaded
2025-07-29 15:47:46,328 - INFO - M416296_1c: Plane 5 not found
2025-07-29 15:47:46,332 - INFO - M416296_1c: Loaded
2025-07-29 15:47:46,332 - INFO - M416296_1c: Plane 6 not found
2025-07-29 15:47:46,363 - INFO - M416296_21: Loaded
2025-07-29 15:47:46,366 - INFO - M416296_21: Loaded
2025-07-29 15:47:46,368 - INFO - M416296_21: Loaded
2025-07-29 15:47:46,368 - INFO - M416296_21: Loaded
2025-07-29 15:47:46,374 - INFO - M416296_21: Loaded
2025-07-29 15:47:46,380 - INFO - M416296_22: Loaded
2025-07-29 15:47:46,388 - INFO - M416296_21: Loaded
2025-07-29 15:47:46,391 - INFO - M416296_22: Loaded
2025-07-29 15:47:46,393 - INFO - M416296_22: Loaded
2025-07-29 15:47:46,399 - INFO - M416296_22: Loaded
2025-07-29 15:47:46,404 - INFO - M416296_22: Loaded
2025-07-29 15:47:46,410 - INFO - M416296_22: Loaded
2025-07-29 15:47:46,415 - INFO - M416296_23: Loaded
2025-07-29 15:47:46,422 - INFO - M416296_23: Loaded
2025-07-29 15:47:46,426 - INFO - M416296_23: Loaded
2025-07-29 15:47:46,432 - INFO - M416296_23: Loaded
2025-07-29 15:47:46,438 - INFO - M416296_23: Loaded
2025-07-29 15:47:46,444 - INFO - M416296_23: Loaded
2025-07-29 15:47:46,448 - INFO - M416296_24: Loaded
2025-07-29 15:47:46,455 - INFO - M416296_24: Loaded
2025-07-29 15:47:46,460 - INFO - M416296_24: Loaded
2025-07-29 15:47:46,465 - INFO - M416296_24: Loaded
2025-07-29 15:47:46,472 - INFO - M416296_24: Loaded
2025-07-29 15:47:46,477 - INFO - M416296_24: Loaded
2025-07-29 15:47:46,481 - INFO - M416296_25: Loaded
2025-07-29 15:47:46,487 - INFO - M416296_25: Loaded
2025-07-29 15:47:46,492 - INFO - M416296_25: Loaded
2025-07-29 15:47:46,497 - INFO - M416296_25: Loaded
2025-07-29 15:47:46,503 - INFO - M416296_25: Loaded
2025-07-29 15:47:46,508 - INFO - M416296_25: Loaded
2025-07-29 15:47:46,521 - INFO - M416296_31: Loaded
2025-07-29 15:47:46,526 - INFO - M416296_31: Loaded
2025-07-29 15:47:46,532 - INFO - M416296_31: Loaded
2025-07-29 15:47:46,540 - INFO - M416296_31: Loaded
2025-07-29 15:47:46,544 - INFO - M416296_31: Loaded
2025-07-29 15:47:46,549 - INFO - M416296_31: Loaded
2025-07-29 15:47:46,553 - INFO - M416296_32: Loaded
2025-07-29 15:47:46,556 - INFO - M416296_32: Loaded
2025-07-29 15:47:46,562 - INFO - M416296_32: Loaded
2025-07-29 15:47:46,570 - INFO - M416296_32: Loaded
2025-07-29 15:47:46,574 - INFO - M416296_32: Loaded
2025-07-29 15:47:46,581 - INFO - M416296_32: Loaded
2025-07-29 15:47:46,584 - INFO - M416296_33: Loaded
2025-07-29 15:47:46,589 - INFO - M416296_33: Loaded
2025-07-29 15:47:46,596 - INFO - M416296_33: Loaded
2025-07-29 15:47:46,602 - INFO - M416296_33: Loaded
2025-07-29 15:47:46,607 - INFO - M416296_33: Loaded
2025-07-29 15:47:46,613 - INFO - M416296_33: Loaded
2025-07-29 15:47:46,617 - INFO - M416296_34: Loaded
2025-07-29 15:47:46,622 - INFO - M416296_34: Loaded
2025-07-29 15:47:46,628 - INFO - M416296_34: Loaded
2025-07-29 15:47:46,634 - INFO - M416296_34: Loaded
2025-07-29 15:47:46,639 - INFO - M416296_34: Loaded
2025-07-29 15:47:46,649 - INFO - M416296_34: Loaded
2025-07-29 15:47:46,655 - INFO - M416296_35: Loaded
2025-07-29 15:47:46,657 - INFO - M416296_35: Loaded
2025-07-29 15:47:46,661 - INFO - M416296_35: Loaded
2025-07-29 15:47:46,668 - INFO - M416296_35: Loaded
2025-07-29 15:47:46,671 - INFO - M416296_35: Loaded
2025-07-29 15:47:46,676 - INFO - M416296_35: Loaded
2025-07-29 15:47:46,697 - INFO - M416296_41: Loaded
2025-07-29 15:47:46,704 - INFO - M416296_41: Loaded
2025-07-29 15:47:46,710 - INFO - M416296_41: Loaded
2025-07-29 15:47:46,715 - INFO - M416296_41: Loaded
2025-07-29 15:47:46,722 - INFO - M416296_41: Loaded
2025-07-29 15:47:46,723 - INFO - M416296_42: Loaded
2025-07-29 15:47:46,728 - INFO - M416296_41: Loaded
2025-07-29 15:47:46,729 - INFO - M416296_42: Loaded
2025-07-29 15:47:46,733 - INFO - M416296_42: Loaded
2025-07-29 15:47:46,740 - INFO - M416296_42: Loaded
2025-07-29 15:47:46,753 - INFO - M416296_42: Loaded
2025-07-29 15:47:46,755 - INFO - M416296_42: Loaded
2025-07-29 15:47:46,761 - INFO - M416296_43: Loaded
2025-07-29 15:47:46,772 - INFO - M416296_43: Loaded
2025-07-29 15:47:46,783 - INFO - M416296_43: Loaded
2025-07-29 15:47:46,783 - INFO - M416296_43: Loaded
2025-07-29 15:47:46,793 - INFO - M416296_43: Loaded
2025-07-29 15:47:46,794 - INFO - M416296_43: Loaded
2025-07-29 15:47:46,797 - INFO - M416296_44: Loaded
2025-07-29 15:47:46,802 - INFO - M416296_44: Loaded
2025-07-29 15:47:46,808 - INFO - M416296_44: Loaded
2025-07-29 15:47:46,813 - INFO - M416296_44: Loaded
2025-07-29 15:47:46,818 - INFO - M416296_44: Loaded
2025-07-29 15:47:46,825 - INFO - M416296_44: Loaded
2025-07-29 15:47:46,831 - INFO - M416296_45: Loaded
2025-07-29 15:47:46,836 - INFO - M416296_45: Loaded
2025-07-29 15:47:46,839 - INFO - M416296_45: Loaded
2025-07-29 15:47:46,843 - INFO - M416296_45: Loaded
2025-07-29 15:47:46,848 - INFO - M416296_45: Loaded
2025-07-29 15:47:46,853 - INFO - M416296_45: Loaded
2025-07-29 15:47:46,868 - INFO - M416296_51: Loaded
2025-07-29 15:47:46,872 - INFO - M416296_51: Loaded
2025-07-29 15:47:46,880 - INFO - M416296_51: Loaded
2025-07-29 15:47:46,884 - INFO - M416296_51: Loaded
2025-07-29 15:47:46,888 - INFO - M416296_51: Loaded
2025-07-29 15:47:46,895 - INFO - M416296_51: Loaded
2025-07-29 15:47:46,896 - INFO - M416296_52: Loaded
2025-07-29 15:47:46,901 - INFO - M416296_52: Loaded
2025-07-29 15:47:46,907 - INFO - M416296_52: Loaded
2025-07-29 15:47:46,914 - INFO - M416296_52: Loaded
2025-07-29 15:47:46,918 - INFO - M416296_52: Loaded
2025-07-29 15:47:46,924 - INFO - M416296_52: Loaded
2025-07-29 15:47:46,929 - INFO - M416296_53: Loaded
2025-07-29 15:47:46,936 - INFO - M416296_53: Loaded
2025-07-29 15:47:46,940 - INFO - M416296_53: Loaded
2025-07-29 15:47:46,947 - INFO - M416296_53: Loaded
2025-07-29 15:47:46,952 - INFO - M416296_53: Loaded
2025-07-29 15:47:46,957 - INFO - M416296_53: Loaded
2025-07-29 15:47:46,961 - INFO - M416296_54: Loaded
2025-07-29 15:47:46,966 - INFO - M416296_54: Loaded
2025-07-29 15:47:46,971 - INFO - M416296_54: Loaded
2025-07-29 15:47:46,977 - INFO - M416296_54: Loaded
2025-07-29 15:47:46,983 - INFO - M416296_54: Loaded
2025-07-29 15:47:46,988 - INFO - M416296_54: Loaded
2025-07-29 15:47:46,992 - INFO - M416296_55: Loaded
2025-07-29 15:47:46,998 - INFO - M416296_55: Loaded
2025-07-29 15:47:47,003 - INFO - M416296_55: Loaded
2025-07-29 15:47:47,008 - INFO - M416296_55: Loaded
2025-07-29 15:47:47,015 - INFO - M416296_55: Loaded
2025-07-29 15:47:47,019 - INFO - M416296_55: Loaded
2025-07-29 15:47:47,033 - INFO - M427836_11: Loaded
2025-07-29 15:47:47,033 - INFO - M427836_11, 1: 2p session in column 1, no unduplicated ROIs.
2025-07-29 15:47:47,038 - INFO - M427836_11: Loaded
2025-07-29 15:47:47,038 - INFO - M427836_11, 2: 2p session in column 1, no unduplicated ROIs.
2025-07-29 15:47:47,044 - INFO - M427836_11: Loaded
2025-07-29 15:47:47,044 - INFO - M427836_11, 3: 2p session in column 1, no unduplicated ROIs.
2025-07-29 15:47:47,049 - INFO - M427836_11: Loaded
2025-07-29 15:47:47,050 - INFO - M427836_11, 4: 2p session in column 1, no unduplicated ROIs.
2025-07-29 15:47:47,056 - INFO - M427836_11: Loaded
2025-07-29 15:47:47,056 - INFO - M427836_11, 5: 2p session in column 1, no unduplicated ROIs.
2025-07-29 15:47:47,061 - INFO - M427836_11: Loaded
2025-07-29 15:47:47,062 - INFO - M427836_11, 6: 2p session in column 1, no unduplicated ROIs.
2025-07-29 15:47:47,065 - INFO - M427836_12: Loaded
2025-07-29 15:47:47,065 - INFO - M427836_12, 1: 2p session in column 1, no unduplicated ROIs.
2025-07-29 15:47:47,071 - INFO - M427836_12: Loaded
2025-07-29 15:47:47,071 - INFO - M427836_12, 2: 2p session in column 1, no unduplicated ROIs.
2025-07-29 15:47:47,075 - INFO - M427836_12: Loaded
2025-07-29 15:47:47,075 - INFO - M427836_12, 3: 2p session in column 1, no unduplicated ROIs.
2025-07-29 15:47:47,083 - INFO - M427836_12: Loaded
2025-07-29 15:47:47,083 - INFO - M427836_12, 4: 2p session in column 1, no unduplicated ROIs.
2025-07-29 15:47:47,088 - INFO - M427836_12: Loaded
2025-07-29 15:47:47,088 - INFO - M427836_12, 5: 2p session in column 1, no unduplicated ROIs.
2025-07-29 15:47:47,091 - INFO - M427836_12: Loaded
2025-07-29 15:47:47,092 - INFO - M427836_12, 6: 2p session in column 1, no unduplicated ROIs.
2025-07-29 15:47:47,096 - INFO - M427836_13: Loaded
2025-07-29 15:47:47,097 - INFO - M427836_13, 1: 2p session in column 1, no unduplicated ROIs.
2025-07-29 15:47:47,103 - INFO - M427836_13: Loaded
2025-07-29 15:47:47,103 - INFO - M427836_13, 2: 2p session in column 1, no unduplicated ROIs.
2025-07-29 15:47:47,110 - INFO - M427836_13: Loaded
2025-07-29 15:47:47,111 - INFO - M427836_13, 3: 2p session in column 1, no unduplicated ROIs.
2025-07-29 15:47:47,118 - INFO - M427836_13: Loaded
2025-07-29 15:47:47,118 - INFO - M427836_13, 4: 2p session in column 1, no unduplicated ROIs.
2025-07-29 15:47:47,127 - INFO - M427836_13: Loaded
2025-07-29 15:47:47,128 - INFO - M427836_13, 5: 2p session in column 1, no unduplicated ROIs.
2025-07-29 15:47:47,131 - INFO - M427836_13: Loaded
2025-07-29 15:47:47,131 - INFO - M427836_13, 6: 2p session in column 1, no unduplicated ROIs.
2025-07-29 15:47:47,132 - INFO - M427836_14: Loaded
2025-07-29 15:47:47,132 - INFO - M427836_14, 1: 2p session in column 1, no unduplicated ROIs.
2025-07-29 15:47:47,140 - INFO - M427836_14: Loaded
2025-07-29 15:47:47,140 - INFO - M427836_14, 2: 2p session in column 1, no unduplicated ROIs.
2025-07-29 15:47:47,148 - INFO - M427836_14: Loaded
2025-07-29 15:47:47,148 - INFO - M427836_14, 3: 2p session in column 1, no unduplicated ROIs.
2025-07-29 15:47:47,154 - INFO - M427836_14: Loaded
2025-07-29 15:47:47,154 - INFO - M427836_14, 4: 2p session in column 1, no unduplicated ROIs.
2025-07-29 15:47:47,159 - INFO - M427836_14: Loaded
2025-07-29 15:47:47,159 - INFO - M427836_14, 5: 2p session in column 1, no unduplicated ROIs.
2025-07-29 15:47:47,165 - INFO - M427836_14: Loaded
2025-07-29 15:47:47,165 - INFO - M427836_14, 6: 2p session in column 1, no unduplicated ROIs.
2025-07-29 15:47:47,172 - INFO - M427836_15: Loaded
2025-07-29 15:47:47,172 - INFO - M427836_15, 1: 2p session in column 1, no unduplicated ROIs.
2025-07-29 15:47:47,180 - INFO - M427836_15: Loaded
2025-07-29 15:47:47,181 - INFO - M427836_15, 2: 2p session in column 1, no unduplicated ROIs.
2025-07-29 15:47:47,185 - INFO - M427836_15: Loaded
2025-07-29 15:47:47,185 - INFO - M427836_15, 3: 2p session in column 1, no unduplicated ROIs.
2025-07-29 15:47:47,191 - INFO - M427836_15: Loaded
2025-07-29 15:47:47,192 - INFO - M427836_15, 4: 2p session in column 1, no unduplicated ROIs.
2025-07-29 15:47:47,196 - INFO - M427836_15: Loaded
2025-07-29 15:47:47,197 - INFO - M427836_15, 5: 2p session in column 1, no unduplicated ROIs.
2025-07-29 15:47:47,204 - INFO - M427836_15: Loaded
2025-07-29 15:47:47,205 - INFO - M427836_15, 6: 2p session in column 1, no unduplicated ROIs.
2025-07-29 15:47:47,210 - INFO - M427836_16: Loaded
2025-07-29 15:47:47,214 - INFO - M427836_16: Loaded
2025-07-29 15:47:47,214 - INFO - M427836_16: Plane 2 not found
2025-07-29 15:47:47,223 - INFO - M427836_16: Loaded
2025-07-29 15:47:47,223 - INFO - M427836_16: Plane 3 not found
2025-07-29 15:47:47,228 - INFO - M427836_16: Loaded
2025-07-29 15:47:47,228 - INFO - M427836_16: Plane 4 not found
2025-07-29 15:47:47,236 - INFO - M427836_16: Loaded
2025-07-29 15:47:47,236 - INFO - M427836_16: Plane 5 not found
2025-07-29 15:47:47,242 - INFO - M427836_16: Loaded
2025-07-29 15:47:47,242 - INFO - M427836_16: Plane 6 not found
2025-07-29 15:47:47,246 - INFO - M427836_17: Loaded
2025-07-29 15:47:47,253 - INFO - M427836_17: Loaded
2025-07-29 15:47:47,253 - INFO - M427836_17: Plane 2 not found
2025-07-29 15:47:47,258 - INFO - M427836_17: Loaded
2025-07-29 15:47:47,259 - INFO - M427836_17: Plane 3 not found
2025-07-29 15:47:47,264 - INFO - M427836_17: Loaded
2025-07-29 15:47:47,264 - INFO - M427836_17: Plane 4 not found
2025-07-29 15:47:47,268 - INFO - M427836_17: Loaded
2025-07-29 15:47:47,268 - INFO - M427836_17: Plane 5 not found
2025-07-29 15:47:47,275 - INFO - M427836_17: Loaded
2025-07-29 15:47:47,275 - INFO - M427836_17: Plane 6 not found
2025-07-29 15:47:47,281 - INFO - M427836_18: Loaded
2025-07-29 15:47:47,285 - INFO - M427836_18: Loaded
2025-07-29 15:47:47,285 - INFO - M427836_18: Plane 2 not found
2025-07-29 15:47:47,293 - INFO - M427836_18: Loaded
2025-07-29 15:47:47,293 - INFO - M427836_18: Plane 3 not found
2025-07-29 15:47:47,299 - INFO - M427836_18: Loaded
2025-07-29 15:47:47,299 - INFO - M427836_18: Plane 4 not found
2025-07-29 15:47:47,306 - INFO - M427836_18: Loaded
2025-07-29 15:47:47,306 - INFO - M427836_18: Plane 5 not found
2025-07-29 15:47:47,311 - INFO - M427836_18: Loaded
2025-07-29 15:47:47,311 - INFO - M427836_18: Plane 6 not found
2025-07-29 15:47:47,317 - INFO - M427836_19: Loaded
2025-07-29 15:47:47,323 - INFO - M427836_19: Loaded
2025-07-29 15:47:47,323 - INFO - M427836_19: Plane 2 not found
2025-07-29 15:47:47,327 - INFO - M427836_19: Loaded
2025-07-29 15:47:47,327 - INFO - M427836_19: Plane 3 not found
2025-07-29 15:47:47,332 - INFO - M427836_19: Loaded
2025-07-29 15:47:47,333 - INFO - M427836_19: Plane 4 not found
2025-07-29 15:47:47,338 - INFO - M427836_19: Loaded
2025-07-29 15:47:47,338 - INFO - M427836_19: Plane 5 not found
2025-07-29 15:47:47,343 - INFO - M427836_19: Loaded
2025-07-29 15:47:47,344 - INFO - M427836_19: Plane 6 not found
2025-07-29 15:47:47,347 - INFO - M427836_1a: Loaded
2025-07-29 15:47:47,353 - INFO - M427836_1a: Loaded
2025-07-29 15:47:47,353 - INFO - M427836_1a: Plane 2 not found
2025-07-29 15:47:47,362 - INFO - M427836_1a: Loaded
2025-07-29 15:47:47,363 - INFO - M427836_1a: Plane 3 not found
2025-07-29 15:47:47,366 - INFO - M427836_1a: Loaded
2025-07-29 15:47:47,366 - INFO - M427836_1a: Plane 4 not found
2025-07-29 15:47:47,373 - INFO - M427836_1a: Loaded
2025-07-29 15:47:47,374 - INFO - M427836_1a: Plane 5 not found
2025-07-29 15:47:47,380 - INFO - M427836_1a: Loaded
2025-07-29 15:47:47,380 - INFO - M427836_1a: Plane 6 not found
2025-07-29 15:47:47,386 - INFO - M427836_1b: Loaded
2025-07-29 15:47:47,391 - INFO - M427836_1b: Loaded
2025-07-29 15:47:47,391 - INFO - M427836_1b: Plane 2 not found
2025-07-29 15:47:47,397 - INFO - M427836_1b: Loaded
2025-07-29 15:47:47,397 - INFO - M427836_1b: Plane 3 not found
2025-07-29 15:47:47,401 - INFO - M427836_1b: Loaded
2025-07-29 15:47:47,401 - INFO - M427836_1b: Plane 4 not found
2025-07-29 15:47:47,408 - INFO - M427836_1b: Loaded
2025-07-29 15:47:47,409 - INFO - M427836_1b: Plane 5 not found
2025-07-29 15:47:47,412 - INFO - M427836_1b: Loaded
2025-07-29 15:47:47,412 - INFO - M427836_1b: Plane 6 not found
2025-07-29 15:47:47,415 - INFO - M427836_1c: Loaded
2025-07-29 15:47:47,422 - INFO - M427836_1c: Loaded
2025-07-29 15:47:47,422 - INFO - M427836_1c: Plane 2 not found
2025-07-29 15:47:47,427 - INFO - M427836_1c: Loaded
2025-07-29 15:47:47,427 - INFO - M427836_1c: Plane 3 not found
2025-07-29 15:47:47,432 - INFO - M427836_1c: Loaded
2025-07-29 15:47:47,432 - INFO - M427836_1c: Plane 4 not found
2025-07-29 15:47:47,439 - INFO - M427836_1c: Loaded
2025-07-29 15:47:47,439 - INFO - M427836_1c: Plane 5 not found
2025-07-29 15:47:47,447 - INFO - M427836_1c: Loaded
2025-07-29 15:47:47,447 - INFO - M427836_1c: Plane 6 not found
2025-07-29 15:47:47,451 - INFO - M427836_1d: Loaded
2025-07-29 15:47:47,455 - INFO - M427836_1d: Loaded
2025-07-29 15:47:47,456 - INFO - M427836_1d: Plane 2 not found
2025-07-29 15:47:47,461 - INFO - M427836_1d: Loaded
2025-07-29 15:47:47,462 - INFO - M427836_1d: Plane 3 not found
2025-07-29 15:47:47,466 - INFO - M427836_1d: Loaded
2025-07-29 15:47:47,466 - INFO - M427836_1d: Plane 4 not found
2025-07-29 15:47:47,471 - INFO - M427836_1d: Loaded
2025-07-29 15:47:47,471 - INFO - M427836_1d: Plane 5 not found
2025-07-29 15:47:47,476 - INFO - M427836_1d: Loaded
2025-07-29 15:47:47,476 - INFO - M427836_1d: Plane 6 not found
2025-07-29 15:47:47,478 - ERROR - M427836_1e: There are 26 errors with the NWB file for session M427836_1e (/home/naomi/Desktop/data/V1dd_nwbs/nwbs/problematic/M427836_1e_20190506.nwb):

 - Cannot find "vasmap_mp" in "acquisition/images"
 - Cannot find "vasmap_mp_rotated" in "acquisition/images"
 - Cannot find "vasmap_wf" in "acquisition/images"
 - Cannot find "vasmap_wf_rotated" in "acquisition/images"
 - Cannot find "digital_2p_vsync_rise" in "acquisition/timeseries"
 - Cannot find "digital_2p_vsync_fall" in "acquisition/timeseries"
 - Cannot find "digital_cam1_exposure_rise" in "acquisition/timeseries"
 - Cannot find "digital_cam1_exposure_fall" in "acquisition/timeseries"
 - Cannot find "digital_cam2_exposure_rise" in "acquisition/timeseries"
 - Cannot find "digital_cam2_exposure_fall" in "acquisition/timeseries"
 - Cannot find "digital_stim_photodiode_rise" in "acquisition/timeseries"
 - Cannot find "digital_stim_photodiode_fall" in "acquisition/timeseries"
 - Cannot find "digital_stim_vsync_rise" in "acquisition/timeseries"
 - Cannot find "digital_stim_vsync_fall" in "acquisition/timeseries"
 - Cannot find "drifting_gratings_full" in "stimulus/presentation"
 - Cannot find "drifting_gratings_windowed" in "stimulus/presentation"
 - Cannot find "locally_sparse_noise" in "stimulus/presentation"
 - Cannot find "natural_images" in "stimulus/presentation"
 - Cannot find "natural_images_12" in "stimulus/presentation"
 - Cannot find "natural_movie" in "stimulus/presentation"
 - Cannot find "spontaneous" in "stimulus/presentation"
 - Cannot find "onsets_drifting_gratings_full" in "analysis"
 - Cannot find "onsets_drifting_gratings_windowed" in "analysis"
 - Cannot find "probe_onsets_lsn" in "analysis"
 - Cannot find "eye_tracking_right" in "processing"
 - Cannot find "locomotion" in "processing": Error loading
2025-07-29 15:47:47,483 - ERROR - M427836_1e: There are 26 errors with the NWB file for session M427836_1e (/home/naomi/Desktop/data/V1dd_nwbs/nwbs/problematic/M427836_1e_20190506.nwb):

 - Cannot find "vasmap_mp" in "acquisition/images"
 - Cannot find "vasmap_mp_rotated" in "acquisition/images"
 - Cannot find "vasmap_wf" in "acquisition/images"
 - Cannot find "vasmap_wf_rotated" in "acquisition/images"
 - Cannot find "digital_2p_vsync_rise" in "acquisition/timeseries"
 - Cannot find "digital_2p_vsync_fall" in "acquisition/timeseries"
 - Cannot find "digital_cam1_exposure_rise" in "acquisition/timeseries"
 - Cannot find "digital_cam1_exposure_fall" in "acquisition/timeseries"
 - Cannot find "digital_cam2_exposure_rise" in "acquisition/timeseries"
 - Cannot find "digital_cam2_exposure_fall" in "acquisition/timeseries"
 - Cannot find "digital_stim_photodiode_rise" in "acquisition/timeseries"
 - Cannot find "digital_stim_photodiode_fall" in "acquisition/timeseries"
 - Cannot find "digital_stim_vsync_rise" in "acquisition/timeseries"
 - Cannot find "digital_stim_vsync_fall" in "acquisition/timeseries"
 - Cannot find "drifting_gratings_full" in "stimulus/presentation"
 - Cannot find "drifting_gratings_windowed" in "stimulus/presentation"
 - Cannot find "locally_sparse_noise" in "stimulus/presentation"
 - Cannot find "natural_images" in "stimulus/presentation"
 - Cannot find "natural_images_12" in "stimulus/presentation"
 - Cannot find "natural_movie" in "stimulus/presentation"
 - Cannot find "spontaneous" in "stimulus/presentation"
 - Cannot find "onsets_drifting_gratings_full" in "analysis"
 - Cannot find "onsets_drifting_gratings_windowed" in "analysis"
 - Cannot find "probe_onsets_lsn" in "analysis"
 - Cannot find "eye_tracking_right" in "processing"
 - Cannot find "locomotion" in "processing": Error loading
2025-07-29 15:47:47,488 - ERROR - M427836_1e: There are 26 errors with the NWB file for session M427836_1e (/home/naomi/Desktop/data/V1dd_nwbs/nwbs/problematic/M427836_1e_20190506.nwb):

 - Cannot find "vasmap_mp" in "acquisition/images"
 - Cannot find "vasmap_mp_rotated" in "acquisition/images"
 - Cannot find "vasmap_wf" in "acquisition/images"
 - Cannot find "vasmap_wf_rotated" in "acquisition/images"
 - Cannot find "digital_2p_vsync_rise" in "acquisition/timeseries"
 - Cannot find "digital_2p_vsync_fall" in "acquisition/timeseries"
 - Cannot find "digital_cam1_exposure_rise" in "acquisition/timeseries"
 - Cannot find "digital_cam1_exposure_fall" in "acquisition/timeseries"
 - Cannot find "digital_cam2_exposure_rise" in "acquisition/timeseries"
 - Cannot find "digital_cam2_exposure_fall" in "acquisition/timeseries"
 - Cannot find "digital_stim_photodiode_rise" in "acquisition/timeseries"
 - Cannot find "digital_stim_photodiode_fall" in "acquisition/timeseries"
 - Cannot find "digital_stim_vsync_rise" in "acquisition/timeseries"
 - Cannot find "digital_stim_vsync_fall" in "acquisition/timeseries"
 - Cannot find "drifting_gratings_full" in "stimulus/presentation"
 - Cannot find "drifting_gratings_windowed" in "stimulus/presentation"
 - Cannot find "locally_sparse_noise" in "stimulus/presentation"
 - Cannot find "natural_images" in "stimulus/presentation"
 - Cannot find "natural_images_12" in "stimulus/presentation"
 - Cannot find "natural_movie" in "stimulus/presentation"
 - Cannot find "spontaneous" in "stimulus/presentation"
 - Cannot find "onsets_drifting_gratings_full" in "analysis"
 - Cannot find "onsets_drifting_gratings_windowed" in "analysis"
 - Cannot find "probe_onsets_lsn" in "analysis"
 - Cannot find "eye_tracking_right" in "processing"
 - Cannot find "locomotion" in "processing": Error loading
2025-07-29 15:47:47,495 - ERROR - M427836_1e: There are 26 errors with the NWB file for session M427836_1e (/home/naomi/Desktop/data/V1dd_nwbs/nwbs/problematic/M427836_1e_20190506.nwb):

 - Cannot find "vasmap_mp" in "acquisition/images"
 - Cannot find "vasmap_mp_rotated" in "acquisition/images"
 - Cannot find "vasmap_wf" in "acquisition/images"
 - Cannot find "vasmap_wf_rotated" in "acquisition/images"
 - Cannot find "digital_2p_vsync_rise" in "acquisition/timeseries"
 - Cannot find "digital_2p_vsync_fall" in "acquisition/timeseries"
 - Cannot find "digital_cam1_exposure_rise" in "acquisition/timeseries"
 - Cannot find "digital_cam1_exposure_fall" in "acquisition/timeseries"
 - Cannot find "digital_cam2_exposure_rise" in "acquisition/timeseries"
 - Cannot find "digital_cam2_exposure_fall" in "acquisition/timeseries"
 - Cannot find "digital_stim_photodiode_rise" in "acquisition/timeseries"
 - Cannot find "digital_stim_photodiode_fall" in "acquisition/timeseries"
 - Cannot find "digital_stim_vsync_rise" in "acquisition/timeseries"
 - Cannot find "digital_stim_vsync_fall" in "acquisition/timeseries"
 - Cannot find "drifting_gratings_full" in "stimulus/presentation"
 - Cannot find "drifting_gratings_windowed" in "stimulus/presentation"
 - Cannot find "locally_sparse_noise" in "stimulus/presentation"
 - Cannot find "natural_images" in "stimulus/presentation"
 - Cannot find "natural_images_12" in "stimulus/presentation"
 - Cannot find "natural_movie" in "stimulus/presentation"
 - Cannot find "spontaneous" in "stimulus/presentation"
 - Cannot find "onsets_drifting_gratings_full" in "analysis"
 - Cannot find "onsets_drifting_gratings_windowed" in "analysis"
 - Cannot find "probe_onsets_lsn" in "analysis"
 - Cannot find "eye_tracking_right" in "processing"
 - Cannot find "locomotion" in "processing": Error loading
2025-07-29 15:47:47,501 - ERROR - M427836_1e: There are 26 errors with the NWB file for session M427836_1e (/home/naomi/Desktop/data/V1dd_nwbs/nwbs/problematic/M427836_1e_20190506.nwb):

 - Cannot find "vasmap_mp" in "acquisition/images"
 - Cannot find "vasmap_mp_rotated" in "acquisition/images"
 - Cannot find "vasmap_wf" in "acquisition/images"
 - Cannot find "vasmap_wf_rotated" in "acquisition/images"
 - Cannot find "digital_2p_vsync_rise" in "acquisition/timeseries"
 - Cannot find "digital_2p_vsync_fall" in "acquisition/timeseries"
 - Cannot find "digital_cam1_exposure_rise" in "acquisition/timeseries"
 - Cannot find "digital_cam1_exposure_fall" in "acquisition/timeseries"
 - Cannot find "digital_cam2_exposure_rise" in "acquisition/timeseries"
 - Cannot find "digital_cam2_exposure_fall" in "acquisition/timeseries"
 - Cannot find "digital_stim_photodiode_rise" in "acquisition/timeseries"
 - Cannot find "digital_stim_photodiode_fall" in "acquisition/timeseries"
 - Cannot find "digital_stim_vsync_rise" in "acquisition/timeseries"
 - Cannot find "digital_stim_vsync_fall" in "acquisition/timeseries"
 - Cannot find "drifting_gratings_full" in "stimulus/presentation"
 - Cannot find "drifting_gratings_windowed" in "stimulus/presentation"
 - Cannot find "locally_sparse_noise" in "stimulus/presentation"
 - Cannot find "natural_images" in "stimulus/presentation"
 - Cannot find "natural_images_12" in "stimulus/presentation"
 - Cannot find "natural_movie" in "stimulus/presentation"
 - Cannot find "spontaneous" in "stimulus/presentation"
 - Cannot find "onsets_drifting_gratings_full" in "analysis"
 - Cannot find "onsets_drifting_gratings_windowed" in "analysis"
 - Cannot find "probe_onsets_lsn" in "analysis"
 - Cannot find "eye_tracking_right" in "processing"
 - Cannot find "locomotion" in "processing": Error loading
2025-07-29 15:47:47,506 - ERROR - M427836_1e: There are 26 errors with the NWB file for session M427836_1e (/home/naomi/Desktop/data/V1dd_nwbs/nwbs/problematic/M427836_1e_20190506.nwb):

 - Cannot find "vasmap_mp" in "acquisition/images"
 - Cannot find "vasmap_mp_rotated" in "acquisition/images"
 - Cannot find "vasmap_wf" in "acquisition/images"
 - Cannot find "vasmap_wf_rotated" in "acquisition/images"
 - Cannot find "digital_2p_vsync_rise" in "acquisition/timeseries"
 - Cannot find "digital_2p_vsync_fall" in "acquisition/timeseries"
 - Cannot find "digital_cam1_exposure_rise" in "acquisition/timeseries"
 - Cannot find "digital_cam1_exposure_fall" in "acquisition/timeseries"
 - Cannot find "digital_cam2_exposure_rise" in "acquisition/timeseries"
 - Cannot find "digital_cam2_exposure_fall" in "acquisition/timeseries"
 - Cannot find "digital_stim_photodiode_rise" in "acquisition/timeseries"
 - Cannot find "digital_stim_photodiode_fall" in "acquisition/timeseries"
 - Cannot find "digital_stim_vsync_rise" in "acquisition/timeseries"
 - Cannot find "digital_stim_vsync_fall" in "acquisition/timeseries"
 - Cannot find "drifting_gratings_full" in "stimulus/presentation"
 - Cannot find "drifting_gratings_windowed" in "stimulus/presentation"
 - Cannot find "locally_sparse_noise" in "stimulus/presentation"
 - Cannot find "natural_images" in "stimulus/presentation"
 - Cannot find "natural_images_12" in "stimulus/presentation"
 - Cannot find "natural_movie" in "stimulus/presentation"
 - Cannot find "spontaneous" in "stimulus/presentation"
 - Cannot find "onsets_drifting_gratings_full" in "analysis"
 - Cannot find "onsets_drifting_gratings_windowed" in "analysis"
 - Cannot find "probe_onsets_lsn" in "analysis"
 - Cannot find "eye_tracking_right" in "processing"
 - Cannot find "locomotion" in "processing": Error loading
2025-07-29 15:47:47,510 - ERROR - M427836_1f: There are 26 errors with the NWB file for session M427836_1f (/home/naomi/Desktop/data/V1dd_nwbs/nwbs/problematic/M427836_1f_20190503.nwb):

 - Cannot find "vasmap_mp" in "acquisition/images"
 - Cannot find "vasmap_mp_rotated" in "acquisition/images"
 - Cannot find "vasmap_wf" in "acquisition/images"
 - Cannot find "vasmap_wf_rotated" in "acquisition/images"
 - Cannot find "digital_2p_vsync_rise" in "acquisition/timeseries"
 - Cannot find "digital_2p_vsync_fall" in "acquisition/timeseries"
 - Cannot find "digital_cam1_exposure_rise" in "acquisition/timeseries"
 - Cannot find "digital_cam1_exposure_fall" in "acquisition/timeseries"
 - Cannot find "digital_cam2_exposure_rise" in "acquisition/timeseries"
 - Cannot find "digital_cam2_exposure_fall" in "acquisition/timeseries"
 - Cannot find "digital_stim_photodiode_rise" in "acquisition/timeseries"
 - Cannot find "digital_stim_photodiode_fall" in "acquisition/timeseries"
 - Cannot find "digital_stim_vsync_rise" in "acquisition/timeseries"
 - Cannot find "digital_stim_vsync_fall" in "acquisition/timeseries"
 - Cannot find "drifting_gratings_full" in "stimulus/presentation"
 - Cannot find "drifting_gratings_windowed" in "stimulus/presentation"
 - Cannot find "locally_sparse_noise" in "stimulus/presentation"
 - Cannot find "natural_images" in "stimulus/presentation"
 - Cannot find "natural_images_12" in "stimulus/presentation"
 - Cannot find "natural_movie" in "stimulus/presentation"
 - Cannot find "spontaneous" in "stimulus/presentation"
 - Cannot find "onsets_drifting_gratings_full" in "analysis"
 - Cannot find "onsets_drifting_gratings_windowed" in "analysis"
 - Cannot find "probe_onsets_lsn" in "analysis"
 - Cannot find "eye_tracking_right" in "processing"
 - Cannot find "locomotion" in "processing": Error loading
2025-07-29 15:47:47,515 - ERROR - M427836_1f: There are 26 errors with the NWB file for session M427836_1f (/home/naomi/Desktop/data/V1dd_nwbs/nwbs/problematic/M427836_1f_20190503.nwb):

 - Cannot find "vasmap_mp" in "acquisition/images"
 - Cannot find "vasmap_mp_rotated" in "acquisition/images"
 - Cannot find "vasmap_wf" in "acquisition/images"
 - Cannot find "vasmap_wf_rotated" in "acquisition/images"
 - Cannot find "digital_2p_vsync_rise" in "acquisition/timeseries"
 - Cannot find "digital_2p_vsync_fall" in "acquisition/timeseries"
 - Cannot find "digital_cam1_exposure_rise" in "acquisition/timeseries"
 - Cannot find "digital_cam1_exposure_fall" in "acquisition/timeseries"
 - Cannot find "digital_cam2_exposure_rise" in "acquisition/timeseries"
 - Cannot find "digital_cam2_exposure_fall" in "acquisition/timeseries"
 - Cannot find "digital_stim_photodiode_rise" in "acquisition/timeseries"
 - Cannot find "digital_stim_photodiode_fall" in "acquisition/timeseries"
 - Cannot find "digital_stim_vsync_rise" in "acquisition/timeseries"
 - Cannot find "digital_stim_vsync_fall" in "acquisition/timeseries"
 - Cannot find "drifting_gratings_full" in "stimulus/presentation"
 - Cannot find "drifting_gratings_windowed" in "stimulus/presentation"
 - Cannot find "locally_sparse_noise" in "stimulus/presentation"
 - Cannot find "natural_images" in "stimulus/presentation"
 - Cannot find "natural_images_12" in "stimulus/presentation"
 - Cannot find "natural_movie" in "stimulus/presentation"
 - Cannot find "spontaneous" in "stimulus/presentation"
 - Cannot find "onsets_drifting_gratings_full" in "analysis"
 - Cannot find "onsets_drifting_gratings_windowed" in "analysis"
 - Cannot find "probe_onsets_lsn" in "analysis"
 - Cannot find "eye_tracking_right" in "processing"
 - Cannot find "locomotion" in "processing": Error loading
2025-07-29 15:47:47,520 - ERROR - M427836_1f: There are 26 errors with the NWB file for session M427836_1f (/home/naomi/Desktop/data/V1dd_nwbs/nwbs/problematic/M427836_1f_20190503.nwb):

 - Cannot find "vasmap_mp" in "acquisition/images"
 - Cannot find "vasmap_mp_rotated" in "acquisition/images"
 - Cannot find "vasmap_wf" in "acquisition/images"
 - Cannot find "vasmap_wf_rotated" in "acquisition/images"
 - Cannot find "digital_2p_vsync_rise" in "acquisition/timeseries"
 - Cannot find "digital_2p_vsync_fall" in "acquisition/timeseries"
 - Cannot find "digital_cam1_exposure_rise" in "acquisition/timeseries"
 - Cannot find "digital_cam1_exposure_fall" in "acquisition/timeseries"
 - Cannot find "digital_cam2_exposure_rise" in "acquisition/timeseries"
 - Cannot find "digital_cam2_exposure_fall" in "acquisition/timeseries"
 - Cannot find "digital_stim_photodiode_rise" in "acquisition/timeseries"
 - Cannot find "digital_stim_photodiode_fall" in "acquisition/timeseries"
 - Cannot find "digital_stim_vsync_rise" in "acquisition/timeseries"
 - Cannot find "digital_stim_vsync_fall" in "acquisition/timeseries"
 - Cannot find "drifting_gratings_full" in "stimulus/presentation"
 - Cannot find "drifting_gratings_windowed" in "stimulus/presentation"
 - Cannot find "locally_sparse_noise" in "stimulus/presentation"
 - Cannot find "natural_images" in "stimulus/presentation"
 - Cannot find "natural_images_12" in "stimulus/presentation"
 - Cannot find "natural_movie" in "stimulus/presentation"
 - Cannot find "spontaneous" in "stimulus/presentation"
 - Cannot find "onsets_drifting_gratings_full" in "analysis"
 - Cannot find "onsets_drifting_gratings_windowed" in "analysis"
 - Cannot find "probe_onsets_lsn" in "analysis"
 - Cannot find "eye_tracking_right" in "processing"
 - Cannot find "locomotion" in "processing": Error loading
2025-07-29 15:47:47,526 - ERROR - M427836_1f: There are 26 errors with the NWB file for session M427836_1f (/home/naomi/Desktop/data/V1dd_nwbs/nwbs/problematic/M427836_1f_20190503.nwb):

 - Cannot find "vasmap_mp" in "acquisition/images"
 - Cannot find "vasmap_mp_rotated" in "acquisition/images"
 - Cannot find "vasmap_wf" in "acquisition/images"
 - Cannot find "vasmap_wf_rotated" in "acquisition/images"
 - Cannot find "digital_2p_vsync_rise" in "acquisition/timeseries"
 - Cannot find "digital_2p_vsync_fall" in "acquisition/timeseries"
 - Cannot find "digital_cam1_exposure_rise" in "acquisition/timeseries"
 - Cannot find "digital_cam1_exposure_fall" in "acquisition/timeseries"
 - Cannot find "digital_cam2_exposure_rise" in "acquisition/timeseries"
 - Cannot find "digital_cam2_exposure_fall" in "acquisition/timeseries"
 - Cannot find "digital_stim_photodiode_rise" in "acquisition/timeseries"
 - Cannot find "digital_stim_photodiode_fall" in "acquisition/timeseries"
 - Cannot find "digital_stim_vsync_rise" in "acquisition/timeseries"
 - Cannot find "digital_stim_vsync_fall" in "acquisition/timeseries"
 - Cannot find "drifting_gratings_full" in "stimulus/presentation"
 - Cannot find "drifting_gratings_windowed" in "stimulus/presentation"
 - Cannot find "locally_sparse_noise" in "stimulus/presentation"
 - Cannot find "natural_images" in "stimulus/presentation"
 - Cannot find "natural_images_12" in "stimulus/presentation"
 - Cannot find "natural_movie" in "stimulus/presentation"
 - Cannot find "spontaneous" in "stimulus/presentation"
 - Cannot find "onsets_drifting_gratings_full" in "analysis"
 - Cannot find "onsets_drifting_gratings_windowed" in "analysis"
 - Cannot find "probe_onsets_lsn" in "analysis"
 - Cannot find "eye_tracking_right" in "processing"
 - Cannot find "locomotion" in "processing": Error loading
2025-07-29 15:47:47,534 - ERROR - M427836_1f: There are 26 errors with the NWB file for session M427836_1f (/home/naomi/Desktop/data/V1dd_nwbs/nwbs/problematic/M427836_1f_20190503.nwb):

 - Cannot find "vasmap_mp" in "acquisition/images"
 - Cannot find "vasmap_mp_rotated" in "acquisition/images"
 - Cannot find "vasmap_wf" in "acquisition/images"
 - Cannot find "vasmap_wf_rotated" in "acquisition/images"
 - Cannot find "digital_2p_vsync_rise" in "acquisition/timeseries"
 - Cannot find "digital_2p_vsync_fall" in "acquisition/timeseries"
 - Cannot find "digital_cam1_exposure_rise" in "acquisition/timeseries"
 - Cannot find "digital_cam1_exposure_fall" in "acquisition/timeseries"
 - Cannot find "digital_cam2_exposure_rise" in "acquisition/timeseries"
 - Cannot find "digital_cam2_exposure_fall" in "acquisition/timeseries"
 - Cannot find "digital_stim_photodiode_rise" in "acquisition/timeseries"
 - Cannot find "digital_stim_photodiode_fall" in "acquisition/timeseries"
 - Cannot find "digital_stim_vsync_rise" in "acquisition/timeseries"
 - Cannot find "digital_stim_vsync_fall" in "acquisition/timeseries"
 - Cannot find "drifting_gratings_full" in "stimulus/presentation"
 - Cannot find "drifting_gratings_windowed" in "stimulus/presentation"
 - Cannot find "locally_sparse_noise" in "stimulus/presentation"
 - Cannot find "natural_images" in "stimulus/presentation"
 - Cannot find "natural_images_12" in "stimulus/presentation"
 - Cannot find "natural_movie" in "stimulus/presentation"
 - Cannot find "spontaneous" in "stimulus/presentation"
 - Cannot find "onsets_drifting_gratings_full" in "analysis"
 - Cannot find "onsets_drifting_gratings_windowed" in "analysis"
 - Cannot find "probe_onsets_lsn" in "analysis"
 - Cannot find "eye_tracking_right" in "processing"
 - Cannot find "locomotion" in "processing": Error loading
2025-07-29 15:47:47,537 - ERROR - M427836_1f: There are 26 errors with the NWB file for session M427836_1f (/home/naomi/Desktop/data/V1dd_nwbs/nwbs/problematic/M427836_1f_20190503.nwb):

 - Cannot find "vasmap_mp" in "acquisition/images"
 - Cannot find "vasmap_mp_rotated" in "acquisition/images"
 - Cannot find "vasmap_wf" in "acquisition/images"
 - Cannot find "vasmap_wf_rotated" in "acquisition/images"
 - Cannot find "digital_2p_vsync_rise" in "acquisition/timeseries"
 - Cannot find "digital_2p_vsync_fall" in "acquisition/timeseries"
 - Cannot find "digital_cam1_exposure_rise" in "acquisition/timeseries"
 - Cannot find "digital_cam1_exposure_fall" in "acquisition/timeseries"
 - Cannot find "digital_cam2_exposure_rise" in "acquisition/timeseries"
 - Cannot find "digital_cam2_exposure_fall" in "acquisition/timeseries"
 - Cannot find "digital_stim_photodiode_rise" in "acquisition/timeseries"
 - Cannot find "digital_stim_photodiode_fall" in "acquisition/timeseries"
 - Cannot find "digital_stim_vsync_rise" in "acquisition/timeseries"
 - Cannot find "digital_stim_vsync_fall" in "acquisition/timeseries"
 - Cannot find "drifting_gratings_full" in "stimulus/presentation"
 - Cannot find "drifting_gratings_windowed" in "stimulus/presentation"
 - Cannot find "locally_sparse_noise" in "stimulus/presentation"
 - Cannot find "natural_images" in "stimulus/presentation"
 - Cannot find "natural_images_12" in "stimulus/presentation"
 - Cannot find "natural_movie" in "stimulus/presentation"
 - Cannot find "spontaneous" in "stimulus/presentation"
 - Cannot find "onsets_drifting_gratings_full" in "analysis"
 - Cannot find "onsets_drifting_gratings_windowed" in "analysis"
 - Cannot find "probe_onsets_lsn" in "analysis"
 - Cannot find "eye_tracking_right" in "processing"
 - Cannot find "locomotion" in "processing": Error loading
2025-07-29 15:47:47,558 - INFO - M427836_21: Loaded
2025-07-29 15:47:47,565 - INFO - M427836_21: Loaded
2025-07-29 15:47:47,569 - INFO - M427836_21: Loaded
2025-07-29 15:47:47,576 - INFO - M427836_21: Loaded
2025-07-29 15:47:47,580 - INFO - M427836_21: Loaded
2025-07-29 15:47:47,585 - INFO - M427836_21: Loaded
2025-07-29 15:47:47,590 - INFO - M427836_22: Loaded
2025-07-29 15:47:47,594 - INFO - M427836_22: Loaded
2025-07-29 15:47:47,602 - INFO - M427836_22: Loaded
2025-07-29 15:47:47,606 - INFO - M427836_22: Loaded
2025-07-29 15:47:47,611 - INFO - M427836_22: Loaded
2025-07-29 15:47:47,619 - INFO - M427836_22: Loaded
2025-07-29 15:47:47,626 - INFO - M427836_23: Loaded
2025-07-29 15:47:47,630 - INFO - M427836_23: Loaded
2025-07-29 15:47:47,636 - INFO - M427836_23: Loaded
2025-07-29 15:47:47,641 - INFO - M427836_23: Loaded
2025-07-29 15:47:47,650 - INFO - M427836_23: Loaded
2025-07-29 15:47:47,651 - INFO - M427836_23: Loaded
2025-07-29 15:47:47,655 - INFO - M427836_24: Loaded
2025-07-29 15:47:47,660 - INFO - M427836_24: Loaded
2025-07-29 15:47:47,667 - INFO - M427836_24: Loaded
2025-07-29 15:47:47,673 - INFO - M427836_24: Loaded
2025-07-29 15:47:47,676 - INFO - M427836_24: Loaded
2025-07-29 15:47:47,685 - INFO - M427836_25: Loaded
2025-07-29 15:47:47,686 - INFO - M427836_24: Loaded
2025-07-29 15:47:47,690 - INFO - M427836_25: Loaded
2025-07-29 15:47:47,697 - INFO - M427836_25: Loaded
2025-07-29 15:47:47,701 - INFO - M427836_25: Loaded
2025-07-29 15:47:47,708 - INFO - M427836_25: Loaded
2025-07-29 15:47:47,714 - INFO - M427836_25: Loaded
2025-07-29 15:47:47,725 - INFO - M427836_31: Loaded
2025-07-29 15:47:47,729 - INFO - M427836_31: Loaded
2025-07-29 15:47:47,734 - INFO - M427836_31: Loaded
2025-07-29 15:47:47,741 - INFO - M427836_31: Loaded
2025-07-29 15:47:47,746 - INFO - M427836_31: Loaded
2025-07-29 15:47:47,751 - INFO - M427836_31: Loaded
2025-07-29 15:47:47,759 - INFO - M427836_32: Loaded
2025-07-29 15:47:47,762 - INFO - M427836_32: Loaded
2025-07-29 15:47:47,774 - INFO - M427836_32: Loaded
2025-07-29 15:47:47,775 - INFO - M427836_32: Loaded
2025-07-29 15:47:47,781 - INFO - M427836_32: Loaded
2025-07-29 15:47:47,791 - INFO - M427836_32: Loaded
2025-07-29 15:47:47,800 - INFO - M427836_33: Loaded
2025-07-29 15:47:47,801 - INFO - M427836_33: Loaded
2025-07-29 15:47:47,811 - INFO - M427836_33: Loaded
2025-07-29 15:47:47,820 - INFO - M427836_33: Loaded
2025-07-29 15:47:47,828 - INFO - M427836_33: Loaded
2025-07-29 15:47:47,831 - INFO - M427836_33: Loaded
2025-07-29 15:47:47,834 - INFO - M427836_34: Loaded
2025-07-29 15:47:47,837 - INFO - M427836_34: Loaded
2025-07-29 15:47:47,844 - INFO - M427836_34: Loaded
2025-07-29 15:47:47,849 - INFO - M427836_34: Loaded
2025-07-29 15:47:47,854 - INFO - M427836_34: Loaded
2025-07-29 15:47:47,859 - INFO - M427836_34: Loaded
2025-07-29 15:47:47,863 - INFO - M427836_35: Loaded
2025-07-29 15:47:47,868 - INFO - M427836_35: Loaded
2025-07-29 15:47:47,875 - INFO - M427836_35: Loaded
2025-07-29 15:47:47,880 - INFO - M427836_35: Loaded
2025-07-29 15:47:47,885 - INFO - M427836_35: Loaded
2025-07-29 15:47:47,890 - INFO - M427836_35: Loaded
2025-07-29 15:47:47,902 - INFO - M427836_41: Loaded
2025-07-29 15:47:47,908 - INFO - M427836_41: Loaded
2025-07-29 15:47:47,913 - INFO - M427836_41, 1: Not enough X_data (training), only have 0 rois, cannot perform decoding
2025-07-29 15:47:47,915 - INFO - M427836_41: Loaded
2025-07-29 15:47:47,918 - INFO - M427836_41: Loaded
2025-07-29 15:47:47,924 - INFO - M427836_41: Loaded
2025-07-29 15:47:47,930 - INFO - M427836_41: Loaded
2025-07-29 15:47:47,934 - INFO - M427836_42: Loaded
2025-07-29 15:47:47,939 - INFO - M427836_42: Loaded
2025-07-29 15:47:47,947 - INFO - M427836_42: Loaded
2025-07-29 15:47:47,950 - INFO - M427836_42: Loaded
2025-07-29 15:47:47,957 - INFO - M427836_42: Loaded
2025-07-29 15:47:47,962 - INFO - M427836_42: Loaded
2025-07-29 15:47:47,967 - INFO - M427836_43: Loaded
2025-07-29 15:47:47,974 - INFO - M427836_43: Loaded
2025-07-29 15:47:47,979 - INFO - M427836_43: Loaded
2025-07-29 15:47:47,984 - INFO - M427836_43: Loaded
2025-07-29 15:47:47,991 - INFO - M427836_43: Loaded
2025-07-29 15:47:47,997 - INFO - M427836_43: Loaded
2025-07-29 15:47:47,999 - INFO - M427836_44: Loaded
2025-07-29 15:47:48,005 - INFO - M427836_44: Loaded
2025-07-29 15:47:48,011 - INFO - M427836_44: Loaded
2025-07-29 15:47:48,014 - INFO - M427836_44: Loaded
2025-07-29 15:47:48,020 - INFO - M427836_44: Loaded
2025-07-29 15:47:48,026 - INFO - M427836_44: Loaded
2025-07-29 15:47:48,030 - INFO - M427836_45: Loaded
2025-07-29 15:47:48,036 - INFO - M427836_45: Loaded
2025-07-29 15:47:48,042 - INFO - M427836_45: Loaded
2025-07-29 15:47:48,047 - INFO - M427836_45: Loaded
2025-07-29 15:47:48,054 - INFO - M427836_45: Loaded
2025-07-29 15:47:48,058 - INFO - M427836_45: Loaded
2025-07-29 15:47:48,068 - INFO - M427836_51: Loaded
2025-07-29 15:47:48,070 - INFO - M427836_45, 6: Not enough X_data (training), only have 0 rois, cannot perform decoding
2025-07-29 15:47:48,074 - INFO - M427836_51: Loaded
2025-07-29 15:47:48,079 - INFO - M427836_51: Loaded
2025-07-29 15:47:48,084 - INFO - M427836_51: Loaded
2025-07-29 15:47:48,092 - INFO - M427836_51: Loaded
2025-07-29 15:47:48,096 - INFO - M427836_51: Loaded
2025-07-29 15:47:48,102 - INFO - M427836_52: Loaded
2025-07-29 15:47:48,112 - INFO - M427836_52: Loaded
2025-07-29 15:47:48,115 - INFO - M427836_52: Loaded
2025-07-29 15:47:48,120 - INFO - M427836_52: Loaded
2025-07-29 15:47:48,127 - INFO - M427836_52: Loaded
2025-07-29 15:47:48,132 - INFO - M427836_52: Loaded
2025-07-29 15:47:48,137 - INFO - M427836_53: Loaded
2025-07-29 15:47:48,142 - INFO - M427836_53: Loaded
2025-07-29 15:47:48,147 - INFO - M427836_53: Loaded
2025-07-29 15:47:48,155 - INFO - M427836_53: Loaded
2025-07-29 15:47:48,166 - INFO - M427836_53: Loaded
2025-07-29 15:47:48,172 - INFO - M427836_53: Loaded
2025-07-29 15:47:48,179 - INFO - M427836_54: Loaded
2025-07-29 15:47:48,184 - INFO - M427836_54: Loaded
2025-07-29 15:47:48,189 - INFO - M427836_54: Loaded
2025-07-29 15:47:48,194 - INFO - M427836_54: Loaded
2025-07-29 15:47:48,201 - INFO - M427836_54: Loaded
2025-07-29 15:47:48,204 - INFO - M427836_54: Loaded
2025-07-29 15:47:48,208 - INFO - M427836_55: Loaded
2025-07-29 15:47:48,214 - INFO - M427836_55: Loaded
2025-07-29 15:47:48,219 - INFO - M427836_55: Loaded
2025-07-29 15:47:48,225 - INFO - M427836_55: Loaded
2025-07-29 15:47:48,231 - INFO - M427836_55: Loaded
2025-07-29 15:47:48,237 - INFO - M427836_55: Loaded
2025-07-29 15:47:48,259 - INFO - M438833_11: Loaded
2025-07-29 15:47:48,260 - INFO - M438833_11, 1: 2p session in column 1, no unduplicated ROIs.
2025-07-29 15:47:48,264 - INFO - M438833_11: Loaded
2025-07-29 15:47:48,265 - INFO - M438833_11, 2: 2p session in column 1, no unduplicated ROIs.
2025-07-29 15:47:48,270 - INFO - M438833_11: Loaded
2025-07-29 15:47:48,270 - INFO - M438833_11, 3: 2p session in column 1, no unduplicated ROIs.
2025-07-29 15:47:48,276 - INFO - M438833_11: Loaded
2025-07-29 15:47:48,276 - INFO - M438833_11, 4: 2p session in column 1, no unduplicated ROIs.
2025-07-29 15:47:48,283 - INFO - M438833_11: Loaded
2025-07-29 15:47:48,283 - INFO - M438833_11, 5: 2p session in column 1, no unduplicated ROIs.
2025-07-29 15:47:48,286 - INFO - M438833_11: Loaded
2025-07-29 15:47:48,286 - INFO - M438833_11, 6: 2p session in column 1, no unduplicated ROIs.
2025-07-29 15:47:48,288 - INFO - M438833_12: Loaded
2025-07-29 15:47:48,288 - INFO - M438833_12, 1: 2p session in column 1, no unduplicated ROIs.
2025-07-29 15:47:48,293 - INFO - M438833_12: Loaded
2025-07-29 15:47:48,294 - INFO - M438833_12, 2: 2p session in column 1, no unduplicated ROIs.
2025-07-29 15:47:48,299 - INFO - M438833_12: Loaded
2025-07-29 15:47:48,299 - INFO - M438833_12, 3: 2p session in column 1, no unduplicated ROIs.
2025-07-29 15:47:48,304 - INFO - M438833_12: Loaded
2025-07-29 15:47:48,305 - INFO - M438833_12, 4: 2p session in column 1, no unduplicated ROIs.
2025-07-29 15:47:48,309 - INFO - M438833_12: Loaded
2025-07-29 15:47:48,309 - INFO - M438833_12, 5: 2p session in column 1, no unduplicated ROIs.
2025-07-29 15:47:48,314 - INFO - M438833_12: Loaded
2025-07-29 15:47:48,315 - INFO - M438833_12, 6: 2p session in column 1, no unduplicated ROIs.
2025-07-29 15:47:48,321 - INFO - M438833_13: Loaded
2025-07-29 15:47:48,321 - INFO - M438833_13, 1: 2p session in column 1, no unduplicated ROIs.
2025-07-29 15:47:48,324 - INFO - M438833_13: Loaded
2025-07-29 15:47:48,324 - INFO - M438833_13, 2: 2p session in column 1, no unduplicated ROIs.
2025-07-29 15:47:48,331 - INFO - M438833_13: Loaded
2025-07-29 15:47:48,331 - INFO - M438833_13, 3: 2p session in column 1, no unduplicated ROIs.
2025-07-29 15:47:48,335 - INFO - M438833_13: Loaded
2025-07-29 15:47:48,335 - INFO - M438833_13, 4: 2p session in column 1, no unduplicated ROIs.
2025-07-29 15:47:48,340 - INFO - M438833_13: Loaded
2025-07-29 15:47:48,340 - INFO - M438833_13, 5: 2p session in column 1, no unduplicated ROIs.
2025-07-29 15:47:48,348 - INFO - M438833_13: Loaded
2025-07-29 15:47:48,348 - INFO - M438833_13, 6: 2p session in column 1, no unduplicated ROIs.
2025-07-29 15:47:48,351 - INFO - M438833_14: Loaded
2025-07-29 15:47:48,352 - INFO - M438833_14, 1: 2p session in column 1, no unduplicated ROIs.
2025-07-29 15:47:48,364 - INFO - M438833_14: Loaded
2025-07-29 15:47:48,364 - INFO - M438833_14, 2: 2p session in column 1, no unduplicated ROIs.
2025-07-29 15:47:48,368 - INFO - M438833_14: Loaded
2025-07-29 15:47:48,369 - INFO - M438833_14, 4: 2p session in column 1, no unduplicated ROIs.
2025-07-29 15:47:48,370 - INFO - M438833_14: Loaded
2025-07-29 15:47:48,370 - INFO - M438833_14, 3: 2p session in column 1, no unduplicated ROIs.
2025-07-29 15:47:48,374 - INFO - M438833_14: Loaded
2025-07-29 15:47:48,374 - INFO - M438833_14, 5: 2p session in column 1, no unduplicated ROIs.
2025-07-29 15:47:48,380 - INFO - M438833_15: Loaded
2025-07-29 15:47:48,381 - INFO - M438833_15, 1: 2p session in column 1, no unduplicated ROIs.
2025-07-29 15:47:48,383 - INFO - M438833_14: Loaded
2025-07-29 15:47:48,383 - INFO - M438833_14, 6: 2p session in column 1, no unduplicated ROIs.
2025-07-29 15:47:48,384 - INFO - M438833_15: Loaded
2025-07-29 15:47:48,385 - INFO - M438833_15, 2: 2p session in column 1, no unduplicated ROIs.
2025-07-29 15:47:48,391 - INFO - M438833_15: Loaded
2025-07-29 15:47:48,391 - INFO - M438833_15, 3: 2p session in column 1, no unduplicated ROIs.
2025-07-29 15:47:48,396 - INFO - M438833_15: Loaded
2025-07-29 15:47:48,396 - INFO - M438833_15, 4: 2p session in column 1, no unduplicated ROIs.
2025-07-29 15:47:48,401 - INFO - M438833_15: Loaded
2025-07-29 15:47:48,401 - INFO - M438833_15, 5: 2p session in column 1, no unduplicated ROIs.
2025-07-29 15:47:48,407 - INFO - M438833_15: Loaded
2025-07-29 15:47:48,407 - INFO - M438833_16: Loaded
2025-07-29 15:47:48,408 - INFO - M438833_15, 6: 2p session in column 1, no unduplicated ROIs.
2025-07-29 15:47:48,413 - INFO - M438833_16: Loaded
2025-07-29 15:47:48,413 - INFO - M438833_16: Plane 2 not found
2025-07-29 15:47:48,419 - INFO - M438833_16: Loaded
2025-07-29 15:47:48,419 - INFO - M438833_16: Plane 3 not found
2025-07-29 15:47:48,425 - INFO - M438833_16: Loaded
2025-07-29 15:47:48,425 - INFO - M438833_16: Plane 4 not found
2025-07-29 15:47:48,430 - INFO - M438833_16: Loaded
2025-07-29 15:47:48,430 - INFO - M438833_16: Plane 5 not found
2025-07-29 15:47:48,435 - INFO - M438833_16: Loaded
2025-07-29 15:47:48,435 - INFO - M438833_16: Plane 6 not found
2025-07-29 15:47:48,441 - INFO - M438833_17: Loaded
2025-07-29 15:47:48,448 - INFO - M438833_17: Loaded
2025-07-29 15:47:48,448 - INFO - M438833_17: Plane 2 not found
2025-07-29 15:47:48,456 - INFO - M438833_17: Loaded
2025-07-29 15:47:48,456 - INFO - M438833_17: Plane 3 not found
2025-07-29 15:47:48,457 - INFO - M438833_17: Loaded
2025-07-29 15:47:48,457 - INFO - M438833_17: Plane 4 not found
2025-07-29 15:47:48,462 - INFO - M438833_17: Loaded
2025-07-29 15:47:48,462 - INFO - M438833_17: Plane 5 not found
2025-07-29 15:47:48,469 - INFO - M438833_17: Loaded
2025-07-29 15:47:48,469 - INFO - M438833_17: Plane 6 not found
2025-07-29 15:47:48,473 - INFO - M438833_18: Loaded
2025-07-29 15:47:48,478 - INFO - M438833_18: Loaded
2025-07-29 15:47:48,478 - INFO - M438833_18: Plane 2 not found
2025-07-29 15:47:48,485 - INFO - M438833_18: Loaded
2025-07-29 15:47:48,486 - INFO - M438833_18: Plane 3 not found
2025-07-29 15:47:48,489 - INFO - M438833_18: Loaded
2025-07-29 15:47:48,489 - INFO - M438833_18: Plane 4 not found
2025-07-29 15:47:48,495 - INFO - M438833_18: Loaded
2025-07-29 15:47:48,495 - INFO - M438833_18: Plane 5 not found
2025-07-29 15:47:48,501 - INFO - M438833_18: Loaded
2025-07-29 15:47:48,501 - INFO - M438833_18: Plane 6 not found
2025-07-29 15:47:48,505 - INFO - M438833_19: Loaded
2025-07-29 15:47:48,513 - INFO - M438833_19: Loaded
2025-07-29 15:47:48,513 - INFO - M438833_19: Plane 2 not found
2025-07-29 15:47:48,518 - INFO - M438833_19: Loaded
2025-07-29 15:47:48,518 - INFO - M438833_19: Plane 3 not found
2025-07-29 15:47:48,524 - INFO - M438833_19: Loaded
2025-07-29 15:47:48,524 - INFO - M438833_19: Plane 4 not found
2025-07-29 15:47:48,530 - INFO - M438833_19: Loaded
2025-07-29 15:47:48,530 - INFO - M438833_19: Plane 5 not found
2025-07-29 15:47:48,535 - INFO - M438833_19: Loaded
2025-07-29 15:47:48,535 - INFO - M438833_19: Plane 6 not found
2025-07-29 15:47:48,541 - INFO - M438833_1a: Loaded
2025-07-29 15:47:48,545 - INFO - M438833_1a: Loaded
2025-07-29 15:47:48,546 - INFO - M438833_1a: Plane 2 not found
2025-07-29 15:47:48,551 - INFO - M438833_1a: Loaded
2025-07-29 15:47:48,551 - INFO - M438833_1a: Plane 3 not found
2025-07-29 15:47:48,556 - INFO - M438833_1a: Loaded
2025-07-29 15:47:48,556 - INFO - M438833_1a: Plane 4 not found
2025-07-29 15:47:48,561 - INFO - M438833_1a: Loaded
2025-07-29 15:47:48,561 - INFO - M438833_1a: Plane 5 not found
2025-07-29 15:47:48,567 - INFO - M438833_1a: Loaded
2025-07-29 15:47:48,567 - INFO - M438833_1a: Plane 6 not found
2025-07-29 15:47:48,572 - INFO - M438833_1b: Loaded
2025-07-29 15:47:48,577 - INFO - M438833_1b: Loaded
2025-07-29 15:47:48,577 - INFO - M438833_1b: Plane 2 not found
2025-07-29 15:47:48,583 - INFO - M438833_1b: Loaded
2025-07-29 15:47:48,584 - INFO - M438833_1b: Plane 3 not found
2025-07-29 15:47:48,588 - INFO - M438833_1b: Loaded
2025-07-29 15:47:48,589 - INFO - M438833_1b: Plane 4 not found
2025-07-29 15:47:48,595 - INFO - M438833_1b: Loaded
2025-07-29 15:47:48,595 - INFO - M438833_1b: Plane 5 not found
2025-07-29 15:47:48,601 - INFO - M438833_1b: Loaded
2025-07-29 15:47:48,601 - INFO - M438833_1b: Plane 6 not found
2025-07-29 15:47:48,604 - INFO - M438833_1c: Loaded
2025-07-29 15:47:48,612 - INFO - M438833_1c: Loaded
2025-07-29 15:47:48,613 - INFO - M438833_1c: Plane 2 not found
2025-07-29 15:47:48,616 - INFO - M438833_1c: Loaded
2025-07-29 15:47:48,616 - INFO - M438833_1c: Plane 3 not found
2025-07-29 15:47:48,621 - INFO - M438833_1c: Loaded
2025-07-29 15:47:48,622 - INFO - M438833_1c: Plane 4 not found
2025-07-29 15:47:48,627 - INFO - M438833_1c: Loaded
2025-07-29 15:47:48,627 - INFO - M438833_1c: Plane 5 not found
2025-07-29 15:47:48,634 - INFO - M438833_1c: Loaded
2025-07-29 15:47:48,635 - INFO - M438833_1c: Plane 6 not found
2025-07-29 15:47:48,638 - INFO - M438833_1d: Loaded
2025-07-29 15:47:48,646 - INFO - M438833_1d: Loaded
2025-07-29 15:47:48,646 - INFO - M438833_1d: Plane 2 not found
2025-07-29 15:47:48,649 - INFO - M438833_1d: Loaded
2025-07-29 15:47:48,649 - INFO - M438833_1d: Plane 3 not found
2025-07-29 15:47:48,655 - INFO - M438833_1d: Loaded
2025-07-29 15:47:48,655 - INFO - M438833_1d: Plane 4 not found
2025-07-29 15:47:48,662 - INFO - M438833_1d: Loaded
2025-07-29 15:47:48,662 - INFO - M438833_1d: Plane 5 not found
2025-07-29 15:47:48,665 - INFO - M438833_1d: Loaded
2025-07-29 15:47:48,666 - INFO - M438833_1d: Plane 6 not found
2025-07-29 15:47:48,690 - INFO - M438833_21: Loaded
2025-07-29 15:47:48,694 - INFO - M438833_21: Loaded
2025-07-29 15:47:48,700 - INFO - M438833_21: Loaded
2025-07-29 15:47:48,713 - INFO - M438833_21: Loaded
2025-07-29 15:47:48,714 - INFO - M438833_21: Loaded
2025-07-29 15:47:48,719 - INFO - M438833_21: Loaded
2025-07-29 15:47:48,729 - INFO - M438833_22: Loaded
2025-07-29 15:47:48,731 - INFO - M438833_22: Loaded
2025-07-29 15:47:48,736 - INFO - M438833_22: Loaded
2025-07-29 15:47:48,751 - INFO - M438833_22: Loaded
2025-07-29 15:47:48,753 - INFO - M438833_22: Loaded
2025-07-29 15:47:48,760 - INFO - M438833_22: Loaded
2025-07-29 15:47:48,764 - INFO - M438833_23: Loaded
2025-07-29 15:47:48,776 - INFO - M438833_23: Loaded
2025-07-29 15:47:48,780 - INFO - M438833_23: Loaded
2025-07-29 15:47:48,785 - INFO - M438833_23: Loaded
2025-07-29 15:47:48,794 - INFO - M438833_23: Loaded
2025-07-29 15:47:48,798 - INFO - M438833_23: Loaded
2025-07-29 15:47:48,806 - INFO - M438833_24: Loaded
2025-07-29 15:47:48,808 - INFO - M438833_24: Loaded
2025-07-29 15:47:48,816 - INFO - M438833_24: Loaded
2025-07-29 15:47:48,817 - INFO - M438833_24: Loaded
2025-07-29 15:47:48,824 - INFO - M438833_24: Loaded
2025-07-29 15:47:48,830 - INFO - M438833_24: Loaded
2025-07-29 15:47:48,832 - INFO - M438833_25: Loaded
2025-07-29 15:47:48,838 - INFO - M438833_25: Loaded
2025-07-29 15:47:48,842 - INFO - M438833_25: Loaded
2025-07-29 15:47:48,855 - INFO - M438833_25: Loaded
2025-07-29 15:47:48,861 - INFO - M438833_25: Loaded
2025-07-29 15:47:48,862 - INFO - M438833_25: Loaded
2025-07-29 15:47:48,878 - INFO - M438833_31: Loaded
2025-07-29 15:47:48,883 - INFO - M438833_31: Loaded
2025-07-29 15:47:48,887 - INFO - M438833_31: Loaded
2025-07-29 15:47:48,897 - INFO - M438833_31: Loaded
2025-07-29 15:47:48,898 - INFO - M438833_31: Loaded
2025-07-29 15:47:48,905 - INFO - M438833_31: Loaded
2025-07-29 15:47:48,907 - INFO - M438833_32: Loaded
2025-07-29 15:47:48,915 - INFO - M438833_32: Loaded
2025-07-29 15:47:48,919 - INFO - M438833_32: Loaded
2025-07-29 15:47:48,924 - INFO - M438833_32: Loaded
2025-07-29 15:47:48,928 - INFO - M438833_32: Loaded
2025-07-29 15:47:48,934 - INFO - M438833_32: Loaded
2025-07-29 15:47:48,939 - INFO - M438833_33: Loaded
2025-07-29 15:47:48,944 - INFO - M438833_33: Loaded
2025-07-29 15:47:48,956 - INFO - M438833_33: Loaded
2025-07-29 15:47:48,959 - INFO - M438833_33: Loaded
2025-07-29 15:47:48,961 - INFO - M438833_33: Loaded
2025-07-29 15:47:48,967 - INFO - M438833_33: Loaded
2025-07-29 15:47:48,968 - INFO - M438833_34: Loaded
2025-07-29 15:47:48,973 - INFO - M438833_34: Loaded
2025-07-29 15:47:48,980 - INFO - M438833_34: Loaded
2025-07-29 15:47:48,985 - INFO - M438833_34: Loaded
2025-07-29 15:47:48,990 - INFO - M438833_34: Loaded
2025-07-29 15:47:48,996 - INFO - M438833_34: Loaded
2025-07-29 15:47:48,999 - INFO - M438833_35: Loaded
2025-07-29 15:47:49,004 - INFO - M438833_35: Loaded
2025-07-29 15:47:49,010 - INFO - M438833_35: Loaded
2025-07-29 15:47:49,016 - INFO - M438833_35: Loaded
2025-07-29 15:47:49,021 - INFO - M438833_35: Loaded
2025-07-29 15:47:49,032 - INFO - M438833_35: Loaded
2025-07-29 15:47:49,050 - INFO - M438833_41: Loaded
2025-07-29 15:47:49,052 - INFO - M438833_41: Loaded
2025-07-29 15:47:49,056 - INFO - M438833_41: Loaded
2025-07-29 15:47:49,061 - INFO - M438833_41: Loaded
2025-07-29 15:47:49,067 - INFO - M438833_41: Loaded
2025-07-29 15:47:49,074 - INFO - M438833_42: Loaded
2025-07-29 15:47:49,078 - INFO - M438833_41: Loaded
2025-07-29 15:47:49,087 - INFO - M438833_42: Loaded
2025-07-29 15:47:49,087 - INFO - M438833_42: Loaded
2025-07-29 15:47:49,093 - INFO - M438833_42: Loaded
2025-07-29 15:47:49,098 - INFO - M438833_42: Loaded
2025-07-29 15:47:49,104 - INFO - M438833_42: Loaded
2025-07-29 15:47:49,107 - INFO - M438833_43: Loaded
2025-07-29 15:47:49,113 - INFO - M438833_43: Loaded
2025-07-29 15:47:49,119 - INFO - M438833_43: Loaded
2025-07-29 15:47:49,125 - INFO - M438833_43: Loaded
2025-07-29 15:47:49,135 - INFO - M438833_43: Loaded
2025-07-29 15:47:49,135 - INFO - M438833_43: Loaded
2025-07-29 15:47:49,143 - INFO - M438833_44: Loaded
2025-07-29 15:47:49,146 - INFO - M438833_44: Loaded
2025-07-29 15:47:49,149 - INFO - M438833_44: Loaded
2025-07-29 15:47:49,154 - INFO - M438833_44: Loaded
2025-07-29 15:47:49,161 - INFO - M438833_44: Loaded
2025-07-29 15:47:49,167 - INFO - M438833_44: Loaded
2025-07-29 15:47:49,173 - INFO - M438833_45: Loaded
2025-07-29 15:47:49,176 - INFO - M438833_45: Loaded
2025-07-29 15:47:49,185 - INFO - M438833_45: Loaded
2025-07-29 15:47:49,191 - INFO - M438833_45: Loaded
2025-07-29 15:47:49,196 - INFO - M438833_45: Loaded
2025-07-29 15:47:49,203 - INFO - M438833_45: Loaded
2025-07-29 15:47:49,218 - INFO - M438833_51: Loaded
2025-07-29 15:47:49,240 - INFO - M438833_51: Loaded
2025-07-29 15:47:49,244 - INFO - M438833_51: Loaded
2025-07-29 15:47:49,247 - INFO - M438833_51: Loaded
2025-07-29 15:47:49,249 - INFO - M438833_51: Loaded
2025-07-29 15:47:49,251 - INFO - M438833_52: Loaded
2025-07-29 15:47:49,254 - INFO - M438833_51: Loaded
2025-07-29 15:47:49,255 - INFO - M438833_52: Loaded
2025-07-29 15:47:49,266 - INFO - M438833_52: Loaded
2025-07-29 15:47:49,266 - INFO - M438833_52: Loaded
2025-07-29 15:47:49,272 - INFO - M438833_52: Loaded
2025-07-29 15:47:49,281 - INFO - M438833_53: Loaded
2025-07-29 15:47:49,285 - INFO - M438833_52: Loaded
2025-07-29 15:47:49,288 - INFO - M438833_53: Loaded
2025-07-29 15:47:49,292 - INFO - M438833_53: Loaded
2025-07-29 15:47:49,301 - INFO - M438833_53: Loaded
2025-07-29 15:47:49,304 - INFO - M438833_53: Loaded
2025-07-29 15:47:49,310 - INFO - M438833_54: Loaded
2025-07-29 15:47:49,310 - INFO - M438833_53: Loaded
2025-07-29 15:47:49,316 - INFO - M438833_54: Loaded
2025-07-29 15:47:49,321 - INFO - M438833_54: Loaded
2025-07-29 15:47:49,330 - INFO - M438833_54: Loaded
2025-07-29 15:47:49,336 - INFO - M438833_54: Loaded
2025-07-29 15:47:49,338 - INFO - M438833_54: Loaded
2025-07-29 15:47:49,341 - INFO - M438833_55: Loaded
2025-07-29 15:47:49,346 - INFO - M438833_55: Loaded
2025-07-29 15:47:49,350 - INFO - M438833_55: Loaded
2025-07-29 15:47:49,357 - INFO - M438833_55: Loaded
2025-07-29 15:47:49,362 - INFO - M438833_55: Loaded
2025-07-29 15:47:49,367 - INFO - M438833_55: Loaded
