2025-07-29 14:35:19,418 - INFO - Decoding parameters: 1000 repetitions, 250 bootstrap size, tag: 2025_0728_4, bootstrap, True, one_plane: False
2025-07-29 14:35:21,666 - INFO - M409828_11, [4, 5, 6]: Loaded
2025-07-29 14:35:21,666 - INFO - M409828_11, [4, 5, 6]: 2p session in column 1, no unduplicated ROIs.
2025-07-29 14:35:21,708 - INFO - M409828_11, [4, 5, 6]: Loaded
2025-07-29 14:35:21,709 - INFO - M409828_11, [4, 5, 6]: 2p session in column 1, no unduplicated ROIs.
2025-07-29 14:35:21,722 - INFO - M409828_11, [1, 2, 3]: Loaded
2025-07-29 14:35:21,722 - INFO - M409828_11, [1, 2, 3]: Loaded
2025-07-29 14:35:21,723 - INFO - M409828_11, [1, 2, 3]: 2p session in column 1, no unduplicated ROIs.
2025-07-29 14:35:21,723 - INFO - M409828_11, [1, 2, 3]: 2p session in column 1, no unduplicated ROIs.
2025-07-29 14:35:21,727 - INFO - M409828_13, [1, 2, 3]: Loaded
2025-07-29 14:35:21,728 - INFO - M409828_13, [1, 2, 3]: 2p session in column 1, no unduplicated ROIs.
2025-07-29 14:35:21,803 - INFO - M409828_12, [1, 2, 3]: Loaded
2025-07-29 14:35:21,804 - INFO - M409828_12, [1, 2, 3]: 2p session in column 1, no unduplicated ROIs.
2025-07-29 14:35:21,808 - INFO - M409828_11, [1, 2, 3]: Loaded
2025-07-29 14:35:21,808 - INFO - M409828_11, [1, 2, 3]: 2p session in column 1, no unduplicated ROIs.
2025-07-29 14:35:21,816 - INFO - M409828_12, [4, 5, 6]: Loaded
2025-07-29 14:35:21,817 - INFO - M409828_12, [4, 5, 6]: 2p session in column 1, no unduplicated ROIs.
2025-07-29 14:35:21,872 - INFO - M409828_13, [4, 5, 6]: Loaded
2025-07-29 14:35:21,873 - INFO - M409828_13, [4, 5, 6]: 2p session in column 1, no unduplicated ROIs.
2025-07-29 14:35:21,886 - INFO - M409828_11, [1, 2, 3]: Loaded
2025-07-29 14:35:21,886 - INFO - M409828_11, [1, 2, 3]: 2p session in column 1, no unduplicated ROIs.
2025-07-29 14:35:21,898 - INFO - M409828_13, [4, 5, 6]: Loaded
2025-07-29 14:35:21,898 - INFO - M409828_12, [4, 5, 6]: Loaded
2025-07-29 14:35:21,899 - INFO - M409828_13, [4, 5, 6]: 2p session in column 1, no unduplicated ROIs.
2025-07-29 14:35:21,899 - INFO - M409828_12, [4, 5, 6]: 2p session in column 1, no unduplicated ROIs.
2025-07-29 14:35:21,909 - INFO - M409828_12, [4, 5, 6]: Loaded
2025-07-29 14:35:21,910 - INFO - M409828_12, [4, 5, 6]: 2p session in column 1, no unduplicated ROIs.
2025-07-29 14:35:21,914 - INFO - M409828_13, [4, 5, 6]: Loaded
2025-07-29 14:35:21,914 - INFO - M409828_13, [4, 5, 6]: 2p session in column 1, no unduplicated ROIs.
2025-07-29 14:35:21,919 - INFO - M409828_11, [4, 5, 6]: Loaded
2025-07-29 14:35:21,920 - INFO - M409828_11, [4, 5, 6]: 2p session in column 1, no unduplicated ROIs.
2025-07-29 14:35:21,936 - INFO - M409828_13, [4, 5, 6]: Loaded
2025-07-29 14:35:21,936 - INFO - M409828_13, [4, 5, 6]: 2p session in column 1, no unduplicated ROIs.
2025-07-29 14:35:21,941 - INFO - M409828_14, [1, 2, 3]: Loaded
2025-07-29 14:35:21,942 - INFO - M409828_14, [1, 2, 3]: 2p session in column 1, no unduplicated ROIs.
2025-07-29 14:35:21,943 - INFO - M409828_12, [1, 2, 3]: Loaded
2025-07-29 14:35:21,944 - INFO - M409828_12, [1, 2, 3]: 2p session in column 1, no unduplicated ROIs.
2025-07-29 14:35:21,943 - INFO - M409828_14, [1, 2, 3]: Loaded
2025-07-29 14:35:21,944 - INFO - M409828_14, [1, 2, 3]: 2p session in column 1, no unduplicated ROIs.
2025-07-29 14:35:21,947 - INFO - M409828_14, [1, 2, 3]: Loaded
2025-07-29 14:35:21,947 - INFO - M409828_14, [1, 2, 3]: 2p session in column 1, no unduplicated ROIs.
2025-07-29 14:35:21,960 - INFO - M409828_14, [1, 2, 3]: Loaded
2025-07-29 14:35:21,960 - INFO - M409828_14, [1, 2, 3]: 2p session in column 1, no unduplicated ROIs.
2025-07-29 14:35:21,965 - INFO - M409828_12, [1, 2, 3]: Loaded
2025-07-29 14:35:21,966 - INFO - M409828_12, [1, 2, 3]: 2p session in column 1, no unduplicated ROIs.
2025-07-29 14:35:21,969 - INFO - M409828_14, [4, 5, 6]: Loaded
2025-07-29 14:35:21,969 - INFO - M409828_14, [4, 5, 6]: 2p session in column 1, no unduplicated ROIs.
2025-07-29 14:35:21,973 - INFO - M409828_14, [4, 5, 6]: Loaded
2025-07-29 14:35:21,973 - INFO - M409828_14, [4, 5, 6]: 2p session in column 1, no unduplicated ROIs.
2025-07-29 14:35:21,980 - INFO - M409828_14, [4, 5, 6]: Loaded
2025-07-29 14:35:21,981 - INFO - M409828_14, [4, 5, 6]: 2p session in column 1, no unduplicated ROIs.
2025-07-29 14:35:21,984 - INFO - M409828_15, [1, 2, 3]: Loaded
2025-07-29 14:35:21,984 - INFO - M409828_15, [1, 2, 3]: 2p session in column 1, no unduplicated ROIs.
2025-07-29 14:35:21,984 - INFO - M409828_14, [4, 5, 6]: Loaded
2025-07-29 14:35:21,985 - INFO - M409828_14, [4, 5, 6]: 2p session in column 1, no unduplicated ROIs.
2025-07-29 14:35:21,991 - INFO - M409828_15, [1, 2, 3]: Loaded
2025-07-29 14:35:21,991 - INFO - M409828_15, [1, 2, 3]: 2p session in column 1, no unduplicated ROIs.
2025-07-29 14:35:21,997 - INFO - M409828_15, [1, 2, 3]: Loaded
2025-07-29 14:35:21,997 - INFO - M409828_15, [1, 2, 3]: 2p session in column 1, no unduplicated ROIs.
2025-07-29 14:35:22,006 - INFO - M409828_15, [1, 2, 3]: Loaded
2025-07-29 14:35:22,006 - INFO - M409828_15, [1, 2, 3]: 2p session in column 1, no unduplicated ROIs.
2025-07-29 14:35:22,010 - INFO - M409828_15, [4, 5, 6]: Loaded
2025-07-29 14:35:22,011 - INFO - M409828_15, [4, 5, 6]: 2p session in column 1, no unduplicated ROIs.
2025-07-29 14:35:22,016 - INFO - M409828_15, [4, 5, 6]: Loaded
2025-07-29 14:35:22,016 - INFO - M409828_15, [4, 5, 6]: 2p session in column 1, no unduplicated ROIs.
2025-07-29 14:35:22,023 - INFO - M409828_15, [4, 5, 6]: Loaded
2025-07-29 14:35:22,023 - INFO - M409828_15, [4, 5, 6]: 2p session in column 1, no unduplicated ROIs.
2025-07-29 14:35:22,025 - INFO - M409828_12, [4, 5, 6]: Loaded
2025-07-29 14:35:22,026 - INFO - M409828_12, [4, 5, 6]: 2p session in column 1, no unduplicated ROIs.
2025-07-29 14:35:22,028 - INFO - M409828_16, [1, 2, 3]: Loaded
2025-07-29 14:35:22,028 - INFO - M409828_16, [1, 2, 3]: Not have enough planes for decoding.
2025-07-29 14:35:22,034 - INFO - M409828_15, [4, 5, 6]: Loaded
2025-07-29 14:35:22,035 - INFO - M409828_15, [4, 5, 6]: 2p session in column 1, no unduplicated ROIs.
2025-07-29 14:35:22,035 - INFO - M409828_16, [1, 2, 3]: Loaded
2025-07-29 14:35:22,035 - INFO - M409828_16, [1, 2, 3]: Not have enough planes for decoding.
2025-07-29 14:35:22,042 - INFO - M409828_16, [1, 2, 3]: Loaded
2025-07-29 14:35:22,042 - INFO - M409828_16, [1, 2, 3]: Not have enough planes for decoding.
2025-07-29 14:35:22,049 - INFO - M409828_16, [1, 2, 3]: Loaded
2025-07-29 14:35:22,049 - INFO - M409828_16, [1, 2, 3]: Not have enough planes for decoding.
2025-07-29 14:35:22,055 - INFO - M409828_16, [4, 5, 6]: Loaded
2025-07-29 14:35:22,055 - INFO - M409828_16, [4, 5, 6]: Not have enough planes for decoding.
2025-07-29 14:35:22,063 - INFO - M409828_16, [4, 5, 6]: Loaded
2025-07-29 14:35:22,064 - INFO - M409828_16, [4, 5, 6]: Not have enough planes for decoding.
2025-07-29 14:35:22,070 - INFO - M409828_16, [4, 5, 6]: Loaded
2025-07-29 14:35:22,070 - INFO - M409828_16, [4, 5, 6]: Not have enough planes for decoding.
2025-07-29 14:35:22,075 - INFO - M409828_16, [4, 5, 6]: Loaded
2025-07-29 14:35:22,075 - INFO - M409828_16, [4, 5, 6]: Not have enough planes for decoding.
2025-07-29 14:35:22,082 - INFO - M409828_17, [1, 2, 3]: Loaded
2025-07-29 14:35:22,082 - INFO - M409828_17, [1, 2, 3]: Not have enough planes for decoding.
2025-07-29 14:35:22,089 - INFO - M409828_17, [1, 2, 3]: Loaded
2025-07-29 14:35:22,090 - INFO - M409828_17, [1, 2, 3]: Not have enough planes for decoding.
2025-07-29 14:35:22,095 - INFO - M409828_17, [1, 2, 3]: Loaded
2025-07-29 14:35:22,095 - INFO - M409828_17, [1, 2, 3]: Not have enough planes for decoding.
2025-07-29 14:35:22,101 - INFO - M409828_17, [1, 2, 3]: Loaded
2025-07-29 14:35:22,101 - INFO - M409828_17, [1, 2, 3]: Not have enough planes for decoding.
2025-07-29 14:35:22,107 - INFO - M409828_17, [4, 5, 6]: Loaded
2025-07-29 14:35:22,107 - INFO - M409828_17, [4, 5, 6]: Not have enough planes for decoding.
2025-07-29 14:35:22,107 - INFO - M409828_12, [1, 2, 3]: Loaded
2025-07-29 14:35:22,108 - INFO - M409828_12, [1, 2, 3]: 2p session in column 1, no unduplicated ROIs.
2025-07-29 14:35:22,112 - INFO - M409828_11, [4, 5, 6]: Loaded
2025-07-29 14:35:22,112 - INFO - M409828_11, [4, 5, 6]: 2p session in column 1, no unduplicated ROIs.
2025-07-29 14:35:22,113 - INFO - M409828_17, [4, 5, 6]: Loaded
2025-07-29 14:35:22,113 - INFO - M409828_17, [4, 5, 6]: Not have enough planes for decoding.
2025-07-29 14:35:22,120 - INFO - M409828_17, [4, 5, 6]: Loaded
2025-07-29 14:35:22,120 - INFO - M409828_17, [4, 5, 6]: Not have enough planes for decoding.
2025-07-29 14:35:22,127 - INFO - M409828_17, [4, 5, 6]: Loaded
2025-07-29 14:35:22,128 - INFO - M409828_17, [4, 5, 6]: Not have enough planes for decoding.
2025-07-29 14:35:22,134 - INFO - M409828_18, [1, 2, 3]: Loaded
2025-07-29 14:35:22,134 - INFO - M409828_18, [1, 2, 3]: Not have enough planes for decoding.
2025-07-29 14:35:22,138 - INFO - M409828_18, [1, 2, 3]: Loaded
2025-07-29 14:35:22,138 - INFO - M409828_18, [1, 2, 3]: Not have enough planes for decoding.
2025-07-29 14:35:22,144 - INFO - M409828_18, [1, 2, 3]: Loaded
2025-07-29 14:35:22,144 - INFO - M409828_18, [1, 2, 3]: Not have enough planes for decoding.
2025-07-29 14:35:22,152 - INFO - M409828_18, [1, 2, 3]: Loaded
2025-07-29 14:35:22,152 - INFO - M409828_18, [1, 2, 3]: Not have enough planes for decoding.
2025-07-29 14:35:22,155 - INFO - M409828_18, [4, 5, 6]: Loaded
2025-07-29 14:35:22,155 - INFO - M409828_18, [4, 5, 6]: Not have enough planes for decoding.
2025-07-29 14:35:22,162 - INFO - M409828_18, [4, 5, 6]: Loaded
2025-07-29 14:35:22,163 - INFO - M409828_18, [4, 5, 6]: Not have enough planes for decoding.
2025-07-29 14:35:22,167 - INFO - M409828_18, [4, 5, 6]: Loaded
2025-07-29 14:35:22,167 - INFO - M409828_18, [4, 5, 6]: Not have enough planes for decoding.
2025-07-29 14:35:22,172 - INFO - M409828_18, [4, 5, 6]: Loaded
2025-07-29 14:35:22,172 - INFO - M409828_18, [4, 5, 6]: Not have enough planes for decoding.
2025-07-29 14:35:22,177 - INFO - M409828_19, [1, 2, 3]: Loaded
2025-07-29 14:35:22,178 - INFO - M409828_19, [1, 2, 3]: Not have enough planes for decoding.
2025-07-29 14:35:22,187 - INFO - M409828_19, [1, 2, 3]: Loaded
2025-07-29 14:35:22,188 - INFO - M409828_19, [1, 2, 3]: Not have enough planes for decoding.
2025-07-29 14:35:22,189 - INFO - M409828_19, [1, 2, 3]: Loaded
2025-07-29 14:35:22,190 - INFO - M409828_19, [1, 2, 3]: Not have enough planes for decoding.
2025-07-29 14:35:22,197 - INFO - M409828_19, [1, 2, 3]: Loaded
2025-07-29 14:35:22,198 - INFO - M409828_19, [1, 2, 3]: Not have enough planes for decoding.
2025-07-29 14:35:22,201 - INFO - M409828_19, [4, 5, 6]: Loaded
2025-07-29 14:35:22,201 - INFO - M409828_19, [4, 5, 6]: Not have enough planes for decoding.
2025-07-29 14:35:22,206 - INFO - M409828_19, [4, 5, 6]: Loaded
2025-07-29 14:35:22,206 - INFO - M409828_19, [4, 5, 6]: Not have enough planes for decoding.
2025-07-29 14:35:22,209 - INFO - M409828_13, [1, 2, 3]: Loaded
2025-07-29 14:35:22,209 - INFO - M409828_13, [1, 2, 3]: 2p session in column 1, no unduplicated ROIs.
2025-07-29 14:35:22,212 - INFO - M409828_19, [4, 5, 6]: Loaded
2025-07-29 14:35:22,212 - INFO - M409828_19, [4, 5, 6]: Not have enough planes for decoding.
2025-07-29 14:35:22,219 - INFO - M409828_19, [4, 5, 6]: Loaded
2025-07-29 14:35:22,219 - INFO - M409828_19, [4, 5, 6]: Not have enough planes for decoding.
2025-07-29 14:35:22,224 - INFO - M409828_1a, [1, 2, 3]: Loaded
2025-07-29 14:35:22,224 - INFO - M409828_1a, [1, 2, 3]: Not have enough planes for decoding.
2025-07-29 14:35:22,231 - INFO - M409828_1a, [1, 2, 3]: Loaded
2025-07-29 14:35:22,232 - INFO - M409828_1a, [1, 2, 3]: Not have enough planes for decoding.
2025-07-29 14:35:22,235 - INFO - M409828_1a, [1, 2, 3]: Loaded
2025-07-29 14:35:22,235 - INFO - M409828_1a, [1, 2, 3]: Not have enough planes for decoding.
2025-07-29 14:35:22,240 - INFO - M409828_1a, [1, 2, 3]: Loaded
2025-07-29 14:35:22,241 - INFO - M409828_1a, [1, 2, 3]: Not have enough planes for decoding.
2025-07-29 14:35:22,246 - INFO - M409828_1a, [4, 5, 6]: Loaded
2025-07-29 14:35:22,246 - INFO - M409828_1a, [4, 5, 6]: Not have enough planes for decoding.
2025-07-29 14:35:22,249 - INFO - M409828_13, [1, 2, 3]: Loaded
2025-07-29 14:35:22,249 - INFO - M409828_13, [1, 2, 3]: 2p session in column 1, no unduplicated ROIs.
2025-07-29 14:35:22,252 - INFO - M409828_1a, [4, 5, 6]: Loaded
2025-07-29 14:35:22,252 - INFO - M409828_1a, [4, 5, 6]: Not have enough planes for decoding.
2025-07-29 14:35:22,260 - INFO - M409828_1a, [4, 5, 6]: Loaded
2025-07-29 14:35:22,260 - INFO - M409828_1a, [4, 5, 6]: Not have enough planes for decoding.
2025-07-29 14:35:22,265 - INFO - M409828_1a, [4, 5, 6]: Loaded
2025-07-29 14:35:22,265 - INFO - M409828_1a, [4, 5, 6]: Not have enough planes for decoding.
2025-07-29 14:35:22,273 - INFO - M409828_1b, [1, 2, 3]: Loaded
2025-07-29 14:35:22,273 - INFO - M409828_1b, [1, 2, 3]: Not have enough planes for decoding.
2025-07-29 14:35:22,276 - INFO - M409828_1b, [1, 2, 3]: Loaded
2025-07-29 14:35:22,276 - INFO - M409828_1b, [1, 2, 3]: Not have enough planes for decoding.
2025-07-29 14:35:22,282 - INFO - M409828_1b, [1, 2, 3]: Loaded
2025-07-29 14:35:22,282 - INFO - M409828_1b, [1, 2, 3]: Not have enough planes for decoding.
2025-07-29 14:35:22,287 - INFO - M409828_1b, [1, 2, 3]: Loaded
2025-07-29 14:35:22,287 - INFO - M409828_1b, [1, 2, 3]: Not have enough planes for decoding.
2025-07-29 14:35:22,291 - INFO - M409828_13, [1, 2, 3]: Loaded
2025-07-29 14:35:22,291 - INFO - M409828_13, [1, 2, 3]: 2p session in column 1, no unduplicated ROIs.
2025-07-29 14:35:22,293 - INFO - M409828_1b, [4, 5, 6]: Loaded
2025-07-29 14:35:22,293 - INFO - M409828_1b, [4, 5, 6]: Not have enough planes for decoding.
2025-07-29 14:35:22,298 - INFO - M409828_1b, [4, 5, 6]: Loaded
2025-07-29 14:35:22,298 - INFO - M409828_1b, [4, 5, 6]: Not have enough planes for decoding.
2025-07-29 14:35:22,306 - INFO - M409828_1b, [4, 5, 6]: Loaded
2025-07-29 14:35:22,307 - INFO - M409828_1b, [4, 5, 6]: Not have enough planes for decoding.
2025-07-29 14:35:22,312 - INFO - M409828_1b, [4, 5, 6]: Loaded
2025-07-29 14:35:22,313 - INFO - M409828_1b, [4, 5, 6]: Not have enough planes for decoding.
2025-07-29 14:35:22,315 - INFO - M409828_1c, [1, 2, 3]: Loaded
2025-07-29 14:35:22,315 - INFO - M409828_1c, [1, 2, 3]: Not have enough planes for decoding.
2025-07-29 14:35:22,321 - INFO - M409828_1c, [1, 2, 3]: Loaded
2025-07-29 14:35:22,322 - INFO - M409828_1c, [1, 2, 3]: Not have enough planes for decoding.
2025-07-29 14:35:22,327 - INFO - M409828_1c, [1, 2, 3]: Loaded
2025-07-29 14:35:22,327 - INFO - M409828_1c, [1, 2, 3]: Not have enough planes for decoding.
2025-07-29 14:35:22,333 - INFO - M409828_1c, [1, 2, 3]: Loaded
2025-07-29 14:35:22,333 - INFO - M409828_1c, [1, 2, 3]: Not have enough planes for decoding.
2025-07-29 14:35:22,339 - INFO - M409828_1c, [4, 5, 6]: Loaded
2025-07-29 14:35:22,339 - INFO - M409828_1c, [4, 5, 6]: Not have enough planes for decoding.
2025-07-29 14:35:22,343 - INFO - M409828_1c, [4, 5, 6]: Loaded
2025-07-29 14:35:22,344 - INFO - M409828_1c, [4, 5, 6]: Not have enough planes for decoding.
2025-07-29 14:35:22,349 - INFO - M409828_1c, [4, 5, 6]: Loaded
2025-07-29 14:35:22,349 - INFO - M409828_1c, [4, 5, 6]: Not have enough planes for decoding.
2025-07-29 14:35:22,355 - INFO - M409828_1c, [4, 5, 6]: Loaded
2025-07-29 14:35:22,355 - INFO - M409828_1c, [4, 5, 6]: Not have enough planes for decoding.
2025-07-29 14:35:22,361 - INFO - M409828_1d, [1, 2, 3]: Loaded
2025-07-29 14:35:22,361 - INFO - M409828_1d, [1, 2, 3]: Not have enough planes for decoding.
2025-07-29 14:35:22,366 - INFO - M409828_1d, [1, 2, 3]: Loaded
2025-07-29 14:35:22,367 - INFO - M409828_1d, [1, 2, 3]: Not have enough planes for decoding.
2025-07-29 14:35:22,372 - INFO - M409828_1d, [1, 2, 3]: Loaded
2025-07-29 14:35:22,372 - INFO - M409828_1d, [1, 2, 3]: Not have enough planes for decoding.
2025-07-29 14:35:22,377 - INFO - M409828_1d, [1, 2, 3]: Loaded
2025-07-29 14:35:22,378 - INFO - M409828_1d, [1, 2, 3]: Not have enough planes for decoding.
2025-07-29 14:35:22,384 - INFO - M409828_1d, [4, 5, 6]: Loaded
2025-07-29 14:35:22,384 - INFO - M409828_1d, [4, 5, 6]: Not have enough planes for decoding.
2025-07-29 14:35:22,389 - INFO - M409828_1d, [4, 5, 6]: Loaded
2025-07-29 14:35:22,389 - INFO - M409828_1d, [4, 5, 6]: Not have enough planes for decoding.
2025-07-29 14:35:22,394 - INFO - M409828_1d, [4, 5, 6]: Loaded
2025-07-29 14:35:22,394 - INFO - M409828_1d, [4, 5, 6]: Not have enough planes for decoding.
2025-07-29 14:35:22,400 - INFO - M409828_1d, [4, 5, 6]: Loaded
2025-07-29 14:35:22,400 - INFO - M409828_1d, [4, 5, 6]: Not have enough planes for decoding.
2025-07-29 14:35:22,407 - INFO - M409828_1e, [1, 2, 3]: Loaded
2025-07-29 14:35:22,408 - INFO - M409828_1e, [1, 2, 3]: Not have enough planes for decoding.
2025-07-29 14:35:22,411 - INFO - M409828_1e, [1, 2, 3]: Loaded
2025-07-29 14:35:22,411 - INFO - M409828_1e, [1, 2, 3]: Not have enough planes for decoding.
2025-07-29 14:35:22,416 - INFO - M409828_1e, [1, 2, 3]: Loaded
2025-07-29 14:35:22,416 - INFO - M409828_1e, [1, 2, 3]: Not have enough planes for decoding.
2025-07-29 14:35:22,422 - INFO - M409828_1e, [1, 2, 3]: Loaded
2025-07-29 14:35:22,422 - INFO - M409828_1e, [1, 2, 3]: Not have enough planes for decoding.
2025-07-29 14:35:22,427 - INFO - M409828_1e, [4, 5, 6]: Loaded
2025-07-29 14:35:22,427 - INFO - M409828_1e, [4, 5, 6]: Not have enough planes for decoding.
2025-07-29 14:35:22,433 - INFO - M409828_1e, [4, 5, 6]: Loaded
2025-07-29 14:35:22,433 - INFO - M409828_1e, [4, 5, 6]: Not have enough planes for decoding.
2025-07-29 14:35:22,438 - INFO - M409828_1e, [4, 5, 6]: Loaded
2025-07-29 14:35:22,438 - INFO - M409828_1e, [4, 5, 6]: Not have enough planes for decoding.
2025-07-29 14:35:22,444 - INFO - M409828_1e, [4, 5, 6]: Loaded
2025-07-29 14:35:22,444 - INFO - M409828_1e, [4, 5, 6]: Not have enough planes for decoding.
2025-07-29 14:35:22,450 - INFO - M409828_1f, [1, 2, 3]: Loaded
2025-07-29 14:35:22,451 - INFO - M409828_1f, [1, 2, 3]: Not have enough planes for decoding.
2025-07-29 14:35:22,457 - INFO - M409828_1f, [1, 2, 3]: Loaded
2025-07-29 14:35:22,458 - INFO - M409828_1f, [1, 2, 3]: Not have enough planes for decoding.
2025-07-29 14:35:22,460 - INFO - M409828_1f, [1, 2, 3]: Loaded
2025-07-29 14:35:22,461 - INFO - M409828_1f, [1, 2, 3]: Not have enough planes for decoding.
2025-07-29 14:35:22,465 - INFO - M409828_1f, [1, 2, 3]: Loaded
2025-07-29 14:35:22,465 - INFO - M409828_1f, [1, 2, 3]: Not have enough planes for decoding.
2025-07-29 14:35:22,470 - INFO - M409828_1f, [4, 5, 6]: Loaded
2025-07-29 14:35:22,470 - INFO - M409828_1f, [4, 5, 6]: Not have enough planes for decoding.
2025-07-29 14:35:22,476 - INFO - M409828_1f, [4, 5, 6]: Loaded
2025-07-29 14:35:22,476 - INFO - M409828_1f, [4, 5, 6]: Not have enough planes for decoding.
2025-07-29 14:35:22,482 - INFO - M409828_1f, [4, 5, 6]: Loaded
2025-07-29 14:35:22,482 - INFO - M409828_1f, [4, 5, 6]: Not have enough planes for decoding.
2025-07-29 14:35:22,489 - INFO - M409828_1f, [4, 5, 6]: Loaded
2025-07-29 14:35:22,489 - INFO - M409828_1f, [4, 5, 6]: Not have enough planes for decoding.
2025-07-29 14:35:22,509 - INFO - M409828_21, [1, 2, 3]: Loaded
2025-07-29 14:35:22,513 - INFO - M409828_21, [1, 2, 3]: Loaded
2025-07-29 14:35:22,519 - INFO - M409828_21, [1, 2, 3]: Loaded
2025-07-29 14:35:22,526 - INFO - M409828_21, [1, 2, 3]: Loaded
2025-07-29 14:35:22,528 - INFO - M409828_21, [1, 2, 3]: Not enough X_data, only have 76 rois, cannot perform decoding
2025-07-29 14:35:22,530 - INFO - M409828_21, [4, 5, 6]: Loaded
2025-07-29 14:35:22,531 - INFO - M409828_21, [1, 2, 3]: Not enough X_data, only have 76 rois, cannot perform decoding
2025-07-29 14:35:22,536 - INFO - M409828_21, [4, 5, 6]: Loaded
2025-07-29 14:35:22,537 - INFO - M409828_21, [1, 2, 3]: Not enough X_data, only have 76 rois, cannot perform decoding
2025-07-29 14:35:22,544 - INFO - M409828_21, [1, 2, 3]: Not enough X_data, only have 76 rois, cannot perform decoding
2025-07-29 14:35:22,552 - INFO - M409828_21, [4, 5, 6]: Loaded
2025-07-29 14:35:22,552 - INFO - M409828_21, [4, 5, 6]: Loaded
2025-07-29 14:35:22,554 - INFO - M409828_22, [1, 2, 3]: Loaded
2025-07-29 14:35:22,563 - INFO - M409828_22, [1, 2, 3]: Loaded
2025-07-29 14:35:22,573 - INFO - M409828_22, [1, 2, 3]: Loaded
2025-07-29 14:35:22,581 - INFO - M409828_22, [1, 2, 3]: Loaded
2025-07-29 14:35:22,587 - INFO - M409828_22, [4, 5, 6]: Loaded
2025-07-29 14:35:22,593 - INFO - M409828_22, [4, 5, 6]: Loaded
2025-07-29 14:35:22,606 - INFO - M409828_22, [4, 5, 6]: Loaded
2025-07-29 14:35:22,608 - INFO - M409828_22, [4, 5, 6]: Loaded
2025-07-29 14:35:22,612 - INFO - M409828_23, [1, 2, 3]: Loaded
2025-07-29 14:35:22,619 - INFO - M409828_23, [1, 2, 3]: Loaded
2025-07-29 14:35:22,627 - INFO - M409828_23, [1, 2, 3]: Loaded
2025-07-29 14:35:22,634 - INFO - M409828_23, [1, 2, 3]: Loaded
2025-07-29 14:35:22,640 - INFO - M409828_23, [4, 5, 6]: Loaded
2025-07-29 14:35:22,647 - INFO - M409828_23, [4, 5, 6]: Loaded
2025-07-29 14:35:22,654 - INFO - M409828_23, [4, 5, 6]: Loaded
2025-07-29 14:35:22,667 - INFO - M409828_24, [1, 2, 3]: Loaded
2025-07-29 14:35:22,668 - INFO - M409828_23, [4, 5, 6]: Loaded
2025-07-29 14:35:22,675 - INFO - M409828_24, [1, 2, 3]: Loaded
2025-07-29 14:35:22,688 - INFO - M409828_24, [1, 2, 3]: Loaded
2025-07-29 14:35:22,690 - INFO - M409828_24, [1, 2, 3]: Loaded
2025-07-29 14:35:22,695 - INFO - M409828_24, [4, 5, 6]: Loaded
2025-07-29 14:35:22,835 - INFO - M409828_24, [4, 5, 6]: Loaded
2025-07-29 14:35:22,854 - INFO - M409828_24, [4, 5, 6]: Loaded
2025-07-29 14:35:22,855 - INFO - M409828_24, [4, 5, 6]: Loaded
2025-07-29 14:35:22,862 - INFO - M409828_25, [1, 2, 3]: Loaded
2025-07-29 14:35:22,876 - INFO - M409828_25, [1, 2, 3]: Loaded
2025-07-29 14:35:22,880 - INFO - M409828_25, [1, 2, 3]: Loaded
2025-07-29 14:35:22,891 - INFO - M409828_25, [1, 2, 3]: Loaded
2025-07-29 14:35:22,912 - INFO - M409828_25, [4, 5, 6]: Loaded
2025-07-29 14:35:22,917 - INFO - M409828_25, [4, 5, 6]: Loaded
2025-07-29 14:35:22,935 - INFO - M409828_25, [4, 5, 6]: Loaded
2025-07-29 14:35:22,942 - INFO - M409828_25, [4, 5, 6]: Not enough X_data, only have 201 rois, cannot perform decoding
2025-07-29 14:35:22,943 - INFO - M409828_25, [4, 5, 6]: Not enough X_data, only have 201 rois, cannot perform decoding
2025-07-29 14:35:22,944 - INFO - M409828_25, [4, 5, 6]: Loaded
2025-07-29 14:35:22,962 - INFO - M409828_25, [4, 5, 6]: Not enough X_data, only have 201 rois, cannot perform decoding
2025-07-29 14:35:22,970 - INFO - M409828_31, [1, 2, 3]: Loaded
2025-07-29 14:35:22,973 - INFO - M409828_25, [4, 5, 6]: Not enough X_data, only have 201 rois, cannot perform decoding
2025-07-29 14:35:22,989 - INFO - M409828_31, [1, 2, 3]: Loaded
2025-07-29 14:35:22,990 - INFO - M409828_31, [1, 2, 3]: Not enough X_data, only have 106 rois, cannot perform decoding
2025-07-29 14:35:22,997 - INFO - M409828_31, [1, 2, 3]: Loaded
2025-07-29 14:35:23,006 - INFO - M409828_31, [1, 2, 3]: Loaded
2025-07-29 14:35:23,014 - INFO - M409828_31, [1, 2, 3]: Not enough X_data, only have 106 rois, cannot perform decoding
2025-07-29 14:35:23,023 - INFO - M409828_31, [1, 2, 3]: Not enough X_data, only have 106 rois, cannot perform decoding
2025-07-29 14:35:23,028 - INFO - M409828_31, [4, 5, 6]: Loaded
2025-07-29 14:35:23,033 - INFO - M409828_31, [1, 2, 3]: Not enough X_data, only have 106 rois, cannot perform decoding
2025-07-29 14:35:23,060 - INFO - M409828_31, [4, 5, 6]: Loaded
2025-07-29 14:35:23,062 - INFO - M409828_31, [4, 5, 6]: Loaded
2025-07-29 14:35:23,096 - INFO - M409828_31, [4, 5, 6]: Loaded
2025-07-29 14:35:23,096 - INFO - M409828_32, [1, 2, 3]: Loaded
2025-07-29 14:35:23,117 - INFO - M409828_32, [1, 2, 3]: Loaded
2025-07-29 14:35:23,138 - INFO - M409828_32, [1, 2, 3]: Loaded
2025-07-29 14:35:23,151 - INFO - M409828_32, [1, 2, 3]: Loaded
2025-07-29 14:46:30,612 - INFO - M409828_22, [1, 2, 3]: repetition 50/1000
2025-07-29 14:46:48,865 - INFO - M409828_31, [4, 5, 6]: repetition 50/1000
2025-07-29 14:46:52,524 - INFO - M409828_25, [1, 2, 3]: repetition 50/1000
2025-07-29 14:47:05,694 - INFO - M409828_24, [4, 5, 6]: repetition 50/1000
2025-07-29 14:47:09,246 - INFO - M409828_23, [4, 5, 6]: repetition 50/1000
2025-07-29 14:47:13,298 - INFO - M409828_22, [4, 5, 6]: repetition 50/1000
2025-07-29 14:49:05,931 - INFO - M409828_32, [1, 2, 3]: repetition 50/1000
2025-07-29 14:49:17,996 - INFO - M409828_23, [1, 2, 3]: repetition 50/1000
2025-07-29 14:50:03,960 - INFO - M409828_24, [1, 2, 3]: repetition 50/1000
2025-07-29 14:50:31,030 - INFO - M409828_21, [4, 5, 6]: repetition 50/1000
2025-07-29 14:59:07,158 - INFO - M409828_31, [4, 5, 6]: repetition 100/1000
2025-07-29 14:59:32,094 - INFO - M409828_22, [4, 5, 6]: repetition 100/1000
2025-07-29 15:00:44,633 - INFO - M409828_23, [4, 5, 6]: repetition 100/1000
2025-07-29 15:00:48,980 - INFO - M409828_25, [1, 2, 3]: repetition 100/1000
2025-07-29 15:01:35,048 - INFO - M409828_32, [1, 2, 3]: repetition 100/1000
2025-07-29 15:01:38,903 - INFO - M409828_24, [4, 5, 6]: repetition 100/1000
2025-07-29 15:01:54,338 - INFO - M409828_22, [1, 2, 3]: repetition 100/1000
2025-07-29 15:03:33,525 - INFO - M409828_21, [4, 5, 6]: repetition 100/1000
2025-07-29 15:03:47,801 - INFO - M409828_24, [1, 2, 3]: repetition 100/1000
2025-07-29 15:04:56,487 - INFO - M409828_23, [1, 2, 3]: repetition 100/1000
2025-07-29 15:10:33,754 - INFO - M409828_31, [4, 5, 6]: repetition 150/1000
2025-07-29 15:12:28,702 - INFO - M409828_23, [4, 5, 6]: repetition 150/1000
2025-07-29 15:13:21,098 - INFO - M409828_22, [4, 5, 6]: repetition 150/1000
2025-07-29 15:15:06,110 - INFO - M409828_32, [1, 2, 3]: repetition 150/1000
2025-07-29 15:15:09,713 - INFO - M409828_21, [4, 5, 6]: repetition 150/1000
2025-07-29 15:15:48,048 - INFO - M409828_24, [1, 2, 3]: repetition 150/1000
2025-07-29 15:17:02,537 - INFO - M409828_25, [1, 2, 3]: repetition 150/1000
2025-07-29 15:17:23,729 - INFO - M409828_22, [1, 2, 3]: repetition 150/1000
2025-07-29 15:17:51,242 - INFO - M409828_24, [4, 5, 6]: repetition 150/1000
2025-07-29 15:20:26,764 - INFO - M409828_23, [1, 2, 3]: repetition 150/1000
2025-07-29 15:21:50,778 - INFO - M409828_31, [4, 5, 6]: repetition 200/1000
2025-07-29 15:24:06,882 - INFO - M409828_23, [4, 5, 6]: repetition 200/1000
2025-07-29 15:25:02,618 - INFO - M409828_22, [4, 5, 6]: repetition 200/1000
2025-07-29 15:27:44,398 - INFO - M409828_21, [4, 5, 6]: repetition 200/1000
2025-07-29 15:27:47,477 - INFO - M409828_24, [1, 2, 3]: repetition 200/1000
2025-07-29 15:29:00,979 - INFO - M409828_32, [1, 2, 3]: repetition 200/1000
2025-07-29 15:29:21,973 - INFO - M409828_25, [1, 2, 3]: repetition 200/1000
2025-07-29 15:30:05,991 - INFO - M409828_24, [4, 5, 6]: repetition 200/1000
2025-07-29 15:33:00,057 - INFO - M409828_22, [1, 2, 3]: repetition 200/1000
2025-07-29 15:33:58,466 - INFO - M409828_31, [4, 5, 6]: repetition 250/1000
2025-07-29 15:35:16,515 - INFO - M409828_32, [4, 5, 6]: Loaded
2025-07-29 15:35:16,520 - INFO - M409828_32, [4, 5, 6]: Loaded
2025-07-29 15:35:16,530 - INFO - M409828_32, [4, 5, 6]: Loaded
2025-07-29 15:35:16,533 - INFO - M409828_32, [4, 5, 6]: Loaded
2025-07-29 15:35:16,543 - INFO - M409828_33, [1, 2, 3]: Loaded
2025-07-29 15:35:16,545 - INFO - M409828_33, [1, 2, 3]: Loaded
2025-07-29 15:35:16,548 - INFO - M409828_33, [1, 2, 3]: Loaded
2025-07-29 15:35:16,555 - INFO - M409828_33, [1, 2, 3]: Loaded
2025-07-29 15:35:16,560 - INFO - M409828_33, [4, 5, 6]: Loaded
2025-07-29 15:35:16,565 - INFO - M409828_33, [4, 5, 6]: Loaded
